2020-10-19T09:56:03+09:00 DEBUG (7): [U:,T:20201019095603-5f8ce42369dbd]string(59) "###### PROCESS END (/kamimine/ajax/getVariables.php) ######"

2020-10-19T09:56:04+09:00 DEBUG (7): [U:,T:20201019095603-5f8ce423c246e]string(59) "###### PROCESS END (/kamimine/ajax/getNewsTelop.php) ######"

2020-10-19T09:56:04+09:00 DEBUG (7): [U:,T:20201019095603-5f8ce423c65ef]string(69) "###### PROCESS END (/kamimine/ajax/getBusStopId8DigitList.php) ######"

2020-10-19T09:56:04+09:00 DEBUG (7): [U:,T:20201019095603-5f8ce423c21b0]string(60) "###### PROCESS END (/kamimine/ajax/getCourseList.php) ######"

2020-10-19T09:56:04+09:00 DEBUG (7): [U:,T:20201019095603-5f8ce423caaaf]string(63) "###### PROCESS END (/kamimine/ajax/checkServiceTime.php) ######"

2020-10-19T09:56:04+09:00 DEBUG (7): [U:,T:20201019095603-5f8ce423c258a]string(61) "###### PROCESS END (/kamimine/ajax/getBusStopList.php) ######"

2020-10-19T09:56:04+09:00 DEBUG (7): [U:,T:20201019095603-5f8ce423c2cab]string(5) "Array"

2020-10-19T09:56:04+09:00 DEBUG (7): [U:,T:20201019095603-5f8ce423c2cab]string(65) "###### PROCESS END (/kamimine/ajax/getCoursePointList.php) ######"

2020-10-19T09:56:11+09:00 DEBUG (7): [U:,T:20201019095611-5f8ce42bb1165]string(61) "###### PROCESS END (/kamimine/ajax/getBusStopList.php) ######"

2020-10-19T09:56:11+09:00 DEBUG (7): [U:,T:20201019095611-5f8ce42bb24d7]string(69) "###### PROCESS END (/kamimine/ajax/getBusStopId8DigitList.php) ######"

2020-10-19T09:56:11+09:00 DEBUG (7): [U:,T:20201019095611-5f8ce42bb1a59]string(5) "Array"

2020-10-19T09:56:11+09:00 DEBUG (7): [U:,T:20201019095611-5f8ce42bb1a59]string(65) "###### PROCESS END (/kamimine/ajax/getCoursePointList.php) ######"

2020-10-19T09:56:14+09:00 DEBUG (7): [U:,T:20201019095614-5f8ce42ece627]string(61) "###### PROCESS END (/kamimine/ajax/getBusStopList.php) ######"

2020-10-19T09:56:15+09:00 DEBUG (7): [U:,T:20201019095614-5f8ce42ecf9c6]string(69) "###### PROCESS END (/kamimine/ajax/getBusStopId8DigitList.php) ######"

2020-10-19T09:56:15+09:00 DEBUG (7): [U:,T:20201019095614-5f8ce42ecf1fc]string(5) "Array"

2020-10-19T09:56:15+09:00 DEBUG (7): [U:,T:20201019095614-5f8ce42ecf1fc]string(65) "###### PROCESS END (/kamimine/ajax/getCoursePointList.php) ######"

2020-10-19T09:56:17+09:00 DEBUG (7): [U:,T:20201019095617-5f8ce4319cf3d]string(61) "###### PROCESS END (/kamimine/ajax/getBusStopList.php) ######"

2020-10-19T09:56:17+09:00 DEBUG (7): [U:,T:20201019095617-5f8ce4319cd32]string(69) "###### PROCESS END (/kamimine/ajax/getBusStopId8DigitList.php) ######"

2020-10-19T09:56:17+09:00 DEBUG (7): [U:,T:20201019095617-5f8ce4319ec0b]string(5) "Array"

2020-10-19T09:56:17+09:00 DEBUG (7): [U:,T:20201019095617-5f8ce4319ec0b]string(65) "###### PROCESS END (/kamimine/ajax/getCoursePointList.php) ######"

2020-10-19T09:56:21+09:00 DEBUG (7): [U:,T:20201019095620-5f8ce434e8638]string(69) "###### PROCESS END (/kamimine/ajax/getBusStopId8DigitList.php) ######"

2020-10-19T09:56:21+09:00 DEBUG (7): [U:,T:20201019095620-5f8ce434ec295]string(61) "###### PROCESS END (/kamimine/ajax/getBusStopList.php) ######"

2020-10-19T09:56:21+09:00 DEBUG (7): [U:,T:20201019095620-5f8ce434e8f52]string(5) "Array"

2020-10-19T09:56:21+09:00 DEBUG (7): [U:,T:20201019095620-5f8ce434e8f52]string(65) "###### PROCESS END (/kamimine/ajax/getCoursePointList.php) ######"

2020-10-19T17:27:56+09:00 DEBUG (7): [U:,T:20201019172756-5f8d4e0c1df4c]string(59) "###### PROCESS END (/kamimine/ajax/getVariables.php) ######"

2020-10-19T17:27:56+09:00 DEBUG (7): [U:,T:20201019172756-5f8d4e0c58beb]string(60) "###### PROCESS END (/kamimine/ajax/getCourseList.php) ######"

2020-10-19T17:27:56+09:00 DEBUG (7): [U:,T:20201019172756-5f8d4e0c591c4]string(69) "###### PROCESS END (/kamimine/ajax/getBusStopId8DigitList.php) ######"

2020-10-19T17:27:56+09:00 DEBUG (7): [U:,T:20201019172756-5f8d4e0c5f71e]string(63) "###### PROCESS END (/kamimine/ajax/checkServiceTime.php) ######"

2020-10-19T17:27:56+09:00 DEBUG (7): [U:,T:20201019172756-5f8d4e0c5887d]string(59) "###### PROCESS END (/kamimine/ajax/getNewsTelop.php) ######"

2020-10-19T17:27:56+09:00 DEBUG (7): [U:,T:20201019172756-5f8d4e0c69279]string(5) "Array"

2020-10-19T17:27:56+09:00 DEBUG (7): [U:,T:20201019172756-5f8d4e0c68aef]string(61) "###### PROCESS END (/kamimine/ajax/getBusStopList.php) ######"

2020-10-19T17:27:56+09:00 DEBUG (7): [U:,T:20201019172756-5f8d4e0c69279]string(65) "###### PROCESS END (/kamimine/ajax/getCoursePointList.php) ######"

2020-10-19T18:07:27+09:00 DEBUG (7): [U:,T:20201019180727-5f8d574f78fde]string(59) "###### PROCESS END (/kamimine/ajax/getVariables.php) ######"

2020-10-19T18:07:27+09:00 DEBUG (7): [U:,T:20201019180727-5f8d574fae36f]string(60) "###### PROCESS END (/kamimine/ajax/getCourseList.php) ######"

2020-10-19T18:07:27+09:00 DEBUG (7): [U:,T:20201019180727-5f8d574fa995b]string(63) "###### PROCESS END (/kamimine/ajax/checkServiceTime.php) ######"

2020-10-19T18:07:27+09:00 DEBUG (7): [U:,T:20201019180727-5f8d574fb162f]string(59) "###### PROCESS END (/kamimine/ajax/getNewsTelop.php) ######"

2020-10-19T18:07:28+09:00 DEBUG (7): [U:,T:20201019180727-5f8d574fb5acb]string(5) "Array"

2020-10-19T18:07:28+09:00 DEBUG (7): [U:,T:20201019180727-5f8d574fb5acb]string(65) "###### PROCESS END (/kamimine/ajax/getCoursePointList.php) ######"

2020-10-19T18:07:34+09:00 DEBUG (7): [U:,T:20201019180734-5f8d57569066d]string(59) "###### PROCESS END (/kamimine/ajax/getVariables.php) ######"

2020-10-19T18:07:34+09:00 DEBUG (7): [U:,T:20201019180734-5f8d5756c7e52]string(60) "###### PROCESS END (/kamimine/ajax/getCourseList.php) ######"

2020-10-19T18:07:34+09:00 DEBUG (7): [U:,T:20201019180734-5f8d5756cb5aa]string(63) "###### PROCESS END (/kamimine/ajax/checkServiceTime.php) ######"

2020-10-19T18:07:34+09:00 DEBUG (7): [U:,T:20201019180734-5f8d5756c2ffa]string(59) "###### PROCESS END (/kamimine/ajax/getNewsTelop.php) ######"

2020-10-19T18:07:35+09:00 DEBUG (7): [U:,T:20201019180734-5f8d5756c9caf]string(5) "Array"

2020-10-19T18:07:35+09:00 DEBUG (7): [U:,T:20201019180734-5f8d5756c9caf]string(65) "###### PROCESS END (/kamimine/ajax/getCoursePointList.php) ######"

