2020-11-06T14:42:41+09:00 INFO (6): [U:,T:20201106144241-5fa4e251ab12e]rollBack
2020-11-06T14:42:41+09:00 INFO (6): [U:,T:20201106144241-5fa4e251ab12e]
2020-11-06T14:42:41+09:00 INFO (6): [U:,T:20201106144241-5fa4e251ab12e]rollBack
2020-11-06T14:42:41+09:00 INFO (6): [U:,T:20201106144241-5fa4e251ab12e]
2020-11-06T14:47:50+09:00 INFO (6): [U:,T:20201106144750-5fa4e38673704]rollBack
2020-11-06T14:47:50+09:00 INFO (6): [U:,T:20201106144750-5fa4e38673704]
2020-11-06T14:47:50+09:00 INFO (6): [U:,T:20201106144750-5fa4e38673704]rollBack
2020-11-06T14:47:50+09:00 INFO (6): [U:,T:20201106144750-5fa4e38673704]
2020-11-06T14:54:23+09:00 INFO (6): [U:,T:20201106145423-5fa4e50f35319]rollBack
2020-11-06T14:54:23+09:00 INFO (6): [U:,T:20201106145423-5fa4e50f35319]
2020-11-06T14:54:23+09:00 INFO (6): [U:,T:20201106145423-5fa4e50f35319]rollBack
2020-11-06T14:54:23+09:00 INFO (6): [U:,T:20201106145423-5fa4e50f35319]
2020-11-06T14:54:34+09:00 INFO (6): [U:,T:20201106145434-5fa4e51a72543]rollBack
2020-11-06T14:54:34+09:00 INFO (6): [U:,T:20201106145434-5fa4e51a72543]
2020-11-06T14:54:34+09:00 INFO (6): [U:,T:20201106145434-5fa4e51a72543]rollBack
2020-11-06T14:54:34+09:00 INFO (6): [U:,T:20201106145434-5fa4e51a72543]
2020-11-06T14:54:52+09:00 INFO (6): [U:,T:20201106145452-5fa4e52c75baf]rollBack
2020-11-06T14:54:52+09:00 INFO (6): [U:,T:20201106145452-5fa4e52c75baf]
2020-11-06T14:54:52+09:00 INFO (6): [U:,T:20201106145452-5fa4e52c75baf]rollBack
2020-11-06T14:54:52+09:00 INFO (6): [U:,T:20201106145452-5fa4e52c75baf]
2020-11-06T15:02:11+09:00 INFO (6): [U:,T:20201106150211-5fa4e6e3b1239]rollBack
2020-11-06T15:02:11+09:00 INFO (6): [U:,T:20201106150211-5fa4e6e3b1239]
2020-11-06T15:02:11+09:00 INFO (6): [U:,T:20201106150211-5fa4e6e3b1239]rollBack
2020-11-06T15:02:11+09:00 INFO (6): [U:,T:20201106150211-5fa4e6e3b1239]
2020-11-06T15:22:47+09:00 INFO (6): [U:,T:20201106152247-5fa4ebb731bec]query:             INSERT INTO t_sbt_search_history VALUES(
                        :search_datetime,
                        :access_point,
                        :device,
                        :browser,
                        :class,
                        :buscompany_id,
                        :course_id,
                        :origin_busstop_id,
                        :destination_busstop_id,
                        :result_count
            );
2020-11-06T15:22:47+09:00 INFO (6): [U:,T:20201106152247-5fa4ebb731bec]Array
(
    [:search_datetime] => 2020-11-06 15:22:47
    [:access_point] => 172.18.0.1
    [:device] => Mac
    [:browser] => Chrome
    [:class] => searchBus
    [:buscompany_id] => KMM
    [:course_id] => 02
    [:origin_busstop_id] => 00000107
    [:destination_busstop_id] => 
    [:result_count] => 0
)

2020-11-06T15:22:47+09:00 INFO (6): [U:,T:20201106152247-5fa4ebb731bec]commit
2020-11-06T15:22:47+09:00 INFO (6): [U:,T:20201106152247-5fa4ebb731bec]
2020-11-06T16:04:02+09:00 INFO (6): [U:,T:20201106160402-5fa4f562408c4]rollBack
2020-11-06T16:04:02+09:00 INFO (6): [U:,T:20201106160402-5fa4f562408c4]
2020-11-06T16:04:02+09:00 INFO (6): [U:,T:20201106160402-5fa4f562408c4]rollBack
2020-11-06T16:04:02+09:00 INFO (6): [U:,T:20201106160402-5fa4f562408c4]
2020-11-06T16:04:02+09:00 INFO (6): [U:,T:20201106160402-5fa4f5625dc14]rollBack
2020-11-06T16:04:02+09:00 INFO (6): [U:,T:20201106160402-5fa4f5625dc14]
2020-11-06T16:04:02+09:00 INFO (6): [U:,T:20201106160402-5fa4f5625dc14]rollBack
2020-11-06T16:04:02+09:00 INFO (6): [U:,T:20201106160402-5fa4f5625dc14]
2020-11-06T16:10:37+09:00 INFO (6): [U:,T:20201106161037-5fa4f6edcc578]rollBack
2020-11-06T16:10:37+09:00 INFO (6): [U:,T:20201106161037-5fa4f6edcc578]
2020-11-06T16:10:37+09:00 INFO (6): [U:,T:20201106161037-5fa4f6edcc578]rollBack
2020-11-06T16:10:37+09:00 INFO (6): [U:,T:20201106161037-5fa4f6edcc578]
2020-11-06T16:10:40+09:00 INFO (6): [U:,T:20201106161040-5fa4f6f00b551]rollBack
2020-11-06T16:10:40+09:00 INFO (6): [U:,T:20201106161040-5fa4f6f00b551]
2020-11-06T16:10:40+09:00 INFO (6): [U:,T:20201106161040-5fa4f6f00b551]rollBack
2020-11-06T16:10:40+09:00 INFO (6): [U:,T:20201106161040-5fa4f6f00b551]
