2020-10-07T17:44:34+09:00 INFO (6): [localhost,Mac,Chrome,POST,/kamimine/ajax/getVariables.php,20201007174434-5f7d7ff2a8768] STATUS: 0 API
2020-10-07T17:44:35+09:00 INFO (6): [localhost,Mac,Chrome,POST,/kamimine/ajax/getNewsTelop.php,20201007174434-5f7d7ff2eea9c] STATUS: 0 API
2020-10-07T17:44:35+09:00 INFO (6): [localhost,Mac,Chrome,POST,/kamimine/ajax/getCourseList.php,20201007174434-5f7d7ff2ee90e] STATUS: 0 API
2020-10-07T17:44:35+09:00 INFO (6): [localhost,Mac,Chrome,POST,/kamimine/ajax/getBusStopId8DigitList.php,20201007174434-5f7d7ff2ee92b] STATUS: -1 Exception
2020-10-07T17:44:35+09:00 INFO (6): [localhost,Mac,Chrome,POST,/kamimine/ajax/checkServiceTime.php,20201007174434-5f7d7ff2f1b8f] STATUS: 1 API
2020-10-07T17:46:16+09:00 INFO (6): [localhost,Mac,Chrome,POST,/kamimine/ajax/getCoursePointList.php,20201007174615-5f7d8057c6b62] STATUS: 0 API
2020-10-07T17:46:16+09:00 INFO (6): [localhost,Mac,Chrome,POST,/kamimine/ajax/getBusStopId8DigitList.php,20201007174615-5f7d8057c631c] STATUS: 0 API
2020-10-07T17:46:16+09:00 INFO (6): [localhost,Mac,Chrome,POST,/kamimine/ajax/getBusStopList.php,20201007174615-5f7d8057c6e0d] STATUS: -1 Exception
2020-10-07T17:52:50+09:00 INFO (6): [localhost,Mac,Chrome,POST,/kamimine/ajax/getVariables.php,20201007175250-5f7d81e25dc5e] STATUS: 0 API
2020-10-07T17:52:50+09:00 INFO (6): [localhost,Mac,Chrome,POST,/kamimine/ajax/getCourseList.php,20201007175250-5f7d81e286127] STATUS: 0 API
2020-10-07T17:52:50+09:00 INFO (6): [localhost,Mac,Chrome,POST,/kamimine/ajax/checkServiceTime.php,20201007175250-5f7d81e29bed2] STATUS: 1 API
2020-10-07T17:52:50+09:00 INFO (6): [localhost,Mac,Chrome,POST,/kamimine/ajax/getNewsTelop.php,20201007175250-5f7d81e29dab4] STATUS: 0 API
2020-10-07T17:52:50+09:00 INFO (6): [localhost,Mac,Chrome,POST,/kamimine/ajax/getBusStopId8DigitList.php,20201007175250-5f7d81e2931b9] STATUS: -1 Exception
2020-10-07T17:52:56+09:00 INFO (6): [localhost,Mac,Chrome,POST,/kamimine/ajax/getCoursePointList.php,20201007175256-5f7d81e84219d] STATUS: 0 API
2020-10-07T17:52:56+09:00 INFO (6): [localhost,Mac,Chrome,POST,/kamimine/ajax/getBusStopList.php,20201007175256-5f7d81e842bdd] STATUS: -1 Exception
2020-10-07T17:52:56+09:00 INFO (6): [localhost,Mac,Chrome,POST,/kamimine/ajax/getBusStopId8DigitList.php,20201007175256-5f7d81e8434aa] STATUS: 0 API
2020-10-07T17:53:00+09:00 INFO (6): [localhost,Mac,Chrome,POST,/kamimine/ajax/searchBus.php,20201007175259-5f7d81ebecb9d] STATUS: 1 API
2020-10-07T17:53:04+09:00 INFO (6): [localhost,Mac,Chrome,POST,/kamimine/ajax/searchBus.php,20201007175304-5f7d81f00719c] STATUS: 1 API
2020-10-07T18:00:18+09:00 INFO (6): [localhost,Mac,Chrome,POST,/kamimine/ajax/getVariables.php,20201007180018-5f7d83a2ce512] STATUS: 0 API
2020-10-07T18:00:19+09:00 INFO (6): [localhost,Mac,Chrome,POST,/kamimine/ajax/getNewsTelop.php,20201007180019-5f7d83a31e99d] STATUS: 0 API
2020-10-07T18:00:19+09:00 INFO (6): [localhost,Mac,Chrome,POST,/kamimine/ajax/getCourseList.php,20201007180019-5f7d83a31d52e] STATUS: 0 API
2020-10-07T18:00:19+09:00 INFO (6): [localhost,Mac,Chrome,POST,/kamimine/ajax/checkServiceTime.php,20201007180019-5f7d83a31f5fb] STATUS: 1 API
2020-10-07T18:00:19+09:00 INFO (6): [localhost,Mac,Chrome,POST,/kamimine/ajax/getBusStopId8DigitList.php,20201007180019-5f7d83a31d54b] STATUS: -1 Exception
2020-10-07T18:00:24+09:00 INFO (6): [localhost,Mac,Chrome,POST,/kamimine/ajax/getVariables.php,20201007180024-5f7d83a8b8740] STATUS: 0 API
2020-10-07T18:00:25+09:00 INFO (6): [localhost,Mac,Chrome,POST,/kamimine/ajax/getCourseList.php,20201007180024-5f7d83a8e85ad] STATUS: 0 API
2020-10-07T18:00:25+09:00 INFO (6): [localhost,Mac,Chrome,POST,/kamimine/ajax/getNewsTelop.php,20201007180024-5f7d83a8ed462] STATUS: 0 API
2020-10-07T18:00:25+09:00 INFO (6): [localhost,Mac,Chrome,POST,/kamimine/ajax/checkServiceTime.php,20201007180024-5f7d83a8ec741] STATUS: 1 API
2020-10-07T18:00:25+09:00 INFO (6): [localhost,Mac,Chrome,POST,/kamimine/ajax/getBusStopId8DigitList.php,20201007180024-5f7d83a8e979b] STATUS: -1 Exception
