2020-10-19T09:56:03+09:00 INFO (6): [localhost,Mac,Chrome,POST,/kamimine/ajax/getVariables.php,20201019095603-5f8ce42369dbd] STATUS: 0 API
2020-10-19T09:56:04+09:00 INFO (6): [localhost,Mac,Chrome,POST,/kamimine/ajax/getNewsTelop.php,20201019095603-5f8ce423c246e] STATUS: 0 API
2020-10-19T09:56:04+09:00 INFO (6): [localhost,Mac,Chrome,POST,/kamimine/ajax/getBusStopId8DigitList.php,20201019095603-5f8ce423c65ef] STATUS: 0 API
2020-10-19T09:56:04+09:00 INFO (6): [localhost,Mac,Chrome,POST,/kamimine/ajax/getCourseList.php,20201019095603-5f8ce423c21b0] STATUS: 0 API
2020-10-19T09:56:04+09:00 INFO (6): [localhost,Mac,Chrome,POST,/kamimine/ajax/checkServiceTime.php,20201019095603-5f8ce423caaaf] STATUS: 0 API
2020-10-19T09:56:04+09:00 INFO (6): [localhost,Mac,Chrome,POST,/kamimine/ajax/getBusStopList.php,20201019095603-5f8ce423c258a] STATUS: 0 API
2020-10-19T09:56:04+09:00 INFO (6): [localhost,Mac,Chrome,POST,/kamimine/ajax/getCoursePointList.php,20201019095603-5f8ce423c2cab] STATUS: 0 API
2020-10-19T09:56:11+09:00 INFO (6): [localhost,Mac,Chrome,POST,/kamimine/ajax/getBusStopList.php,20201019095611-5f8ce42bb1165] STATUS: 0 API
2020-10-19T09:56:11+09:00 INFO (6): [localhost,Mac,Chrome,POST,/kamimine/ajax/getBusStopId8DigitList.php,20201019095611-5f8ce42bb24d7] STATUS: 0 API
2020-10-19T09:56:11+09:00 INFO (6): [localhost,Mac,Chrome,POST,/kamimine/ajax/getCoursePointList.php,20201019095611-5f8ce42bb1a59] STATUS: 0 API
2020-10-19T09:56:14+09:00 INFO (6): [localhost,Mac,Chrome,POST,/kamimine/ajax/getBusStopList.php,20201019095614-5f8ce42ece627] STATUS: 0 API
2020-10-19T09:56:15+09:00 INFO (6): [localhost,Mac,Chrome,POST,/kamimine/ajax/getBusStopId8DigitList.php,20201019095614-5f8ce42ecf9c6] STATUS: 0 API
2020-10-19T09:56:15+09:00 INFO (6): [localhost,Mac,Chrome,POST,/kamimine/ajax/getCoursePointList.php,20201019095614-5f8ce42ecf1fc] STATUS: 0 API
2020-10-19T09:56:17+09:00 INFO (6): [localhost,Mac,Chrome,POST,/kamimine/ajax/getBusStopList.php,20201019095617-5f8ce4319cf3d] STATUS: 0 API
2020-10-19T09:56:17+09:00 INFO (6): [localhost,Mac,Chrome,POST,/kamimine/ajax/getBusStopId8DigitList.php,20201019095617-5f8ce4319cd32] STATUS: 0 API
2020-10-19T09:56:17+09:00 INFO (6): [localhost,Mac,Chrome,POST,/kamimine/ajax/getCoursePointList.php,20201019095617-5f8ce4319ec0b] STATUS: 0 API
2020-10-19T09:56:21+09:00 INFO (6): [localhost,Mac,Chrome,POST,/kamimine/ajax/getBusStopId8DigitList.php,20201019095620-5f8ce434e8638] STATUS: 0 API
2020-10-19T09:56:21+09:00 INFO (6): [localhost,Mac,Chrome,POST,/kamimine/ajax/getBusStopList.php,20201019095620-5f8ce434ec295] STATUS: 0 API
2020-10-19T09:56:21+09:00 INFO (6): [localhost,Mac,Chrome,POST,/kamimine/ajax/getCoursePointList.php,20201019095620-5f8ce434e8f52] STATUS: 0 API
2020-10-19T17:27:56+09:00 INFO (6): [localhost,Mac,Chrome,POST,/kamimine/ajax/getVariables.php,20201019172756-5f8d4e0c1df4c] STATUS: 0 API
2020-10-19T17:27:56+09:00 INFO (6): [localhost,Mac,Chrome,POST,/kamimine/ajax/getCourseList.php,20201019172756-5f8d4e0c58beb] STATUS: 0 API
2020-10-19T17:27:56+09:00 INFO (6): [localhost,Mac,Chrome,POST,/kamimine/ajax/getBusStopId8DigitList.php,20201019172756-5f8d4e0c591c4] STATUS: 0 API
2020-10-19T17:27:56+09:00 INFO (6): [localhost,Mac,Chrome,POST,/kamimine/ajax/checkServiceTime.php,20201019172756-5f8d4e0c5f71e] STATUS: 1 API
2020-10-19T17:27:56+09:00 INFO (6): [localhost,Mac,Chrome,POST,/kamimine/ajax/getNewsTelop.php,20201019172756-5f8d4e0c5887d] STATUS: 0 API
2020-10-19T17:27:56+09:00 INFO (6): [localhost,Mac,Chrome,POST,/kamimine/ajax/getBusStopList.php,20201019172756-5f8d4e0c68aef] STATUS: 0 API
2020-10-19T17:27:56+09:00 INFO (6): [localhost,Mac,Chrome,POST,/kamimine/ajax/getCoursePointList.php,20201019172756-5f8d4e0c69279] STATUS: 0 API
2020-10-19T18:07:27+09:00 INFO (6): [localhost,Mac,Chrome,POST,/kamimine/ajax/getVariables.php,20201019180727-5f8d574f78fde] STATUS: 0 API
2020-10-19T18:07:27+09:00 INFO (6): [localhost,Mac,Chrome,POST,/kamimine/ajax/getCourseList.php,20201019180727-5f8d574fae36f] STATUS: 0 API
2020-10-19T18:07:27+09:00 INFO (6): [localhost,Mac,Chrome,POST,/kamimine/ajax/checkServiceTime.php,20201019180727-5f8d574fa995b] STATUS: 1 API
2020-10-19T18:07:27+09:00 INFO (6): [localhost,Mac,Chrome,POST,/kamimine/ajax/getNewsTelop.php,20201019180727-5f8d574fb162f] STATUS: 0 API
2020-10-19T18:07:28+09:00 INFO (6): [localhost,Mac,Chrome,POST,/kamimine/ajax/getCoursePointList.php,20201019180727-5f8d574fb5acb] STATUS: 0 API
2020-10-19T18:07:34+09:00 INFO (6): [localhost,Mac,Chrome,POST,/kamimine/ajax/getVariables.php,20201019180734-5f8d57569066d] STATUS: 0 API
2020-10-19T18:07:34+09:00 INFO (6): [localhost,Mac,Chrome,POST,/kamimine/ajax/getCourseList.php,20201019180734-5f8d5756c7e52] STATUS: 0 API
2020-10-19T18:07:34+09:00 INFO (6): [localhost,Mac,Chrome,POST,/kamimine/ajax/checkServiceTime.php,20201019180734-5f8d5756cb5aa] STATUS: 1 API
2020-10-19T18:07:34+09:00 INFO (6): [localhost,Mac,Chrome,POST,/kamimine/ajax/getNewsTelop.php,20201019180734-5f8d5756c2ffa] STATUS: 0 API
2020-10-19T18:07:35+09:00 INFO (6): [localhost,Mac,Chrome,POST,/kamimine/ajax/getCoursePointList.php,20201019180734-5f8d5756c9caf] STATUS: 0 API
