2020-10-16T11:04:16+09:00 INFO (6): [localhost,Mac,Chrome,POST,/kamimine/ajax/getVariables.php,20201016110416-5f88ffa08c1fb] STATUS: 0 API
2020-10-16T11:04:16+09:00 INFO (6): [localhost,Mac,Chrome,POST,/kamimine/ajax/getCourseList.php,20201016110416-5f88ffa0c6660] STATUS: 0 API
2020-10-16T11:04:16+09:00 INFO (6): [localhost,Mac,Chrome,POST,/kamimine/ajax/checkServiceTime.php,20201016110416-5f88ffa0c90f5] STATUS: 0 API
2020-10-16T11:04:16+09:00 INFO (6): [localhost,Mac,Chrome,POST,/kamimine/ajax/getNewsTelop.php,20201016110416-5f88ffa0c77ce] STATUS: 0 API
2020-10-16T11:04:17+09:00 INFO (6): [localhost,Mac,Chrome,POST,/kamimine/ajax/getBusStopId8DigitList.php,20201016110416-5f88ffa0c7307] STATUS: -1 Exception
2020-10-16T11:04:17+09:00 INFO (6): [localhost,Mac,Chrome,POST,/kamimine/ajax/getCoursePointList.php,20201016110416-5f88ffa0c89b4] STATUS: 0 API
2020-10-16T11:04:20+09:00 INFO (6): [localhost,Mac,Chrome,POST,/kamimine/ajax/getBusStopId8DigitList.php,20201016110420-5f88ffa45a9b5] STATUS: 0 API
2020-10-16T11:04:20+09:00 INFO (6): [localhost,Mac,Chrome,POST,/kamimine/ajax/getBusStopList.php,20201016110420-5f88ffa45a90b] STATUS: -1 Exception
2020-10-16T11:04:20+09:00 INFO (6): [localhost,Mac,Chrome,POST,/kamimine/ajax/getCoursePointList.php,20201016110420-5f88ffa45a0cc] STATUS: 0 API
2020-10-16T11:10:52+09:00 INFO (6): [localhost,Mac,Chrome,POST,/kamimine/ajax/getBusStopId8DigitList.php,20201016111052-5f89012cae23e] STATUS: 0 API
2020-10-16T11:10:52+09:00 INFO (6): [localhost,Mac,Chrome,POST,/kamimine/ajax/getBusStopList.php,20201016111052-5f89012cacabd] STATUS: -1 Exception
2020-10-16T11:10:52+09:00 INFO (6): [localhost,Mac,Chrome,POST,/kamimine/ajax/getCoursePointList.php,20201016111052-5f89012cac69c] STATUS: 0 API
2020-10-16T11:10:56+09:00 INFO (6): [localhost,Mac,Chrome,POST,/kamimine/ajax/getBusStopId8DigitList.php,20201016111056-5f89013054921] STATUS: 0 API
2020-10-16T11:10:56+09:00 INFO (6): [localhost,Mac,Chrome,POST,/kamimine/ajax/getBusStopList.php,20201016111056-5f8901305455d] STATUS: -1 Exception
2020-10-16T11:10:56+09:00 INFO (6): [localhost,Mac,Chrome,POST,/kamimine/ajax/getCoursePointList.php,20201016111056-5f8901305340e] STATUS: 0 API
2020-10-16T11:13:19+09:00 INFO (6): [localhost,Mac,Chrome,POST,/kamimine/ajax/getVariables.php,20201016111319-5f8901bf17ca5] STATUS: 0 API
2020-10-16T11:13:19+09:00 INFO (6): [localhost,Mac,Chrome,POST,/kamimine/ajax/getCourseList.php,20201016111319-5f8901bf45673] STATUS: 0 API
2020-10-16T11:13:19+09:00 INFO (6): [localhost,Mac,Chrome,POST,/kamimine/ajax/checkServiceTime.php,20201016111319-5f8901bf4f155] STATUS: 0 API
2020-10-16T11:13:19+09:00 INFO (6): [localhost,Mac,Chrome,POST,/kamimine/ajax/getNewsTelop.php,20201016111319-5f8901bf4bd92] STATUS: 0 API
2020-10-16T11:13:19+09:00 INFO (6): [localhost,Mac,Chrome,POST,/kamimine/ajax/getBusStopId8DigitList.php,20201016111319-5f8901bf4b5a0] STATUS: -1 Exception
2020-10-16T11:13:19+09:00 INFO (6): [localhost,Mac,Chrome,POST,/kamimine/ajax/getBusStopList.php,20201016111319-5f8901bf508ed] STATUS: -1 Exception
2020-10-16T11:13:19+09:00 INFO (6): [localhost,Mac,Chrome,POST,/kamimine/ajax/getCoursePointList.php,20201016111319-5f8901bf553a8] STATUS: 0 API
2020-10-16T11:13:22+09:00 INFO (6): [localhost,Mac,Chrome,POST,/kamimine/ajax/getBusStopId8DigitList.php,20201016111322-5f8901c220a16] STATUS: 0 API
2020-10-16T11:13:22+09:00 INFO (6): [localhost,Mac,Chrome,POST,/kamimine/ajax/getBusStopList.php,20201016111322-5f8901c21da64] STATUS: -1 Exception
2020-10-16T11:13:22+09:00 INFO (6): [localhost,Mac,Chrome,POST,/kamimine/ajax/getCoursePointList.php,20201016111322-5f8901c21da8e] STATUS: 0 API
2020-10-16T11:15:44+09:00 INFO (6): [localhost,Mac,Chrome,POST,/kamimine/ajax/getBusStopId8DigitList.php,20201016111544-5f8902506122a] STATUS: 0 API
2020-10-16T11:15:44+09:00 INFO (6): [localhost,Mac,Chrome,POST,/kamimine/ajax/getBusStopList.php,20201016111544-5f89025060003] STATUS: -1 Exception
2020-10-16T11:15:44+09:00 INFO (6): [localhost,Mac,Chrome,POST,/kamimine/ajax/getCoursePointList.php,20201016111544-5f890250618f6] STATUS: 0 API
2020-10-16T11:15:53+09:00 INFO (6): [localhost,Mac,Chrome,POST,/kamimine/ajax/getBusStopId8DigitList.php,20201016111553-5f8902593bdec] STATUS: 0 API
2020-10-16T11:15:53+09:00 INFO (6): [localhost,Mac,Chrome,POST,/kamimine/ajax/getBusStopList.php,20201016111553-5f8902593a472] STATUS: -1 Exception
2020-10-16T11:15:53+09:00 INFO (6): [localhost,Mac,Chrome,POST,/kamimine/ajax/getCoursePointList.php,20201016111553-5f890259396c7] STATUS: 0 API
2020-10-16T11:25:34+09:00 INFO (6): [localhost,Mac,Chrome,POST,/kamimine/ajax/getVariables.php,20201016112534-5f89049e865ad] STATUS: 0 API
2020-10-16T11:25:34+09:00 INFO (6): [localhost,Mac,Chrome,POST,/kamimine/ajax/getCourseList.php,20201016112534-5f89049eba677] STATUS: 0 API
2020-10-16T11:25:34+09:00 INFO (6): [localhost,Mac,Chrome,POST,/kamimine/ajax/checkServiceTime.php,20201016112534-5f89049ec0110] STATUS: 0 API
2020-10-16T11:25:34+09:00 INFO (6): [localhost,Mac,Chrome,POST,/kamimine/ajax/getNewsTelop.php,20201016112534-5f89049eba788] STATUS: 0 API
2020-10-16T11:25:35+09:00 INFO (6): [localhost,Mac,Chrome,POST,/kamimine/ajax/getBusStopId8DigitList.php,20201016112534-5f89049ebea5f] STATUS: -1 Exception
2020-10-16T11:25:35+09:00 INFO (6): [localhost,Mac,Chrome,POST,/kamimine/ajax/getBusStopList.php,20201016112534-5f89049ec1870] STATUS: -1 Exception
2020-10-16T11:25:35+09:00 INFO (6): [localhost,Mac,Chrome,POST,/kamimine/ajax/getCoursePointList.php,20201016112534-5f89049ec1999] STATUS: 0 API
2020-10-16T11:25:40+09:00 INFO (6): [localhost,Mac,Chrome,POST,/kamimine/ajax/getBusStopId8DigitList.php,20201016112540-5f8904a4a42e7] STATUS: 0 API
2020-10-16T11:25:40+09:00 INFO (6): [localhost,Mac,Chrome,POST,/kamimine/ajax/getBusStopList.php,20201016112540-5f8904a4a0899] STATUS: -1 Exception
2020-10-16T11:25:40+09:00 INFO (6): [localhost,Mac,Chrome,POST,/kamimine/ajax/getCoursePointList.php,20201016112540-5f8904a4a44ca] STATUS: 0 API
2020-10-16T11:25:46+09:00 INFO (6): [localhost,Mac,Chrome,POST,/kamimine/ajax/getVariables.php,20201016112546-5f8904aac4f9e] STATUS: 0 API
2020-10-16T11:25:47+09:00 INFO (6): [localhost,Mac,Chrome,POST,/kamimine/ajax/getCourseList.php,20201016112547-5f8904ab090f2] STATUS: 0 API
2020-10-16T11:25:47+09:00 INFO (6): [localhost,Mac,Chrome,POST,/kamimine/ajax/checkServiceTime.php,20201016112547-5f8904ab0b216] STATUS: 0 API
2020-10-16T11:25:47+09:00 INFO (6): [localhost,Mac,Chrome,POST,/kamimine/ajax/getNewsTelop.php,20201016112547-5f8904ab09199] STATUS: 0 API
2020-10-16T11:25:47+09:00 INFO (6): [localhost,Mac,Chrome,POST,/kamimine/ajax/getBusStopId8DigitList.php,20201016112547-5f8904ab0ad83] STATUS: -1 Exception
2020-10-16T11:25:47+09:00 INFO (6): [localhost,Mac,Chrome,POST,/kamimine/ajax/getBusStopList.php,20201016112547-5f8904ab0d970] STATUS: -1 Exception
2020-10-16T11:25:47+09:00 INFO (6): [localhost,Mac,Chrome,POST,/kamimine/ajax/getCoursePointList.php,20201016112547-5f8904ab15867] STATUS: 0 API
2020-10-16T11:25:50+09:00 INFO (6): [localhost,Mac,Chrome,POST,/kamimine/ajax/getBusStopId8DigitList.php,20201016112550-5f8904ae999eb] STATUS: 0 API
2020-10-16T11:25:50+09:00 INFO (6): [localhost,Mac,Chrome,POST,/kamimine/ajax/getBusStopList.php,20201016112550-5f8904ae9947a] STATUS: -1 Exception
2020-10-16T11:25:50+09:00 INFO (6): [localhost,Mac,Chrome,POST,/kamimine/ajax/getCoursePointList.php,20201016112550-5f8904ae97153] STATUS: 0 API
2020-10-16T11:26:02+09:00 INFO (6): [localhost,Mac,Chrome,POST,/kamimine/ajax/getVariables.php,20201016112602-5f8904ba97f13] STATUS: 0 API
2020-10-16T11:26:02+09:00 INFO (6): [localhost,Mac,Chrome,POST,/kamimine/ajax/getCourseList.php,20201016112602-5f8904bacce57] STATUS: 0 API
2020-10-16T11:26:03+09:00 INFO (6): [localhost,Mac,Chrome,POST,/kamimine/ajax/checkServiceTime.php,20201016112602-5f8904bad6c5c] STATUS: 0 API
2020-10-16T11:26:03+09:00 INFO (6): [localhost,Mac,Chrome,POST,/kamimine/ajax/getNewsTelop.php,20201016112602-5f8904bad0659] STATUS: 0 API
2020-10-16T11:26:03+09:00 INFO (6): [localhost,Mac,Chrome,POST,/kamimine/ajax/getBusStopId8DigitList.php,20201016112602-5f8904bace084] STATUS: -1 Exception
2020-10-16T11:26:03+09:00 INFO (6): [localhost,Mac,Chrome,POST,/kamimine/ajax/getBusStopList.php,20201016112602-5f8904bad42fb] STATUS: -1 Exception
2020-10-16T11:26:03+09:00 INFO (6): [localhost,Mac,Chrome,POST,/kamimine/ajax/getCoursePointList.php,20201016112602-5f8904bad510b] STATUS: 0 API
2020-10-16T11:26:06+09:00 INFO (6): [localhost,Mac,Chrome,POST,/kamimine/ajax/getBusStopId8DigitList.php,20201016112606-5f8904be691cf] STATUS: 0 API
2020-10-16T11:26:06+09:00 INFO (6): [localhost,Mac,Chrome,POST,/kamimine/ajax/getBusStopList.php,20201016112606-5f8904be66568] STATUS: -1 Exception
2020-10-16T11:26:06+09:00 INFO (6): [localhost,Mac,Chrome,POST,/kamimine/ajax/getCoursePointList.php,20201016112606-5f8904be69765] STATUS: 0 API
2020-10-16T11:26:11+09:00 INFO (6): [localhost,Mac,Chrome,POST,/kamimine/ajax/getBusStopId8DigitList.php,20201016112611-5f8904c35b107] STATUS: 0 API
2020-10-16T11:26:11+09:00 INFO (6): [localhost,Mac,Chrome,POST,/kamimine/ajax/getBusStopList.php,20201016112611-5f8904c35a5ef] STATUS: -1 Exception
2020-10-16T11:26:11+09:00 INFO (6): [localhost,Mac,Chrome,POST,/kamimine/ajax/getCoursePointList.php,20201016112611-5f8904c35ba47] STATUS: 0 API
2020-10-16T11:26:16+09:00 INFO (6): [localhost,Mac,Chrome,POST,/kamimine/ajax/getBusStopId8DigitList.php,20201016112616-5f8904c88f01c] STATUS: 0 API
2020-10-16T11:26:16+09:00 INFO (6): [localhost,Mac,Chrome,POST,/kamimine/ajax/getBusStopList.php,20201016112616-5f8904c88e86f] STATUS: -1 Exception
2020-10-16T11:26:16+09:00 INFO (6): [localhost,Mac,Chrome,POST,/kamimine/ajax/getCoursePointList.php,20201016112616-5f8904c88f921] STATUS: 0 API
2020-10-16T11:46:28+09:00 INFO (6): [localhost,Mac,Chrome,POST,/kamimine/ajax/getVariables.php,20201016114628-5f8909842afe6] STATUS: 0 API
2020-10-16T11:46:28+09:00 INFO (6): [localhost,Mac,Chrome,POST,/kamimine/ajax/getNewsTelop.php,20201016114628-5f89098469663] STATUS: 0 API
2020-10-16T11:46:28+09:00 INFO (6): [localhost,Mac,Chrome,POST,/kamimine/ajax/getCourseList.php,20201016114628-5f890984696dc] STATUS: 0 API
2020-10-16T11:46:28+09:00 INFO (6): [localhost,Mac,Chrome,POST,/kamimine/ajax/checkServiceTime.php,20201016114628-5f8909846b209] STATUS: 0 API
2020-10-16T11:46:28+09:00 INFO (6): [localhost,Mac,Chrome,POST,/kamimine/ajax/getBusStopId8DigitList.php,20201016114628-5f89098469680] STATUS: -1 Exception
2020-10-16T11:46:28+09:00 INFO (6): [localhost,Mac,Chrome,POST,/kamimine/ajax/getBusStopList.php,20201016114628-5f8909846a931] STATUS: -1 Exception
2020-10-16T11:46:28+09:00 INFO (6): [localhost,Mac,Chrome,POST,/kamimine/ajax/getCoursePointList.php,20201016114628-5f89098469674] STATUS: 0 API
2020-10-16T11:46:30+09:00 INFO (6): [localhost,Mac,Chrome,POST,/kamimine/ajax/getBusStopList.php,20201016114630-5f8909867367e] STATUS: -1 Exception
2020-10-16T11:46:30+09:00 INFO (6): [localhost,Mac,Chrome,POST,/kamimine/ajax/getBusStopId8DigitList.php,20201016114630-5f89098673959] STATUS: 0 API
2020-10-16T11:46:30+09:00 INFO (6): [localhost,Mac,Chrome,POST,/kamimine/ajax/getCoursePointList.php,20201016114630-5f89098673057] STATUS: 0 API
2020-10-16T11:46:33+09:00 INFO (6): [localhost,Mac,Chrome,POST,/kamimine/ajax/getVariables.php,20201016114633-5f890989b1487] STATUS: 0 API
2020-10-16T11:46:34+09:00 INFO (6): [localhost,Mac,Chrome,POST,/kamimine/ajax/getCourseList.php,20201016114633-5f890989e81e7] STATUS: 0 API
2020-10-16T11:46:34+09:00 INFO (6): [localhost,Mac,Chrome,POST,/kamimine/ajax/checkServiceTime.php,20201016114633-5f890989f1bfc] STATUS: 0 API
2020-10-16T11:46:34+09:00 INFO (6): [localhost,Mac,Chrome,POST,/kamimine/ajax/getNewsTelop.php,20201016114633-5f890989f15a9] STATUS: 0 API
2020-10-16T11:46:34+09:00 INFO (6): [localhost,Mac,Chrome,POST,/kamimine/ajax/getBusStopList.php,20201016114633-5f890989e8cf0] STATUS: -1 Exception
2020-10-16T11:46:34+09:00 INFO (6): [localhost,Mac,Chrome,POST,/kamimine/ajax/getBusStopId8DigitList.php,20201016114633-5f890989e2aaa] STATUS: -1 Exception
2020-10-16T11:46:34+09:00 INFO (6): [localhost,Mac,Chrome,POST,/kamimine/ajax/getCoursePointList.php,20201016114633-5f890989ef55f] STATUS: 0 API
2020-10-16T11:49:03+09:00 INFO (6): [localhost,Mac,Chrome,POST,/kamimine/ajax/getVariables.php,20201016114903-5f890a1fd5aac] STATUS: 0 API
2020-10-16T11:49:04+09:00 INFO (6): [localhost,Mac,Chrome,POST,/kamimine/ajax/getCourseList.php,20201016114904-5f890a2013a53] STATUS: 0 API
2020-10-16T11:49:04+09:00 INFO (6): [localhost,Mac,Chrome,POST,/kamimine/ajax/getNewsTelop.php,20201016114904-5f890a201bc1c] STATUS: 0 API
2020-10-16T11:49:04+09:00 INFO (6): [localhost,Mac,Chrome,POST,/kamimine/ajax/checkServiceTime.php,20201016114904-5f890a201c894] STATUS: 0 API
2020-10-16T11:49:04+09:00 INFO (6): [localhost,Mac,Chrome,POST,/kamimine/ajax/getBusStopId8DigitList.php,20201016114904-5f890a20198a3] STATUS: -1 Exception
2020-10-16T11:49:04+09:00 INFO (6): [localhost,Mac,Chrome,POST,/kamimine/ajax/getBusStopList.php,20201016114904-5f890a201f9d7] STATUS: -1 Exception
2020-10-16T11:49:04+09:00 INFO (6): [localhost,Mac,Chrome,POST,/kamimine/ajax/getCoursePointList.php,20201016114904-5f890a201f2f6] STATUS: 0 API
2020-10-16T11:49:31+09:00 INFO (6): [localhost,Mac,Chrome,POST,/kamimine/ajax/getVariables.php,20201016114931-5f890a3b2a42c] STATUS: 0 API
2020-10-16T11:49:31+09:00 INFO (6): [localhost,Mac,Chrome,POST,/kamimine/ajax/getCourseList.php,20201016114931-5f890a3b56952] STATUS: 0 API
2020-10-16T11:49:31+09:00 INFO (6): [localhost,Mac,Chrome,POST,/kamimine/ajax/checkServiceTime.php,20201016114931-5f890a3b5ba2c] STATUS: 0 API
2020-10-16T11:49:31+09:00 INFO (6): [localhost,Mac,Chrome,POST,/kamimine/ajax/getNewsTelop.php,20201016114931-5f890a3b5f95b] STATUS: 0 API
2020-10-16T11:49:31+09:00 INFO (6): [localhost,Mac,Chrome,POST,/kamimine/ajax/getBusStopList.php,20201016114931-5f890a3b61003] STATUS: -1 Exception
2020-10-16T11:49:31+09:00 INFO (6): [localhost,Mac,Chrome,POST,/kamimine/ajax/getBusStopId8DigitList.php,20201016114931-5f890a3b5b079] STATUS: -1 Exception
2020-10-16T11:49:31+09:00 INFO (6): [localhost,Mac,Chrome,POST,/kamimine/ajax/getCoursePointList.php,20201016114931-5f890a3b64b9f] STATUS: 0 API
2020-10-16T11:49:36+09:00 INFO (6): [localhost,Mac,Chrome,POST,/kamimine/ajax/getBusStopList.php,20201016114936-5f890a406b029] STATUS: -1 Exception
2020-10-16T11:49:36+09:00 INFO (6): [localhost,Mac,Chrome,POST,/kamimine/ajax/getBusStopId8DigitList.php,20201016114936-5f890a406b708] STATUS: 0 API
2020-10-16T11:49:36+09:00 INFO (6): [localhost,Mac,Chrome,POST,/kamimine/ajax/getCoursePointList.php,20201016114936-5f890a406ba43] STATUS: 0 API
2020-10-16T11:49:48+09:00 INFO (6): [localhost,Mac,Chrome,POST,/kamimine/ajax/getBusStopList.php,20201016114947-5f890a4beb51e] STATUS: -1 Exception
2020-10-16T11:49:48+09:00 INFO (6): [localhost,Mac,Chrome,POST,/kamimine/ajax/getBusStopId8DigitList.php,20201016114947-5f890a4bec0bc] STATUS: 0 API
2020-10-16T11:49:48+09:00 INFO (6): [localhost,Mac,Chrome,POST,/kamimine/ajax/getCoursePointList.php,20201016114947-5f890a4beb635] STATUS: 0 API
2020-10-16T11:50:57+09:00 INFO (6): [localhost,Mac,Chrome,POST,/kamimine/ajax/getVariables.php,20201016115057-5f890a9195357] STATUS: 0 API
2020-10-16T11:50:57+09:00 INFO (6): [localhost,Mac,Chrome,POST,/kamimine/ajax/checkServiceTime.php,20201016115057-5f890a91cd165] STATUS: 0 API
2020-10-16T11:50:58+09:00 INFO (6): [localhost,Mac,Chrome,POST,/kamimine/ajax/getCourseList.php,20201016115057-5f890a91cca6c] STATUS: 0 API
2020-10-16T11:50:58+09:00 INFO (6): [localhost,Mac,Chrome,POST,/kamimine/ajax/getNewsTelop.php,20201016115057-5f890a91ca71e] STATUS: 0 API
2020-10-16T11:50:58+09:00 INFO (6): [localhost,Mac,Chrome,POST,/kamimine/ajax/getBusStopId8DigitList.php,20201016115057-5f890a91cc8e6] STATUS: -1 Exception
2020-10-16T11:50:58+09:00 INFO (6): [localhost,Mac,Chrome,POST,/kamimine/ajax/getBusStopList.php,20201016115057-5f890a91d1b34] STATUS: -1 Exception
2020-10-16T11:50:58+09:00 INFO (6): [localhost,Mac,Chrome,POST,/kamimine/ajax/getCoursePointList.php,20201016115057-5f890a91d13e1] STATUS: 0 API
2020-10-16T11:51:01+09:00 INFO (6): [localhost,Mac,Chrome,POST,/kamimine/ajax/getBusStopId8DigitList.php,20201016115100-5f890a94e715a] STATUS: 0 API
2020-10-16T11:51:01+09:00 INFO (6): [localhost,Mac,Chrome,POST,/kamimine/ajax/getBusStopList.php,20201016115100-5f890a94e60e6] STATUS: -1 Exception
2020-10-16T11:51:01+09:00 INFO (6): [localhost,Mac,Chrome,POST,/kamimine/ajax/getCoursePointList.php,20201016115100-5f890a94e570b] STATUS: 0 API
2020-10-16T11:51:05+09:00 INFO (6): [localhost,Mac,Chrome,POST,/kamimine/ajax/getBusStopId8DigitList.php,20201016115105-5f890a9996983] STATUS: 0 API
2020-10-16T11:51:05+09:00 INFO (6): [localhost,Mac,Chrome,POST,/kamimine/ajax/getBusStopList.php,20201016115105-5f890a99943db] STATUS: -1 Exception
2020-10-16T11:51:05+09:00 INFO (6): [localhost,Mac,Chrome,POST,/kamimine/ajax/getCoursePointList.php,20201016115105-5f890a99945e8] STATUS: 0 API
2020-10-16T11:51:09+09:00 INFO (6): [localhost,Mac,Chrome,POST,/kamimine/ajax/getBusStopId8DigitList.php,20201016115109-5f890a9d883cd] STATUS: 0 API
2020-10-16T11:51:09+09:00 INFO (6): [localhost,Mac,Chrome,POST,/kamimine/ajax/getBusStopList.php,20201016115109-5f890a9d87fb1] STATUS: -1 Exception
2020-10-16T11:51:09+09:00 INFO (6): [localhost,Mac,Chrome,POST,/kamimine/ajax/getCoursePointList.php,20201016115109-5f890a9d892cc] STATUS: 0 API
2020-10-16T11:52:37+09:00 INFO (6): [localhost,Mac,Chrome,POST,/kamimine/ajax/getVariables.php,20201016115237-5f890af5b36d0] STATUS: 0 API
2020-10-16T11:52:38+09:00 INFO (6): [localhost,Mac,Chrome,POST,/kamimine/ajax/getCourseList.php,20201016115237-5f890af5ea9dd] STATUS: 0 API
2020-10-16T11:52:38+09:00 INFO (6): [localhost,Mac,Chrome,POST,/kamimine/ajax/getNewsTelop.php,20201016115237-5f890af5ebfa5] STATUS: 0 API
2020-10-16T11:52:38+09:00 INFO (6): [localhost,Mac,Chrome,POST,/kamimine/ajax/checkServiceTime.php,20201016115237-5f890af5eeb6e] STATUS: 0 API
2020-10-16T11:52:38+09:00 INFO (6): [localhost,Mac,Chrome,POST,/kamimine/ajax/getBusStopId8DigitList.php,20201016115237-5f890af5e6c3d] STATUS: -1 Exception
2020-10-16T11:52:38+09:00 INFO (6): [localhost,Mac,Chrome,POST,/kamimine/ajax/getBusStopList.php,20201016115237-5f890af5ee52f] STATUS: -1 Exception
2020-10-16T11:52:38+09:00 INFO (6): [localhost,Mac,Chrome,POST,/kamimine/ajax/getCoursePointList.php,20201016115237-5f890af5edfdb] STATUS: 0 API
2020-10-16T11:54:34+09:00 INFO (6): [localhost,Mac,Chrome,POST,/kamimine/ajax/getBusStopId8DigitList.php,20201016115434-5f890b6ac7c10] STATUS: 0 API
2020-10-16T11:54:34+09:00 INFO (6): [localhost,Mac,Chrome,POST,/kamimine/ajax/getBusStopList.php,20201016115434-5f890b6ac5c51] STATUS: -1 Exception
2020-10-16T11:54:35+09:00 INFO (6): [localhost,Mac,Chrome,POST,/kamimine/ajax/getCoursePointList.php,20201016115434-5f890b6ac71cc] STATUS: 0 API
2020-10-16T11:54:38+09:00 INFO (6): [localhost,Mac,Chrome,POST,/kamimine/ajax/getBusStopList.php,20201016115437-5f890b6e0047e] STATUS: -1 Exception
2020-10-16T11:54:38+09:00 INFO (6): [localhost,Mac,Chrome,POST,/kamimine/ajax/getBusStopId8DigitList.php,20201016115437-5f890b6df369b] STATUS: 0 API
2020-10-16T11:54:38+09:00 INFO (6): [localhost,Mac,Chrome,POST,/kamimine/ajax/getCoursePointList.php,20201016115437-5f890b6df3d94] STATUS: 0 API
2020-10-16T11:54:48+09:00 INFO (6): [localhost,Mac,Chrome,POST,/kamimine/ajax/getBusStopList.php,20201016115448-5f890b78bbe79] STATUS: -1 Exception
2020-10-16T11:54:48+09:00 INFO (6): [localhost,Mac,Chrome,POST,/kamimine/ajax/getBusStopId8DigitList.php,20201016115448-5f890b78ba22c] STATUS: 0 API
2020-10-16T11:54:48+09:00 INFO (6): [localhost,Mac,Chrome,POST,/kamimine/ajax/getCoursePointList.php,20201016115448-5f890b78bc1c9] STATUS: 0 API
2020-10-16T11:54:50+09:00 INFO (6): [localhost,Mac,Chrome,POST,/kamimine/ajax/getBusStopId8DigitList.php,20201016115450-5f890b7acd506] STATUS: 0 API
2020-10-16T11:54:50+09:00 INFO (6): [localhost,Mac,Chrome,POST,/kamimine/ajax/getBusStopList.php,20201016115450-5f890b7acec53] STATUS: -1 Exception
2020-10-16T11:54:51+09:00 INFO (6): [localhost,Mac,Chrome,POST,/kamimine/ajax/getCoursePointList.php,20201016115450-5f890b7ad0295] STATUS: 0 API
2020-10-16T12:42:16+09:00 INFO (6): [localhost,Mac,Chrome,POST,/kamimine/ajax/getVariables.php,20201016124216-5f89169886626] STATUS: 0 API
2020-10-16T12:42:16+09:00 INFO (6): [localhost,Mac,Chrome,POST,/kamimine/ajax/getCourseList.php,20201016124216-5f891698bff0f] STATUS: 0 API
2020-10-16T12:42:16+09:00 INFO (6): [localhost,Mac,Chrome,POST,/kamimine/ajax/checkServiceTime.php,20201016124216-5f891698c54d6] STATUS: 0 API
2020-10-16T12:42:16+09:00 INFO (6): [localhost,Mac,Chrome,POST,/kamimine/ajax/getNewsTelop.php,20201016124216-5f891698c4fe2] STATUS: 0 API
2020-10-16T12:42:17+09:00 INFO (6): [localhost,Mac,Chrome,POST,/kamimine/ajax/getBusStopId8DigitList.php,20201016124216-5f891698c2030] STATUS: -1 Exception
2020-10-16T12:42:17+09:00 INFO (6): [localhost,Mac,Chrome,POST,/kamimine/ajax/getBusStopList.php,20201016124216-5f891698c663f] STATUS: -1 Exception
2020-10-16T12:42:17+09:00 INFO (6): [localhost,Mac,Chrome,POST,/kamimine/ajax/getCoursePointList.php,20201016124216-5f891698cd3e6] STATUS: 0 API
2020-10-16T12:42:18+09:00 INFO (6): [localhost,Mac,Chrome,POST,/kamimine/ajax/getBusStopId8DigitList.php,20201016124218-5f89169acbb56] STATUS: 0 API
2020-10-16T12:42:18+09:00 INFO (6): [localhost,Mac,Chrome,POST,/kamimine/ajax/getBusStopList.php,20201016124218-5f89169aca79d] STATUS: -1 Exception
2020-10-16T12:42:19+09:00 INFO (6): [localhost,Mac,Chrome,POST,/kamimine/ajax/getCoursePointList.php,20201016124218-5f89169acb6ca] STATUS: 0 API
2020-10-16T12:42:21+09:00 INFO (6): [localhost,Mac,Chrome,POST,/kamimine/ajax/getBusStopId8DigitList.php,20201016124221-5f89169d0ce4d] STATUS: 0 API
2020-10-16T12:42:21+09:00 INFO (6): [localhost,Mac,Chrome,POST,/kamimine/ajax/getBusStopList.php,20201016124221-5f89169d0b4e2] STATUS: -1 Exception
2020-10-16T12:42:21+09:00 INFO (6): [localhost,Mac,Chrome,POST,/kamimine/ajax/getCoursePointList.php,20201016124221-5f89169d0ebb2] STATUS: 0 API
2020-10-16T15:39:41+09:00 INFO (6): [localhost,Mac,Chrome,POST,/kamimine/ajax/getVariables.php,20201016153941-5f89402d65428] STATUS: 0 API
2020-10-16T15:39:41+09:00 INFO (6): [localhost,Mac,Chrome,POST,/kamimine/ajax/getCourseList.php,20201016153941-5f89402da1611] STATUS: 0 API
2020-10-16T15:39:41+09:00 INFO (6): [localhost,Mac,Chrome,POST,/kamimine/ajax/checkServiceTime.php,20201016153941-5f89402da2732] STATUS: 0 API
2020-10-16T15:39:41+09:00 INFO (6): [localhost,Mac,Chrome,POST,/kamimine/ajax/getNewsTelop.php,20201016153941-5f89402da4eb8] STATUS: 0 API
2020-10-16T15:39:41+09:00 INFO (6): [localhost,Mac,Chrome,POST,/kamimine/ajax/getBusStopId8DigitList.php,20201016153941-5f89402da2623] STATUS: -1 Exception
2020-10-16T15:39:41+09:00 INFO (6): [localhost,Mac,Chrome,POST,/kamimine/ajax/getBusStopList.php,20201016153941-5f89402da5236] STATUS: -1 Exception
2020-10-16T15:39:41+09:00 INFO (6): [localhost,Mac,Chrome,POST,/kamimine/ajax/getCoursePointList.php,20201016153941-5f89402da5c65] STATUS: 0 API
2020-10-16T15:40:10+09:00 INFO (6): [localhost,Mac,Chrome,POST,/kamimine/ajax/getBusStopId8DigitList.php,20201016154010-5f89404a5adff] STATUS: 0 API
2020-10-16T15:40:10+09:00 INFO (6): [localhost,Mac,Chrome,POST,/kamimine/ajax/getBusStopList.php,20201016154010-5f89404a5b678] STATUS: -1 Exception
2020-10-16T15:40:10+09:00 INFO (6): [localhost,Mac,Chrome,POST,/kamimine/ajax/getCoursePointList.php,20201016154010-5f89404a59a93] STATUS: 0 API
2020-10-16T15:40:26+09:00 INFO (6): [localhost,Mac,Chrome,POST,/kamimine/ajax/getBusStopList.php,20201016154026-5f89405ab8a2b] STATUS: -1 Exception
2020-10-16T15:40:26+09:00 INFO (6): [localhost,Mac,Chrome,POST,/kamimine/ajax/getBusStopId8DigitList.php,20201016154026-5f89405abb12b] STATUS: 0 API
2020-10-16T15:40:26+09:00 INFO (6): [localhost,Mac,Chrome,POST,/kamimine/ajax/getCoursePointList.php,20201016154026-5f89405aba6bd] STATUS: 0 API
2020-10-16T15:40:37+09:00 INFO (6): [localhost,Mac,Chrome,POST,/kamimine/ajax/getBusStopId8DigitList.php,20201016154037-5f894065b01f7] STATUS: 0 API
2020-10-16T15:40:37+09:00 INFO (6): [localhost,Mac,Chrome,POST,/kamimine/ajax/getBusStopList.php,20201016154037-5f894065af814] STATUS: -1 Exception
2020-10-16T15:40:37+09:00 INFO (6): [localhost,Mac,Chrome,POST,/kamimine/ajax/getCoursePointList.php,20201016154037-5f894065b01f7] STATUS: 0 API
2020-10-16T15:43:11+09:00 INFO (6): [localhost,Mac,Chrome,POST,/kamimine/ajax/getVariables.php,20201016154311-5f8940ff96a3b] STATUS: 0 API
2020-10-16T15:43:12+09:00 INFO (6): [localhost,Mac,Chrome,POST,/kamimine/ajax/getCourseList.php,20201016154311-5f8940ffc8fbe] STATUS: 0 API
2020-10-16T15:43:12+09:00 INFO (6): [localhost,Mac,Chrome,POST,/kamimine/ajax/checkServiceTime.php,20201016154311-5f8940ffca489] STATUS: 0 API
2020-10-16T15:43:12+09:00 INFO (6): [localhost,Mac,Chrome,POST,/kamimine/ajax/getNewsTelop.php,20201016154311-5f8940ffcf358] STATUS: 0 API
2020-10-16T15:43:12+09:00 INFO (6): [localhost,Mac,Chrome,POST,/kamimine/ajax/getBusStopId8DigitList.php,20201016154311-5f8940ffcf6b1] STATUS: -1 Exception
2020-10-16T15:43:12+09:00 INFO (6): [localhost,Mac,Chrome,POST,/kamimine/ajax/getBusStopList.php,20201016154311-5f8940ffd0c34] STATUS: 0 API
2020-10-16T15:43:12+09:00 INFO (6): [localhost,Mac,Chrome,POST,/kamimine/ajax/getCoursePointList.php,20201016154312-5f89410053ce9] STATUS: 0 API
2020-10-16T15:43:19+09:00 INFO (6): [localhost,Mac,Chrome,POST,/kamimine/ajax/getBusStopList.php,20201016154319-5f89410756a75] STATUS: 0 API
2020-10-16T15:43:19+09:00 INFO (6): [localhost,Mac,Chrome,POST,/kamimine/ajax/getBusStopId8DigitList.php,20201016154319-5f89410757ab1] STATUS: 0 API
2020-10-16T15:43:19+09:00 INFO (6): [localhost,Mac,Chrome,POST,/kamimine/ajax/getCoursePointList.php,20201016154319-5f894107560a5] STATUS: 0 API
2020-10-16T15:43:26+09:00 INFO (6): [localhost,Mac,Chrome,POST,/kamimine/ajax/getBusStopId8DigitList.php,20201016154325-5f89410dd84c2] STATUS: -1 Exception
2020-10-16T15:43:26+09:00 INFO (6): [localhost,Mac,Chrome,POST,/kamimine/ajax/getBusStopList.php,20201016154325-5f89410dd5725] STATUS: 0 API
2020-10-16T15:43:26+09:00 INFO (6): [localhost,Mac,Chrome,POST,/kamimine/ajax/getCoursePointList.php,20201016154325-5f89410dd959b] STATUS: 0 API
2020-10-16T15:43:27+09:00 INFO (6): [localhost,Mac,Chrome,POST,/kamimine/ajax/getVariables.php,20201016154327-5f89410f3f092] STATUS: 0 API
2020-10-16T15:43:27+09:00 INFO (6): [localhost,Mac,Chrome,POST,/kamimine/ajax/getCourseList.php,20201016154327-5f89410f80995] STATUS: 0 API
2020-10-16T15:43:27+09:00 INFO (6): [localhost,Mac,Chrome,POST,/kamimine/ajax/checkServiceTime.php,20201016154327-5f89410f7f144] STATUS: 0 API
2020-10-16T15:43:27+09:00 INFO (6): [localhost,Mac,Chrome,POST,/kamimine/ajax/getNewsTelop.php,20201016154327-5f89410f7be4e] STATUS: 0 API
2020-10-16T15:43:27+09:00 INFO (6): [localhost,Mac,Chrome,POST,/kamimine/ajax/getBusStopList.php,20201016154327-5f89410f82bcf] STATUS: 0 API
2020-10-16T15:43:27+09:00 INFO (6): [localhost,Mac,Chrome,POST,/kamimine/ajax/getBusStopId8DigitList.php,20201016154327-5f89410f79b29] STATUS: -1 Exception
2020-10-16T15:43:27+09:00 INFO (6): [localhost,Mac,Chrome,POST,/kamimine/ajax/getCoursePointList.php,20201016154327-5f89410f84c51] STATUS: 0 API
2020-10-16T15:43:52+09:00 INFO (6): [localhost,Mac,Chrome,POST,/kamimine/ajax/getVariables.php,20201016154352-5f8941280fcca] STATUS: 0 API
2020-10-16T15:43:52+09:00 INFO (6): [localhost,Mac,Chrome,POST,/kamimine/ajax/getCourseList.php,20201016154352-5f8941283cf81] STATUS: 0 API
2020-10-16T15:43:52+09:00 INFO (6): [localhost,Mac,Chrome,POST,/kamimine/ajax/checkServiceTime.php,20201016154352-5f8941283ede2] STATUS: 0 API
2020-10-16T15:43:52+09:00 INFO (6): [localhost,Mac,Chrome,POST,/kamimine/ajax/getNewsTelop.php,20201016154352-5f89412840a8d] STATUS: 0 API
2020-10-16T15:43:52+09:00 INFO (6): [localhost,Mac,Chrome,POST,/kamimine/ajax/getBusStopId8DigitList.php,20201016154352-5f8941283e04f] STATUS: -1 Exception
2020-10-16T15:43:52+09:00 INFO (6): [localhost,Mac,Chrome,POST,/kamimine/ajax/getBusStopList.php,20201016154352-5f89412840ef8] STATUS: 0 API
2020-10-16T15:43:52+09:00 INFO (6): [localhost,Mac,Chrome,POST,/kamimine/ajax/getCoursePointList.php,20201016154352-5f8941284773c] STATUS: 0 API
2020-10-16T15:44:45+09:00 INFO (6): [localhost,Mac,Chrome,POST,/kamimine/ajax/getVariables.php,20201016154445-5f89415d18586] STATUS: 0 API
2020-10-16T15:44:45+09:00 INFO (6): [localhost,Mac,Chrome,POST,/kamimine/ajax/checkServiceTime.php,20201016154445-5f89415d5c802] STATUS: 0 API
2020-10-16T15:44:45+09:00 INFO (6): [localhost,Mac,Chrome,POST,/kamimine/ajax/getCourseList.php,20201016154445-5f89415d5ac72] STATUS: 0 API
2020-10-16T15:44:45+09:00 INFO (6): [localhost,Mac,Chrome,POST,/kamimine/ajax/getNewsTelop.php,20201016154445-5f89415d5c108] STATUS: 0 API
2020-10-16T15:44:45+09:00 INFO (6): [localhost,Mac,Chrome,POST,/kamimine/ajax/getBusStopId8DigitList.php,20201016154445-5f89415d5c411] STATUS: -1 Exception
2020-10-16T15:44:45+09:00 INFO (6): [localhost,Mac,Chrome,POST,/kamimine/ajax/getBusStopList.php,20201016154445-5f89415d6396b] STATUS: 0 API
2020-10-16T15:44:45+09:00 INFO (6): [localhost,Mac,Chrome,POST,/kamimine/ajax/getCoursePointList.php,20201016154445-5f89415d6255c] STATUS: 0 API
2020-10-16T15:44:46+09:00 INFO (6): [localhost,Mac,Chrome,POST,/kamimine/ajax/getVariables.php,20201016154445-5f89415de47f7] STATUS: 0 API
2020-10-16T15:44:46+09:00 INFO (6): [localhost,Mac,Chrome,POST,/kamimine/ajax/getCourseList.php,20201016154446-5f89415e27589] STATUS: 0 API
2020-10-16T15:44:46+09:00 INFO (6): [localhost,Mac,Chrome,POST,/kamimine/ajax/checkServiceTime.php,20201016154446-5f89415e2edd8] STATUS: 0 API
2020-10-16T15:44:46+09:00 INFO (6): [localhost,Mac,Chrome,POST,/kamimine/ajax/getNewsTelop.php,20201016154446-5f89415e2a18b] STATUS: 0 API
2020-10-16T15:44:46+09:00 INFO (6): [localhost,Mac,Chrome,POST,/kamimine/ajax/getBusStopList.php,20201016154446-5f89415e2ea28] STATUS: 0 API
2020-10-16T15:44:46+09:00 INFO (6): [localhost,Mac,Chrome,POST,/kamimine/ajax/getBusStopId8DigitList.php,20201016154446-5f89415e2e5ec] STATUS: -1 Exception
2020-10-16T15:44:46+09:00 INFO (6): [localhost,Mac,Chrome,POST,/kamimine/ajax/getCoursePointList.php,20201016154446-5f89415e2ed86] STATUS: 0 API
2020-10-16T15:44:49+09:00 INFO (6): [localhost,Mac,Chrome,POST,/kamimine/ajax/getVariables.php,20201016154448-5f894160ea9dd] STATUS: 0 API
2020-10-16T15:44:49+09:00 INFO (6): [localhost,Mac,Chrome,POST,/kamimine/ajax/checkServiceTime.php,20201016154449-5f89416128aa7] STATUS: 0 API
2020-10-16T15:44:49+09:00 INFO (6): [localhost,Mac,Chrome,POST,/kamimine/ajax/getCourseList.php,20201016154449-5f894161275c0] STATUS: 0 API
2020-10-16T15:44:49+09:00 INFO (6): [localhost,Mac,Chrome,POST,/kamimine/ajax/getNewsTelop.php,20201016154449-5f8941612e1de] STATUS: 0 API
2020-10-16T15:44:49+09:00 INFO (6): [localhost,Mac,Chrome,POST,/kamimine/ajax/getBusStopId8DigitList.php,20201016154449-5f8941612bfc8] STATUS: -1 Exception
2020-10-16T15:44:49+09:00 INFO (6): [localhost,Mac,Chrome,POST,/kamimine/ajax/getBusStopList.php,20201016154449-5f8941612d359] STATUS: 0 API
2020-10-16T15:44:49+09:00 INFO (6): [localhost,Mac,Chrome,POST,/kamimine/ajax/getCoursePointList.php,20201016154449-5f8941612ef95] STATUS: 0 API
2020-10-16T15:45:30+09:00 INFO (6): [localhost,Mac,Chrome,POST,/kamimine/ajax/getVariables.php,20201016154530-5f89418a4da91] STATUS: 0 API
2020-10-16T15:45:30+09:00 INFO (6): [localhost,Mac,Chrome,POST,/kamimine/ajax/getCourseList.php,20201016154530-5f89418a847c8] STATUS: 0 API
2020-10-16T15:45:30+09:00 INFO (6): [localhost,Mac,Chrome,POST,/kamimine/ajax/getBusStopId8DigitList.php,20201016154530-5f89418a87cdd] STATUS: 0 API
2020-10-16T15:45:30+09:00 INFO (6): [localhost,Mac,Chrome,POST,/kamimine/ajax/checkServiceTime.php,20201016154530-5f89418a88859] STATUS: 0 API
2020-10-16T15:45:30+09:00 INFO (6): [localhost,Mac,Chrome,POST,/kamimine/ajax/getNewsTelop.php,20201016154530-5f89418a849cb] STATUS: 0 API
2020-10-16T15:45:30+09:00 INFO (6): [localhost,Mac,Chrome,POST,/kamimine/ajax/getBusStopList.php,20201016154530-5f89418a8caed] STATUS: 0 API
2020-10-16T15:45:30+09:00 INFO (6): [localhost,Mac,Chrome,POST,/kamimine/ajax/getCoursePointList.php,20201016154530-5f89418a8aa3d] STATUS: 0 API
2020-10-16T15:45:35+09:00 INFO (6): [localhost,Mac,Chrome,POST,/kamimine/ajax/getBusStopList.php,20201016154535-5f89418fa7f33] STATUS: 0 API
2020-10-16T15:45:35+09:00 INFO (6): [localhost,Mac,Chrome,POST,/kamimine/ajax/getBusStopId8DigitList.php,20201016154535-5f89418fa7807] STATUS: 0 API
2020-10-16T15:45:35+09:00 INFO (6): [localhost,Mac,Chrome,POST,/kamimine/ajax/getCoursePointList.php,20201016154535-5f89418fa7de7] STATUS: 0 API
2020-10-16T15:45:44+09:00 INFO (6): [localhost,Mac,Chrome,POST,/kamimine/ajax/getVariables.php,20201016154544-5f8941981ac30] STATUS: 0 API
2020-10-16T15:45:44+09:00 INFO (6): [localhost,Mac,Chrome,POST,/kamimine/ajax/getCourseList.php,20201016154544-5f8941984ce1d] STATUS: 0 API
2020-10-16T15:45:44+09:00 INFO (6): [localhost,Mac,Chrome,POST,/kamimine/ajax/checkServiceTime.php,20201016154544-5f894198507b8] STATUS: 0 API
2020-10-16T15:45:44+09:00 INFO (6): [localhost,Mac,Chrome,POST,/kamimine/ajax/getBusStopId8DigitList.php,20201016154544-5f8941984fe2f] STATUS: 0 API
2020-10-16T15:45:44+09:00 INFO (6): [localhost,Mac,Chrome,POST,/kamimine/ajax/getNewsTelop.php,20201016154544-5f8941984f201] STATUS: 0 API
2020-10-16T15:45:44+09:00 INFO (6): [localhost,Mac,Chrome,POST,/kamimine/ajax/getBusStopList.php,20201016154544-5f8941985097d] STATUS: 0 API
2020-10-16T15:45:44+09:00 INFO (6): [localhost,Mac,Chrome,POST,/kamimine/ajax/getCoursePointList.php,20201016154544-5f8941985160d] STATUS: 0 API
2020-10-16T15:46:18+09:00 INFO (6): [localhost,Mac,Chrome,POST,/kamimine/ajax/getBusStopList.php,20201016154618-5f8941ba6e80c] STATUS: 0 API
2020-10-16T15:46:18+09:00 INFO (6): [localhost,Mac,Chrome,POST,/kamimine/ajax/getBusStopId8DigitList.php,20201016154618-5f8941ba71b2a] STATUS: 0 API
2020-10-16T15:46:18+09:00 INFO (6): [localhost,Mac,Chrome,POST,/kamimine/ajax/getCoursePointList.php,20201016154618-5f8941ba6d592] STATUS: 0 API
2020-10-16T15:46:20+09:00 INFO (6): [localhost,Mac,Chrome,POST,/kamimine/ajax/getBusStopList.php,20201016154620-5f8941bc9ad1b] STATUS: 0 API
2020-10-16T15:46:20+09:00 INFO (6): [localhost,Mac,Chrome,POST,/kamimine/ajax/getBusStopId8DigitList.php,20201016154620-5f8941bc9d80a] STATUS: 0 API
2020-10-16T15:46:20+09:00 INFO (6): [localhost,Mac,Chrome,POST,/kamimine/ajax/getCoursePointList.php,20201016154620-5f8941bc9c738] STATUS: 0 API
2020-10-16T15:46:22+09:00 INFO (6): [localhost,Mac,Chrome,POST,/kamimine/ajax/getBusStopList.php,20201016154622-5f8941beb1ebe] STATUS: 0 API
2020-10-16T15:46:22+09:00 INFO (6): [localhost,Mac,Chrome,POST,/kamimine/ajax/getBusStopId8DigitList.php,20201016154622-5f8941beb69fc] STATUS: 0 API
2020-10-16T15:46:22+09:00 INFO (6): [localhost,Mac,Chrome,POST,/kamimine/ajax/getCoursePointList.php,20201016154622-5f8941beb5a1e] STATUS: 0 API
2020-10-16T15:46:25+09:00 INFO (6): [localhost,Mac,Chrome,POST,/kamimine/ajax/getBusStopList.php,20201016154625-5f8941c147872] STATUS: 0 API
2020-10-16T15:46:25+09:00 INFO (6): [localhost,Mac,Chrome,POST,/kamimine/ajax/getBusStopId8DigitList.php,20201016154625-5f8941c1497bd] STATUS: 0 API
2020-10-16T15:46:25+09:00 INFO (6): [localhost,Mac,Chrome,POST,/kamimine/ajax/getCoursePointList.php,20201016154625-5f8941c14ab8c] STATUS: 0 API
2020-10-16T15:46:31+09:00 INFO (6): [localhost,Mac,Chrome,POST,/kamimine/ajax/getBusStopId8DigitList.php,20201016154631-5f8941c711b1b] STATUS: 0 API
2020-10-16T15:46:31+09:00 INFO (6): [localhost,Mac,Chrome,POST,/kamimine/ajax/getBusStopList.php,20201016154631-5f8941c710d71] STATUS: 0 API
2020-10-16T15:46:31+09:00 INFO (6): [localhost,Mac,Chrome,POST,/kamimine/ajax/getCoursePointList.php,20201016154631-5f8941c714363] STATUS: 0 API
2020-10-16T15:46:33+09:00 INFO (6): [localhost,Mac,Chrome,POST,/kamimine/ajax/getBusStopId8DigitList.php,20201016154632-5f8941c8e410f] STATUS: 0 API
2020-10-16T15:46:33+09:00 INFO (6): [localhost,Mac,Chrome,POST,/kamimine/ajax/getBusStopList.php,20201016154632-5f8941c8e2949] STATUS: 0 API
2020-10-16T15:46:33+09:00 INFO (6): [localhost,Mac,Chrome,POST,/kamimine/ajax/getCoursePointList.php,20201016154632-5f8941c8e44ae] STATUS: 0 API
2020-10-16T16:02:09+09:00 INFO (6): [localhost,Mac,Chrome,POST,/kamimine/ajax/getVariables.php,20201016160209-5f894571494a3] STATUS: 0 API
2020-10-16T16:02:09+09:00 INFO (6): [localhost,Mac,Chrome,POST,/kamimine/ajax/getNewsTelop.php,20201016160209-5f8945719cb57] STATUS: 0 API
2020-10-16T16:02:10+09:00 INFO (6): [localhost,Mac,Chrome,POST,/kamimine/ajax/getCourseList.php,20201016160209-5f8945719c9e1] STATUS: 0 API
2020-10-16T16:02:10+09:00 INFO (6): [localhost,Mac,Chrome,POST,/kamimine/ajax/getBusStopId8DigitList.php,20201016160209-5f8945719ca39] STATUS: 0 API
2020-10-16T16:02:10+09:00 INFO (6): [localhost,Mac,Chrome,POST,/kamimine/ajax/checkServiceTime.php,20201016160209-5f8945719fbfb] STATUS: 0 API
2020-10-16T16:02:10+09:00 INFO (6): [localhost,Mac,Chrome,POST,/kamimine/ajax/getBusStopList.php,20201016160209-5f8945719c863] STATUS: 0 API
2020-10-16T16:02:10+09:00 INFO (6): [localhost,Mac,Chrome,POST,/kamimine/ajax/getCoursePointList.php,20201016160209-5f8945719d871] STATUS: 0 API
2020-10-16T16:02:13+09:00 INFO (6): [localhost,Mac,Chrome,POST,/kamimine/ajax/getBusStopList.php,20201016160213-5f8945753b16d] STATUS: 0 API
2020-10-16T16:02:13+09:00 INFO (6): [localhost,Mac,Chrome,POST,/kamimine/ajax/getBusStopId8DigitList.php,20201016160213-5f8945753cb3c] STATUS: 0 API
2020-10-16T16:02:13+09:00 INFO (6): [localhost,Mac,Chrome,POST,/kamimine/ajax/getCoursePointList.php,20201016160213-5f8945753cf0b] STATUS: 0 API
2020-10-16T16:02:15+09:00 INFO (6): [localhost,Mac,Chrome,POST,/kamimine/ajax/getBusStopList.php,20201016160215-5f89457709774] STATUS: 0 API
2020-10-16T16:02:15+09:00 INFO (6): [localhost,Mac,Chrome,POST,/kamimine/ajax/getBusStopId8DigitList.php,20201016160215-5f8945770f615] STATUS: 0 API
2020-10-16T16:02:15+09:00 INFO (6): [localhost,Mac,Chrome,POST,/kamimine/ajax/getCoursePointList.php,20201016160215-5f8945770f1b6] STATUS: 0 API
2020-10-16T16:02:17+09:00 INFO (6): [localhost,Mac,Chrome,POST,/kamimine/ajax/getBusStopList.php,20201016160217-5f894579bf33c] STATUS: 0 API
2020-10-16T16:02:17+09:00 INFO (6): [localhost,Mac,Chrome,POST,/kamimine/ajax/getBusStopId8DigitList.php,20201016160217-5f894579c07fd] STATUS: 0 API
2020-10-16T16:02:17+09:00 INFO (6): [localhost,Mac,Chrome,POST,/kamimine/ajax/getCoursePointList.php,20201016160217-5f894579bc724] STATUS: 0 API
2020-10-16T16:59:01+09:00 INFO (6): [localhost,Mac,Chrome,POST,/kamimine/ajax/getVariables.php,20201016165901-5f8952c57e48d] STATUS: 0 API
2020-10-16T16:59:02+09:00 INFO (6): [localhost,Mac,Chrome,POST,/kamimine/ajax/getNewsTelop.php,20201016165901-5f8952c5d4800] STATUS: 0 API
2020-10-16T16:59:02+09:00 INFO (6): [localhost,Mac,Chrome,POST,/kamimine/ajax/getBusStopId8DigitList.php,20201016165901-5f8952c5d4a74] STATUS: 0 API
2020-10-16T16:59:02+09:00 INFO (6): [localhost,Mac,Chrome,POST,/kamimine/ajax/getCourseList.php,20201016165901-5f8952c5d4a32] STATUS: 0 API
2020-10-16T16:59:02+09:00 INFO (6): [localhost,Mac,Chrome,POST,/kamimine/ajax/checkServiceTime.php,20201016165901-5f8952c5d7c3d] STATUS: 0 API
2020-10-16T16:59:02+09:00 INFO (6): [localhost,Mac,Chrome,POST,/kamimine/ajax/getBusStopList.php,20201016165901-5f8952c5d4a74] STATUS: 0 API
2020-10-16T16:59:02+09:00 INFO (6): [localhost,Mac,Chrome,POST,/kamimine/ajax/getCoursePointList.php,20201016165901-5f8952c5d49fc] STATUS: 0 API
2020-10-16T16:59:08+09:00 INFO (6): [localhost,Mac,Chrome,POST,/kamimine/ajax/getBusStopList.php,20201016165908-5f8952cc4f457] STATUS: 0 API
2020-10-16T16:59:08+09:00 INFO (6): [localhost,Mac,Chrome,POST,/kamimine/ajax/getBusStopId8DigitList.php,20201016165908-5f8952cc5383a] STATUS: 0 API
2020-10-16T16:59:08+09:00 INFO (6): [localhost,Mac,Chrome,POST,/kamimine/ajax/getCoursePointList.php,20201016165908-5f8952cc53558] STATUS: 0 API
2020-10-16T17:36:45+09:00 INFO (6): [localhost,Mac,Chrome,POST,/kamimine/ajax/getVariables.php,20201016173645-5f895b9daeef6] STATUS: 0 API
2020-10-16T17:36:46+09:00 INFO (6): [localhost,Mac,Chrome,POST,/kamimine/ajax/getNewsTelop.php,20201016173645-5f895b9df0281] STATUS: 0 API
2020-10-16T17:36:46+09:00 INFO (6): [localhost,Mac,Chrome,POST,/kamimine/ajax/getCourseList.php,20201016173645-5f895b9df0279] STATUS: 0 API
2020-10-16T17:36:46+09:00 INFO (6): [localhost,Mac,Chrome,POST,/kamimine/ajax/getBusStopId8DigitList.php,20201016173645-5f895b9df035e] STATUS: 0 API
2020-10-16T17:36:46+09:00 INFO (6): [localhost,Mac,Chrome,POST,/kamimine/ajax/checkServiceTime.php,20201016173645-5f895b9df273c] STATUS: 1 API
2020-10-16T17:36:46+09:00 INFO (6): [localhost,Mac,Chrome,POST,/kamimine/ajax/getBusStopList.php,20201016173645-5f895b9df0279] STATUS: 0 API
2020-10-16T17:36:46+09:00 INFO (6): [localhost,Mac,Chrome,POST,/kamimine/ajax/getCoursePointList.php,20201016173645-5f895b9df03d0] STATUS: 0 API
2020-10-16T17:37:31+09:00 INFO (6): [localhost,Mac,Chrome,POST,/kamimine/ajax/getBusStopList.php,20201016173731-5f895bcb9afd6] STATUS: 0 API
2020-10-16T17:37:31+09:00 INFO (6): [localhost,Mac,Chrome,POST,/kamimine/ajax/getBusStopId8DigitList.php,20201016173731-5f895bcb9d538] STATUS: 0 API
2020-10-16T17:37:31+09:00 INFO (6): [localhost,Mac,Chrome,POST,/kamimine/ajax/getCoursePointList.php,20201016173731-5f895bcb9c763] STATUS: 0 API
