2020-10-27T11:38:17+09:00 ERR (3): Exception start ---------------------------------------------------------------
2020-10-27T11:38:17+09:00 ERR (3): [U:,T:20201027113817-5f9788198d08d]exception 'PDOException' with message 'SQLSTATE[42000]: Syntax error or access violation: 1064 You have an error in your SQL syntax; check the manual that corresponds to your MySQL server version for the right syntax to use near 'C.srvdate = CURDATE() ORDER BY VDIA.stop_seq' at line 19' in /usr/share/ZendFramework-1.12.3/library/Zend/Db/Statement/Pdo.php:228
Stack trace:
#0 /usr/share/ZendFramework-1.12.3/library/Zend/Db/Statement/Pdo.php(228): PDOStatement->execute(Array)
#1 /usr/share/ZendFramework-1.12.3/library/Zend/Db/Statement.php(303): Zend_Db_Statement_Pdo->_execute(Array)
#2 /usr/share/ZendFramework-1.12.3/library/Zend/Db/Adapter/Abstract.php(480): Zend_Db_Statement->execute(Array)
#3 /usr/share/ZendFramework-1.12.3/library/Zend/Db/Adapter/Pdo/Abstract.php(238): Zend_Db_Adapter_Abstract->query('            SEL...', Array)
#4 /usr/share/ZendFramework-1.12.3/library/Zend/Db/Adapter/Abstract.php(737): Zend_Db_Adapter_Pdo_Abstract->query('            SEL...', Array)
#5 /var/www/html/kamimine/base/base/BaseModel.php(62): Zend_Db_Adapter_Abstract->fetchAll('            SEL...', Array)
#6 /var/www/html/kamimine/models/t_sbt_busstop.php(223): BaseModel->fetchAll('            SEL...', Array)
#7 [internal function]: t_sbt_busstop->getBusStopList('KMM', '0', '0')
#8 /var/www/html/kamimine/base/cllib/ModelManager.php(36): ReflectionMethod->invokeArgs(Object(t_sbt_busstop), Array)
#9 /var/www/html/kamimine/ajax/getBusStopList.php(14): ModelManager->invoke('t_sbt_busstop', 'getBusStopList', Array)
#10 /var/www/html/kamimine/base/base/BaseApi.php(72): getBusStopList->main()
#11 /var/www/html/kamimine/ajax/getBusStopList.php(31): BaseApi->run()
#12 {main}

Next exception 'Zend_Db_Statement_Exception' with message 'SQLSTATE[42000]: Syntax error or access violation: 1064 You have an error in your SQL syntax; check the manual that corresponds to your MySQL server version for the right syntax to use near 'C.srvdate = CURDATE() ORDER BY VDIA.stop_seq' at line 19' in /usr/share/ZendFramework-1.12.3/library/Zend/Db/Statement/Pdo.php:234
Stack trace:
#0 /usr/share/ZendFramework-1.12.3/library/Zend/Db/Statement.php(303): Zend_Db_Statement_Pdo->_execute(Array)
#1 /usr/share/ZendFramework-1.12.3/library/Zend/Db/Adapter/Abstract.php(480): Zend_Db_Statement->execute(Array)
#2 /usr/share/ZendFramework-1.12.3/library/Zend/Db/Adapter/Pdo/Abstract.php(238): Zend_Db_Adapter_Abstract->query('            SEL...', Array)
#3 /usr/share/ZendFramework-1.12.3/library/Zend/Db/Adapter/Abstract.php(737): Zend_Db_Adapter_Pdo_Abstract->query('            SEL...', Array)
#4 /var/www/html/kamimine/base/base/BaseModel.php(62): Zend_Db_Adapter_Abstract->fetchAll('            SEL...', Array)
#5 /var/www/html/kamimine/models/t_sbt_busstop.php(223): BaseModel->fetchAll('            SEL...', Array)
#6 [internal function]: t_sbt_busstop->getBusStopList('KMM', '0', '0')
#7 /var/www/html/kamimine/base/cllib/ModelManager.php(36): ReflectionMethod->invokeArgs(Object(t_sbt_busstop), Array)
#8 /var/www/html/kamimine/ajax/getBusStopList.php(14): ModelManager->invoke('t_sbt_busstop', 'getBusStopList', Array)
#9 /var/www/html/kamimine/base/base/BaseApi.php(72): getBusStopList->main()
#10 /var/www/html/kamimine/ajax/getBusStopList.php(31): BaseApi->run()
#11 {main}
2020-10-27T11:38:17+09:00 ERR (3): Exception end -----------------------------------------------------------------
2020-10-27T11:38:31+09:00 ERR (3): Exception start ---------------------------------------------------------------
2020-10-27T11:38:31+09:00 ERR (3): [U:,T:20201027113831-5f9788273572c]exception 'PDOException' with message 'SQLSTATE[HY093]: Invalid parameter number: number of bound variables does not match number of tokens' in /usr/share/ZendFramework-1.12.3/library/Zend/Db/Statement/Pdo.php:228
Stack trace:
#0 /usr/share/ZendFramework-1.12.3/library/Zend/Db/Statement/Pdo.php(228): PDOStatement->execute(Array)
#1 /usr/share/ZendFramework-1.12.3/library/Zend/Db/Statement.php(303): Zend_Db_Statement_Pdo->_execute(Array)
#2 /usr/share/ZendFramework-1.12.3/library/Zend/Db/Adapter/Abstract.php(480): Zend_Db_Statement->execute(Array)
#3 /usr/share/ZendFramework-1.12.3/library/Zend/Db/Adapter/Pdo/Abstract.php(238): Zend_Db_Adapter_Abstract->query('            SEL...', Array)
#4 /usr/share/ZendFramework-1.12.3/library/Zend/Db/Adapter/Abstract.php(737): Zend_Db_Adapter_Pdo_Abstract->query('            SEL...', Array)
#5 /var/www/html/kamimine/base/base/BaseModel.php(62): Zend_Db_Adapter_Abstract->fetchAll('            SEL...', Array)
#6 /var/www/html/kamimine/models/t_sbt_busstop.php(223): BaseModel->fetchAll('            SEL...', Array)
#7 [internal function]: t_sbt_busstop->getBusStopList('KMM', '001', '0')
#8 /var/www/html/kamimine/base/cllib/ModelManager.php(36): ReflectionMethod->invokeArgs(Object(t_sbt_busstop), Array)
#9 /var/www/html/kamimine/ajax/getBusStopList.php(14): ModelManager->invoke('t_sbt_busstop', 'getBusStopList', Array)
#10 /var/www/html/kamimine/base/base/BaseApi.php(72): getBusStopList->main()
#11 /var/www/html/kamimine/ajax/getBusStopList.php(31): BaseApi->run()
#12 {main}

Next exception 'Zend_Db_Statement_Exception' with message 'SQLSTATE[HY093]: Invalid parameter number: number of bound variables does not match number of tokens' in /usr/share/ZendFramework-1.12.3/library/Zend/Db/Statement/Pdo.php:234
Stack trace:
#0 /usr/share/ZendFramework-1.12.3/library/Zend/Db/Statement.php(303): Zend_Db_Statement_Pdo->_execute(Array)
#1 /usr/share/ZendFramework-1.12.3/library/Zend/Db/Adapter/Abstract.php(480): Zend_Db_Statement->execute(Array)
#2 /usr/share/ZendFramework-1.12.3/library/Zend/Db/Adapter/Pdo/Abstract.php(238): Zend_Db_Adapter_Abstract->query('            SEL...', Array)
#3 /usr/share/ZendFramework-1.12.3/library/Zend/Db/Adapter/Abstract.php(737): Zend_Db_Adapter_Pdo_Abstract->query('            SEL...', Array)
#4 /var/www/html/kamimine/base/base/BaseModel.php(62): Zend_Db_Adapter_Abstract->fetchAll('            SEL...', Array)
#5 /var/www/html/kamimine/models/t_sbt_busstop.php(223): BaseModel->fetchAll('            SEL...', Array)
#6 [internal function]: t_sbt_busstop->getBusStopList('KMM', '001', '0')
#7 /var/www/html/kamimine/base/cllib/ModelManager.php(36): ReflectionMethod->invokeArgs(Object(t_sbt_busstop), Array)
#8 /var/www/html/kamimine/ajax/getBusStopList.php(14): ModelManager->invoke('t_sbt_busstop', 'getBusStopList', Array)
#9 /var/www/html/kamimine/base/base/BaseApi.php(72): getBusStopList->main()
#10 /var/www/html/kamimine/ajax/getBusStopList.php(31): BaseApi->run()
#11 {main}
2020-10-27T11:38:31+09:00 ERR (3): Exception end -----------------------------------------------------------------
2020-10-27T12:04:08+09:00 ERR (3): Exception start ---------------------------------------------------------------
2020-10-27T12:04:08+09:00 ERR (3): [U:,T:20201027120408-5f978e289a944]exception 'PDOException' with message 'SQLSTATE[42000]: Syntax error or access violation: 1064 You have an error in your SQL syntax; check the manual that corresponds to your MySQL server version for the right syntax to use near 'C.srvdate = CURDATE() ORDER BY VDIA.stop_seq' at line 19' in /usr/share/ZendFramework-1.12.3/library/Zend/Db/Statement/Pdo.php:228
Stack trace:
#0 /usr/share/ZendFramework-1.12.3/library/Zend/Db/Statement/Pdo.php(228): PDOStatement->execute(Array)
#1 /usr/share/ZendFramework-1.12.3/library/Zend/Db/Statement.php(303): Zend_Db_Statement_Pdo->_execute(Array)
#2 /usr/share/ZendFramework-1.12.3/library/Zend/Db/Adapter/Abstract.php(480): Zend_Db_Statement->execute(Array)
#3 /usr/share/ZendFramework-1.12.3/library/Zend/Db/Adapter/Pdo/Abstract.php(238): Zend_Db_Adapter_Abstract->query('            SEL...', Array)
#4 /usr/share/ZendFramework-1.12.3/library/Zend/Db/Adapter/Abstract.php(737): Zend_Db_Adapter_Pdo_Abstract->query('            SEL...', Array)
#5 /var/www/html/kamimine/base/base/BaseModel.php(62): Zend_Db_Adapter_Abstract->fetchAll('            SEL...', Array)
#6 /var/www/html/kamimine/models/t_sbt_busstop.php(262): BaseModel->fetchAll('            SEL...', Array)
#7 [internal function]: t_sbt_busstop->getBusStopList('KMM', '0', '0')
#8 /var/www/html/kamimine/base/cllib/ModelManager.php(36): ReflectionMethod->invokeArgs(Object(t_sbt_busstop), Array)
#9 /var/www/html/kamimine/ajax/getBusStopList.php(14): ModelManager->invoke('t_sbt_busstop', 'getBusStopList', Array)
#10 /var/www/html/kamimine/base/base/BaseApi.php(72): getBusStopList->main()
#11 /var/www/html/kamimine/ajax/getBusStopList.php(31): BaseApi->run()
#12 {main}

Next exception 'Zend_Db_Statement_Exception' with message 'SQLSTATE[42000]: Syntax error or access violation: 1064 You have an error in your SQL syntax; check the manual that corresponds to your MySQL server version for the right syntax to use near 'C.srvdate = CURDATE() ORDER BY VDIA.stop_seq' at line 19' in /usr/share/ZendFramework-1.12.3/library/Zend/Db/Statement/Pdo.php:234
Stack trace:
#0 /usr/share/ZendFramework-1.12.3/library/Zend/Db/Statement.php(303): Zend_Db_Statement_Pdo->_execute(Array)
#1 /usr/share/ZendFramework-1.12.3/library/Zend/Db/Adapter/Abstract.php(480): Zend_Db_Statement->execute(Array)
#2 /usr/share/ZendFramework-1.12.3/library/Zend/Db/Adapter/Pdo/Abstract.php(238): Zend_Db_Adapter_Abstract->query('            SEL...', Array)
#3 /usr/share/ZendFramework-1.12.3/library/Zend/Db/Adapter/Abstract.php(737): Zend_Db_Adapter_Pdo_Abstract->query('            SEL...', Array)
#4 /var/www/html/kamimine/base/base/BaseModel.php(62): Zend_Db_Adapter_Abstract->fetchAll('            SEL...', Array)
#5 /var/www/html/kamimine/models/t_sbt_busstop.php(262): BaseModel->fetchAll('            SEL...', Array)
#6 [internal function]: t_sbt_busstop->getBusStopList('KMM', '0', '0')
#7 /var/www/html/kamimine/base/cllib/ModelManager.php(36): ReflectionMethod->invokeArgs(Object(t_sbt_busstop), Array)
#8 /var/www/html/kamimine/ajax/getBusStopList.php(14): ModelManager->invoke('t_sbt_busstop', 'getBusStopList', Array)
#9 /var/www/html/kamimine/base/base/BaseApi.php(72): getBusStopList->main()
#10 /var/www/html/kamimine/ajax/getBusStopList.php(31): BaseApi->run()
#11 {main}
2020-10-27T12:04:08+09:00 ERR (3): Exception end -----------------------------------------------------------------
2020-10-27T12:04:11+09:00 ERR (3): Exception start ---------------------------------------------------------------
2020-10-27T12:04:11+09:00 ERR (3): [U:,T:20201027120411-5f978e2b0fc56]exception 'PDOException' with message 'SQLSTATE[HY093]: Invalid parameter number: number of bound variables does not match number of tokens' in /usr/share/ZendFramework-1.12.3/library/Zend/Db/Statement/Pdo.php:228
Stack trace:
#0 /usr/share/ZendFramework-1.12.3/library/Zend/Db/Statement/Pdo.php(228): PDOStatement->execute(Array)
#1 /usr/share/ZendFramework-1.12.3/library/Zend/Db/Statement.php(303): Zend_Db_Statement_Pdo->_execute(Array)
#2 /usr/share/ZendFramework-1.12.3/library/Zend/Db/Adapter/Abstract.php(480): Zend_Db_Statement->execute(Array)
#3 /usr/share/ZendFramework-1.12.3/library/Zend/Db/Adapter/Pdo/Abstract.php(238): Zend_Db_Adapter_Abstract->query('            SEL...', Array)
#4 /usr/share/ZendFramework-1.12.3/library/Zend/Db/Adapter/Abstract.php(737): Zend_Db_Adapter_Pdo_Abstract->query('            SEL...', Array)
#5 /var/www/html/kamimine/base/base/BaseModel.php(62): Zend_Db_Adapter_Abstract->fetchAll('            SEL...', Array)
#6 /var/www/html/kamimine/models/t_sbt_busstop.php(262): BaseModel->fetchAll('            SEL...', Array)
#7 [internal function]: t_sbt_busstop->getBusStopList('KMM', '001', '04')
#8 /var/www/html/kamimine/base/cllib/ModelManager.php(36): ReflectionMethod->invokeArgs(Object(t_sbt_busstop), Array)
#9 /var/www/html/kamimine/ajax/getBusStopList.php(14): ModelManager->invoke('t_sbt_busstop', 'getBusStopList', Array)
#10 /var/www/html/kamimine/base/base/BaseApi.php(72): getBusStopList->main()
#11 /var/www/html/kamimine/ajax/getBusStopList.php(31): BaseApi->run()
#12 {main}

Next exception 'Zend_Db_Statement_Exception' with message 'SQLSTATE[HY093]: Invalid parameter number: number of bound variables does not match number of tokens' in /usr/share/ZendFramework-1.12.3/library/Zend/Db/Statement/Pdo.php:234
Stack trace:
#0 /usr/share/ZendFramework-1.12.3/library/Zend/Db/Statement.php(303): Zend_Db_Statement_Pdo->_execute(Array)
#1 /usr/share/ZendFramework-1.12.3/library/Zend/Db/Adapter/Abstract.php(480): Zend_Db_Statement->execute(Array)
#2 /usr/share/ZendFramework-1.12.3/library/Zend/Db/Adapter/Pdo/Abstract.php(238): Zend_Db_Adapter_Abstract->query('            SEL...', Array)
#3 /usr/share/ZendFramework-1.12.3/library/Zend/Db/Adapter/Abstract.php(737): Zend_Db_Adapter_Pdo_Abstract->query('            SEL...', Array)
#4 /var/www/html/kamimine/base/base/BaseModel.php(62): Zend_Db_Adapter_Abstract->fetchAll('            SEL...', Array)
#5 /var/www/html/kamimine/models/t_sbt_busstop.php(262): BaseModel->fetchAll('            SEL...', Array)
#6 [internal function]: t_sbt_busstop->getBusStopList('KMM', '001', '04')
#7 /var/www/html/kamimine/base/cllib/ModelManager.php(36): ReflectionMethod->invokeArgs(Object(t_sbt_busstop), Array)
#8 /var/www/html/kamimine/ajax/getBusStopList.php(14): ModelManager->invoke('t_sbt_busstop', 'getBusStopList', Array)
#9 /var/www/html/kamimine/base/base/BaseApi.php(72): getBusStopList->main()
#10 /var/www/html/kamimine/ajax/getBusStopList.php(31): BaseApi->run()
#11 {main}
2020-10-27T12:04:11+09:00 ERR (3): Exception end -----------------------------------------------------------------
2020-10-27T12:05:07+09:00 ERR (3): Exception start ---------------------------------------------------------------
2020-10-27T12:05:07+09:00 ERR (3): [U:,T:20201027120506-5f978e62ce535]exception 'PDOException' with message 'SQLSTATE[42000]: Syntax error or access violation: 1064 You have an error in your SQL syntax; check the manual that corresponds to your MySQL server version for the right syntax to use near 'C.srvdate = CURDATE() ORDER BY VDIA.stop_seq' at line 19' in /usr/share/ZendFramework-1.12.3/library/Zend/Db/Statement/Pdo.php:228
Stack trace:
#0 /usr/share/ZendFramework-1.12.3/library/Zend/Db/Statement/Pdo.php(228): PDOStatement->execute(Array)
#1 /usr/share/ZendFramework-1.12.3/library/Zend/Db/Statement.php(303): Zend_Db_Statement_Pdo->_execute(Array)
#2 /usr/share/ZendFramework-1.12.3/library/Zend/Db/Adapter/Abstract.php(480): Zend_Db_Statement->execute(Array)
#3 /usr/share/ZendFramework-1.12.3/library/Zend/Db/Adapter/Pdo/Abstract.php(238): Zend_Db_Adapter_Abstract->query('            SEL...', Array)
#4 /usr/share/ZendFramework-1.12.3/library/Zend/Db/Adapter/Abstract.php(737): Zend_Db_Adapter_Pdo_Abstract->query('            SEL...', Array)
#5 /var/www/html/kamimine/base/base/BaseModel.php(62): Zend_Db_Adapter_Abstract->fetchAll('            SEL...', Array)
#6 /var/www/html/kamimine/models/t_sbt_busstop.php(262): BaseModel->fetchAll('            SEL...', Array)
#7 [internal function]: t_sbt_busstop->getBusStopList('KMM', '0', '0')
#8 /var/www/html/kamimine/base/cllib/ModelManager.php(36): ReflectionMethod->invokeArgs(Object(t_sbt_busstop), Array)
#9 /var/www/html/kamimine/ajax/getBusStopList.php(14): ModelManager->invoke('t_sbt_busstop', 'getBusStopList', Array)
#10 /var/www/html/kamimine/base/base/BaseApi.php(72): getBusStopList->main()
#11 /var/www/html/kamimine/ajax/getBusStopList.php(31): BaseApi->run()
#12 {main}

Next exception 'Zend_Db_Statement_Exception' with message 'SQLSTATE[42000]: Syntax error or access violation: 1064 You have an error in your SQL syntax; check the manual that corresponds to your MySQL server version for the right syntax to use near 'C.srvdate = CURDATE() ORDER BY VDIA.stop_seq' at line 19' in /usr/share/ZendFramework-1.12.3/library/Zend/Db/Statement/Pdo.php:234
Stack trace:
#0 /usr/share/ZendFramework-1.12.3/library/Zend/Db/Statement.php(303): Zend_Db_Statement_Pdo->_execute(Array)
#1 /usr/share/ZendFramework-1.12.3/library/Zend/Db/Adapter/Abstract.php(480): Zend_Db_Statement->execute(Array)
#2 /usr/share/ZendFramework-1.12.3/library/Zend/Db/Adapter/Pdo/Abstract.php(238): Zend_Db_Adapter_Abstract->query('            SEL...', Array)
#3 /usr/share/ZendFramework-1.12.3/library/Zend/Db/Adapter/Abstract.php(737): Zend_Db_Adapter_Pdo_Abstract->query('            SEL...', Array)
#4 /var/www/html/kamimine/base/base/BaseModel.php(62): Zend_Db_Adapter_Abstract->fetchAll('            SEL...', Array)
#5 /var/www/html/kamimine/models/t_sbt_busstop.php(262): BaseModel->fetchAll('            SEL...', Array)
#6 [internal function]: t_sbt_busstop->getBusStopList('KMM', '0', '0')
#7 /var/www/html/kamimine/base/cllib/ModelManager.php(36): ReflectionMethod->invokeArgs(Object(t_sbt_busstop), Array)
#8 /var/www/html/kamimine/ajax/getBusStopList.php(14): ModelManager->invoke('t_sbt_busstop', 'getBusStopList', Array)
#9 /var/www/html/kamimine/base/base/BaseApi.php(72): getBusStopList->main()
#10 /var/www/html/kamimine/ajax/getBusStopList.php(31): BaseApi->run()
#11 {main}
2020-10-27T12:05:07+09:00 ERR (3): Exception end -----------------------------------------------------------------
2020-10-27T12:05:09+09:00 ERR (3): Exception start ---------------------------------------------------------------
2020-10-27T12:05:09+09:00 ERR (3): [U:,T:20201027120509-5f978e6564cb4]exception 'PDOException' with message 'SQLSTATE[HY093]: Invalid parameter number: number of bound variables does not match number of tokens' in /usr/share/ZendFramework-1.12.3/library/Zend/Db/Statement/Pdo.php:228
Stack trace:
#0 /usr/share/ZendFramework-1.12.3/library/Zend/Db/Statement/Pdo.php(228): PDOStatement->execute(Array)
#1 /usr/share/ZendFramework-1.12.3/library/Zend/Db/Statement.php(303): Zend_Db_Statement_Pdo->_execute(Array)
#2 /usr/share/ZendFramework-1.12.3/library/Zend/Db/Adapter/Abstract.php(480): Zend_Db_Statement->execute(Array)
#3 /usr/share/ZendFramework-1.12.3/library/Zend/Db/Adapter/Pdo/Abstract.php(238): Zend_Db_Adapter_Abstract->query('            SEL...', Array)
#4 /usr/share/ZendFramework-1.12.3/library/Zend/Db/Adapter/Abstract.php(737): Zend_Db_Adapter_Pdo_Abstract->query('            SEL...', Array)
#5 /var/www/html/kamimine/base/base/BaseModel.php(62): Zend_Db_Adapter_Abstract->fetchAll('            SEL...', Array)
#6 /var/www/html/kamimine/models/t_sbt_busstop.php(262): BaseModel->fetchAll('            SEL...', Array)
#7 [internal function]: t_sbt_busstop->getBusStopList('KMM', '001', '04')
#8 /var/www/html/kamimine/base/cllib/ModelManager.php(36): ReflectionMethod->invokeArgs(Object(t_sbt_busstop), Array)
#9 /var/www/html/kamimine/ajax/getBusStopList.php(14): ModelManager->invoke('t_sbt_busstop', 'getBusStopList', Array)
#10 /var/www/html/kamimine/base/base/BaseApi.php(72): getBusStopList->main()
#11 /var/www/html/kamimine/ajax/getBusStopList.php(31): BaseApi->run()
#12 {main}

Next exception 'Zend_Db_Statement_Exception' with message 'SQLSTATE[HY093]: Invalid parameter number: number of bound variables does not match number of tokens' in /usr/share/ZendFramework-1.12.3/library/Zend/Db/Statement/Pdo.php:234
Stack trace:
#0 /usr/share/ZendFramework-1.12.3/library/Zend/Db/Statement.php(303): Zend_Db_Statement_Pdo->_execute(Array)
#1 /usr/share/ZendFramework-1.12.3/library/Zend/Db/Adapter/Abstract.php(480): Zend_Db_Statement->execute(Array)
#2 /usr/share/ZendFramework-1.12.3/library/Zend/Db/Adapter/Pdo/Abstract.php(238): Zend_Db_Adapter_Abstract->query('            SEL...', Array)
#3 /usr/share/ZendFramework-1.12.3/library/Zend/Db/Adapter/Abstract.php(737): Zend_Db_Adapter_Pdo_Abstract->query('            SEL...', Array)
#4 /var/www/html/kamimine/base/base/BaseModel.php(62): Zend_Db_Adapter_Abstract->fetchAll('            SEL...', Array)
#5 /var/www/html/kamimine/models/t_sbt_busstop.php(262): BaseModel->fetchAll('            SEL...', Array)
#6 [internal function]: t_sbt_busstop->getBusStopList('KMM', '001', '04')
#7 /var/www/html/kamimine/base/cllib/ModelManager.php(36): ReflectionMethod->invokeArgs(Object(t_sbt_busstop), Array)
#8 /var/www/html/kamimine/ajax/getBusStopList.php(14): ModelManager->invoke('t_sbt_busstop', 'getBusStopList', Array)
#9 /var/www/html/kamimine/base/base/BaseApi.php(72): getBusStopList->main()
#10 /var/www/html/kamimine/ajax/getBusStopList.php(31): BaseApi->run()
#11 {main}
2020-10-27T12:05:09+09:00 ERR (3): Exception end -----------------------------------------------------------------
2020-10-27T12:17:52+09:00 ERR (3): Exception start ---------------------------------------------------------------
2020-10-27T12:17:52+09:00 ERR (3): [U:,T:20201027121752-5f979160b1c2c]exception 'PDOException' with message 'SQLSTATE[42000]: Syntax error or access violation: 1064 You have an error in your SQL syntax; check the manual that corresponds to your MySQL server version for the right syntax to use near 'C.srvdate = CURDATE() ORDER BY VDIA.stop_seq' at line 19' in /usr/share/ZendFramework-1.12.3/library/Zend/Db/Statement/Pdo.php:228
Stack trace:
#0 /usr/share/ZendFramework-1.12.3/library/Zend/Db/Statement/Pdo.php(228): PDOStatement->execute(Array)
#1 /usr/share/ZendFramework-1.12.3/library/Zend/Db/Statement.php(303): Zend_Db_Statement_Pdo->_execute(Array)
#2 /usr/share/ZendFramework-1.12.3/library/Zend/Db/Adapter/Abstract.php(480): Zend_Db_Statement->execute(Array)
#3 /usr/share/ZendFramework-1.12.3/library/Zend/Db/Adapter/Pdo/Abstract.php(238): Zend_Db_Adapter_Abstract->query('            SEL...', Array)
#4 /usr/share/ZendFramework-1.12.3/library/Zend/Db/Adapter/Abstract.php(737): Zend_Db_Adapter_Pdo_Abstract->query('            SEL...', Array)
#5 /var/www/html/kamimine/base/base/BaseModel.php(62): Zend_Db_Adapter_Abstract->fetchAll('            SEL...', Array)
#6 /var/www/html/kamimine/models/t_sbt_busstop.php(270): BaseModel->fetchAll('            SEL...', Array)
#7 [internal function]: t_sbt_busstop->getBusStopList('KMM', '0', '0')
#8 /var/www/html/kamimine/base/cllib/ModelManager.php(36): ReflectionMethod->invokeArgs(Object(t_sbt_busstop), Array)
#9 /var/www/html/kamimine/ajax/getBusStopList.php(14): ModelManager->invoke('t_sbt_busstop', 'getBusStopList', Array)
#10 /var/www/html/kamimine/base/base/BaseApi.php(72): getBusStopList->main()
#11 /var/www/html/kamimine/ajax/getBusStopList.php(31): BaseApi->run()
#12 {main}

Next exception 'Zend_Db_Statement_Exception' with message 'SQLSTATE[42000]: Syntax error or access violation: 1064 You have an error in your SQL syntax; check the manual that corresponds to your MySQL server version for the right syntax to use near 'C.srvdate = CURDATE() ORDER BY VDIA.stop_seq' at line 19' in /usr/share/ZendFramework-1.12.3/library/Zend/Db/Statement/Pdo.php:234
Stack trace:
#0 /usr/share/ZendFramework-1.12.3/library/Zend/Db/Statement.php(303): Zend_Db_Statement_Pdo->_execute(Array)
#1 /usr/share/ZendFramework-1.12.3/library/Zend/Db/Adapter/Abstract.php(480): Zend_Db_Statement->execute(Array)
#2 /usr/share/ZendFramework-1.12.3/library/Zend/Db/Adapter/Pdo/Abstract.php(238): Zend_Db_Adapter_Abstract->query('            SEL...', Array)
#3 /usr/share/ZendFramework-1.12.3/library/Zend/Db/Adapter/Abstract.php(737): Zend_Db_Adapter_Pdo_Abstract->query('            SEL...', Array)
#4 /var/www/html/kamimine/base/base/BaseModel.php(62): Zend_Db_Adapter_Abstract->fetchAll('            SEL...', Array)
#5 /var/www/html/kamimine/models/t_sbt_busstop.php(270): BaseModel->fetchAll('            SEL...', Array)
#6 [internal function]: t_sbt_busstop->getBusStopList('KMM', '0', '0')
#7 /var/www/html/kamimine/base/cllib/ModelManager.php(36): ReflectionMethod->invokeArgs(Object(t_sbt_busstop), Array)
#8 /var/www/html/kamimine/ajax/getBusStopList.php(14): ModelManager->invoke('t_sbt_busstop', 'getBusStopList', Array)
#9 /var/www/html/kamimine/base/base/BaseApi.php(72): getBusStopList->main()
#10 /var/www/html/kamimine/ajax/getBusStopList.php(31): BaseApi->run()
#11 {main}
2020-10-27T12:17:52+09:00 ERR (3): Exception end -----------------------------------------------------------------
2020-10-27T12:17:55+09:00 ERR (3): Exception start ---------------------------------------------------------------
2020-10-27T12:17:55+09:00 ERR (3): [U:,T:20201027121755-5f979163361f9]exception 'PDOException' with message 'SQLSTATE[HY093]: Invalid parameter number: number of bound variables does not match number of tokens' in /usr/share/ZendFramework-1.12.3/library/Zend/Db/Statement/Pdo.php:228
Stack trace:
#0 /usr/share/ZendFramework-1.12.3/library/Zend/Db/Statement/Pdo.php(228): PDOStatement->execute(Array)
#1 /usr/share/ZendFramework-1.12.3/library/Zend/Db/Statement.php(303): Zend_Db_Statement_Pdo->_execute(Array)
#2 /usr/share/ZendFramework-1.12.3/library/Zend/Db/Adapter/Abstract.php(480): Zend_Db_Statement->execute(Array)
#3 /usr/share/ZendFramework-1.12.3/library/Zend/Db/Adapter/Pdo/Abstract.php(238): Zend_Db_Adapter_Abstract->query('            SEL...', Array)
#4 /usr/share/ZendFramework-1.12.3/library/Zend/Db/Adapter/Abstract.php(737): Zend_Db_Adapter_Pdo_Abstract->query('            SEL...', Array)
#5 /var/www/html/kamimine/base/base/BaseModel.php(62): Zend_Db_Adapter_Abstract->fetchAll('            SEL...', Array)
#6 /var/www/html/kamimine/models/t_sbt_busstop.php(270): BaseModel->fetchAll('            SEL...', Array)
#7 [internal function]: t_sbt_busstop->getBusStopList('KMM', '001', '03')
#8 /var/www/html/kamimine/base/cllib/ModelManager.php(36): ReflectionMethod->invokeArgs(Object(t_sbt_busstop), Array)
#9 /var/www/html/kamimine/ajax/getBusStopList.php(14): ModelManager->invoke('t_sbt_busstop', 'getBusStopList', Array)
#10 /var/www/html/kamimine/base/base/BaseApi.php(72): getBusStopList->main()
#11 /var/www/html/kamimine/ajax/getBusStopList.php(31): BaseApi->run()
#12 {main}

Next exception 'Zend_Db_Statement_Exception' with message 'SQLSTATE[HY093]: Invalid parameter number: number of bound variables does not match number of tokens' in /usr/share/ZendFramework-1.12.3/library/Zend/Db/Statement/Pdo.php:234
Stack trace:
#0 /usr/share/ZendFramework-1.12.3/library/Zend/Db/Statement.php(303): Zend_Db_Statement_Pdo->_execute(Array)
#1 /usr/share/ZendFramework-1.12.3/library/Zend/Db/Adapter/Abstract.php(480): Zend_Db_Statement->execute(Array)
#2 /usr/share/ZendFramework-1.12.3/library/Zend/Db/Adapter/Pdo/Abstract.php(238): Zend_Db_Adapter_Abstract->query('            SEL...', Array)
#3 /usr/share/ZendFramework-1.12.3/library/Zend/Db/Adapter/Abstract.php(737): Zend_Db_Adapter_Pdo_Abstract->query('            SEL...', Array)
#4 /var/www/html/kamimine/base/base/BaseModel.php(62): Zend_Db_Adapter_Abstract->fetchAll('            SEL...', Array)
#5 /var/www/html/kamimine/models/t_sbt_busstop.php(270): BaseModel->fetchAll('            SEL...', Array)
#6 [internal function]: t_sbt_busstop->getBusStopList('KMM', '001', '03')
#7 /var/www/html/kamimine/base/cllib/ModelManager.php(36): ReflectionMethod->invokeArgs(Object(t_sbt_busstop), Array)
#8 /var/www/html/kamimine/ajax/getBusStopList.php(14): ModelManager->invoke('t_sbt_busstop', 'getBusStopList', Array)
#9 /var/www/html/kamimine/base/base/BaseApi.php(72): getBusStopList->main()
#10 /var/www/html/kamimine/ajax/getBusStopList.php(31): BaseApi->run()
#11 {main}
2020-10-27T12:17:55+09:00 ERR (3): Exception end -----------------------------------------------------------------
2020-10-27T12:18:12+09:00 ERR (3): Exception start ---------------------------------------------------------------
2020-10-27T12:18:12+09:00 ERR (3): [U:,T:20201027121812-5f979174ad8d5]exception 'PDOException' with message 'SQLSTATE[HY093]: Invalid parameter number: number of bound variables does not match number of tokens' in /usr/share/ZendFramework-1.12.3/library/Zend/Db/Statement/Pdo.php:228
Stack trace:
#0 /usr/share/ZendFramework-1.12.3/library/Zend/Db/Statement/Pdo.php(228): PDOStatement->execute(Array)
#1 /usr/share/ZendFramework-1.12.3/library/Zend/Db/Statement.php(303): Zend_Db_Statement_Pdo->_execute(Array)
#2 /usr/share/ZendFramework-1.12.3/library/Zend/Db/Adapter/Abstract.php(480): Zend_Db_Statement->execute(Array)
#3 /usr/share/ZendFramework-1.12.3/library/Zend/Db/Adapter/Pdo/Abstract.php(238): Zend_Db_Adapter_Abstract->query('            SEL...', Array)
#4 /usr/share/ZendFramework-1.12.3/library/Zend/Db/Adapter/Abstract.php(737): Zend_Db_Adapter_Pdo_Abstract->query('            SEL...', Array)
#5 /var/www/html/kamimine/base/base/BaseModel.php(62): Zend_Db_Adapter_Abstract->fetchAll('            SEL...', Array)
#6 /var/www/html/kamimine/models/t_sbt_busstop.php(270): BaseModel->fetchAll('            SEL...', Array)
#7 [internal function]: t_sbt_busstop->getBusStopList('KMM', '001', '04')
#8 /var/www/html/kamimine/base/cllib/ModelManager.php(36): ReflectionMethod->invokeArgs(Object(t_sbt_busstop), Array)
#9 /var/www/html/kamimine/ajax/getBusStopList.php(14): ModelManager->invoke('t_sbt_busstop', 'getBusStopList', Array)
#10 /var/www/html/kamimine/base/base/BaseApi.php(72): getBusStopList->main()
#11 /var/www/html/kamimine/ajax/getBusStopList.php(31): BaseApi->run()
#12 {main}

Next exception 'Zend_Db_Statement_Exception' with message 'SQLSTATE[HY093]: Invalid parameter number: number of bound variables does not match number of tokens' in /usr/share/ZendFramework-1.12.3/library/Zend/Db/Statement/Pdo.php:234
Stack trace:
#0 /usr/share/ZendFramework-1.12.3/library/Zend/Db/Statement.php(303): Zend_Db_Statement_Pdo->_execute(Array)
#1 /usr/share/ZendFramework-1.12.3/library/Zend/Db/Adapter/Abstract.php(480): Zend_Db_Statement->execute(Array)
#2 /usr/share/ZendFramework-1.12.3/library/Zend/Db/Adapter/Pdo/Abstract.php(238): Zend_Db_Adapter_Abstract->query('            SEL...', Array)
#3 /usr/share/ZendFramework-1.12.3/library/Zend/Db/Adapter/Abstract.php(737): Zend_Db_Adapter_Pdo_Abstract->query('            SEL...', Array)
#4 /var/www/html/kamimine/base/base/BaseModel.php(62): Zend_Db_Adapter_Abstract->fetchAll('            SEL...', Array)
#5 /var/www/html/kamimine/models/t_sbt_busstop.php(270): BaseModel->fetchAll('            SEL...', Array)
#6 [internal function]: t_sbt_busstop->getBusStopList('KMM', '001', '04')
#7 /var/www/html/kamimine/base/cllib/ModelManager.php(36): ReflectionMethod->invokeArgs(Object(t_sbt_busstop), Array)
#8 /var/www/html/kamimine/ajax/getBusStopList.php(14): ModelManager->invoke('t_sbt_busstop', 'getBusStopList', Array)
#9 /var/www/html/kamimine/base/base/BaseApi.php(72): getBusStopList->main()
#10 /var/www/html/kamimine/ajax/getBusStopList.php(31): BaseApi->run()
#11 {main}
2020-10-27T12:18:12+09:00 ERR (3): Exception end -----------------------------------------------------------------
2020-10-27T12:20:01+09:00 ERR (3): Exception start ---------------------------------------------------------------
2020-10-27T12:20:01+09:00 ERR (3): [U:,T:20201027122001-5f9791e16360f]exception 'PDOException' with message 'SQLSTATE[42000]: Syntax error or access violation: 1064 You have an error in your SQL syntax; check the manual that corresponds to your MySQL server version for the right syntax to use near 'C.srvdate = CURDATE() ORDER BY VDIA.stop_seq' at line 19' in /usr/share/ZendFramework-1.12.3/library/Zend/Db/Statement/Pdo.php:228
Stack trace:
#0 /usr/share/ZendFramework-1.12.3/library/Zend/Db/Statement/Pdo.php(228): PDOStatement->execute(Array)
#1 /usr/share/ZendFramework-1.12.3/library/Zend/Db/Statement.php(303): Zend_Db_Statement_Pdo->_execute(Array)
#2 /usr/share/ZendFramework-1.12.3/library/Zend/Db/Adapter/Abstract.php(480): Zend_Db_Statement->execute(Array)
#3 /usr/share/ZendFramework-1.12.3/library/Zend/Db/Adapter/Pdo/Abstract.php(238): Zend_Db_Adapter_Abstract->query('            SEL...', Array)
#4 /usr/share/ZendFramework-1.12.3/library/Zend/Db/Adapter/Abstract.php(737): Zend_Db_Adapter_Pdo_Abstract->query('            SEL...', Array)
#5 /var/www/html/kamimine/base/base/BaseModel.php(62): Zend_Db_Adapter_Abstract->fetchAll('            SEL...', Array)
#6 /var/www/html/kamimine/models/t_sbt_busstop.php(270): BaseModel->fetchAll('            SEL...', Array)
#7 [internal function]: t_sbt_busstop->getBusStopList('KMM', '0', '0')
#8 /var/www/html/kamimine/base/cllib/ModelManager.php(36): ReflectionMethod->invokeArgs(Object(t_sbt_busstop), Array)
#9 /var/www/html/kamimine/ajax/getBusStopList.php(14): ModelManager->invoke('t_sbt_busstop', 'getBusStopList', Array)
#10 /var/www/html/kamimine/base/base/BaseApi.php(72): getBusStopList->main()
#11 /var/www/html/kamimine/ajax/getBusStopList.php(31): BaseApi->run()
#12 {main}

Next exception 'Zend_Db_Statement_Exception' with message 'SQLSTATE[42000]: Syntax error or access violation: 1064 You have an error in your SQL syntax; check the manual that corresponds to your MySQL server version for the right syntax to use near 'C.srvdate = CURDATE() ORDER BY VDIA.stop_seq' at line 19' in /usr/share/ZendFramework-1.12.3/library/Zend/Db/Statement/Pdo.php:234
Stack trace:
#0 /usr/share/ZendFramework-1.12.3/library/Zend/Db/Statement.php(303): Zend_Db_Statement_Pdo->_execute(Array)
#1 /usr/share/ZendFramework-1.12.3/library/Zend/Db/Adapter/Abstract.php(480): Zend_Db_Statement->execute(Array)
#2 /usr/share/ZendFramework-1.12.3/library/Zend/Db/Adapter/Pdo/Abstract.php(238): Zend_Db_Adapter_Abstract->query('            SEL...', Array)
#3 /usr/share/ZendFramework-1.12.3/library/Zend/Db/Adapter/Abstract.php(737): Zend_Db_Adapter_Pdo_Abstract->query('            SEL...', Array)
#4 /var/www/html/kamimine/base/base/BaseModel.php(62): Zend_Db_Adapter_Abstract->fetchAll('            SEL...', Array)
#5 /var/www/html/kamimine/models/t_sbt_busstop.php(270): BaseModel->fetchAll('            SEL...', Array)
#6 [internal function]: t_sbt_busstop->getBusStopList('KMM', '0', '0')
#7 /var/www/html/kamimine/base/cllib/ModelManager.php(36): ReflectionMethod->invokeArgs(Object(t_sbt_busstop), Array)
#8 /var/www/html/kamimine/ajax/getBusStopList.php(14): ModelManager->invoke('t_sbt_busstop', 'getBusStopList', Array)
#9 /var/www/html/kamimine/base/base/BaseApi.php(72): getBusStopList->main()
#10 /var/www/html/kamimine/ajax/getBusStopList.php(31): BaseApi->run()
#11 {main}
2020-10-27T12:20:01+09:00 ERR (3): Exception end -----------------------------------------------------------------
2020-10-27T12:20:04+09:00 ERR (3): Exception start ---------------------------------------------------------------
2020-10-27T12:20:04+09:00 ERR (3): [U:,T:20201027122004-5f9791e48d365]exception 'PDOException' with message 'SQLSTATE[HY093]: Invalid parameter number: number of bound variables does not match number of tokens' in /usr/share/ZendFramework-1.12.3/library/Zend/Db/Statement/Pdo.php:228
Stack trace:
#0 /usr/share/ZendFramework-1.12.3/library/Zend/Db/Statement/Pdo.php(228): PDOStatement->execute(Array)
#1 /usr/share/ZendFramework-1.12.3/library/Zend/Db/Statement.php(303): Zend_Db_Statement_Pdo->_execute(Array)
#2 /usr/share/ZendFramework-1.12.3/library/Zend/Db/Adapter/Abstract.php(480): Zend_Db_Statement->execute(Array)
#3 /usr/share/ZendFramework-1.12.3/library/Zend/Db/Adapter/Pdo/Abstract.php(238): Zend_Db_Adapter_Abstract->query('            SEL...', Array)
#4 /usr/share/ZendFramework-1.12.3/library/Zend/Db/Adapter/Abstract.php(737): Zend_Db_Adapter_Pdo_Abstract->query('            SEL...', Array)
#5 /var/www/html/kamimine/base/base/BaseModel.php(62): Zend_Db_Adapter_Abstract->fetchAll('            SEL...', Array)
#6 /var/www/html/kamimine/models/t_sbt_busstop.php(270): BaseModel->fetchAll('            SEL...', Array)
#7 [internal function]: t_sbt_busstop->getBusStopList('KMM', '001', '04')
#8 /var/www/html/kamimine/base/cllib/ModelManager.php(36): ReflectionMethod->invokeArgs(Object(t_sbt_busstop), Array)
#9 /var/www/html/kamimine/ajax/getBusStopList.php(14): ModelManager->invoke('t_sbt_busstop', 'getBusStopList', Array)
#10 /var/www/html/kamimine/base/base/BaseApi.php(72): getBusStopList->main()
#11 /var/www/html/kamimine/ajax/getBusStopList.php(31): BaseApi->run()
#12 {main}

Next exception 'Zend_Db_Statement_Exception' with message 'SQLSTATE[HY093]: Invalid parameter number: number of bound variables does not match number of tokens' in /usr/share/ZendFramework-1.12.3/library/Zend/Db/Statement/Pdo.php:234
Stack trace:
#0 /usr/share/ZendFramework-1.12.3/library/Zend/Db/Statement.php(303): Zend_Db_Statement_Pdo->_execute(Array)
#1 /usr/share/ZendFramework-1.12.3/library/Zend/Db/Adapter/Abstract.php(480): Zend_Db_Statement->execute(Array)
#2 /usr/share/ZendFramework-1.12.3/library/Zend/Db/Adapter/Pdo/Abstract.php(238): Zend_Db_Adapter_Abstract->query('            SEL...', Array)
#3 /usr/share/ZendFramework-1.12.3/library/Zend/Db/Adapter/Abstract.php(737): Zend_Db_Adapter_Pdo_Abstract->query('            SEL...', Array)
#4 /var/www/html/kamimine/base/base/BaseModel.php(62): Zend_Db_Adapter_Abstract->fetchAll('            SEL...', Array)
#5 /var/www/html/kamimine/models/t_sbt_busstop.php(270): BaseModel->fetchAll('            SEL...', Array)
#6 [internal function]: t_sbt_busstop->getBusStopList('KMM', '001', '04')
#7 /var/www/html/kamimine/base/cllib/ModelManager.php(36): ReflectionMethod->invokeArgs(Object(t_sbt_busstop), Array)
#8 /var/www/html/kamimine/ajax/getBusStopList.php(14): ModelManager->invoke('t_sbt_busstop', 'getBusStopList', Array)
#9 /var/www/html/kamimine/base/base/BaseApi.php(72): getBusStopList->main()
#10 /var/www/html/kamimine/ajax/getBusStopList.php(31): BaseApi->run()
#11 {main}
2020-10-27T12:20:04+09:00 ERR (3): Exception end -----------------------------------------------------------------
