2020-10-15T18:24:16+09:00 INFO (6): [localhost,Mac,Chrome,POST,/kamimine/ajax/getBusStopId8DigitList.php,20201015182416-5f88154025bbb] STATUS: 0 API
2020-10-15T18:24:16+09:00 INFO (6): [localhost,Mac,Chrome,POST,/kamimine/ajax/getBusStopList.php,20201015182416-5f88154029b35] STATUS: -1 Exception
2020-10-15T18:24:16+09:00 INFO (6): [localhost,Mac,Chrome,POST,/kamimine/ajax/getCoursePointList.php,20201015182416-5f881540280d5] STATUS: 0 API
2020-10-15T18:24:19+09:00 INFO (6): [localhost,Mac,Chrome,POST,/kamimine/ajax/getVariables.php,20201015182419-5f88154307145] STATUS: 0 API
2020-10-15T18:24:19+09:00 INFO (6): [localhost,Mac,Chrome,POST,/kamimine/ajax/getCourseList.php,20201015182419-5f8815433cf56] STATUS: 0 API
2020-10-15T18:24:19+09:00 INFO (6): [localhost,Mac,Chrome,POST,/kamimine/ajax/checkServiceTime.php,20201015182419-5f8815434509f] STATUS: 1 API
2020-10-15T18:24:19+09:00 INFO (6): [localhost,Mac,Chrome,POST,/kamimine/ajax/getNewsTelop.php,20201015182419-5f88154343842] STATUS: 0 API
2020-10-15T18:24:19+09:00 INFO (6): [localhost,Mac,Chrome,POST,/kamimine/ajax/getBusStopId8DigitList.php,20201015182419-5f8815433cbeb] STATUS: -1 Exception
2020-10-15T18:24:19+09:00 INFO (6): [localhost,Mac,Chrome,POST,/kamimine/ajax/getCoursePointList.php,20201015182419-5f88154344093] STATUS: 0 API
2020-10-15T18:24:39+09:00 INFO (6): [localhost,Mac,Chrome,POST,/kamimine/ajax/getBusStopId8DigitList.php,20201015182439-5f881557d7782] STATUS: 0 API
2020-10-15T18:24:39+09:00 INFO (6): [localhost,Mac,Chrome,POST,/kamimine/ajax/getBusStopList.php,20201015182439-5f881557d351e] STATUS: -1 Exception
2020-10-15T18:24:40+09:00 INFO (6): [localhost,Mac,Chrome,POST,/kamimine/ajax/getCoursePointList.php,20201015182439-5f881557d615a] STATUS: 0 API
2020-10-15T18:24:44+09:00 INFO (6): [localhost,Mac,Chrome,POST,/kamimine/ajax/getBusStopId8DigitList.php,20201015182443-5f88155be6a96] STATUS: 0 API
2020-10-15T18:24:44+09:00 INFO (6): [localhost,Mac,Chrome,POST,/kamimine/ajax/getBusStopList.php,20201015182443-5f88155be3da7] STATUS: -1 Exception
2020-10-15T18:24:44+09:00 INFO (6): [localhost,Mac,Chrome,POST,/kamimine/ajax/getCoursePointList.php,20201015182443-5f88155be6e76] STATUS: 0 API
2020-10-15T18:25:22+09:00 INFO (6): [localhost,Mac,Chrome,POST,/kamimine/ajax/getBusStopId8DigitList.php,20201015182522-5f881582094b7] STATUS: 0 API
2020-10-15T18:25:22+09:00 INFO (6): [localhost,Mac,Chrome,POST,/kamimine/ajax/getBusStopList.php,20201015182522-5f881582091f5] STATUS: -1 Exception
2020-10-15T18:25:22+09:00 INFO (6): [localhost,Mac,Chrome,POST,/kamimine/ajax/getCoursePointList.php,20201015182522-5f8815820962b] STATUS: 0 API
2020-10-15T18:25:24+09:00 INFO (6): [localhost,Mac,Chrome,POST,/kamimine/ajax/getBusStopId8DigitList.php,20201015182524-5f881584568c9] STATUS: 0 API
2020-10-15T18:25:24+09:00 INFO (6): [localhost,Mac,Chrome,POST,/kamimine/ajax/getBusStopList.php,20201015182524-5f881584535a4] STATUS: -1 Exception
2020-10-15T18:25:24+09:00 INFO (6): [localhost,Mac,Chrome,POST,/kamimine/ajax/getCoursePointList.php,20201015182524-5f88158453122] STATUS: 0 API
2020-10-15T18:29:55+09:00 INFO (6): [localhost,Mac,Chrome,POST,/kamimine/ajax/getBusStopId8DigitList.php,20201015182955-5f881693a000c] STATUS: 0 API
2020-10-15T18:29:55+09:00 INFO (6): [localhost,Mac,Chrome,POST,/kamimine/ajax/getBusStopList.php,20201015182955-5f881693a5cfc] STATUS: -1 Exception
2020-10-15T18:29:55+09:00 INFO (6): [localhost,Mac,Chrome,POST,/kamimine/ajax/getCoursePointList.php,20201015182955-5f881693a58ba] STATUS: 0 API
2020-10-15T18:30:04+09:00 INFO (6): [localhost,Mac,Chrome,POST,/kamimine/ajax/getBusStopList.php,20201015183004-5f88169c5ca1a] STATUS: -1 Exception
2020-10-15T18:30:04+09:00 INFO (6): [localhost,Mac,Chrome,POST,/kamimine/ajax/getBusStopId8DigitList.php,20201015183004-5f88169c65a3d] STATUS: 0 API
2020-10-15T18:30:04+09:00 INFO (6): [localhost,Mac,Chrome,POST,/kamimine/ajax/getCoursePointList.php,20201015183004-5f88169c5cc30] STATUS: 0 API
