2020-10-27T11:00:41+09:00 INFO (6): [U:,T:20201027110041-5f977f495ff7b]query:             INSERT INTO t_sbt_search_history VALUES(
                        :search_datetime,
                        :access_point,
                        :device,
                        :browser,
                        :class,
                        :buscompany_id,
                        :course_id,
                        :origin_busstop_id,
                        :destination_busstop_id,
                        :result_count
            );
2020-10-27T11:00:41+09:00 INFO (6): [U:,T:20201027110041-5f977f495ff7b]Array
(
    [:search_datetime] => 2020-10-27 11:00:41
    [:access_point] => 172.18.0.1
    [:device] => Mac
    [:browser] => Chrome
    [:class] => searchBus
    [:buscompany_id] => KMM
    [:course_id] => 04
    [:origin_busstop_id] => 00000118
    [:destination_busstop_id] => 
    [:result_count] => 0
)

2020-10-27T11:00:41+09:00 INFO (6): [U:,T:20201027110041-5f977f495ff7b]commit
2020-10-27T11:00:41+09:00 INFO (6): [U:,T:20201027110041-5f977f495ff7b]
2020-10-27T11:38:17+09:00 INFO (6): [U:,T:20201027113817-5f9788198d08d]rollBack
2020-10-27T11:38:17+09:00 INFO (6): [U:,T:20201027113817-5f9788198d08d]
2020-10-27T11:38:17+09:00 INFO (6): [U:,T:20201027113817-5f9788198d08d]rollBack
2020-10-27T11:38:17+09:00 INFO (6): [U:,T:20201027113817-5f9788198d08d]
2020-10-27T11:38:31+09:00 INFO (6): [U:,T:20201027113831-5f9788273572c]rollBack
2020-10-27T11:38:31+09:00 INFO (6): [U:,T:20201027113831-5f9788273572c]
2020-10-27T11:38:31+09:00 INFO (6): [U:,T:20201027113831-5f9788273572c]rollBack
2020-10-27T11:38:31+09:00 INFO (6): [U:,T:20201027113831-5f9788273572c]
2020-10-27T12:04:08+09:00 INFO (6): [U:,T:20201027120408-5f978e289a944]rollBack
2020-10-27T12:04:08+09:00 INFO (6): [U:,T:20201027120408-5f978e289a944]
2020-10-27T12:04:08+09:00 INFO (6): [U:,T:20201027120408-5f978e289a944]rollBack
2020-10-27T12:04:08+09:00 INFO (6): [U:,T:20201027120408-5f978e289a944]
2020-10-27T12:04:11+09:00 INFO (6): [U:,T:20201027120411-5f978e2b0fc56]rollBack
2020-10-27T12:04:11+09:00 INFO (6): [U:,T:20201027120411-5f978e2b0fc56]
2020-10-27T12:04:11+09:00 INFO (6): [U:,T:20201027120411-5f978e2b0fc56]rollBack
2020-10-27T12:04:11+09:00 INFO (6): [U:,T:20201027120411-5f978e2b0fc56]
2020-10-27T12:05:07+09:00 INFO (6): [U:,T:20201027120506-5f978e62ce535]rollBack
2020-10-27T12:05:07+09:00 INFO (6): [U:,T:20201027120506-5f978e62ce535]
2020-10-27T12:05:07+09:00 INFO (6): [U:,T:20201027120506-5f978e62ce535]rollBack
2020-10-27T12:05:07+09:00 INFO (6): [U:,T:20201027120506-5f978e62ce535]
2020-10-27T12:05:09+09:00 INFO (6): [U:,T:20201027120509-5f978e6564cb4]rollBack
2020-10-27T12:05:09+09:00 INFO (6): [U:,T:20201027120509-5f978e6564cb4]
2020-10-27T12:05:09+09:00 INFO (6): [U:,T:20201027120509-5f978e6564cb4]rollBack
2020-10-27T12:05:09+09:00 INFO (6): [U:,T:20201027120509-5f978e6564cb4]
2020-10-27T12:17:52+09:00 INFO (6): [U:,T:20201027121752-5f979160b1c2c]rollBack
2020-10-27T12:17:52+09:00 INFO (6): [U:,T:20201027121752-5f979160b1c2c]
2020-10-27T12:17:52+09:00 INFO (6): [U:,T:20201027121752-5f979160b1c2c]rollBack
2020-10-27T12:17:52+09:00 INFO (6): [U:,T:20201027121752-5f979160b1c2c]
2020-10-27T12:17:55+09:00 INFO (6): [U:,T:20201027121755-5f979163361f9]rollBack
2020-10-27T12:17:55+09:00 INFO (6): [U:,T:20201027121755-5f979163361f9]
2020-10-27T12:17:55+09:00 INFO (6): [U:,T:20201027121755-5f979163361f9]rollBack
2020-10-27T12:17:55+09:00 INFO (6): [U:,T:20201027121755-5f979163361f9]
2020-10-27T12:18:12+09:00 INFO (6): [U:,T:20201027121812-5f979174ad8d5]rollBack
2020-10-27T12:18:12+09:00 INFO (6): [U:,T:20201027121812-5f979174ad8d5]
2020-10-27T12:18:12+09:00 INFO (6): [U:,T:20201027121812-5f979174ad8d5]rollBack
2020-10-27T12:18:12+09:00 INFO (6): [U:,T:20201027121812-5f979174ad8d5]
2020-10-27T12:18:18+09:00 INFO (6): [U:,T:20201027121818-5f97917a95f7e]query:             INSERT INTO t_sbt_search_history VALUES(
                        :search_datetime,
                        :access_point,
                        :device,
                        :browser,
                        :class,
                        :buscompany_id,
                        :course_id,
                        :origin_busstop_id,
                        :destination_busstop_id,
                        :result_count
            );
2020-10-27T12:18:18+09:00 INFO (6): [U:,T:20201027121818-5f97917a95f7e]Array
(
    [:search_datetime] => 2020-10-27 12:18:18
    [:access_point] => 172.18.0.1
    [:device] => Mac
    [:browser] => Chrome
    [:class] => searchBus
    [:buscompany_id] => KMM
    [:course_id] => 04
    [:origin_busstop_id] => 00000115
    [:destination_busstop_id] => 
    [:result_count] => 0
)

2020-10-27T12:18:18+09:00 INFO (6): [U:,T:20201027121818-5f97917a95f7e]commit
2020-10-27T12:18:18+09:00 INFO (6): [U:,T:20201027121818-5f97917a95f7e]
2020-10-27T12:20:01+09:00 INFO (6): [U:,T:20201027122001-5f9791e16360f]rollBack
2020-10-27T12:20:01+09:00 INFO (6): [U:,T:20201027122001-5f9791e16360f]
2020-10-27T12:20:01+09:00 INFO (6): [U:,T:20201027122001-5f9791e16360f]rollBack
2020-10-27T12:20:01+09:00 INFO (6): [U:,T:20201027122001-5f9791e16360f]
2020-10-27T12:20:04+09:00 INFO (6): [U:,T:20201027122004-5f9791e48d365]rollBack
2020-10-27T12:20:04+09:00 INFO (6): [U:,T:20201027122004-5f9791e48d365]
2020-10-27T12:20:04+09:00 INFO (6): [U:,T:20201027122004-5f9791e48d365]rollBack
2020-10-27T12:20:04+09:00 INFO (6): [U:,T:20201027122004-5f9791e48d365]
