2020-10-22T09:34:55+09:00 INFO (6): [localhost,Mac,Chrome,POST,/kamimine/ajax/getVariables.php,20201022093455-5f90d3afd0162] STATUS: 0 API
2020-10-22T09:34:56+09:00 INFO (6): [localhost,Mac,Chrome,POST,/kamimine/ajax/getCourseList.php,20201022093456-5f90d3b029235] STATUS: 0 API
2020-10-22T09:34:56+09:00 INFO (6): [localhost,Mac,Chrome,POST,/kamimine/ajax/getBusStopId8DigitList.php,20201022093456-5f90d3b029b67] STATUS: 0 API
2020-10-22T09:34:56+09:00 INFO (6): [localhost,Mac,Chrome,POST,/kamimine/ajax/checkServiceTime.php,20201022093456-5f90d3b02bec6] STATUS: 0 API
2020-10-22T09:34:56+09:00 INFO (6): [localhost,Mac,Chrome,POST,/kamimine/ajax/getNewsTelop.php,20201022093456-5f90d3b02cc2d] STATUS: 0 API
2020-10-22T09:34:56+09:00 INFO (6): [localhost,Mac,Chrome,POST,/kamimine/ajax/getBusStopList.php,20201022093456-5f90d3b02b5d8] STATUS: 0 API
2020-10-22T09:34:56+09:00 INFO (6): [localhost,Mac,Chrome,POST,/kamimine/ajax/getCoursePointList.php,20201022093456-5f90d3b02cb8f] STATUS: 0 API
2020-10-22T09:39:47+09:00 INFO (6): [localhost,Mac,Chrome,POST,/kamimine/ajax/getBusStopList.php,20201022093947-5f90d4d354553] STATUS: 0 API
2020-10-22T09:39:47+09:00 INFO (6): [localhost,Mac,Chrome,POST,/kamimine/ajax/getBusStopId8DigitList.php,20201022093947-5f90d4d3544d4] STATUS: 0 API
2020-10-22T09:39:47+09:00 INFO (6): [localhost,Mac,Chrome,POST,/kamimine/ajax/getCoursePointList.php,20201022093947-5f90d4d352e40] STATUS: 0 API
2020-10-22T09:39:55+09:00 INFO (6): [localhost,Mac,Chrome,POST,/kamimine/ajax/searchBus.php,20201022093955-5f90d4db23f30] STATUS: 1 API
2020-10-22T09:40:06+09:00 INFO (6): [localhost,Mac,Chrome,POST,/kamimine/ajax/searchBus.php,20201022094006-5f90d4e67b3d4] STATUS: 1 API
2020-10-22T09:40:10+09:00 INFO (6): [localhost,Mac,Chrome,POST,/kamimine/ajax/searchBus.php,20201022094010-5f90d4ea3a2cb] STATUS: 1 API
2020-10-22T09:40:13+09:00 INFO (6): [localhost,Mac,Chrome,POST,/kamimine/ajax/searchBus.php,20201022094013-5f90d4edde490] STATUS: 1 API
2020-10-22T09:40:17+09:00 INFO (6): [localhost,Mac,Chrome,POST,/kamimine/ajax/searchBus.php,20201022094017-5f90d4f1dd303] STATUS: 1 API
2020-10-22T09:41:02+09:00 INFO (6): [localhost,Mac,Chrome,POST,/kamimine/ajax/getBusStopList.php,20201022094101-5f90d51de7e16] STATUS: 0 API
2020-10-22T09:41:02+09:00 INFO (6): [localhost,Mac,Chrome,POST,/kamimine/ajax/getBusStopId8DigitList.php,20201022094101-5f90d51dec016] STATUS: 0 API
2020-10-22T09:41:02+09:00 INFO (6): [localhost,Mac,Chrome,POST,/kamimine/ajax/getCoursePointList.php,20201022094101-5f90d51deaff9] STATUS: 0 API
2020-10-22T09:41:15+09:00 INFO (6): [localhost,Mac,Chrome,POST,/kamimine/ajax/searchBus.php,20201022094115-5f90d52b2e0f4] STATUS: 1 API
2020-10-22T10:33:13+09:00 INFO (6): [localhost,Mac,Chrome,POST,/kamimine/ajax/getVariables.php,20201022103313-5f90e1592c4f7] STATUS: 0 API
2020-10-22T10:33:13+09:00 INFO (6): [localhost,Mac,Chrome,POST,/kamimine/ajax/getCourseList.php,20201022103313-5f90e159633de] STATUS: 0 API
2020-10-22T10:33:13+09:00 INFO (6): [localhost,Mac,Chrome,POST,/kamimine/ajax/checkServiceTime.php,20201022103313-5f90e15969aa2] STATUS: 0 API
2020-10-22T10:33:13+09:00 INFO (6): [localhost,Mac,Chrome,POST,/kamimine/ajax/getBusStopId8DigitList.php,20201022103313-5f90e15970878] STATUS: 0 API
2020-10-22T10:33:13+09:00 INFO (6): [localhost,Mac,Chrome,POST,/kamimine/ajax/getNewsTelop.php,20201022103313-5f90e159688e8] STATUS: 0 API
2020-10-22T10:33:13+09:00 INFO (6): [localhost,Mac,Chrome,POST,/kamimine/ajax/getBusStopList.php,20201022103313-5f90e15974ac8] STATUS: 0 API
2020-10-22T10:33:13+09:00 INFO (6): [localhost,Mac,Chrome,POST,/kamimine/ajax/getCoursePointList.php,20201022103313-5f90e1597bfbb] STATUS: 0 API
2020-10-22T10:58:54+09:00 INFO (6): [localhost,Mac,Chrome,POST,/kamimine/ajax/getVariables.php,20201022105854-5f90e75eaa896] STATUS: 0 API
2020-10-22T10:58:55+09:00 INFO (6): [localhost,Mac,Chrome,POST,/kamimine/ajax/getBusStopId8DigitList.php,20201022105854-5f90e75ef2e4b] STATUS: 0 API
2020-10-22T10:58:55+09:00 INFO (6): [localhost,Mac,Chrome,POST,/kamimine/ajax/getCourseList.php,20201022105854-5f90e75ef001a] STATUS: 0 API
2020-10-22T10:58:55+09:00 INFO (6): [localhost,Mac,Chrome,POST,/kamimine/ajax/checkServiceTime.php,20201022105854-5f90e75ef26ce] STATUS: 0 API
2020-10-22T10:58:55+09:00 INFO (6): [localhost,Mac,Chrome,POST,/kamimine/ajax/getNewsTelop.php,20201022105854-5f90e75ef211a] STATUS: 0 API
2020-10-22T10:58:55+09:00 INFO (6): [localhost,Mac,Chrome,POST,/kamimine/ajax/getBusStopList.php,20201022105854-5f90e75ef3733] STATUS: 0 API
2020-10-22T10:58:55+09:00 INFO (6): [localhost,Mac,Chrome,POST,/kamimine/ajax/getCoursePointList.php,20201022105855-5f90e75f00b3d] STATUS: 0 API
2020-10-22T10:58:58+09:00 INFO (6): [localhost,Mac,Chrome,POST,/kamimine/ajax/getBusStopList.php,20201022105858-5f90e762bdcaf] STATUS: 0 API
2020-10-22T10:58:58+09:00 INFO (6): [localhost,Mac,Chrome,POST,/kamimine/ajax/getBusStopId8DigitList.php,20201022105858-5f90e762c0938] STATUS: 0 API
2020-10-22T10:58:58+09:00 INFO (6): [localhost,Mac,Chrome,POST,/kamimine/ajax/getCoursePointList.php,20201022105858-5f90e762be6f3] STATUS: 0 API
2020-10-22T11:26:38+09:00 INFO (6): [localhost,Mac,Chrome,POST,/kamimine/ajax/getVariables.php,20201022112638-5f90edde59b9d] STATUS: 0 API
2020-10-22T11:26:38+09:00 INFO (6): [localhost,Mac,Chrome,POST,/kamimine/ajax/getCourseList.php,20201022112638-5f90edde9b926] STATUS: 0 API
2020-10-22T11:26:38+09:00 INFO (6): [localhost,Mac,Chrome,POST,/kamimine/ajax/getNewsTelop.php,20201022112638-5f90eddea5b6f] STATUS: 0 API
2020-10-22T11:26:38+09:00 INFO (6): [localhost,Mac,Chrome,POST,/kamimine/ajax/checkServiceTime.php,20201022112638-5f90eddead3b5] STATUS: 0 API
2020-10-22T11:26:39+09:00 INFO (6): [localhost,Mac,Chrome,POST,/kamimine/ajax/getCoursePointList.php,20201022112638-5f90eddea5381] STATUS: 0 API
2020-10-22T11:27:23+09:00 INFO (6): [localhost,Mac,Chrome,POST,/kamimine/ajax/getVariables.php,20201022112723-5f90ee0b27602] STATUS: 0 API
2020-10-22T11:27:23+09:00 INFO (6): [localhost,Mac,Chrome,POST,/kamimine/ajax/getCourseList.php,20201022112723-5f90ee0b5a159] STATUS: 0 API
2020-10-22T11:27:23+09:00 INFO (6): [localhost,Mac,Chrome,POST,/kamimine/ajax/checkServiceTime.php,20201022112723-5f90ee0b664db] STATUS: 0 API
2020-10-22T11:27:23+09:00 INFO (6): [localhost,Mac,Chrome,POST,/kamimine/ajax/getNewsTelop.php,20201022112723-5f90ee0b68cd4] STATUS: 0 API
2020-10-22T11:27:23+09:00 INFO (6): [localhost,Mac,Chrome,POST,/kamimine/ajax/getCoursePointList.php,20201022112723-5f90ee0b6f83c] STATUS: 0 API
2020-10-22T11:27:37+09:00 INFO (6): [localhost,Mac,Chrome,POST,/kamimine/ajax/getVariables.php,20201022112737-5f90ee19019b6] STATUS: 0 API
2020-10-22T11:27:37+09:00 INFO (6): [localhost,Mac,Chrome,POST,/kamimine/ajax/getCourseList.php,20201022112737-5f90ee1937d06] STATUS: 0 API
2020-10-22T11:27:37+09:00 INFO (6): [localhost,Mac,Chrome,POST,/kamimine/ajax/getBusStopId8DigitList.php,20201022112737-5f90ee193ae94] STATUS: 0 API
2020-10-22T11:27:37+09:00 INFO (6): [localhost,Mac,Chrome,POST,/kamimine/ajax/checkServiceTime.php,20201022112737-5f90ee193dd3a] STATUS: 0 API
2020-10-22T11:27:37+09:00 INFO (6): [localhost,Mac,Chrome,POST,/kamimine/ajax/getNewsTelop.php,20201022112737-5f90ee193d21f] STATUS: 0 API
2020-10-22T11:27:37+09:00 INFO (6): [localhost,Mac,Chrome,POST,/kamimine/ajax/getBusStopList.php,20201022112737-5f90ee194352f] STATUS: 0 API
2020-10-22T11:27:37+09:00 INFO (6): [localhost,Mac,Chrome,POST,/kamimine/ajax/getCoursePointList.php,20201022112737-5f90ee1945655] STATUS: 0 API
2020-10-22T11:28:51+09:00 INFO (6): [localhost,Mac,Chrome,POST,/kamimine/ajax/getVariables.php,20201022112851-5f90ee633b194] STATUS: 0 API
2020-10-22T11:28:51+09:00 INFO (6): [localhost,Mac,Chrome,POST,/kamimine/ajax/checkServiceTime.php,20201022112851-5f90ee6371020] STATUS: 0 API
2020-10-22T11:28:51+09:00 INFO (6): [localhost,Mac,Chrome,POST,/kamimine/ajax/getCourseList.php,20201022112851-5f90ee636c909] STATUS: 0 API
2020-10-22T11:28:51+09:00 INFO (6): [localhost,Mac,Chrome,POST,/kamimine/ajax/getNewsTelop.php,20201022112851-5f90ee636e194] STATUS: 0 API
2020-10-22T11:28:51+09:00 INFO (6): [localhost,Mac,Chrome,POST,/kamimine/ajax/getCoursePointList.php,20201022112851-5f90ee6374e77] STATUS: 0 API
2020-10-22T11:29:50+09:00 INFO (6): [localhost,Mac,Chrome,POST,/kamimine/ajax/getVariables.php,20201022112950-5f90ee9e1bdb0] STATUS: 0 API
2020-10-22T11:29:50+09:00 INFO (6): [localhost,Mac,Chrome,POST,/kamimine/ajax/getCourseList.php,20201022112950-5f90ee9e746a7] STATUS: 0 API
2020-10-22T11:29:50+09:00 INFO (6): [localhost,Mac,Chrome,POST,/kamimine/ajax/getBusStopId8DigitList.php,20201022112950-5f90ee9e79b64] STATUS: 0 API
2020-10-22T11:29:50+09:00 INFO (6): [localhost,Mac,Chrome,POST,/kamimine/ajax/getNewsTelop.php,20201022112950-5f90ee9e6dd6d] STATUS: 0 API
2020-10-22T11:29:50+09:00 INFO (6): [localhost,Mac,Chrome,POST,/kamimine/ajax/checkServiceTime.php,20201022112950-5f90ee9e76591] STATUS: 0 API
2020-10-22T11:29:50+09:00 INFO (6): [localhost,Mac,Chrome,POST,/kamimine/ajax/getBusStopList.php,20201022112950-5f90ee9e79170] STATUS: 0 API
2020-10-22T11:29:50+09:00 INFO (6): [localhost,Mac,Chrome,POST,/kamimine/ajax/getCoursePointList.php,20201022112950-5f90ee9e7a828] STATUS: 0 API
2020-10-22T11:29:52+09:00 INFO (6): [localhost,Mac,Chrome,POST,/kamimine/ajax/getBusStopList.php,20201022112952-5f90eea0d920d] STATUS: 0 API
2020-10-22T11:29:53+09:00 INFO (6): [localhost,Mac,Chrome,POST,/kamimine/ajax/getBusStopId8DigitList.php,20201022112952-5f90eea0d9203] STATUS: 0 API
2020-10-22T11:29:53+09:00 INFO (6): [localhost,Mac,Chrome,POST,/kamimine/ajax/getCoursePointList.php,20201022112952-5f90eea0d8ad2] STATUS: 0 API
2020-10-22T11:29:59+09:00 INFO (6): [localhost,Mac,Chrome,POST,/kamimine/ajax/getBusStopId8DigitList.php,20201022112959-5f90eea77ec24] STATUS: 0 API
2020-10-22T11:29:59+09:00 INFO (6): [localhost,Mac,Chrome,POST,/kamimine/ajax/getBusStopList.php,20201022112959-5f90eea77dd1a] STATUS: 0 API
2020-10-22T11:29:59+09:00 INFO (6): [localhost,Mac,Chrome,POST,/kamimine/ajax/getCoursePointList.php,20201022112959-5f90eea77df1a] STATUS: 0 API
2020-10-22T11:33:55+09:00 INFO (6): [localhost,Mac,Chrome,POST,/kamimine/ajax/getBusStopList.php,20201022113355-5f90ef931e019] STATUS: 0 API
2020-10-22T11:33:55+09:00 INFO (6): [localhost,Mac,Chrome,POST,/kamimine/ajax/getBusStopId8DigitList.php,20201022113355-5f90ef9320f12] STATUS: 0 API
2020-10-22T11:33:55+09:00 INFO (6): [localhost,Mac,Chrome,POST,/kamimine/ajax/getCoursePointList.php,20201022113355-5f90ef93201d8] STATUS: 0 API
2020-10-22T11:37:16+09:00 INFO (6): [localhost,Mac,Chrome,POST,/kamimine/ajax/getVariables.php,20201022113716-5f90f05c65ed1] STATUS: 0 API
2020-10-22T11:37:16+09:00 INFO (6): [localhost,Mac,Chrome,POST,/kamimine/ajax/getCourseList.php,20201022113716-5f90f05c952b7] STATUS: 0 API
2020-10-22T11:37:16+09:00 INFO (6): [localhost,Mac,Chrome,POST,/kamimine/ajax/checkServiceTime.php,20201022113716-5f90f05c9be96] STATUS: 0 API
2020-10-22T11:37:16+09:00 INFO (6): [localhost,Mac,Chrome,POST,/kamimine/ajax/getNewsTelop.php,20201022113716-5f90f05c9a675] STATUS: 0 API
2020-10-22T11:37:16+09:00 INFO (6): [localhost,Mac,Chrome,POST,/kamimine/ajax/getCoursePointList.php,20201022113716-5f90f05c9ec7d] STATUS: 0 API
2020-10-22T11:41:17+09:00 INFO (6): [localhost,Mac,Chrome,POST,/kamimine/ajax/getVariables.php,20201022114117-5f90f14d4e7a3] STATUS: 0 API
2020-10-22T11:41:17+09:00 INFO (6): [localhost,Mac,Chrome,POST,/kamimine/ajax/getBusStopId8DigitList.php,20201022114117-5f90f14d868ef] STATUS: 0 API
2020-10-22T11:41:17+09:00 INFO (6): [localhost,Mac,Chrome,POST,/kamimine/ajax/getCourseList.php,20201022114117-5f90f14d7be38] STATUS: 0 API
2020-10-22T11:41:17+09:00 INFO (6): [localhost,Mac,Chrome,POST,/kamimine/ajax/checkServiceTime.php,20201022114117-5f90f14d98510] STATUS: 0 API
2020-10-22T11:41:17+09:00 INFO (6): [localhost,Mac,Chrome,POST,/kamimine/ajax/getNewsTelop.php,20201022114117-5f90f14d98d06] STATUS: 0 API
2020-10-22T11:41:17+09:00 INFO (6): [localhost,Mac,Chrome,POST,/kamimine/ajax/getBusStopList.php,20201022114117-5f90f14da6dca] STATUS: 0 API
2020-10-22T11:41:18+09:00 INFO (6): [localhost,Mac,Chrome,POST,/kamimine/ajax/getCoursePointList.php,20201022114117-5f90f14da4555] STATUS: 0 API
2020-10-22T11:42:35+09:00 INFO (6): [localhost,Mac,Chrome,POST,/kamimine/ajax/getVariables.php,20201022114235-5f90f19b88133] STATUS: 0 API
2020-10-22T11:42:35+09:00 INFO (6): [localhost,Mac,Chrome,POST,/kamimine/ajax/checkServiceTime.php,20201022114235-5f90f19bb8670] STATUS: 0 API
2020-10-22T11:42:35+09:00 INFO (6): [localhost,Mac,Chrome,POST,/kamimine/ajax/getCourseList.php,20201022114235-5f90f19bb44a2] STATUS: 0 API
2020-10-22T11:42:35+09:00 INFO (6): [localhost,Mac,Chrome,POST,/kamimine/ajax/getNewsTelop.php,20201022114235-5f90f19bb9492] STATUS: 0 API
2020-10-22T11:42:36+09:00 INFO (6): [localhost,Mac,Chrome,POST,/kamimine/ajax/getCoursePointList.php,20201022114235-5f90f19bc0a2e] STATUS: 0 API
2020-10-22T11:43:41+09:00 INFO (6): [localhost,Mac,Chrome,POST,/kamimine/ajax/getVariables.php,20201022114341-5f90f1ddcebad] STATUS: 0 API
2020-10-22T11:43:42+09:00 INFO (6): [localhost,Mac,Chrome,POST,/kamimine/ajax/checkServiceTime.php,20201022114342-5f90f1de0758f] STATUS: 0 API
2020-10-22T11:43:42+09:00 INFO (6): [localhost,Mac,Chrome,POST,/kamimine/ajax/getCourseList.php,20201022114342-5f90f1de0a7a7] STATUS: 0 API
2020-10-22T11:43:42+09:00 INFO (6): [localhost,Mac,Chrome,POST,/kamimine/ajax/getNewsTelop.php,20201022114342-5f90f1de0dc03] STATUS: 0 API
2020-10-22T11:43:42+09:00 INFO (6): [localhost,Mac,Chrome,POST,/kamimine/ajax/getCoursePointList.php,20201022114342-5f90f1de0f97a] STATUS: 0 API
2020-10-22T11:44:15+09:00 INFO (6): [localhost,Mac,Chrome,POST,/kamimine/ajax/getVariables.php,20201022114415-5f90f1ff28e45] STATUS: 0 API
2020-10-22T11:44:15+09:00 INFO (6): [localhost,Mac,Chrome,POST,/kamimine/ajax/getCourseList.php,20201022114415-5f90f1ff59aac] STATUS: 0 API
2020-10-22T11:44:15+09:00 INFO (6): [localhost,Mac,Chrome,POST,/kamimine/ajax/checkServiceTime.php,20201022114415-5f90f1ff5ea13] STATUS: 0 API
2020-10-22T11:44:15+09:00 INFO (6): [localhost,Mac,Chrome,POST,/kamimine/ajax/getNewsTelop.php,20201022114415-5f90f1ff5cddf] STATUS: 0 API
2020-10-22T11:44:15+09:00 INFO (6): [localhost,Mac,Chrome,POST,/kamimine/ajax/getCoursePointList.php,20201022114415-5f90f1ff5ee46] STATUS: 0 API
2020-10-22T11:44:33+09:00 INFO (6): [localhost,Mac,Chrome,POST,/kamimine/ajax/getVariables.php,20201022114433-5f90f211d19b1] STATUS: 0 API
2020-10-22T11:44:34+09:00 INFO (6): [localhost,Mac,Chrome,POST,/kamimine/ajax/getCourseList.php,20201022114434-5f90f2120fc79] STATUS: 0 API
2020-10-22T11:44:34+09:00 INFO (6): [localhost,Mac,Chrome,POST,/kamimine/ajax/getBusStopId8DigitList.php,20201022114434-5f90f21216bdb] STATUS: 0 API
2020-10-22T11:44:34+09:00 INFO (6): [localhost,Mac,Chrome,POST,/kamimine/ajax/checkServiceTime.php,20201022114434-5f90f2121a73d] STATUS: 0 API
2020-10-22T11:44:34+09:00 INFO (6): [localhost,Mac,Chrome,POST,/kamimine/ajax/getNewsTelop.php,20201022114434-5f90f212184fe] STATUS: 0 API
2020-10-22T11:44:34+09:00 INFO (6): [localhost,Mac,Chrome,POST,/kamimine/ajax/getCoursePointList.php,20201022114434-5f90f2121b816] STATUS: 0 API
2020-10-22T11:44:34+09:00 INFO (6): [localhost,Mac,Chrome,POST,/kamimine/ajax/getBusStopList.php,20201022114434-5f90f2121a7be] STATUS: 0 API
2020-10-22T11:48:16+09:00 INFO (6): [localhost,Mac,Chrome,POST,/kamimine/ajax/getBusStopList.php,20201022114816-5f90f2f044dde] STATUS: 0 API
2020-10-22T11:48:16+09:00 INFO (6): [localhost,Mac,Chrome,POST,/kamimine/ajax/getBusStopId8DigitList.php,20201022114816-5f90f2f047728] STATUS: 0 API
2020-10-22T11:48:16+09:00 INFO (6): [localhost,Mac,Chrome,POST,/kamimine/ajax/getCoursePointList.php,20201022114816-5f90f2f046408] STATUS: 0 API
2020-10-22T12:47:46+09:00 INFO (6): [localhost,Mac,Chrome,POST,/kamimine/ajax/getVariables.php,20201022124746-5f9100e275317] STATUS: 0 API
2020-10-22T12:47:46+09:00 INFO (6): [localhost,Mac,Chrome,POST,/kamimine/ajax/getCourseList.php,20201022124746-5f9100e2c9622] STATUS: 0 API
2020-10-22T12:47:47+09:00 INFO (6): [localhost,Mac,Chrome,POST,/kamimine/ajax/checkServiceTime.php,20201022124746-5f9100e2ce89f] STATUS: 0 API
2020-10-22T12:47:47+09:00 INFO (6): [localhost,Mac,Chrome,POST,/kamimine/ajax/getNewsTelop.php,20201022124746-5f9100e2cb517] STATUS: 0 API
2020-10-22T12:47:47+09:00 INFO (6): [localhost,Mac,Chrome,POST,/kamimine/ajax/getCoursePointList.php,20201022124746-5f9100e2cc0ed] STATUS: 0 API
2020-10-22T12:48:32+09:00 INFO (6): [localhost,Mac,Chrome,POST,/kamimine/ajax/getVariables.php,20201022124832-5f910110d9e7b] STATUS: 0 API
2020-10-22T12:48:33+09:00 INFO (6): [localhost,Mac,Chrome,POST,/kamimine/ajax/getCourseList.php,20201022124833-5f91011148c47] STATUS: 0 API
2020-10-22T12:48:33+09:00 INFO (6): [localhost,Mac,Chrome,POST,/kamimine/ajax/getNewsTelop.php,20201022124833-5f91011151018] STATUS: 0 API
2020-10-22T12:48:33+09:00 INFO (6): [localhost,Mac,Chrome,POST,/kamimine/ajax/checkServiceTime.php,20201022124833-5f91011159552] STATUS: 0 API
2020-10-22T12:48:33+09:00 INFO (6): [localhost,Mac,Chrome,POST,/kamimine/ajax/getCoursePointList.php,20201022124833-5f910111593a1] STATUS: 0 API
2020-10-22T12:49:32+09:00 INFO (6): [localhost,Mac,Chrome,POST,/kamimine/ajax/getVariables.php,20201022124932-5f91014c9883f] STATUS: 0 API
2020-10-22T12:49:33+09:00 INFO (6): [localhost,Mac,Chrome,POST,/kamimine/ajax/checkServiceTime.php,20201022124933-5f91014d1f31d] STATUS: 0 API
2020-10-22T12:49:33+09:00 INFO (6): [localhost,Mac,Chrome,POST,/kamimine/ajax/getCourseList.php,20201022124933-5f91014d1d7bf] STATUS: 0 API
2020-10-22T12:49:33+09:00 INFO (6): [localhost,Mac,Chrome,POST,/kamimine/ajax/getBusStopId8DigitList.php,20201022124933-5f91014d2509b] STATUS: 0 API
2020-10-22T12:49:33+09:00 INFO (6): [localhost,Mac,Chrome,POST,/kamimine/ajax/getNewsTelop.php,20201022124933-5f91014d1678d] STATUS: 0 API
2020-10-22T12:49:33+09:00 INFO (6): [localhost,Mac,Chrome,POST,/kamimine/ajax/getBusStopList.php,20201022124933-5f91014d2509b] STATUS: 0 API
2020-10-22T12:49:33+09:00 INFO (6): [localhost,Mac,Chrome,POST,/kamimine/ajax/getCoursePointList.php,20201022124933-5f91014d1f433] STATUS: 0 API
2020-10-22T12:49:35+09:00 INFO (6): [localhost,Mac,Chrome,POST,/kamimine/ajax/getVariables.php,20201022124935-5f91014f19907] STATUS: 0 API
2020-10-22T12:49:35+09:00 INFO (6): [localhost,Mac,Chrome,POST,/kamimine/ajax/checkServiceTime.php,20201022124935-5f91014f69fec] STATUS: 0 API
2020-10-22T12:49:35+09:00 INFO (6): [localhost,Mac,Chrome,POST,/kamimine/ajax/getCourseList.php,20201022124935-5f91014f5ed18] STATUS: 0 API
2020-10-22T12:49:35+09:00 INFO (6): [localhost,Mac,Chrome,POST,/kamimine/ajax/getBusStopId8DigitList.php,20201022124935-5f91014f6b441] STATUS: 0 API
2020-10-22T12:49:35+09:00 INFO (6): [localhost,Mac,Chrome,POST,/kamimine/ajax/getNewsTelop.php,20201022124935-5f91014f643f8] STATUS: 0 API
2020-10-22T12:49:35+09:00 INFO (6): [localhost,Mac,Chrome,POST,/kamimine/ajax/getBusStopList.php,20201022124935-5f91014f69f62] STATUS: 0 API
2020-10-22T12:49:35+09:00 INFO (6): [localhost,Mac,Chrome,POST,/kamimine/ajax/getCoursePointList.php,20201022124935-5f91014f741ce] STATUS: 0 API
2020-10-22T12:51:33+09:00 INFO (6): [localhost,Mac,Chrome,POST,/kamimine/ajax/getVariables.php,20201022125133-5f9101c51eff6] STATUS: 0 API
2020-10-22T12:51:33+09:00 INFO (6): [localhost,Mac,Chrome,POST,/kamimine/ajax/getCourseList.php,20201022125133-5f9101c59e292] STATUS: 0 API
2020-10-22T12:51:33+09:00 INFO (6): [localhost,Mac,Chrome,POST,/kamimine/ajax/checkServiceTime.php,20201022125133-5f9101c5a6579] STATUS: 0 API
2020-10-22T12:51:33+09:00 INFO (6): [localhost,Mac,Chrome,POST,/kamimine/ajax/getNewsTelop.php,20201022125133-5f9101c5a50a5] STATUS: 0 API
2020-10-22T12:51:34+09:00 INFO (6): [localhost,Mac,Chrome,POST,/kamimine/ajax/getCoursePointList.php,20201022125133-5f9101c5a4e78] STATUS: 0 API
2020-10-22T12:52:09+09:00 INFO (6): [localhost,Mac,Chrome,POST,/kamimine/ajax/getVariables.php,20201022125209-5f9101e93c442] STATUS: 0 API
2020-10-22T12:52:09+09:00 INFO (6): [localhost,Mac,Chrome,POST,/kamimine/ajax/getBusStopId8DigitList.php,20201022125209-5f9101e989e66] STATUS: 0 API
2020-10-22T12:52:09+09:00 INFO (6): [localhost,Mac,Chrome,POST,/kamimine/ajax/checkServiceTime.php,20201022125209-5f9101e98f93e] STATUS: 0 API
2020-10-22T12:52:09+09:00 INFO (6): [localhost,Mac,Chrome,POST,/kamimine/ajax/getNewsTelop.php,20201022125209-5f9101e98cdc0] STATUS: 0 API
2020-10-22T12:52:09+09:00 INFO (6): [localhost,Mac,Chrome,POST,/kamimine/ajax/getCourseList.php,20201022125209-5f9101e98fffd] STATUS: 0 API
2020-10-22T12:52:09+09:00 INFO (6): [localhost,Mac,Chrome,POST,/kamimine/ajax/getCoursePointList.php,20201022125209-5f9101e996608] STATUS: 0 API
2020-10-22T12:52:10+09:00 INFO (6): [localhost,Mac,Chrome,POST,/kamimine/ajax/getBusStopList.php,20201022125209-5f9101e997f76] STATUS: 0 API
2020-10-22T12:52:13+09:00 INFO (6): [localhost,Mac,Chrome,POST,/kamimine/ajax/getBusStopId8DigitList.php,20201022125213-5f9101eda621a] STATUS: 0 API
2020-10-22T12:52:13+09:00 INFO (6): [localhost,Mac,Chrome,POST,/kamimine/ajax/getBusStopList.php,20201022125213-5f9101eda6bb4] STATUS: 0 API
2020-10-22T12:52:13+09:00 INFO (6): [localhost,Mac,Chrome,POST,/kamimine/ajax/getCoursePointList.php,20201022125213-5f9101eda3681] STATUS: 0 API
2020-10-22T13:01:47+09:00 INFO (6): [localhost,Mac,Chrome,POST,/kamimine/ajax/getVariables.php,20201022130147-5f91042bc7e4d] STATUS: 0 API
2020-10-22T13:01:48+09:00 INFO (6): [localhost,Mac,Chrome,POST,/kamimine/ajax/getBusStopId8DigitList.php,20201022130148-5f91042c0c8d6] STATUS: 0 API
2020-10-22T13:01:48+09:00 INFO (6): [localhost,Mac,Chrome,POST,/kamimine/ajax/getCourseList.php,20201022130148-5f91042c0a369] STATUS: 0 API
2020-10-22T13:01:48+09:00 INFO (6): [localhost,Mac,Chrome,POST,/kamimine/ajax/checkServiceTime.php,20201022130148-5f91042c08c55] STATUS: 0 API
2020-10-22T13:01:48+09:00 INFO (6): [localhost,Mac,Chrome,POST,/kamimine/ajax/getNewsTelop.php,20201022130148-5f91042c0cf39] STATUS: 0 API
2020-10-22T13:01:48+09:00 INFO (6): [localhost,Mac,Chrome,POST,/kamimine/ajax/getBusStopList.php,20201022130148-5f91042c0bc84] STATUS: 0 API
2020-10-22T13:01:48+09:00 INFO (6): [localhost,Mac,Chrome,POST,/kamimine/ajax/getCoursePointList.php,20201022130148-5f91042c0cf39] STATUS: 0 API
2020-10-22T13:02:00+09:00 INFO (6): [localhost,Mac,Chrome,POST,/kamimine/ajax/getVariables.php,20201022130200-5f910438d90e3] STATUS: 0 API
2020-10-22T13:02:01+09:00 INFO (6): [localhost,Mac,Chrome,POST,/kamimine/ajax/getBusStopId8DigitList.php,20201022130201-5f91043914b71] STATUS: 0 API
2020-10-22T13:02:01+09:00 INFO (6): [localhost,Mac,Chrome,POST,/kamimine/ajax/getCourseList.php,20201022130201-5f910439171d7] STATUS: 0 API
2020-10-22T13:02:01+09:00 INFO (6): [localhost,Mac,Chrome,POST,/kamimine/ajax/checkServiceTime.php,20201022130201-5f910439163ff] STATUS: 0 API
2020-10-22T13:02:01+09:00 INFO (6): [localhost,Mac,Chrome,POST,/kamimine/ajax/getNewsTelop.php,20201022130201-5f910439141ca] STATUS: 0 API
2020-10-22T13:02:01+09:00 INFO (6): [localhost,Mac,Chrome,POST,/kamimine/ajax/getBusStopList.php,20201022130201-5f91043919bcb] STATUS: 0 API
2020-10-22T13:02:01+09:00 INFO (6): [localhost,Mac,Chrome,POST,/kamimine/ajax/getCoursePointList.php,20201022130201-5f9104391a03a] STATUS: 0 API
2020-10-22T13:02:05+09:00 INFO (6): [localhost,Mac,Chrome,POST,/kamimine/ajax/getBusStopList.php,20201022130205-5f91043dc1d87] STATUS: 0 API
2020-10-22T13:02:05+09:00 INFO (6): [localhost,Mac,Chrome,POST,/kamimine/ajax/getBusStopId8DigitList.php,20201022130205-5f91043dcbb82] STATUS: 0 API
2020-10-22T13:02:05+09:00 INFO (6): [localhost,Mac,Chrome,POST,/kamimine/ajax/getCoursePointList.php,20201022130205-5f91043dc50b5] STATUS: 0 API
2020-10-22T13:02:12+09:00 INFO (6): [localhost,Mac,Chrome,POST,/kamimine/ajax/getBusStopList.php,20201022130212-5f910444406d0] STATUS: 0 API
2020-10-22T13:02:12+09:00 INFO (6): [localhost,Mac,Chrome,POST,/kamimine/ajax/getBusStopId8DigitList.php,20201022130212-5f91044441fe1] STATUS: 0 API
2020-10-22T13:02:12+09:00 INFO (6): [localhost,Mac,Chrome,POST,/kamimine/ajax/getCoursePointList.php,20201022130212-5f91044441e78] STATUS: 0 API
2020-10-22T13:46:10+09:00 INFO (6): [localhost,Mac,Chrome,POST,/kamimine/ajax/getVariables.php,20201022134610-5f910e9208905] STATUS: 0 API
2020-10-22T13:46:10+09:00 INFO (6): [localhost,Mac,Chrome,POST,/kamimine/ajax/getCourseList.php,20201022134610-5f910e9235dcc] STATUS: 0 API
2020-10-22T13:46:10+09:00 INFO (6): [localhost,Mac,Chrome,POST,/kamimine/ajax/getBusStopId8DigitList.php,20201022134610-5f910e9236e96] STATUS: 0 API
2020-10-22T13:46:10+09:00 INFO (6): [localhost,Mac,Chrome,POST,/kamimine/ajax/checkServiceTime.php,20201022134610-5f910e923857f] STATUS: 0 API
2020-10-22T13:46:10+09:00 INFO (6): [localhost,Mac,Chrome,POST,/kamimine/ajax/getNewsTelop.php,20201022134610-5f910e9235a88] STATUS: 0 API
2020-10-22T13:46:10+09:00 INFO (6): [localhost,Mac,Chrome,POST,/kamimine/ajax/getCoursePointList.php,20201022134610-5f910e92377c1] STATUS: 0 API
2020-10-22T13:46:10+09:00 INFO (6): [localhost,Mac,Chrome,POST,/kamimine/ajax/getBusStopList.php,20201022134610-5f910e923ac9c] STATUS: 0 API
2020-10-22T13:46:10+09:00 INFO (6): [localhost,Mac,Chrome,POST,/kamimine/ajax/getVariables.php,20201022134610-5f910e92a25bd] STATUS: 0 API
2020-10-22T13:46:10+09:00 INFO (6): [localhost,Mac,Chrome,POST,/kamimine/ajax/getBusStopId8DigitList.php,20201022134610-5f910e92ce428] STATUS: 0 API
2020-10-22T13:46:10+09:00 INFO (6): [localhost,Mac,Chrome,POST,/kamimine/ajax/getCourseList.php,20201022134610-5f910e92cdc0c] STATUS: 0 API
2020-10-22T13:46:10+09:00 INFO (6): [localhost,Mac,Chrome,POST,/kamimine/ajax/checkServiceTime.php,20201022134610-5f910e92d0065] STATUS: 0 API
2020-10-22T13:46:11+09:00 INFO (6): [localhost,Mac,Chrome,POST,/kamimine/ajax/getNewsTelop.php,20201022134610-5f910e92cdc69] STATUS: 0 API
2020-10-22T13:46:11+09:00 INFO (6): [localhost,Mac,Chrome,POST,/kamimine/ajax/getBusStopList.php,20201022134610-5f910e92ce63b] STATUS: 0 API
2020-10-22T13:46:11+09:00 INFO (6): [localhost,Mac,Chrome,POST,/kamimine/ajax/getCoursePointList.php,20201022134610-5f910e92d1f97] STATUS: 0 API
2020-10-22T13:46:58+09:00 INFO (6): [localhost,Mac,Chrome,POST,/kamimine/ajax/getBusStopId8DigitList.php,20201022134658-5f910ec2ce9b4] STATUS: 0 API
2020-10-22T13:46:58+09:00 INFO (6): [localhost,Mac,Chrome,POST,/kamimine/ajax/getBusStopList.php,20201022134658-5f910ec2cae85] STATUS: 0 API
2020-10-22T13:46:58+09:00 INFO (6): [localhost,Mac,Chrome,POST,/kamimine/ajax/getCoursePointList.php,20201022134658-5f910ec2cb99e] STATUS: 0 API
2020-10-22T13:47:01+09:00 INFO (6): [localhost,Mac,Chrome,POST,/kamimine/ajax/getBusStopId8DigitList.php,20201022134701-5f910ec5ac377] STATUS: 0 API
2020-10-22T13:47:01+09:00 INFO (6): [localhost,Mac,Chrome,POST,/kamimine/ajax/getBusStopList.php,20201022134701-5f910ec5aa15f] STATUS: 0 API
2020-10-22T13:47:01+09:00 INFO (6): [localhost,Mac,Chrome,POST,/kamimine/ajax/getCoursePointList.php,20201022134701-5f910ec5ac0c2] STATUS: 0 API
2020-10-22T13:57:25+09:00 INFO (6): [localhost,Mac,Chrome,POST,/kamimine/ajax/getBusStopId8DigitList.php,20201022135725-5f91113580510] STATUS: 0 API
2020-10-22T13:57:25+09:00 INFO (6): [localhost,Mac,Chrome,POST,/kamimine/ajax/getBusStopList.php,20201022135725-5f9111358084d] STATUS: 0 API
2020-10-22T13:57:25+09:00 INFO (6): [localhost,Mac,Chrome,POST,/kamimine/ajax/getCoursePointList.php,20201022135725-5f91113580e33] STATUS: 0 API
2020-10-22T13:57:29+09:00 INFO (6): [localhost,Mac,Chrome,POST,/kamimine/ajax/getBusStopList.php,20201022135729-5f91113956f13] STATUS: 0 API
2020-10-22T13:57:29+09:00 INFO (6): [localhost,Mac,Chrome,POST,/kamimine/ajax/getBusStopId8DigitList.php,20201022135729-5f9111395adf0] STATUS: 0 API
2020-10-22T13:57:29+09:00 INFO (6): [localhost,Mac,Chrome,POST,/kamimine/ajax/getCoursePointList.php,20201022135729-5f9111395abee] STATUS: 0 API
2020-10-22T14:03:01+09:00 INFO (6): [localhost,Mac,Chrome,POST,/kamimine/ajax/getVariables.php,20201022140301-5f911285bb064] STATUS: 0 API
2020-10-22T14:03:02+09:00 INFO (6): [localhost,Mac,Chrome,POST,/kamimine/ajax/getCourseList.php,20201022140301-5f911285ecb17] STATUS: 0 API
2020-10-22T14:03:02+09:00 INFO (6): [localhost,Mac,Chrome,POST,/kamimine/ajax/checkServiceTime.php,20201022140301-5f911285ef922] STATUS: 0 API
2020-10-22T14:03:02+09:00 INFO (6): [localhost,Mac,Chrome,POST,/kamimine/ajax/getNewsTelop.php,20201022140301-5f911285ef014] STATUS: 0 API
2020-10-22T14:03:02+09:00 INFO (6): [localhost,Mac,Chrome,POST,/kamimine/ajax/getCoursePointList.php,20201022140302-5f91128602af4] STATUS: 0 API
2020-10-22T14:03:11+09:00 INFO (6): [localhost,Mac,Chrome,POST,/kamimine/ajax/getCoursePointList.php,20201022140310-5f91128edcd63] STATUS: 0 API
2020-10-22T14:03:24+09:00 INFO (6): [localhost,Mac,Chrome,POST,/kamimine/ajax/getVariables.php,20201022140324-5f91129c09a20] STATUS: 0 API
2020-10-22T14:03:24+09:00 INFO (6): [localhost,Mac,Chrome,POST,/kamimine/ajax/getCourseList.php,20201022140324-5f91129c40c5a] STATUS: 0 API
2020-10-22T14:03:24+09:00 INFO (6): [localhost,Mac,Chrome,POST,/kamimine/ajax/getBusStopId8DigitList.php,20201022140324-5f91129c47d84] STATUS: 0 API
2020-10-22T14:03:24+09:00 INFO (6): [localhost,Mac,Chrome,POST,/kamimine/ajax/getNewsTelop.php,20201022140324-5f91129c4c2a3] STATUS: 0 API
2020-10-22T14:03:24+09:00 INFO (6): [localhost,Mac,Chrome,POST,/kamimine/ajax/checkServiceTime.php,20201022140324-5f91129c4c772] STATUS: 0 API
2020-10-22T14:03:24+09:00 INFO (6): [localhost,Mac,Chrome,POST,/kamimine/ajax/getBusStopList.php,20201022140324-5f91129c4b166] STATUS: 0 API
2020-10-22T14:03:24+09:00 INFO (6): [localhost,Mac,Chrome,POST,/kamimine/ajax/getCoursePointList.php,20201022140324-5f91129c4a971] STATUS: 0 API
2020-10-22T15:22:34+09:00 INFO (6): [localhost,Mac,Chrome,POST,/kamimine/ajax/getVariables.php,20201022152234-5f91252a7170a] STATUS: 0 API
2020-10-22T15:22:34+09:00 INFO (6): [localhost,Mac,Chrome,POST,/kamimine/ajax/getCourseList.php,20201022152234-5f91252aa24db] STATUS: 0 API
2020-10-22T15:22:34+09:00 INFO (6): [localhost,Mac,Chrome,POST,/kamimine/ajax/checkServiceTime.php,20201022152234-5f91252aa4bda] STATUS: 0 API
2020-10-22T15:22:34+09:00 INFO (6): [localhost,Mac,Chrome,POST,/kamimine/ajax/getNewsTelop.php,20201022152234-5f91252aaaad0] STATUS: 0 API
2020-10-22T15:22:34+09:00 INFO (6): [localhost,Mac,Chrome,POST,/kamimine/ajax/getCoursePointList.php,20201022152234-5f91252aa8618] STATUS: 0 API
2020-10-22T15:22:47+09:00 INFO (6): [localhost,Mac,Chrome,POST,/kamimine/ajax/getVariables.php,20201022152247-5f912537c32a2] STATUS: 0 API
2020-10-22T15:22:48+09:00 INFO (6): [localhost,Mac,Chrome,POST,/kamimine/ajax/getBusStopId8DigitList.php,20201022152248-5f91253803184] STATUS: 0 API
2020-10-22T15:22:48+09:00 INFO (6): [localhost,Mac,Chrome,POST,/kamimine/ajax/checkServiceTime.php,20201022152248-5f912538033cd] STATUS: 0 API
2020-10-22T15:22:48+09:00 INFO (6): [localhost,Mac,Chrome,POST,/kamimine/ajax/getCourseList.php,20201022152247-5f912537f3067] STATUS: 0 API
2020-10-22T15:22:48+09:00 INFO (6): [localhost,Mac,Chrome,POST,/kamimine/ajax/getNewsTelop.php,20201022152248-5f91253805673] STATUS: 0 API
2020-10-22T15:22:48+09:00 INFO (6): [localhost,Mac,Chrome,POST,/kamimine/ajax/getBusStopList.php,20201022152248-5f9125380607f] STATUS: 0 API
2020-10-22T15:22:48+09:00 INFO (6): [localhost,Mac,Chrome,POST,/kamimine/ajax/getCoursePointList.php,20201022152248-5f912538035e4] STATUS: 0 API
2020-10-22T15:25:49+09:00 INFO (6): [localhost,Mac,Chrome,POST,/kamimine/ajax/getBusStopId8DigitList.php,20201022152549-5f9125ed601f7] STATUS: 0 API
2020-10-22T15:25:49+09:00 INFO (6): [localhost,Mac,Chrome,POST,/kamimine/ajax/getBusStopList.php,20201022152549-5f9125ed5c774] STATUS: 0 API
2020-10-22T15:25:49+09:00 INFO (6): [localhost,Mac,Chrome,POST,/kamimine/ajax/getCoursePointList.php,20201022152549-5f9125ed5c969] STATUS: 0 API
2020-10-22T15:26:19+09:00 INFO (6): [localhost,Mac,Chrome,POST,/kamimine/ajax/getVariables.php,20201022152619-5f91260b1c31b] STATUS: 0 API
2020-10-22T15:26:19+09:00 INFO (6): [localhost,Mac,Chrome,POST,/kamimine/ajax/checkServiceTime.php,20201022152619-5f91260b57d2d] STATUS: 0 API
2020-10-22T15:26:19+09:00 INFO (6): [localhost,Mac,Chrome,POST,/kamimine/ajax/getCourseList.php,20201022152619-5f91260b5952e] STATUS: 0 API
2020-10-22T15:26:19+09:00 INFO (6): [localhost,Mac,Chrome,POST,/kamimine/ajax/getBusStopId8DigitList.php,20201022152619-5f91260b5a8f6] STATUS: 0 API
2020-10-22T15:26:19+09:00 INFO (6): [localhost,Mac,Chrome,POST,/kamimine/ajax/getNewsTelop.php,20201022152619-5f91260b588f7] STATUS: 0 API
2020-10-22T15:26:19+09:00 INFO (6): [localhost,Mac,Chrome,POST,/kamimine/ajax/getCoursePointList.php,20201022152619-5f91260b5ee56] STATUS: 0 API
2020-10-22T15:26:19+09:00 INFO (6): [localhost,Mac,Chrome,POST,/kamimine/ajax/getBusStopList.php,20201022152619-5f91260b5d988] STATUS: 0 API
2020-10-22T15:26:23+09:00 INFO (6): [localhost,Mac,Chrome,POST,/kamimine/ajax/getBusStopId8DigitList.php,20201022152623-5f91260fa1b64] STATUS: 0 API
2020-10-22T15:26:23+09:00 INFO (6): [localhost,Mac,Chrome,POST,/kamimine/ajax/getBusStopList.php,20201022152623-5f91260f9fde4] STATUS: 0 API
2020-10-22T15:26:23+09:00 INFO (6): [localhost,Mac,Chrome,POST,/kamimine/ajax/getCoursePointList.php,20201022152623-5f91260fa0e98] STATUS: 0 API
2020-10-22T15:31:16+09:00 INFO (6): [localhost,Mac,Chrome,POST,/kamimine/ajax/getCoursePointList.php,20201022153116-5f9127347a0b9] STATUS: 0 API
2020-10-22T15:33:05+09:00 INFO (6): [localhost,Mac,Chrome,POST,/kamimine/ajax/getVariables.php,20201022153305-5f9127a1d14c4] STATUS: 0 API
2020-10-22T15:33:06+09:00 INFO (6): [localhost,Mac,Chrome,POST,/kamimine/ajax/checkServiceTime.php,20201022153306-5f9127a2142d8] STATUS: 0 API
2020-10-22T15:33:06+09:00 INFO (6): [localhost,Mac,Chrome,POST,/kamimine/ajax/getCourseList.php,20201022153306-5f9127a210005] STATUS: 0 API
2020-10-22T15:33:06+09:00 INFO (6): [localhost,Mac,Chrome,POST,/kamimine/ajax/getNewsTelop.php,20201022153306-5f9127a21359d] STATUS: 0 API
2020-10-22T15:33:06+09:00 INFO (6): [localhost,Mac,Chrome,POST,/kamimine/ajax/getCoursePointList.php,20201022153306-5f9127a215462] STATUS: 0 API
2020-10-22T15:34:00+09:00 INFO (6): [localhost,Mac,Chrome,POST,/kamimine/ajax/getVariables.php,20201022153400-5f9127d8b3cba] STATUS: 0 API
2020-10-22T15:34:01+09:00 INFO (6): [localhost,Mac,Chrome,POST,/kamimine/ajax/getCourseList.php,20201022153400-5f9127d8e634f] STATUS: 0 API
2020-10-22T15:34:01+09:00 INFO (6): [localhost,Mac,Chrome,POST,/kamimine/ajax/getBusStopId8DigitList.php,20201022153400-5f9127d8e8f09] STATUS: 0 API
2020-10-22T15:34:01+09:00 INFO (6): [localhost,Mac,Chrome,POST,/kamimine/ajax/checkServiceTime.php,20201022153400-5f9127d8eb7eb] STATUS: 0 API
2020-10-22T15:34:01+09:00 INFO (6): [localhost,Mac,Chrome,POST,/kamimine/ajax/getNewsTelop.php,20201022153400-5f9127d8ef5d9] STATUS: 0 API
2020-10-22T15:34:01+09:00 INFO (6): [localhost,Mac,Chrome,POST,/kamimine/ajax/getBusStopList.php,20201022153400-5f9127d8ef17f] STATUS: 0 API
2020-10-22T15:34:01+09:00 INFO (6): [localhost,Mac,Chrome,POST,/kamimine/ajax/getCoursePointList.php,20201022153400-5f9127d8eed9a] STATUS: 0 API
2020-10-22T16:12:05+09:00 INFO (6): [localhost,Mac,Chrome,POST,/kamimine/ajax/getVariables.php,20201022161205-5f9130c59c63f] STATUS: 0 API
2020-10-22T16:12:06+09:00 INFO (6): [localhost,Mac,Chrome,POST,/kamimine/ajax/getCourseList.php,20201022161205-5f9130c5d6abc] STATUS: 0 API
2020-10-22T16:12:06+09:00 INFO (6): [localhost,Mac,Chrome,POST,/kamimine/ajax/checkServiceTime.php,20201022161205-5f9130c5dc9bc] STATUS: 0 API
2020-10-22T16:12:06+09:00 INFO (6): [localhost,Mac,Chrome,POST,/kamimine/ajax/getNewsTelop.php,20201022161205-5f9130c5dc2c0] STATUS: 0 API
2020-10-22T16:12:06+09:00 INFO (6): [localhost,Mac,Chrome,POST,/kamimine/ajax/getCoursePointList.php,20201022161205-5f9130c5e2362] STATUS: 0 API
2020-10-22T16:12:15+09:00 INFO (6): [localhost,Mac,Chrome,POST,/kamimine/ajax/getVariables.php,20201022161215-5f9130cf52687] STATUS: 0 API
2020-10-22T16:12:15+09:00 INFO (6): [localhost,Mac,Chrome,POST,/kamimine/ajax/getCourseList.php,20201022161215-5f9130cf90cd7] STATUS: 0 API
2020-10-22T16:12:15+09:00 INFO (6): [localhost,Mac,Chrome,POST,/kamimine/ajax/checkServiceTime.php,20201022161215-5f9130cf9b010] STATUS: 0 API
2020-10-22T16:12:15+09:00 INFO (6): [localhost,Mac,Chrome,POST,/kamimine/ajax/getNewsTelop.php,20201022161215-5f9130cf930b2] STATUS: 0 API
2020-10-22T16:12:15+09:00 INFO (6): [localhost,Mac,Chrome,POST,/kamimine/ajax/getCoursePointList.php,20201022161215-5f9130cf9ae66] STATUS: 0 API
2020-10-22T16:12:42+09:00 INFO (6): [localhost,Mac,Chrome,POST,/kamimine/ajax/getVariables.php,20201022161241-5f9130e9e554f] STATUS: 0 API
2020-10-22T16:12:42+09:00 INFO (6): [localhost,Mac,Chrome,POST,/kamimine/ajax/getCourseList.php,20201022161242-5f9130ea3002c] STATUS: 0 API
2020-10-22T16:12:42+09:00 INFO (6): [localhost,Mac,Chrome,POST,/kamimine/ajax/getBusStopId8DigitList.php,20201022161242-5f9130ea374e4] STATUS: 0 API
2020-10-22T16:12:42+09:00 INFO (6): [localhost,Mac,Chrome,POST,/kamimine/ajax/checkServiceTime.php,20201022161242-5f9130ea3790b] STATUS: 0 API
2020-10-22T16:12:42+09:00 INFO (6): [localhost,Mac,Chrome,POST,/kamimine/ajax/getNewsTelop.php,20201022161242-5f9130ea36e8b] STATUS: 0 API
2020-10-22T16:12:42+09:00 INFO (6): [localhost,Mac,Chrome,POST,/kamimine/ajax/getCoursePointList.php,20201022161242-5f9130ea36e1d] STATUS: 0 API
2020-10-22T16:12:42+09:00 INFO (6): [localhost,Mac,Chrome,POST,/kamimine/ajax/getBusStopList.php,20201022161242-5f9130ea39e6e] STATUS: 0 API
2020-10-22T16:12:58+09:00 INFO (6): [localhost,Mac,Chrome,POST,/kamimine/ajax/getVariables.php,20201022161258-5f9130fada6cd] STATUS: 0 API
2020-10-22T16:12:59+09:00 INFO (6): [localhost,Mac,Chrome,POST,/kamimine/ajax/checkServiceTime.php,20201022161259-5f9130fb1fa5d] STATUS: 0 API
2020-10-22T16:12:59+09:00 INFO (6): [localhost,Mac,Chrome,POST,/kamimine/ajax/getCourseList.php,20201022161259-5f9130fb1f348] STATUS: 0 API
2020-10-22T16:12:59+09:00 INFO (6): [localhost,Mac,Chrome,POST,/kamimine/ajax/getNewsTelop.php,20201022161259-5f9130fb2a8ad] STATUS: 0 API
2020-10-22T16:12:59+09:00 INFO (6): [localhost,Mac,Chrome,POST,/kamimine/ajax/getCoursePointList.php,20201022161259-5f9130fb2ece2] STATUS: 0 API
2020-10-22T16:16:08+09:00 INFO (6): [localhost,Mac,Chrome,POST,/kamimine/ajax/getVariables.php,20201022161608-5f9131b8c8ce1] STATUS: 0 API
2020-10-22T16:16:09+09:00 INFO (6): [localhost,Mac,Chrome,POST,/kamimine/ajax/getCourseList.php,20201022161609-5f9131b90305b] STATUS: 0 API
2020-10-22T16:16:09+09:00 INFO (6): [localhost,Mac,Chrome,POST,/kamimine/ajax/getBusStopId8DigitList.php,20201022161609-5f9131b90556c] STATUS: 0 API
2020-10-22T16:16:09+09:00 INFO (6): [localhost,Mac,Chrome,POST,/kamimine/ajax/checkServiceTime.php,20201022161609-5f9131b905f51] STATUS: 0 API
2020-10-22T16:16:09+09:00 INFO (6): [localhost,Mac,Chrome,POST,/kamimine/ajax/getNewsTelop.php,20201022161609-5f9131b9031c9] STATUS: 0 API
2020-10-22T16:16:09+09:00 INFO (6): [localhost,Mac,Chrome,POST,/kamimine/ajax/getCoursePointList.php,20201022161609-5f9131b90bb09] STATUS: 0 API
2020-10-22T16:16:09+09:00 INFO (6): [localhost,Mac,Chrome,POST,/kamimine/ajax/getBusStopList.php,20201022161609-5f9131b906d34] STATUS: 0 API
2020-10-22T16:16:12+09:00 INFO (6): [localhost,Mac,Chrome,POST,/kamimine/ajax/getBusStopList.php,20201022161612-5f9131bc015e7] STATUS: 0 API
2020-10-22T16:16:12+09:00 INFO (6): [localhost,Mac,Chrome,POST,/kamimine/ajax/getBusStopId8DigitList.php,20201022161612-5f9131bc05763] STATUS: 0 API
2020-10-22T16:16:12+09:00 INFO (6): [localhost,Mac,Chrome,POST,/kamimine/ajax/getCoursePointList.php,20201022161612-5f9131bc037aa] STATUS: 0 API
2020-10-22T16:38:23+09:00 INFO (6): [localhost,Mac,Chrome,POST,/kamimine/ajax/getVariables.php,20201022163823-5f9136efd774c] STATUS: 0 API
2020-10-22T16:38:24+09:00 INFO (6): [localhost,Mac,Chrome,POST,/kamimine/ajax/getCourseList.php,20201022163824-5f9136f0165c7] STATUS: 0 API
2020-10-22T16:38:24+09:00 INFO (6): [localhost,Mac,Chrome,POST,/kamimine/ajax/checkServiceTime.php,20201022163824-5f9136f018414] STATUS: 0 API
2020-10-22T16:38:24+09:00 INFO (6): [localhost,Mac,Chrome,POST,/kamimine/ajax/getNewsTelop.php,20201022163824-5f9136f0163f5] STATUS: 0 API
2020-10-22T16:38:24+09:00 INFO (6): [localhost,Mac,Chrome,POST,/kamimine/ajax/getCoursePointList.php,20201022163824-5f9136f0177f8] STATUS: 0 API
2020-10-22T17:02:56+09:00 INFO (6): [localhost,Mac,Chrome,POST,/kamimine/ajax/getVariables.php,20201022170256-5f913cb09356a] STATUS: 0 API
2020-10-22T17:02:56+09:00 INFO (6): [localhost,Mac,Chrome,POST,/kamimine/ajax/getCourseList.php,20201022170256-5f913cb0c1226] STATUS: 0 API
2020-10-22T17:02:56+09:00 INFO (6): [localhost,Mac,Chrome,POST,/kamimine/ajax/getBusStopId8DigitList.php,20201022170256-5f913cb0cf7dd] STATUS: 0 API
2020-10-22T17:02:57+09:00 INFO (6): [localhost,Mac,Chrome,POST,/kamimine/ajax/checkServiceTime.php,20201022170256-5f913cb0d15dd] STATUS: 0 API
2020-10-22T17:02:57+09:00 INFO (6): [localhost,Mac,Chrome,POST,/kamimine/ajax/getNewsTelop.php,20201022170256-5f913cb0cc5ba] STATUS: 0 API
2020-10-22T17:02:57+09:00 INFO (6): [localhost,Mac,Chrome,POST,/kamimine/ajax/getBusStopList.php,20201022170256-5f913cb0dca0f] STATUS: 0 API
2020-10-22T17:02:57+09:00 INFO (6): [localhost,Mac,Chrome,POST,/kamimine/ajax/getCoursePointList.php,20201022170256-5f913cb0d93eb] STATUS: 0 API
2020-10-22T17:51:53+09:00 INFO (6): [localhost,Mac,Chrome,POST,/kamimine/ajax/getVariables.php,20201022175153-5f91482988fe0] STATUS: 0 API
2020-10-22T17:51:53+09:00 INFO (6): [localhost,Mac,Chrome,POST,/kamimine/ajax/getBusStopId8DigitList.php,20201022175153-5f914829cbc71] STATUS: 0 API
2020-10-22T17:51:54+09:00 INFO (6): [localhost,Mac,Chrome,POST,/kamimine/ajax/checkServiceTime.php,20201022175153-5f914829d1cd0] STATUS: 1 API
2020-10-22T17:51:54+09:00 INFO (6): [localhost,Mac,Chrome,POST,/kamimine/ajax/getCourseList.php,20201022175153-5f914829cc9de] STATUS: 0 API
2020-10-22T17:51:54+09:00 INFO (6): [localhost,Mac,Chrome,POST,/kamimine/ajax/getNewsTelop.php,20201022175153-5f914829cf744] STATUS: 0 API
2020-10-22T17:51:54+09:00 INFO (6): [localhost,Mac,Chrome,POST,/kamimine/ajax/getCoursePointList.php,20201022175153-5f914829ce816] STATUS: 0 API
2020-10-22T17:51:54+09:00 INFO (6): [localhost,Mac,Chrome,POST,/kamimine/ajax/getBusStopList.php,20201022175153-5f914829cfe5c] STATUS: 0 API
2020-10-22T17:51:57+09:00 INFO (6): [localhost,Mac,Chrome,POST,/kamimine/ajax/getBusStopList.php,20201022175157-5f91482dad312] STATUS: 0 API
2020-10-22T17:51:57+09:00 INFO (6): [localhost,Mac,Chrome,POST,/kamimine/ajax/getBusStopId8DigitList.php,20201022175157-5f91482dad935] STATUS: 0 API
2020-10-22T17:51:57+09:00 INFO (6): [localhost,Mac,Chrome,POST,/kamimine/ajax/getCoursePointList.php,20201022175157-5f91482dac649] STATUS: 0 API
2020-10-22T17:52:07+09:00 INFO (6): [localhost,Mac,Chrome,POST,/kamimine/ajax/getBusStopList.php,20201022175207-5f9148372cf44] STATUS: 0 API
2020-10-22T17:52:07+09:00 INFO (6): [localhost,Mac,Chrome,POST,/kamimine/ajax/getCoursePointList.php,20201022175207-5f9148372ea2e] STATUS: 0 API
2020-10-22T17:52:07+09:00 INFO (6): [localhost,Mac,Chrome,POST,/kamimine/ajax/getBusStopId8DigitList.php,20201022175207-5f91483733353] STATUS: 0 API
2020-10-22T17:58:38+09:00 INFO (6): [localhost,Mac,Chrome,POST,/kamimine/ajax/getVariables.php,20201022175838-5f9149bed8979] STATUS: 0 API
2020-10-22T17:58:39+09:00 INFO (6): [localhost,Mac,Chrome,POST,/kamimine/ajax/getCourseList.php,20201022175839-5f9149bf2b5a9] STATUS: 0 API
2020-10-22T17:58:39+09:00 INFO (6): [localhost,Mac,Chrome,POST,/kamimine/ajax/getBusStopId8DigitList.php,20201022175839-5f9149bf28f9d] STATUS: 0 API
2020-10-22T17:58:39+09:00 INFO (6): [localhost,Mac,Chrome,POST,/kamimine/ajax/checkServiceTime.php,20201022175839-5f9149bf2778d] STATUS: 1 API
2020-10-22T17:58:39+09:00 INFO (6): [localhost,Mac,Chrome,POST,/kamimine/ajax/getNewsTelop.php,20201022175839-5f9149bf2843a] STATUS: 0 API
2020-10-22T17:58:39+09:00 INFO (6): [localhost,Mac,Chrome,POST,/kamimine/ajax/getCoursePointList.php,20201022175839-5f9149bf2d7c1] STATUS: 0 API
2020-10-22T17:58:39+09:00 INFO (6): [localhost,Mac,Chrome,POST,/kamimine/ajax/getBusStopList.php,20201022175839-5f9149bf28f7b] STATUS: 0 API
2020-10-22T17:58:43+09:00 INFO (6): [localhost,Mac,Chrome,POST,/kamimine/ajax/getBusStopId8DigitList.php,20201022175843-5f9149c370c1d] STATUS: 0 API
2020-10-22T17:58:43+09:00 INFO (6): [localhost,Mac,Chrome,POST,/kamimine/ajax/getBusStopList.php,20201022175843-5f9149c36fa54] STATUS: 0 API
2020-10-22T17:58:43+09:00 INFO (6): [localhost,Mac,Chrome,POST,/kamimine/ajax/getCoursePointList.php,20201022175843-5f9149c36f67d] STATUS: 0 API
2020-10-22T17:59:49+09:00 INFO (6): [localhost,Mac,Chrome,POST,/kamimine/ajax/getBusStopList.php,20201022175949-5f914a05af18a] STATUS: 0 API
2020-10-22T17:59:49+09:00 INFO (6): [localhost,Mac,Chrome,POST,/kamimine/ajax/getBusStopId8DigitList.php,20201022175949-5f914a05b3ba5] STATUS: 0 API
2020-10-22T17:59:49+09:00 INFO (6): [localhost,Mac,Chrome,POST,/kamimine/ajax/getCoursePointList.php,20201022175949-5f914a05b0d18] STATUS: 0 API
2020-10-22T18:08:50+09:00 INFO (6): [localhost,Mac,Chrome,POST,/kamimine/ajax/getVariables.php,20201022180850-5f914c226969d] STATUS: 0 API
2020-10-22T18:08:50+09:00 INFO (6): [localhost,Mac,Chrome,POST,/kamimine/ajax/getCourseList.php,20201022180850-5f914c22bb6c9] STATUS: 0 API
2020-10-22T18:08:50+09:00 INFO (6): [localhost,Mac,Chrome,POST,/kamimine/ajax/checkServiceTime.php,20201022180850-5f914c22c1f22] STATUS: 1 API
2020-10-22T18:08:50+09:00 INFO (6): [localhost,Mac,Chrome,POST,/kamimine/ajax/getNewsTelop.php,20201022180850-5f914c22c113b] STATUS: 0 API
2020-10-22T18:08:51+09:00 INFO (6): [localhost,Mac,Chrome,POST,/kamimine/ajax/getCoursePointList.php,20201022180850-5f914c22c6985] STATUS: 0 API
2020-10-22T18:09:04+09:00 INFO (6): [localhost,Mac,Chrome,POST,/kamimine/ajax/getVariables.php,20201022180904-5f914c3022982] STATUS: 0 API
2020-10-22T18:09:04+09:00 INFO (6): [localhost,Mac,Chrome,POST,/kamimine/ajax/getCourseList.php,20201022180904-5f914c3048d74] STATUS: 0 API
2020-10-22T18:09:04+09:00 INFO (6): [localhost,Mac,Chrome,POST,/kamimine/ajax/checkServiceTime.php,20201022180904-5f914c304d7d6] STATUS: 1 API
2020-10-22T18:09:04+09:00 INFO (6): [localhost,Mac,Chrome,POST,/kamimine/ajax/getNewsTelop.php,20201022180904-5f914c304a5f3] STATUS: 0 API
2020-10-22T18:09:04+09:00 INFO (6): [localhost,Mac,Chrome,POST,/kamimine/ajax/getBusStopId8DigitList.php,20201022180904-5f914c304e3c6] STATUS: 0 API
2020-10-22T18:09:04+09:00 INFO (6): [localhost,Mac,Chrome,POST,/kamimine/ajax/getBusStopList.php,20201022180904-5f914c304f476] STATUS: 0 API
2020-10-22T18:09:04+09:00 INFO (6): [localhost,Mac,Chrome,POST,/kamimine/ajax/getCoursePointList.php,20201022180904-5f914c30508c7] STATUS: 0 API
2020-10-22T18:13:26+09:00 INFO (6): [localhost,Mac,Chrome,POST,/kamimine/ajax/getCoursePointList.php,20201022181326-5f914d364b7e8] STATUS: 0 API
2020-10-22T18:17:41+09:00 INFO (6): [localhost,Mac,Chrome,POST,/kamimine/ajax/getVariables.php,20201022181741-5f914e355407c] STATUS: 0 API
2020-10-22T18:17:41+09:00 INFO (6): [localhost,Mac,Chrome,POST,/kamimine/ajax/getCourseList.php,20201022181741-5f914e358af95] STATUS: 0 API
2020-10-22T18:17:41+09:00 INFO (6): [localhost,Mac,Chrome,POST,/kamimine/ajax/checkServiceTime.php,20201022181741-5f914e358cde0] STATUS: 1 API
2020-10-22T18:17:41+09:00 INFO (6): [localhost,Mac,Chrome,POST,/kamimine/ajax/getNewsTelop.php,20201022181741-5f914e358c48e] STATUS: 0 API
2020-10-22T18:17:41+09:00 INFO (6): [localhost,Mac,Chrome,POST,/kamimine/ajax/getCoursePointList.php,20201022181741-5f914e359415b] STATUS: 0 API
2020-10-22T18:17:54+09:00 INFO (6): [localhost,Mac,Chrome,POST,/kamimine/ajax/getVariables.php,20201022181754-5f914e4251217] STATUS: 0 API
2020-10-22T18:17:54+09:00 INFO (6): [localhost,Mac,Chrome,POST,/kamimine/ajax/getCourseList.php,20201022181754-5f914e4287878] STATUS: 0 API
2020-10-22T18:17:54+09:00 INFO (6): [localhost,Mac,Chrome,POST,/kamimine/ajax/checkServiceTime.php,20201022181754-5f914e428b859] STATUS: 1 API
2020-10-22T18:17:54+09:00 INFO (6): [localhost,Mac,Chrome,POST,/kamimine/ajax/getBusStopId8DigitList.php,20201022181754-5f914e428a9f3] STATUS: 0 API
2020-10-22T18:17:54+09:00 INFO (6): [localhost,Mac,Chrome,POST,/kamimine/ajax/getNewsTelop.php,20201022181754-5f914e4286e50] STATUS: 0 API
2020-10-22T18:17:54+09:00 INFO (6): [localhost,Mac,Chrome,POST,/kamimine/ajax/getCoursePointList.php,20201022181754-5f914e428da50] STATUS: 0 API
2020-10-22T18:17:54+09:00 INFO (6): [localhost,Mac,Chrome,POST,/kamimine/ajax/getBusStopList.php,20201022181754-5f914e4290928] STATUS: 0 API
2020-10-22T18:21:31+09:00 INFO (6): [localhost,Mac,Chrome,POST,/kamimine/ajax/getVariables.php,20201022182131-5f914f1b4bf6b] STATUS: 0 API
2020-10-22T18:21:31+09:00 INFO (6): [localhost,Mac,Chrome,POST,/kamimine/ajax/getCourseList.php,20201022182131-5f914f1b86f43] STATUS: 0 API
2020-10-22T18:21:31+09:00 INFO (6): [localhost,Mac,Chrome,POST,/kamimine/ajax/checkServiceTime.php,20201022182131-5f914f1b90058] STATUS: 1 API
2020-10-22T18:21:31+09:00 INFO (6): [localhost,Mac,Chrome,POST,/kamimine/ajax/getBusStopId8DigitList.php,20201022182131-5f914f1b8ad78] STATUS: 0 API
2020-10-22T18:21:31+09:00 INFO (6): [localhost,Mac,Chrome,POST,/kamimine/ajax/getNewsTelop.php,20201022182131-5f914f1b89dcc] STATUS: 0 API
2020-10-22T18:21:31+09:00 INFO (6): [localhost,Mac,Chrome,POST,/kamimine/ajax/getBusStopList.php,20201022182131-5f914f1b8c07e] STATUS: 0 API
2020-10-22T18:21:31+09:00 INFO (6): [localhost,Mac,Chrome,POST,/kamimine/ajax/getCoursePointList.php,20201022182131-5f914f1b8e7af] STATUS: 0 API
