2020-10-27T09:19:39+09:00 INFO (6): [localhost,Mac,Chrome,POST,/kamimine/ajax/getVariables.php,20201027091939-5f97679bbd4c4] STATUS: 0 API
2020-10-27T09:19:40+09:00 INFO (6): [localhost,Mac,Chrome,POST,/kamimine/ajax/getCourseList.php,20201027091940-5f97679c219cf] STATUS: 0 API
2020-10-27T09:19:40+09:00 INFO (6): [localhost,Mac,Chrome,POST,/kamimine/ajax/checkServiceTime.php,20201027091940-5f97679c27ef1] STATUS: 0 API
2020-10-27T09:19:40+09:00 INFO (6): [localhost,Mac,Chrome,POST,/kamimine/ajax/getBusStopId8DigitList.php,20201027091940-5f97679c23ad0] STATUS: 0 API
2020-10-27T09:19:40+09:00 INFO (6): [localhost,Mac,Chrome,POST,/kamimine/ajax/getNewsTelop.php,20201027091940-5f97679c25958] STATUS: 0 API
2020-10-27T09:19:40+09:00 INFO (6): [localhost,Mac,Chrome,POST,/kamimine/ajax/getBusStopList.php,20201027091940-5f97679c2c53d] STATUS: 0 API
2020-10-27T09:19:40+09:00 INFO (6): [localhost,Mac,Chrome,POST,/kamimine/ajax/getCoursePointList.php,20201027091940-5f97679c25579] STATUS: 0 API
2020-10-27T09:19:43+09:00 INFO (6): [localhost,Mac,Chrome,POST,/kamimine/ajax/getBusStopList.php,20201027091943-5f97679fb2fa8] STATUS: 0 API
2020-10-27T09:19:43+09:00 INFO (6): [localhost,Mac,Chrome,POST,/kamimine/ajax/getBusStopId8DigitList.php,20201027091943-5f97679fb3d21] STATUS: 0 API
2020-10-27T09:19:43+09:00 INFO (6): [localhost,Mac,Chrome,POST,/kamimine/ajax/getCoursePointList.php,20201027091943-5f97679fb666b] STATUS: 0 API
2020-10-27T09:21:21+09:00 INFO (6): [localhost,Mac,Chrome,POST,/kamimine/ajax/getVariables.php,20201027092120-5f9768010017c] STATUS: 0 API
2020-10-27T09:21:21+09:00 INFO (6): [localhost,Mac,Chrome,POST,/kamimine/ajax/getCourseList.php,20201027092121-5f9768013be5c] STATUS: 0 API
2020-10-27T09:21:21+09:00 INFO (6): [localhost,Mac,Chrome,POST,/kamimine/ajax/checkServiceTime.php,20201027092121-5f9768014ba18] STATUS: 0 API
2020-10-27T09:21:21+09:00 INFO (6): [localhost,Mac,Chrome,POST,/kamimine/ajax/getNewsTelop.php,20201027092121-5f97680141910] STATUS: 0 API
2020-10-27T09:21:21+09:00 INFO (6): [localhost,Mac,Chrome,POST,/kamimine/ajax/getCoursePointList.php,20201027092121-5f9768013fe05] STATUS: 0 API
2020-10-27T09:21:24+09:00 INFO (6): [localhost,Mac,Chrome,POST,/kamimine/ajax/getCoursePointList.php,20201027092124-5f976804c49e5] STATUS: 0 API
2020-10-27T09:21:45+09:00 INFO (6): [localhost,Mac,Chrome,POST,/kamimine/ajax/getVariables.php,20201027092145-5f9768196ebfb] STATUS: 0 API
2020-10-27T09:21:45+09:00 INFO (6): [localhost,Mac,Chrome,POST,/kamimine/ajax/checkServiceTime.php,20201027092145-5f976819be1c6] STATUS: 0 API
2020-10-27T09:21:45+09:00 INFO (6): [localhost,Mac,Chrome,POST,/kamimine/ajax/getCourseList.php,20201027092145-5f976819b15ab] STATUS: 0 API
2020-10-27T09:21:45+09:00 INFO (6): [localhost,Mac,Chrome,POST,/kamimine/ajax/getBusStopId8DigitList.php,20201027092145-5f976819bc3a5] STATUS: 0 API
2020-10-27T09:21:46+09:00 INFO (6): [localhost,Mac,Chrome,POST,/kamimine/ajax/getNewsTelop.php,20201027092145-5f976819bf8ec] STATUS: 0 API
2020-10-27T09:21:46+09:00 INFO (6): [localhost,Mac,Chrome,POST,/kamimine/ajax/getCoursePointList.php,20201027092145-5f976819c087a] STATUS: 0 API
2020-10-27T09:21:46+09:00 INFO (6): [localhost,Mac,Chrome,POST,/kamimine/ajax/getBusStopList.php,20201027092145-5f976819c35c8] STATUS: 0 API
2020-10-27T09:21:57+09:00 INFO (6): [localhost,Mac,Chrome,POST,/kamimine/ajax/getBusStopList.php,20201027092157-5f97682545925] STATUS: 0 API
2020-10-27T09:21:57+09:00 INFO (6): [localhost,Mac,Chrome,POST,/kamimine/ajax/getBusStopId8DigitList.php,20201027092157-5f9768254aa62] STATUS: 0 API
2020-10-27T09:21:57+09:00 INFO (6): [localhost,Mac,Chrome,POST,/kamimine/ajax/getCoursePointList.php,20201027092157-5f97682548f02] STATUS: 0 API
2020-10-27T09:30:33+09:00 INFO (6): [localhost,Mac,Chrome,POST,/kamimine/ajax/getVariables.php,20201027093033-5f976a29d7a98] STATUS: 0 API
2020-10-27T09:30:34+09:00 INFO (6): [localhost,Mac,Chrome,POST,/kamimine/ajax/getCourseList.php,20201027093034-5f976a2a21417] STATUS: 0 API
2020-10-27T09:30:34+09:00 INFO (6): [localhost,Mac,Chrome,POST,/kamimine/ajax/checkServiceTime.php,20201027093034-5f976a2a25e10] STATUS: 0 API
2020-10-27T09:30:34+09:00 INFO (6): [localhost,Mac,Chrome,POST,/kamimine/ajax/getNewsTelop.php,20201027093034-5f976a2a2291d] STATUS: 0 API
2020-10-27T09:30:34+09:00 INFO (6): [localhost,Mac,Chrome,POST,/kamimine/ajax/getBusStopId8DigitList.php,20201027093034-5f976a2a21cb8] STATUS: 0 API
2020-10-27T09:30:34+09:00 INFO (6): [localhost,Mac,Chrome,POST,/kamimine/ajax/getCoursePointList.php,20201027093034-5f976a2a277dc] STATUS: 0 API
2020-10-27T09:30:39+09:00 INFO (6): [localhost,Mac,Chrome,POST,/kamimine/ajax/getBusStopId8DigitList.php,20201027093039-5f976a2f294cc] STATUS: 0 API
2020-10-27T09:30:39+09:00 INFO (6): [localhost,Mac,Chrome,POST,/kamimine/ajax/getCoursePointList.php,20201027093039-5f976a2f28fe2] STATUS: 0 API
2020-10-27T09:30:53+09:00 INFO (6): [localhost,Mac,Chrome,POST,/kamimine/ajax/getBusStopId8DigitList.php,20201027093053-5f976a3d41144] STATUS: 0 API
2020-10-27T09:30:53+09:00 INFO (6): [localhost,Mac,Chrome,POST,/kamimine/ajax/getCoursePointList.php,20201027093053-5f976a3d424d1] STATUS: 0 API
2020-10-27T09:31:07+09:00 INFO (6): [localhost,Mac,Chrome,POST,/kamimine/ajax/getBusStopId8DigitList.php,20201027093107-5f976a4b44dee] STATUS: 0 API
2020-10-27T09:31:07+09:00 INFO (6): [localhost,Mac,Chrome,POST,/kamimine/ajax/getCoursePointList.php,20201027093107-5f976a4b44853] STATUS: 0 API
2020-10-27T09:40:36+09:00 INFO (6): [localhost,Mac,Chrome,POST,/kamimine/ajax/getVariables.php,20201027094036-5f976c849061b] STATUS: 0 API
2020-10-27T09:40:36+09:00 INFO (6): [localhost,Mac,Chrome,POST,/kamimine/ajax/getCourseList.php,20201027094036-5f976c84cb5fd] STATUS: 0 API
2020-10-27T09:40:36+09:00 INFO (6): [localhost,Mac,Chrome,POST,/kamimine/ajax/checkServiceTime.php,20201027094036-5f976c84cc911] STATUS: 0 API
2020-10-27T09:40:37+09:00 INFO (6): [localhost,Mac,Chrome,POST,/kamimine/ajax/getBusStopId8DigitList.php,20201027094036-5f976c84c9064] STATUS: 0 API
2020-10-27T09:40:37+09:00 INFO (6): [localhost,Mac,Chrome,POST,/kamimine/ajax/getNewsTelop.php,20201027094036-5f976c84cd16f] STATUS: 0 API
2020-10-27T09:40:37+09:00 INFO (6): [localhost,Mac,Chrome,POST,/kamimine/ajax/getCoursePointList.php,20201027094036-5f976c84d268c] STATUS: 0 API
2020-10-27T09:40:37+09:00 INFO (6): [localhost,Mac,Chrome,POST,/kamimine/ajax/getBusStopList.php,20201027094036-5f976c84d1500] STATUS: 0 API
2020-10-27T09:40:51+09:00 INFO (6): [localhost,Mac,Chrome,POST,/kamimine/ajax/getBusStopId8DigitList.php,20201027094051-5f976c932e326] STATUS: 0 API
2020-10-27T09:40:51+09:00 INFO (6): [localhost,Mac,Chrome,POST,/kamimine/ajax/getBusStopList.php,20201027094051-5f976c932bfff] STATUS: 0 API
2020-10-27T09:40:51+09:00 INFO (6): [localhost,Mac,Chrome,POST,/kamimine/ajax/getCoursePointList.php,20201027094051-5f976c932ae36] STATUS: 0 API
2020-10-27T09:41:04+09:00 INFO (6): [localhost,Mac,Chrome,POST,/kamimine/ajax/getBusStopId8DigitList.php,20201027094104-5f976ca0a806a] STATUS: 0 API
2020-10-27T09:41:04+09:00 INFO (6): [localhost,Mac,Chrome,POST,/kamimine/ajax/getBusStopList.php,20201027094104-5f976ca0a7e30] STATUS: 0 API
2020-10-27T09:41:04+09:00 INFO (6): [localhost,Mac,Chrome,POST,/kamimine/ajax/getCoursePointList.php,20201027094104-5f976ca0a9efa] STATUS: 0 API
2020-10-27T09:46:20+09:00 INFO (6): [localhost,Mac,Chrome,POST,/kamimine/ajax/getVariables.php,20201027094620-5f976ddca8402] STATUS: 0 API
2020-10-27T09:46:21+09:00 INFO (6): [localhost,Mac,Chrome,POST,/kamimine/ajax/getCourseList.php,20201027094620-5f976ddcdaaa7] STATUS: 0 API
2020-10-27T09:46:21+09:00 INFO (6): [localhost,Mac,Chrome,POST,/kamimine/ajax/getBusStopId8DigitList.php,20201027094620-5f976ddcd8687] STATUS: 0 API
2020-10-27T09:46:21+09:00 INFO (6): [localhost,Mac,Chrome,POST,/kamimine/ajax/checkServiceTime.php,20201027094620-5f976ddce4144] STATUS: 0 API
2020-10-27T09:46:21+09:00 INFO (6): [localhost,Mac,Chrome,POST,/kamimine/ajax/getNewsTelop.php,20201027094620-5f976ddcdec79] STATUS: 0 API
2020-10-27T09:46:21+09:00 INFO (6): [localhost,Mac,Chrome,POST,/kamimine/ajax/getCoursePointList.php,20201027094620-5f976ddce5b7f] STATUS: 0 API
2020-10-27T09:46:21+09:00 INFO (6): [localhost,Mac,Chrome,POST,/kamimine/ajax/getBusStopList.php,20201027094620-5f976ddce4b59] STATUS: 0 API
2020-10-27T09:46:24+09:00 INFO (6): [localhost,Mac,Chrome,POST,/kamimine/ajax/getBusStopList.php,20201027094624-5f976de041837] STATUS: 0 API
2020-10-27T09:46:24+09:00 INFO (6): [localhost,Mac,Chrome,POST,/kamimine/ajax/getBusStopId8DigitList.php,20201027094624-5f976de043159] STATUS: 0 API
2020-10-27T09:46:24+09:00 INFO (6): [localhost,Mac,Chrome,POST,/kamimine/ajax/getCoursePointList.php,20201027094624-5f976de0431f6] STATUS: 0 API
2020-10-27T09:51:26+09:00 INFO (6): [localhost,Mac,Chrome,POST,/kamimine/ajax/getVariables.php,20201027095126-5f976f0e3041f] STATUS: 0 API
2020-10-27T09:51:26+09:00 INFO (6): [localhost,Mac,Chrome,POST,/kamimine/ajax/checkServiceTime.php,20201027095126-5f976f0e791f8] STATUS: 0 API
2020-10-27T09:51:26+09:00 INFO (6): [localhost,Mac,Chrome,POST,/kamimine/ajax/getCourseList.php,20201027095126-5f976f0e7423c] STATUS: 0 API
2020-10-27T09:51:26+09:00 INFO (6): [localhost,Mac,Chrome,POST,/kamimine/ajax/getBusStopId8DigitList.php,20201027095126-5f976f0e77f28] STATUS: 0 API
2020-10-27T09:51:26+09:00 INFO (6): [localhost,Mac,Chrome,POST,/kamimine/ajax/getNewsTelop.php,20201027095126-5f976f0e75644] STATUS: 0 API
2020-10-27T09:51:26+09:00 INFO (6): [localhost,Mac,Chrome,POST,/kamimine/ajax/getBusStopList.php,20201027095126-5f976f0e7d3b9] STATUS: 0 API
2020-10-27T09:51:26+09:00 INFO (6): [localhost,Mac,Chrome,POST,/kamimine/ajax/getCoursePointList.php,20201027095126-5f976f0e81fdc] STATUS: 0 API
2020-10-27T09:51:32+09:00 INFO (6): [localhost,Mac,Chrome,POST,/kamimine/ajax/getBusStopId8DigitList.php,20201027095132-5f976f144ab93] STATUS: 0 API
2020-10-27T09:51:32+09:00 INFO (6): [localhost,Mac,Chrome,POST,/kamimine/ajax/getBusStopList.php,20201027095132-5f976f1449547] STATUS: 0 API
2020-10-27T09:51:32+09:00 INFO (6): [localhost,Mac,Chrome,POST,/kamimine/ajax/getCoursePointList.php,20201027095132-5f976f144836c] STATUS: 0 API
2020-10-27T09:51:43+09:00 INFO (6): [localhost,Mac,Chrome,POST,/kamimine/ajax/getBusStopList.php,20201027095143-5f976f1f45109] STATUS: 0 API
2020-10-27T09:51:43+09:00 INFO (6): [localhost,Mac,Chrome,POST,/kamimine/ajax/getBusStopId8DigitList.php,20201027095143-5f976f1f48bf9] STATUS: 0 API
2020-10-27T09:51:43+09:00 INFO (6): [localhost,Mac,Chrome,POST,/kamimine/ajax/getCoursePointList.php,20201027095143-5f976f1f4713a] STATUS: 0 API
2020-10-27T09:58:29+09:00 INFO (6): [localhost,Mac,Chrome,POST,/kamimine/ajax/getVariables.php,20201027095829-5f9770b541197] STATUS: 0 API
2020-10-27T09:58:29+09:00 INFO (6): [localhost,Mac,Chrome,POST,/kamimine/ajax/getCourseList.php,20201027095829-5f9770b57413e] STATUS: 0 API
2020-10-27T09:58:29+09:00 INFO (6): [localhost,Mac,Chrome,POST,/kamimine/ajax/getBusStopId8DigitList.php,20201027095829-5f9770b573417] STATUS: 0 API
2020-10-27T09:58:29+09:00 INFO (6): [localhost,Mac,Chrome,POST,/kamimine/ajax/getNewsTelop.php,20201027095829-5f9770b573f2e] STATUS: 0 API
2020-10-27T09:58:29+09:00 INFO (6): [localhost,Mac,Chrome,POST,/kamimine/ajax/checkServiceTime.php,20201027095829-5f9770b57c0a3] STATUS: 0 API
2020-10-27T09:58:29+09:00 INFO (6): [localhost,Mac,Chrome,POST,/kamimine/ajax/getCoursePointList.php,20201027095829-5f9770b578094] STATUS: 0 API
2020-10-27T09:58:29+09:00 INFO (6): [localhost,Mac,Chrome,POST,/kamimine/ajax/getBusStopList.php,20201027095829-5f9770b57905f] STATUS: 0 API
2020-10-27T09:58:32+09:00 INFO (6): [localhost,Mac,Chrome,POST,/kamimine/ajax/getBusStopId8DigitList.php,20201027095832-5f9770b829961] STATUS: 0 API
2020-10-27T09:58:32+09:00 INFO (6): [localhost,Mac,Chrome,POST,/kamimine/ajax/getBusStopList.php,20201027095832-5f9770b827255] STATUS: 0 API
2020-10-27T09:58:32+09:00 INFO (6): [localhost,Mac,Chrome,POST,/kamimine/ajax/getCoursePointList.php,20201027095832-5f9770b826970] STATUS: 0 API
2020-10-27T10:24:11+09:00 INFO (6): [localhost,Mac,Chrome,POST,/kamimine/ajax/getVariables.php,20201027102411-5f9776bbaeac3] STATUS: 0 API
2020-10-27T10:24:12+09:00 INFO (6): [localhost,Mac,Chrome,POST,/kamimine/ajax/getCourseList.php,20201027102411-5f9776bbee38f] STATUS: 0 API
2020-10-27T10:24:12+09:00 INFO (6): [localhost,Mac,Chrome,POST,/kamimine/ajax/checkServiceTime.php,20201027102411-5f9776bbeec8d] STATUS: 0 API
2020-10-27T10:24:12+09:00 INFO (6): [localhost,Mac,Chrome,POST,/kamimine/ajax/getBusStopId8DigitList.php,20201027102411-5f9776bbee0fe] STATUS: 0 API
2020-10-27T10:24:12+09:00 INFO (6): [localhost,Mac,Chrome,POST,/kamimine/ajax/getNewsTelop.php,20201027102411-5f9776bbee229] STATUS: 0 API
2020-10-27T10:24:12+09:00 INFO (6): [localhost,Mac,Chrome,POST,/kamimine/ajax/getCoursePointList.php,20201027102411-5f9776bbf3ed0] STATUS: 0 API
2020-10-27T10:24:12+09:00 INFO (6): [localhost,Mac,Chrome,POST,/kamimine/ajax/getBusStopList.php,20201027102411-5f9776bbf2b56] STATUS: 0 API
2020-10-27T10:24:14+09:00 INFO (6): [localhost,Mac,Chrome,POST,/kamimine/ajax/getBusStopList.php,20201027102414-5f9776be18e07] STATUS: 0 API
2020-10-27T10:24:14+09:00 INFO (6): [localhost,Mac,Chrome,POST,/kamimine/ajax/getBusStopId8DigitList.php,20201027102414-5f9776be1aea4] STATUS: 0 API
2020-10-27T10:24:14+09:00 INFO (6): [localhost,Mac,Chrome,POST,/kamimine/ajax/getCoursePointList.php,20201027102414-5f9776be1870d] STATUS: 0 API
2020-10-27T10:24:23+09:00 INFO (6): [localhost,Mac,Chrome,POST,/kamimine/ajax/getBusStopId8DigitList.php,20201027102423-5f9776c77afde] STATUS: 0 API
2020-10-27T10:24:23+09:00 INFO (6): [localhost,Mac,Chrome,POST,/kamimine/ajax/getBusStopList.php,20201027102423-5f9776c776c2b] STATUS: 0 API
2020-10-27T10:24:23+09:00 INFO (6): [localhost,Mac,Chrome,POST,/kamimine/ajax/getCoursePointList.php,20201027102423-5f9776c777e68] STATUS: 0 API
2020-10-27T10:25:46+09:00 INFO (6): [localhost,Mac,Chrome,GET,/kamimine/ajax/getBusStopId8DigitList.php,20201027102546-5f97771a4f271] STATUS: 1 Request Method is not POST!
2020-10-27T10:25:51+09:00 INFO (6): [localhost,Mac,Chrome,POST,/kamimine/ajax/getVariables.php,20201027102551-5f97771f48553] STATUS: 0 API
2020-10-27T10:25:51+09:00 INFO (6): [localhost,Mac,Chrome,POST,/kamimine/ajax/getCourseList.php,20201027102551-5f97771f79b65] STATUS: 0 API
2020-10-27T10:25:51+09:00 INFO (6): [localhost,Mac,Chrome,POST,/kamimine/ajax/getBusStopId8DigitList.php,20201027102551-5f97771f7e119] STATUS: 0 API
2020-10-27T10:25:51+09:00 INFO (6): [localhost,Mac,Chrome,POST,/kamimine/ajax/checkServiceTime.php,20201027102551-5f97771f828b7] STATUS: 0 API
2020-10-27T10:25:51+09:00 INFO (6): [localhost,Mac,Chrome,POST,/kamimine/ajax/getNewsTelop.php,20201027102551-5f97771f8197d] STATUS: 0 API
2020-10-27T10:25:51+09:00 INFO (6): [localhost,Mac,Chrome,POST,/kamimine/ajax/getBusStopList.php,20201027102551-5f97771f83b70] STATUS: 0 API
2020-10-27T10:25:51+09:00 INFO (6): [localhost,Mac,Chrome,POST,/kamimine/ajax/getCoursePointList.php,20201027102551-5f97771f88f12] STATUS: 0 API
2020-10-27T10:25:56+09:00 INFO (6): [localhost,Mac,Chrome,POST,/kamimine/ajax/getBusStopId8DigitList.php,20201027102556-5f97772412211] STATUS: 0 API
2020-10-27T10:25:56+09:00 INFO (6): [localhost,Mac,Chrome,POST,/kamimine/ajax/getBusStopList.php,20201027102556-5f97772412a60] STATUS: 0 API
2020-10-27T10:25:56+09:00 INFO (6): [localhost,Mac,Chrome,POST,/kamimine/ajax/getCoursePointList.php,20201027102556-5f97772411664] STATUS: 0 API
2020-10-27T10:56:14+09:00 INFO (6): [localhost,Mac,Chrome,POST,/kamimine/ajax/getVariables.php,20201027105614-5f977e3e51075] STATUS: 0 API
2020-10-27T10:56:14+09:00 INFO (6): [localhost,Mac,Chrome,POST,/kamimine/ajax/getCourseList.php,20201027105614-5f977e3e7cd7a] STATUS: 0 API
2020-10-27T10:56:14+09:00 INFO (6): [localhost,Mac,Chrome,POST,/kamimine/ajax/checkServiceTime.php,20201027105614-5f977e3e907f2] STATUS: 0 API
2020-10-27T10:56:14+09:00 INFO (6): [localhost,Mac,Chrome,POST,/kamimine/ajax/getNewsTelop.php,20201027105614-5f977e3e97840] STATUS: 0 API
2020-10-27T10:56:14+09:00 INFO (6): [localhost,Mac,Chrome,POST,/kamimine/ajax/getBusStopId8DigitList.php,20201027105614-5f977e3e91fce] STATUS: 0 API
2020-10-27T10:56:14+09:00 INFO (6): [localhost,Mac,Chrome,POST,/kamimine/ajax/getBusStopList.php,20201027105614-5f977e3e8f390] STATUS: 0 API
2020-10-27T10:56:14+09:00 INFO (6): [localhost,Mac,Chrome,POST,/kamimine/ajax/getCoursePointList.php,20201027105614-5f977e3e92557] STATUS: 0 API
2020-10-27T10:56:17+09:00 INFO (6): [localhost,Mac,Chrome,POST,/kamimine/ajax/getBusStopId8DigitList.php,20201027105617-5f977e41899d2] STATUS: 0 API
2020-10-27T10:56:17+09:00 INFO (6): [localhost,Mac,Chrome,POST,/kamimine/ajax/getBusStopList.php,20201027105617-5f977e4187ba9] STATUS: 0 API
2020-10-27T10:56:17+09:00 INFO (6): [localhost,Mac,Chrome,POST,/kamimine/ajax/getCoursePointList.php,20201027105617-5f977e4187c12] STATUS: 0 API
2020-10-27T10:57:24+09:00 INFO (6): [localhost,Mac,Chrome,POST,/kamimine/ajax/getVariables.php,20201027105724-5f977e84144de] STATUS: 0 API
2020-10-27T10:57:24+09:00 INFO (6): [localhost,Mac,Chrome,POST,/kamimine/ajax/getCourseList.php,20201027105724-5f977e84502e0] STATUS: 0 API
2020-10-27T10:57:24+09:00 INFO (6): [localhost,Mac,Chrome,POST,/kamimine/ajax/getNewsTelop.php,20201027105724-5f977e84480cd] STATUS: 0 API
2020-10-27T10:57:24+09:00 INFO (6): [localhost,Mac,Chrome,POST,/kamimine/ajax/checkServiceTime.php,20201027105724-5f977e8452a2b] STATUS: 0 API
2020-10-27T10:57:24+09:00 INFO (6): [localhost,Mac,Chrome,POST,/kamimine/ajax/getBusStopId8DigitList.php,20201027105724-5f977e84505e9] STATUS: 0 API
2020-10-27T10:57:24+09:00 INFO (6): [localhost,Mac,Chrome,POST,/kamimine/ajax/getCoursePointList.php,20201027105724-5f977e84534fd] STATUS: 0 API
2020-10-27T10:57:24+09:00 INFO (6): [localhost,Mac,Chrome,POST,/kamimine/ajax/getBusStopList.php,20201027105724-5f977e8452c0f] STATUS: 0 API
2020-10-27T10:57:27+09:00 INFO (6): [localhost,Mac,Chrome,POST,/kamimine/ajax/getBusStopList.php,20201027105727-5f977e87215d8] STATUS: 0 API
2020-10-27T10:57:27+09:00 INFO (6): [localhost,Mac,Chrome,POST,/kamimine/ajax/getBusStopId8DigitList.php,20201027105727-5f977e8725b31] STATUS: 0 API
2020-10-27T10:57:27+09:00 INFO (6): [localhost,Mac,Chrome,POST,/kamimine/ajax/getCoursePointList.php,20201027105727-5f977e871e5c2] STATUS: 0 API
2020-10-27T10:58:31+09:00 INFO (6): [localhost,Mac,Chrome,POST,/kamimine/ajax/getVariables.php,20201027105831-5f977ec70eaed] STATUS: 0 API
2020-10-27T10:58:31+09:00 INFO (6): [localhost,Mac,Chrome,POST,/kamimine/ajax/getCourseList.php,20201027105831-5f977ec745716] STATUS: 0 API
2020-10-27T10:58:31+09:00 INFO (6): [localhost,Mac,Chrome,POST,/kamimine/ajax/checkServiceTime.php,20201027105831-5f977ec74a29c] STATUS: 0 API
2020-10-27T10:58:31+09:00 INFO (6): [localhost,Mac,Chrome,POST,/kamimine/ajax/getBusStopId8DigitList.php,20201027105831-5f977ec74a504] STATUS: 0 API
2020-10-27T10:58:31+09:00 INFO (6): [localhost,Mac,Chrome,POST,/kamimine/ajax/getNewsTelop.php,20201027105831-5f977ec74a53c] STATUS: 0 API
2020-10-27T10:58:31+09:00 INFO (6): [localhost,Mac,Chrome,POST,/kamimine/ajax/getCoursePointList.php,20201027105831-5f977ec74d1bd] STATUS: 0 API
2020-10-27T10:58:31+09:00 INFO (6): [localhost,Mac,Chrome,POST,/kamimine/ajax/getBusStopList.php,20201027105831-5f977ec74d207] STATUS: 0 API
2020-10-27T11:00:34+09:00 INFO (6): [localhost,Mac,Chrome,POST,/kamimine/ajax/getVariables.php,20201027110034-5f977f42c4370] STATUS: 0 API
2020-10-27T11:00:35+09:00 INFO (6): [localhost,Mac,Chrome,POST,/kamimine/ajax/getCourseList.php,20201027110035-5f977f431019f] STATUS: 0 API
2020-10-27T11:00:35+09:00 INFO (6): [localhost,Mac,Chrome,POST,/kamimine/ajax/checkServiceTime.php,20201027110035-5f977f43158b3] STATUS: 0 API
2020-10-27T11:00:35+09:00 INFO (6): [localhost,Mac,Chrome,POST,/kamimine/ajax/getBusStopId8DigitList.php,20201027110035-5f977f4314182] STATUS: 0 API
2020-10-27T11:00:35+09:00 INFO (6): [localhost,Mac,Chrome,POST,/kamimine/ajax/getNewsTelop.php,20201027110035-5f977f431594c] STATUS: 0 API
2020-10-27T11:00:35+09:00 INFO (6): [localhost,Mac,Chrome,POST,/kamimine/ajax/getBusStopList.php,20201027110035-5f977f4318dc5] STATUS: 0 API
2020-10-27T11:00:35+09:00 INFO (6): [localhost,Mac,Chrome,POST,/kamimine/ajax/getCoursePointList.php,20201027110035-5f977f43200db] STATUS: 0 API
2020-10-27T11:00:38+09:00 INFO (6): [localhost,Mac,Chrome,POST,/kamimine/ajax/getBusStopList.php,20201027110038-5f977f46074c6] STATUS: 0 API
2020-10-27T11:00:38+09:00 INFO (6): [localhost,Mac,Chrome,POST,/kamimine/ajax/getBusStopId8DigitList.php,20201027110038-5f977f460b5dd] STATUS: 0 API
2020-10-27T11:00:38+09:00 INFO (6): [localhost,Mac,Chrome,POST,/kamimine/ajax/getCoursePointList.php,20201027110038-5f977f4608519] STATUS: 0 API
2020-10-27T11:00:41+09:00 INFO (6): [localhost,Mac,Chrome,POST,/kamimine/ajax/searchBus.php,20201027110041-5f977f495ff7b] STATUS: 1 API
2020-10-27T11:02:53+09:00 INFO (6): [localhost,Mac,Chrome,POST,/kamimine/ajax/getVariables.php,20201027110253-5f977fcd391fa] STATUS: 0 API
2020-10-27T11:02:53+09:00 INFO (6): [localhost,Mac,Chrome,POST,/kamimine/ajax/getCourseList.php,20201027110253-5f977fcd6c858] STATUS: 0 API
2020-10-27T11:02:53+09:00 INFO (6): [localhost,Mac,Chrome,POST,/kamimine/ajax/checkServiceTime.php,20201027110253-5f977fcd78b70] STATUS: 0 API
2020-10-27T11:02:53+09:00 INFO (6): [localhost,Mac,Chrome,POST,/kamimine/ajax/getBusStopId8DigitList.php,20201027110253-5f977fcd718de] STATUS: 0 API
2020-10-27T11:02:53+09:00 INFO (6): [localhost,Mac,Chrome,POST,/kamimine/ajax/getNewsTelop.php,20201027110253-5f977fcd731b8] STATUS: 0 API
2020-10-27T11:02:53+09:00 INFO (6): [localhost,Mac,Chrome,POST,/kamimine/ajax/getCoursePointList.php,20201027110253-5f977fcd72b97] STATUS: 0 API
2020-10-27T11:02:53+09:00 INFO (6): [localhost,Mac,Chrome,POST,/kamimine/ajax/getBusStopList.php,20201027110253-5f977fcd74df8] STATUS: 0 API
2020-10-27T11:03:44+09:00 INFO (6): [localhost,Mac,Chrome,POST,/kamimine/ajax/getVariables.php,20201027110344-5f97800053ec2] STATUS: 0 API
2020-10-27T11:03:44+09:00 INFO (6): [localhost,Mac,Chrome,POST,/kamimine/ajax/getCourseList.php,20201027110344-5f9780008a25f] STATUS: 0 API
2020-10-27T11:03:44+09:00 INFO (6): [localhost,Mac,Chrome,POST,/kamimine/ajax/getBusStopId8DigitList.php,20201027110344-5f9780008fd43] STATUS: 0 API
2020-10-27T11:03:44+09:00 INFO (6): [localhost,Mac,Chrome,POST,/kamimine/ajax/getNewsTelop.php,20201027110344-5f9780008dc05] STATUS: 0 API
2020-10-27T11:03:44+09:00 INFO (6): [localhost,Mac,Chrome,POST,/kamimine/ajax/checkServiceTime.php,20201027110344-5f9780008e1d3] STATUS: 0 API
2020-10-27T11:03:45+09:00 INFO (6): [localhost,Mac,Chrome,POST,/kamimine/ajax/getCoursePointList.php,20201027110344-5f978000918e4] STATUS: 0 API
2020-10-27T11:03:45+09:00 INFO (6): [localhost,Mac,Chrome,POST,/kamimine/ajax/getBusStopList.php,20201027110344-5f978000913e3] STATUS: 0 API
2020-10-27T11:03:53+09:00 INFO (6): [localhost,Mac,Chrome,POST,/kamimine/ajax/getBusStopId8DigitList.php,20201027110353-5f97800979e29] STATUS: 0 API
2020-10-27T11:03:53+09:00 INFO (6): [localhost,Mac,Chrome,POST,/kamimine/ajax/getBusStopList.php,20201027110353-5f97800979323] STATUS: 0 API
2020-10-27T11:03:53+09:00 INFO (6): [localhost,Mac,Chrome,POST,/kamimine/ajax/getCoursePointList.php,20201027110353-5f9780097a0b1] STATUS: 0 API
2020-10-27T11:04:58+09:00 INFO (6): [localhost,Mac,Chrome,POST,/kamimine/ajax/getVariables.php,20201027110458-5f97804aae03a] STATUS: 0 API
2020-10-27T11:04:59+09:00 INFO (6): [localhost,Mac,Chrome,POST,/kamimine/ajax/checkServiceTime.php,20201027110458-5f97804ae7184] STATUS: 0 API
2020-10-27T11:04:59+09:00 INFO (6): [localhost,Mac,Chrome,POST,/kamimine/ajax/getCourseList.php,20201027110458-5f97804ae4ff2] STATUS: 0 API
2020-10-27T11:04:59+09:00 INFO (6): [localhost,Mac,Chrome,POST,/kamimine/ajax/getBusStopId8DigitList.php,20201027110458-5f97804aea1a8] STATUS: 0 API
2020-10-27T11:04:59+09:00 INFO (6): [localhost,Mac,Chrome,POST,/kamimine/ajax/getNewsTelop.php,20201027110458-5f97804ae7cbe] STATUS: 0 API
2020-10-27T11:04:59+09:00 INFO (6): [localhost,Mac,Chrome,POST,/kamimine/ajax/getBusStopList.php,20201027110458-5f97804aee048] STATUS: 0 API
2020-10-27T11:04:59+09:00 INFO (6): [localhost,Mac,Chrome,POST,/kamimine/ajax/getCoursePointList.php,20201027110458-5f97804af2f08] STATUS: 0 API
2020-10-27T11:05:01+09:00 INFO (6): [localhost,Mac,Chrome,POST,/kamimine/ajax/getBusStopList.php,20201027110501-5f97804d942c5] STATUS: 0 API
2020-10-27T11:05:01+09:00 INFO (6): [localhost,Mac,Chrome,POST,/kamimine/ajax/getBusStopId8DigitList.php,20201027110501-5f97804d959ec] STATUS: 0 API
2020-10-27T11:05:01+09:00 INFO (6): [localhost,Mac,Chrome,POST,/kamimine/ajax/getCoursePointList.php,20201027110501-5f97804d951e6] STATUS: 0 API
2020-10-27T11:05:31+09:00 INFO (6): [localhost,Mac,Chrome,POST,/kamimine/ajax/getVariables.php,20201027110531-5f97806bc4926] STATUS: 0 API
2020-10-27T11:05:32+09:00 INFO (6): [localhost,Mac,Chrome,POST,/kamimine/ajax/getCourseList.php,20201027110532-5f97806c07291] STATUS: 0 API
2020-10-27T11:05:32+09:00 INFO (6): [localhost,Mac,Chrome,POST,/kamimine/ajax/checkServiceTime.php,20201027110532-5f97806c0a79d] STATUS: 0 API
2020-10-27T11:05:32+09:00 INFO (6): [localhost,Mac,Chrome,POST,/kamimine/ajax/getBusStopId8DigitList.php,20201027110532-5f97806c05470] STATUS: 0 API
2020-10-27T11:05:32+09:00 INFO (6): [localhost,Mac,Chrome,POST,/kamimine/ajax/getNewsTelop.php,20201027110532-5f97806c0b84f] STATUS: 0 API
2020-10-27T11:05:32+09:00 INFO (6): [localhost,Mac,Chrome,POST,/kamimine/ajax/getCoursePointList.php,20201027110532-5f97806c14698] STATUS: 0 API
2020-10-27T11:05:32+09:00 INFO (6): [localhost,Mac,Chrome,POST,/kamimine/ajax/getBusStopList.php,20201027110532-5f97806c175f7] STATUS: 0 API
2020-10-27T11:05:34+09:00 INFO (6): [localhost,Mac,Chrome,POST,/kamimine/ajax/getBusStopId8DigitList.php,20201027110533-5f97806de7555] STATUS: 0 API
2020-10-27T11:05:34+09:00 INFO (6): [localhost,Mac,Chrome,POST,/kamimine/ajax/getBusStopList.php,20201027110533-5f97806de6166] STATUS: 0 API
2020-10-27T11:05:34+09:00 INFO (6): [localhost,Mac,Chrome,POST,/kamimine/ajax/getCoursePointList.php,20201027110533-5f97806de2c48] STATUS: 0 API
2020-10-27T11:06:27+09:00 INFO (6): [localhost,Mac,Chrome,POST,/kamimine/ajax/getVariables.php,20201027110627-5f9780a3c746b] STATUS: 0 API
2020-10-27T11:06:28+09:00 INFO (6): [localhost,Mac,Chrome,POST,/kamimine/ajax/checkServiceTime.php,20201027110628-5f9780a412f55] STATUS: 0 API
2020-10-27T11:06:28+09:00 INFO (6): [localhost,Mac,Chrome,POST,/kamimine/ajax/getNewsTelop.php,20201027110628-5f9780a40d358] STATUS: 0 API
2020-10-27T11:06:28+09:00 INFO (6): [localhost,Mac,Chrome,POST,/kamimine/ajax/getCourseList.php,20201027110628-5f9780a411797] STATUS: 0 API
2020-10-27T11:06:28+09:00 INFO (6): [localhost,Mac,Chrome,POST,/kamimine/ajax/getBusStopId8DigitList.php,20201027110628-5f9780a4115b1] STATUS: 0 API
2020-10-27T11:06:28+09:00 INFO (6): [localhost,Mac,Chrome,POST,/kamimine/ajax/getCoursePointList.php,20201027110628-5f9780a4138c9] STATUS: 0 API
2020-10-27T11:06:28+09:00 INFO (6): [localhost,Mac,Chrome,POST,/kamimine/ajax/getBusStopList.php,20201027110628-5f9780a413ccf] STATUS: 0 API
2020-10-27T11:06:29+09:00 INFO (6): [localhost,Mac,Chrome,POST,/kamimine/ajax/getBusStopId8DigitList.php,20201027110629-5f9780a5c9b46] STATUS: 0 API
2020-10-27T11:06:29+09:00 INFO (6): [localhost,Mac,Chrome,POST,/kamimine/ajax/getBusStopList.php,20201027110629-5f9780a5c73e7] STATUS: 0 API
2020-10-27T11:06:30+09:00 INFO (6): [localhost,Mac,Chrome,POST,/kamimine/ajax/getCoursePointList.php,20201027110629-5f9780a5c63c8] STATUS: 0 API
2020-10-27T11:06:34+09:00 INFO (6): [localhost,Mac,Chrome,POST,/kamimine/ajax/getBusStopId8DigitList.php,20201027110634-5f9780aab29ee] STATUS: 0 API
2020-10-27T11:06:41+09:00 INFO (6): [localhost,Mac,Chrome,POST,/kamimine/ajax/getBusStopId8DigitList.php,20201027110641-5f9780b162b9d] STATUS: 0 API
2020-10-27T11:07:01+09:00 INFO (6): [localhost,Mac,Chrome,POST,/kamimine/ajax/getBusStopList.php,20201027110701-5f9780c58263f] STATUS: 0 API
2020-10-27T11:07:01+09:00 INFO (6): [localhost,Mac,Chrome,POST,/kamimine/ajax/getBusStopId8DigitList.php,20201027110701-5f9780c58942d] STATUS: 0 API
2020-10-27T11:07:01+09:00 INFO (6): [localhost,Mac,Chrome,POST,/kamimine/ajax/getCoursePointList.php,20201027110701-5f9780c585b92] STATUS: 0 API
2020-10-27T11:07:07+09:00 INFO (6): [localhost,Mac,Chrome,POST,/kamimine/ajax/getBusStopId8DigitList.php,20201027110707-5f9780cbe6fff] STATUS: 0 API
2020-10-27T11:09:28+09:00 INFO (6): [localhost,Mac,Chrome,POST,/kamimine/ajax/getBusStopList.php,20201027110928-5f9781589485b] STATUS: 0 API
2020-10-27T11:09:28+09:00 INFO (6): [localhost,Mac,Chrome,POST,/kamimine/ajax/getBusStopId8DigitList.php,20201027110928-5f97815895693] STATUS: 0 API
2020-10-27T11:09:28+09:00 INFO (6): [localhost,Mac,Chrome,POST,/kamimine/ajax/getCoursePointList.php,20201027110928-5f97815895771] STATUS: 0 API
2020-10-27T11:09:30+09:00 INFO (6): [localhost,Mac,Chrome,POST,/kamimine/ajax/getBusStopId8DigitList.php,20201027110930-5f97815ae3ed9] STATUS: 0 API
2020-10-27T11:09:58+09:00 INFO (6): [localhost,Mac,Chrome,POST,/kamimine/ajax/getVariables.php,20201027110958-5f978176b5d7d] STATUS: 0 API
2020-10-27T11:09:59+09:00 INFO (6): [localhost,Mac,Chrome,POST,/kamimine/ajax/getCourseList.php,20201027110958-5f978176ed22b] STATUS: 0 API
2020-10-27T11:09:59+09:00 INFO (6): [localhost,Mac,Chrome,POST,/kamimine/ajax/getBusStopId8DigitList.php,20201027110958-5f978176ecc4d] STATUS: 0 API
2020-10-27T11:09:59+09:00 INFO (6): [localhost,Mac,Chrome,POST,/kamimine/ajax/checkServiceTime.php,20201027110958-5f978176f0b78] STATUS: 0 API
2020-10-27T11:09:59+09:00 INFO (6): [localhost,Mac,Chrome,POST,/kamimine/ajax/getNewsTelop.php,20201027110958-5f978176ed190] STATUS: 0 API
2020-10-27T11:09:59+09:00 INFO (6): [localhost,Mac,Chrome,POST,/kamimine/ajax/getCoursePointList.php,20201027110958-5f978176f345f] STATUS: 0 API
2020-10-27T11:09:59+09:00 INFO (6): [localhost,Mac,Chrome,POST,/kamimine/ajax/getBusStopList.php,20201027110959-5f9781770373f] STATUS: 0 API
2020-10-27T11:10:01+09:00 INFO (6): [localhost,Mac,Chrome,POST,/kamimine/ajax/getBusStopList.php,20201027111000-5f978178e1074] STATUS: 0 API
2020-10-27T11:10:01+09:00 INFO (6): [localhost,Mac,Chrome,POST,/kamimine/ajax/getBusStopId8DigitList.php,20201027111000-5f978178e3f3f] STATUS: 0 API
2020-10-27T11:10:01+09:00 INFO (6): [localhost,Mac,Chrome,POST,/kamimine/ajax/getCoursePointList.php,20201027111000-5f978178e2673] STATUS: 0 API
2020-10-27T11:12:54+09:00 INFO (6): [localhost,Mac,Chrome,POST,/kamimine/ajax/getVariables.php,20201027111254-5f978226a8b56] STATUS: 0 API
2020-10-27T11:12:55+09:00 INFO (6): [localhost,Mac,Chrome,POST,/kamimine/ajax/getCourseList.php,20201027111254-5f978226e7155] STATUS: 0 API
2020-10-27T11:12:55+09:00 INFO (6): [localhost,Mac,Chrome,POST,/kamimine/ajax/getBusStopId8DigitList.php,20201027111254-5f978226e6321] STATUS: 0 API
2020-10-27T11:12:55+09:00 INFO (6): [localhost,Mac,Chrome,POST,/kamimine/ajax/checkServiceTime.php,20201027111254-5f978226ec57e] STATUS: 0 API
2020-10-27T11:12:55+09:00 INFO (6): [localhost,Mac,Chrome,POST,/kamimine/ajax/getNewsTelop.php,20201027111254-5f978226eb7e7] STATUS: 0 API
2020-10-27T11:12:55+09:00 INFO (6): [localhost,Mac,Chrome,POST,/kamimine/ajax/getCoursePointList.php,20201027111254-5f978226ee5c9] STATUS: 0 API
2020-10-27T11:12:55+09:00 INFO (6): [localhost,Mac,Chrome,POST,/kamimine/ajax/getBusStopList.php,20201027111254-5f978226eff51] STATUS: 0 API
2020-10-27T11:12:58+09:00 INFO (6): [localhost,Mac,Chrome,POST,/kamimine/ajax/getBusStopList.php,20201027111258-5f97822a1a792] STATUS: 0 API
2020-10-27T11:12:58+09:00 INFO (6): [localhost,Mac,Chrome,POST,/kamimine/ajax/getBusStopId8DigitList.php,20201027111258-5f97822a1d8a0] STATUS: 0 API
2020-10-27T11:12:58+09:00 INFO (6): [localhost,Mac,Chrome,POST,/kamimine/ajax/getCoursePointList.php,20201027111258-5f97822a1e4e2] STATUS: 0 API
2020-10-27T11:38:17+09:00 INFO (6): [localhost,Mac,Chrome,POST,/kamimine/ajax/getVariables.php,20201027113817-5f9788193877a] STATUS: 0 API
2020-10-27T11:38:17+09:00 INFO (6): [localhost,Mac,Chrome,POST,/kamimine/ajax/getCourseList.php,20201027113817-5f9788197e86c] STATUS: 0 API
2020-10-27T11:38:17+09:00 INFO (6): [localhost,Mac,Chrome,POST,/kamimine/ajax/checkServiceTime.php,20201027113817-5f978819896b5] STATUS: 0 API
2020-10-27T11:38:17+09:00 INFO (6): [localhost,Mac,Chrome,POST,/kamimine/ajax/getNewsTelop.php,20201027113817-5f9788198245e] STATUS: 0 API
2020-10-27T11:38:17+09:00 INFO (6): [localhost,Mac,Chrome,POST,/kamimine/ajax/getBusStopId8DigitList.php,20201027113817-5f9788198203d] STATUS: 0 API
2020-10-27T11:38:17+09:00 INFO (6): [localhost,Mac,Chrome,POST,/kamimine/ajax/getBusStopList.php,20201027113817-5f9788198d08d] STATUS: -1 Exception
2020-10-27T11:38:17+09:00 INFO (6): [localhost,Mac,Chrome,POST,/kamimine/ajax/getCoursePointList.php,20201027113817-5f9788198b4ce] STATUS: 0 API
2020-10-27T11:38:21+09:00 INFO (6): [localhost,Mac,Chrome,POST,/kamimine/ajax/getBusStopList.php,20201027113821-5f97881dc34ab] STATUS: 0 API
2020-10-27T11:38:21+09:00 INFO (6): [localhost,Mac,Chrome,POST,/kamimine/ajax/getBusStopId8DigitList.php,20201027113821-5f97881dc73f8] STATUS: 0 API
2020-10-27T11:38:21+09:00 INFO (6): [localhost,Mac,Chrome,POST,/kamimine/ajax/getCoursePointList.php,20201027113821-5f97881dc557f] STATUS: 0 API
2020-10-27T11:38:31+09:00 INFO (6): [localhost,Mac,Chrome,POST,/kamimine/ajax/getBusStopId8DigitList.php,20201027113831-5f97882737644] STATUS: 0 API
2020-10-27T11:38:31+09:00 INFO (6): [localhost,Mac,Chrome,POST,/kamimine/ajax/getBusStopList.php,20201027113831-5f9788273572c] STATUS: -1 Exception
2020-10-27T11:38:31+09:00 INFO (6): [localhost,Mac,Chrome,POST,/kamimine/ajax/getCoursePointList.php,20201027113831-5f97882736e7c] STATUS: 0 API
2020-10-27T11:39:30+09:00 INFO (6): [localhost,Mac,Chrome,POST,/kamimine/ajax/getVariables.php,20201027113930-5f9788624d506] STATUS: 0 API
2020-10-27T11:39:30+09:00 INFO (6): [localhost,Mac,Chrome,POST,/kamimine/ajax/getCourseList.php,20201027113930-5f97886283ba5] STATUS: 0 API
2020-10-27T11:39:30+09:00 INFO (6): [localhost,Mac,Chrome,POST,/kamimine/ajax/checkServiceTime.php,20201027113930-5f9788628a775] STATUS: 0 API
2020-10-27T11:39:30+09:00 INFO (6): [localhost,Mac,Chrome,POST,/kamimine/ajax/getNewsTelop.php,20201027113930-5f978862852d5] STATUS: 0 API
2020-10-27T11:39:30+09:00 INFO (6): [localhost,Mac,Chrome,POST,/kamimine/ajax/getBusStopId8DigitList.php,20201027113930-5f97886286f10] STATUS: 0 API
2020-10-27T11:39:31+09:00 INFO (6): [localhost,Mac,Chrome,POST,/kamimine/ajax/getBusStopList.php,20201027113930-5f978862902ff] STATUS: 0 API
2020-10-27T11:39:31+09:00 INFO (6): [localhost,Mac,Chrome,POST,/kamimine/ajax/getCoursePointList.php,20201027113930-5f97886294f88] STATUS: 0 API
2020-10-27T11:39:42+09:00 INFO (6): [localhost,Mac,Chrome,POST,/kamimine/ajax/getBusStopId8DigitList.php,20201027113942-5f97886e81289] STATUS: 0 API
2020-10-27T11:39:42+09:00 INFO (6): [localhost,Mac,Chrome,POST,/kamimine/ajax/getBusStopList.php,20201027113942-5f97886e7b859] STATUS: 0 API
2020-10-27T11:39:42+09:00 INFO (6): [localhost,Mac,Chrome,POST,/kamimine/ajax/getCoursePointList.php,20201027113942-5f97886e7c904] STATUS: 0 API
2020-10-27T11:46:52+09:00 INFO (6): [localhost,Mac,Chrome,POST,/kamimine/ajax/getVariables.php,20201027114652-5f978a1c231ec] STATUS: 0 API
2020-10-27T11:46:52+09:00 INFO (6): [localhost,Mac,Chrome,POST,/kamimine/ajax/getCourseList.php,20201027114652-5f978a1c51647] STATUS: 0 API
2020-10-27T11:46:52+09:00 INFO (6): [localhost,Mac,Chrome,POST,/kamimine/ajax/getNewsTelop.php,20201027114652-5f978a1c58e8b] STATUS: 0 API
2020-10-27T11:46:52+09:00 INFO (6): [localhost,Mac,Chrome,POST,/kamimine/ajax/checkServiceTime.php,20201027114652-5f978a1c5a3b5] STATUS: 0 API
2020-10-27T11:46:52+09:00 INFO (6): [localhost,Mac,Chrome,POST,/kamimine/ajax/getBusStopId8DigitList.php,20201027114652-5f978a1c5b8ad] STATUS: 0 API
2020-10-27T11:46:52+09:00 INFO (6): [localhost,Mac,Chrome,POST,/kamimine/ajax/getBusStopList.php,20201027114652-5f978a1c5fbc6] STATUS: 0 API
2020-10-27T11:46:52+09:00 INFO (6): [localhost,Mac,Chrome,POST,/kamimine/ajax/getCoursePointList.php,20201027114652-5f978a1c5d6e2] STATUS: 0 API
2020-10-27T11:46:55+09:00 INFO (6): [localhost,Mac,Chrome,POST,/kamimine/ajax/getBusStopId8DigitList.php,20201027114655-5f978a1fab953] STATUS: 0 API
2020-10-27T11:46:55+09:00 INFO (6): [localhost,Mac,Chrome,POST,/kamimine/ajax/getBusStopList.php,20201027114655-5f978a1fab379] STATUS: 0 API
2020-10-27T11:46:55+09:00 INFO (6): [localhost,Mac,Chrome,POST,/kamimine/ajax/getCoursePointList.php,20201027114655-5f978a1fac610] STATUS: 0 API
2020-10-27T11:48:34+09:00 INFO (6): [localhost,Mac,Chrome,POST,/kamimine/ajax/getVariables.php,20201027114834-5f978a82b761f] STATUS: 0 API
2020-10-27T11:48:35+09:00 INFO (6): [localhost,Mac,Chrome,POST,/kamimine/ajax/getCourseList.php,20201027114834-5f978a82f0d95] STATUS: 0 API
2020-10-27T11:48:35+09:00 INFO (6): [localhost,Mac,Chrome,POST,/kamimine/ajax/checkServiceTime.php,20201027114835-5f978a8303cc1] STATUS: 0 API
2020-10-27T11:48:35+09:00 INFO (6): [localhost,Mac,Chrome,POST,/kamimine/ajax/getBusStopId8DigitList.php,20201027114835-5f978a83056f2] STATUS: 0 API
2020-10-27T11:48:35+09:00 INFO (6): [localhost,Mac,Chrome,POST,/kamimine/ajax/getNewsTelop.php,20201027114835-5f978a83043fb] STATUS: 0 API
2020-10-27T11:48:35+09:00 INFO (6): [localhost,Mac,Chrome,POST,/kamimine/ajax/getBusStopList.php,20201027114835-5f978a830a26e] STATUS: 0 API
2020-10-27T11:48:35+09:00 INFO (6): [localhost,Mac,Chrome,POST,/kamimine/ajax/getCoursePointList.php,20201027114835-5f978a8309466] STATUS: 0 API
2020-10-27T11:48:37+09:00 INFO (6): [localhost,Mac,Chrome,POST,/kamimine/ajax/getBusStopList.php,20201027114837-5f978a858ebd0] STATUS: 0 API
2020-10-27T11:48:37+09:00 INFO (6): [localhost,Mac,Chrome,POST,/kamimine/ajax/getBusStopId8DigitList.php,20201027114837-5f978a858f629] STATUS: 0 API
2020-10-27T11:48:37+09:00 INFO (6): [localhost,Mac,Chrome,POST,/kamimine/ajax/getCoursePointList.php,20201027114837-5f978a858ef4e] STATUS: 0 API
2020-10-27T11:48:51+09:00 INFO (6): [localhost,Mac,Chrome,POST,/kamimine/ajax/getBusStopList.php,20201027114851-5f978a9378109] STATUS: 0 API
2020-10-27T11:48:51+09:00 INFO (6): [localhost,Mac,Chrome,POST,/kamimine/ajax/getBusStopId8DigitList.php,20201027114851-5f978a937c3db] STATUS: 0 API
2020-10-27T11:48:51+09:00 INFO (6): [localhost,Mac,Chrome,POST,/kamimine/ajax/getCoursePointList.php,20201027114851-5f978a937aeb9] STATUS: 0 API
2020-10-27T11:54:25+09:00 INFO (6): [localhost,Mac,Chrome,POST,/kamimine/ajax/getVariables.php,20201027115425-5f978be122086] STATUS: 0 API
2020-10-27T11:54:25+09:00 INFO (6): [localhost,Mac,Chrome,POST,/kamimine/ajax/getCourseList.php,20201027115425-5f978be159f57] STATUS: 0 API
2020-10-27T11:54:25+09:00 INFO (6): [localhost,Mac,Chrome,POST,/kamimine/ajax/checkServiceTime.php,20201027115425-5f978be15f2a4] STATUS: 0 API
2020-10-27T11:54:25+09:00 INFO (6): [localhost,Mac,Chrome,POST,/kamimine/ajax/getNewsTelop.php,20201027115425-5f978be1614d4] STATUS: 0 API
2020-10-27T11:54:25+09:00 INFO (6): [localhost,Mac,Chrome,POST,/kamimine/ajax/getBusStopId8DigitList.php,20201027115425-5f978be162cc2] STATUS: 0 API
2020-10-27T11:54:25+09:00 INFO (6): [localhost,Mac,Chrome,POST,/kamimine/ajax/getBusStopList.php,20201027115425-5f978be1628b9] STATUS: 0 API
2020-10-27T11:54:25+09:00 INFO (6): [localhost,Mac,Chrome,POST,/kamimine/ajax/getCoursePointList.php,20201027115425-5f978be161179] STATUS: 0 API
2020-10-27T11:54:28+09:00 INFO (6): [localhost,Mac,Chrome,POST,/kamimine/ajax/getBusStopId8DigitList.php,20201027115428-5f978be4215da] STATUS: 0 API
2020-10-27T11:54:28+09:00 INFO (6): [localhost,Mac,Chrome,POST,/kamimine/ajax/getBusStopList.php,20201027115428-5f978be42002f] STATUS: 0 API
2020-10-27T11:54:28+09:00 INFO (6): [localhost,Mac,Chrome,POST,/kamimine/ajax/getCoursePointList.php,20201027115428-5f978be422295] STATUS: 0 API
2020-10-27T11:54:38+09:00 INFO (6): [localhost,Mac,Chrome,POST,/kamimine/ajax/getVariables.php,20201027115438-5f978bee9884b] STATUS: 0 API
2020-10-27T11:54:39+09:00 INFO (6): [localhost,Mac,Chrome,POST,/kamimine/ajax/checkServiceTime.php,20201027115438-5f978beee52d4] STATUS: 0 API
2020-10-27T11:54:39+09:00 INFO (6): [localhost,Mac,Chrome,POST,/kamimine/ajax/getCourseList.php,20201027115438-5f978beee5b87] STATUS: 0 API
2020-10-27T11:54:39+09:00 INFO (6): [localhost,Mac,Chrome,POST,/kamimine/ajax/getNewsTelop.php,20201027115438-5f978beee9675] STATUS: 0 API
2020-10-27T11:54:39+09:00 INFO (6): [localhost,Mac,Chrome,POST,/kamimine/ajax/getBusStopId8DigitList.php,20201027115438-5f978beee81e4] STATUS: 0 API
2020-10-27T11:54:39+09:00 INFO (6): [localhost,Mac,Chrome,POST,/kamimine/ajax/getBusStopList.php,20201027115438-5f978beeee6bf] STATUS: 0 API
2020-10-27T11:54:39+09:00 INFO (6): [localhost,Mac,Chrome,POST,/kamimine/ajax/getCoursePointList.php,20201027115438-5f978beeec6c8] STATUS: 0 API
2020-10-27T11:54:40+09:00 INFO (6): [localhost,Mac,Chrome,POST,/kamimine/ajax/getBusStopId8DigitList.php,20201027115440-5f978bf0c6866] STATUS: 0 API
2020-10-27T11:54:40+09:00 INFO (6): [localhost,Mac,Chrome,POST,/kamimine/ajax/getBusStopList.php,20201027115440-5f978bf0c5803] STATUS: 0 API
2020-10-27T11:54:40+09:00 INFO (6): [localhost,Mac,Chrome,POST,/kamimine/ajax/getCoursePointList.php,20201027115440-5f978bf0c5964] STATUS: 0 API
2020-10-27T12:04:08+09:00 INFO (6): [localhost,Mac,Chrome,POST,/kamimine/ajax/getVariables.php,20201027120408-5f978e2851ae1] STATUS: 0 API
2020-10-27T12:04:08+09:00 INFO (6): [localhost,Mac,Chrome,POST,/kamimine/ajax/getBusStopId8DigitList.php,20201027120408-5f978e28923c0] STATUS: 0 API
2020-10-27T12:04:08+09:00 INFO (6): [localhost,Mac,Chrome,POST,/kamimine/ajax/getCourseList.php,20201027120408-5f978e2894c50] STATUS: 0 API
2020-10-27T12:04:08+09:00 INFO (6): [localhost,Mac,Chrome,POST,/kamimine/ajax/checkServiceTime.php,20201027120408-5f978e28956fb] STATUS: 0 API
2020-10-27T12:04:08+09:00 INFO (6): [localhost,Mac,Chrome,POST,/kamimine/ajax/getNewsTelop.php,20201027120408-5f978e2897141] STATUS: 0 API
2020-10-27T12:04:08+09:00 INFO (6): [localhost,Mac,Chrome,POST,/kamimine/ajax/getBusStopList.php,20201027120408-5f978e289a944] STATUS: -1 Exception
2020-10-27T12:04:09+09:00 INFO (6): [localhost,Mac,Chrome,POST,/kamimine/ajax/getCoursePointList.php,20201027120408-5f978e2899dac] STATUS: 0 API
2020-10-27T12:04:11+09:00 INFO (6): [localhost,Mac,Chrome,POST,/kamimine/ajax/getBusStopId8DigitList.php,20201027120411-5f978e2b0c649] STATUS: 0 API
2020-10-27T12:04:11+09:00 INFO (6): [localhost,Mac,Chrome,POST,/kamimine/ajax/getBusStopList.php,20201027120411-5f978e2b0fc56] STATUS: -1 Exception
2020-10-27T12:04:11+09:00 INFO (6): [localhost,Mac,Chrome,POST,/kamimine/ajax/getCoursePointList.php,20201027120411-5f978e2b0e4c9] STATUS: 0 API
2020-10-27T12:05:06+09:00 INFO (6): [localhost,Mac,Chrome,POST,/kamimine/ajax/getVariables.php,20201027120506-5f978e628a5fd] STATUS: 0 API
2020-10-27T12:05:06+09:00 INFO (6): [localhost,Mac,Chrome,POST,/kamimine/ajax/getCourseList.php,20201027120506-5f978e62bf3dd] STATUS: 0 API
2020-10-27T12:05:06+09:00 INFO (6): [localhost,Mac,Chrome,POST,/kamimine/ajax/checkServiceTime.php,20201027120506-5f978e62c4201] STATUS: 0 API
2020-10-27T12:05:06+09:00 INFO (6): [localhost,Mac,Chrome,POST,/kamimine/ajax/getBusStopId8DigitList.php,20201027120506-5f978e62c1d13] STATUS: 0 API
2020-10-27T12:05:07+09:00 INFO (6): [localhost,Mac,Chrome,POST,/kamimine/ajax/getNewsTelop.php,20201027120506-5f978e62c1cfe] STATUS: 0 API
2020-10-27T12:05:07+09:00 INFO (6): [localhost,Mac,Chrome,POST,/kamimine/ajax/getBusStopList.php,20201027120506-5f978e62ce535] STATUS: -1 Exception
2020-10-27T12:05:07+09:00 INFO (6): [localhost,Mac,Chrome,POST,/kamimine/ajax/getCoursePointList.php,20201027120506-5f978e62c9ca0] STATUS: 0 API
2020-10-27T12:05:09+09:00 INFO (6): [localhost,Mac,Chrome,POST,/kamimine/ajax/getBusStopId8DigitList.php,20201027120509-5f978e6568566] STATUS: 0 API
2020-10-27T12:05:09+09:00 INFO (6): [localhost,Mac,Chrome,POST,/kamimine/ajax/getBusStopList.php,20201027120509-5f978e6564cb4] STATUS: -1 Exception
2020-10-27T12:05:09+09:00 INFO (6): [localhost,Mac,Chrome,POST,/kamimine/ajax/getCoursePointList.php,20201027120509-5f978e6565399] STATUS: 0 API
2020-10-27T12:17:52+09:00 INFO (6): [localhost,Mac,Chrome,POST,/kamimine/ajax/getVariables.php,20201027121752-5f97916071881] STATUS: 0 API
2020-10-27T12:17:52+09:00 INFO (6): [localhost,Mac,Chrome,POST,/kamimine/ajax/getCourseList.php,20201027121752-5f979160a664b] STATUS: 0 API
2020-10-27T12:17:52+09:00 INFO (6): [localhost,Mac,Chrome,POST,/kamimine/ajax/checkServiceTime.php,20201027121752-5f979160ae725] STATUS: 0 API
2020-10-27T12:17:52+09:00 INFO (6): [localhost,Mac,Chrome,POST,/kamimine/ajax/getBusStopId8DigitList.php,20201027121752-5f979160a9736] STATUS: 0 API
2020-10-27T12:17:52+09:00 INFO (6): [localhost,Mac,Chrome,POST,/kamimine/ajax/getNewsTelop.php,20201027121752-5f979160ab22a] STATUS: 0 API
2020-10-27T12:17:52+09:00 INFO (6): [localhost,Mac,Chrome,POST,/kamimine/ajax/getBusStopList.php,20201027121752-5f979160b1c2c] STATUS: -1 Exception
2020-10-27T12:17:53+09:00 INFO (6): [localhost,Mac,Chrome,POST,/kamimine/ajax/getCoursePointList.php,20201027121752-5f979160b5623] STATUS: 0 API
2020-10-27T12:17:55+09:00 INFO (6): [localhost,Mac,Chrome,POST,/kamimine/ajax/getBusStopId8DigitList.php,20201027121755-5f97916337311] STATUS: 0 API
2020-10-27T12:17:55+09:00 INFO (6): [localhost,Mac,Chrome,POST,/kamimine/ajax/getBusStopList.php,20201027121755-5f979163361f9] STATUS: -1 Exception
2020-10-27T12:17:55+09:00 INFO (6): [localhost,Mac,Chrome,POST,/kamimine/ajax/getCoursePointList.php,20201027121755-5f97916338a09] STATUS: 0 API
2020-10-27T12:17:57+09:00 INFO (6): [localhost,Mac,Chrome,POST,/kamimine/ajax/getArrivalList.php,20201027121757-5f9791659ae12] STATUS: 0 API
2020-10-27T12:18:00+09:00 INFO (6): [localhost,Mac,Chrome,POST,/kamimine/ajax/getDepartureList.php,20201027121800-5f97916829c8e] STATUS: 0 API
2020-10-27T12:18:12+09:00 INFO (6): [localhost,Mac,Chrome,POST,/kamimine/ajax/getBusStopId8DigitList.php,20201027121812-5f979174ae97c] STATUS: 0 API
2020-10-27T12:18:12+09:00 INFO (6): [localhost,Mac,Chrome,POST,/kamimine/ajax/getBusStopList.php,20201027121812-5f979174ad8d5] STATUS: -1 Exception
2020-10-27T12:18:12+09:00 INFO (6): [localhost,Mac,Chrome,POST,/kamimine/ajax/getCoursePointList.php,20201027121812-5f979174ae569] STATUS: 0 API
2020-10-27T12:18:16+09:00 INFO (6): [localhost,Mac,Chrome,POST,/kamimine/ajax/getArrivalList.php,20201027121816-5f979178cedcf] STATUS: 0 API
2020-10-27T12:18:18+09:00 INFO (6): [localhost,Mac,Chrome,POST,/kamimine/ajax/searchBus.php,20201027121818-5f97917a95f7e] STATUS: 1 API
2020-10-27T12:18:23+09:00 INFO (6): [localhost,Mac,Chrome,POST,/kamimine/ajax/getDepartureList.php,20201027121823-5f97917f5bb57] STATUS: 0 API
2020-10-27T12:20:01+09:00 INFO (6): [localhost,Mac,Chrome,POST,/kamimine/ajax/getVariables.php,20201027122001-5f9791e123c99] STATUS: 0 API
2020-10-27T12:20:01+09:00 INFO (6): [localhost,Mac,Chrome,POST,/kamimine/ajax/getBusStopId8DigitList.php,20201027122001-5f9791e15a3ab] STATUS: 0 API
2020-10-27T12:20:01+09:00 INFO (6): [localhost,Mac,Chrome,POST,/kamimine/ajax/checkServiceTime.php,20201027122001-5f9791e15d419] STATUS: 0 API
2020-10-27T12:20:01+09:00 INFO (6): [localhost,Mac,Chrome,POST,/kamimine/ajax/getCourseList.php,20201027122001-5f9791e15c92f] STATUS: 0 API
2020-10-27T12:20:01+09:00 INFO (6): [localhost,Mac,Chrome,POST,/kamimine/ajax/getNewsTelop.php,20201027122001-5f9791e15fac5] STATUS: 0 API
2020-10-27T12:20:01+09:00 INFO (6): [localhost,Mac,Chrome,POST,/kamimine/ajax/getBusStopList.php,20201027122001-5f9791e16360f] STATUS: -1 Exception
2020-10-27T12:20:01+09:00 INFO (6): [localhost,Mac,Chrome,POST,/kamimine/ajax/getCoursePointList.php,20201027122001-5f9791e160d0d] STATUS: 0 API
2020-10-27T12:20:04+09:00 INFO (6): [localhost,Mac,Chrome,POST,/kamimine/ajax/getBusStopList.php,20201027122004-5f9791e48d365] STATUS: -1 Exception
2020-10-27T12:20:04+09:00 INFO (6): [localhost,Mac,Chrome,POST,/kamimine/ajax/getBusStopId8DigitList.php,20201027122004-5f9791e4909be] STATUS: 0 API
2020-10-27T12:20:04+09:00 INFO (6): [localhost,Mac,Chrome,POST,/kamimine/ajax/getCoursePointList.php,20201027122004-5f9791e48d727] STATUS: 0 API
2020-10-27T12:20:07+09:00 INFO (6): [localhost,Mac,Chrome,POST,/kamimine/ajax/getArrivalList.php,20201027122007-5f9791e71b86c] STATUS: 0 API
2020-10-27T12:20:09+09:00 INFO (6): [localhost,Mac,Chrome,POST,/kamimine/ajax/getDepartureList.php,20201027122009-5f9791e9c64f4] STATUS: 0 API
