2020-10-08T10:05:24+09:00 INFO (6): [localhost,Mac,Chrome,POST,/kamimine/ajax/getVariables.php,20201008100524-5f7e65d4413f7] STATUS: 0 API
2020-10-08T10:05:24+09:00 INFO (6): [localhost,Mac,Chrome,POST,/kamimine/ajax/getCourseList.php,20201008100524-5f7e65d4801ac] STATUS: 0 API
2020-10-08T10:05:24+09:00 INFO (6): [localhost,Mac,Chrome,POST,/kamimine/ajax/getNewsTelop.php,20201008100524-5f7e65d482fae] STATUS: 0 API
2020-10-08T10:05:24+09:00 INFO (6): [localhost,Mac,Chrome,POST,/kamimine/ajax/checkServiceTime.php,20201008100524-5f7e65d48361f] STATUS: 0 API
2020-10-08T10:05:24+09:00 INFO (6): [localhost,Mac,Chrome,POST,/kamimine/ajax/getBusStopId8DigitList.php,20201008100524-5f7e65d480aca] STATUS: -1 Exception
2020-10-08T10:06:01+09:00 INFO (6): [localhost,Mac,Chrome,POST,/kamimine/ajax/getVariables.php,20201008100601-5f7e65f9036a2] STATUS: 0 API
2020-10-08T10:06:01+09:00 INFO (6): [localhost,Mac,Chrome,POST,/kamimine/ajax/getNewsTelop.php,20201008100601-5f7e65f940208] STATUS: 0 API
2020-10-08T10:06:01+09:00 INFO (6): [localhost,Mac,Chrome,POST,/kamimine/ajax/getCourseList.php,20201008100601-5f7e65f940176] STATUS: 0 API
2020-10-08T10:06:01+09:00 INFO (6): [localhost,Mac,Chrome,POST,/kamimine/ajax/checkServiceTime.php,20201008100601-5f7e65f943df7] STATUS: 0 API
2020-10-08T10:06:01+09:00 INFO (6): [localhost,Mac,Chrome,POST,/kamimine/ajax/getBusStopId8DigitList.php,20201008100601-5f7e65f940218] STATUS: -1 Exception
2020-10-08T10:18:45+09:00 INFO (6): [localhost,Mac,Chrome,POST,/kamimine/ajax/getVariables.php,20201008101845-5f7e68f5aaf99] STATUS: 0 API
2020-10-08T10:18:46+09:00 INFO (6): [localhost,Mac,Chrome,POST,/kamimine/ajax/getCourseList.php,20201008101845-5f7e68f5e27a1] STATUS: 0 API
2020-10-08T10:18:46+09:00 INFO (6): [localhost,Mac,Chrome,POST,/kamimine/ajax/checkServiceTime.php,20201008101845-5f7e68f5e92b3] STATUS: 0 API
2020-10-08T10:18:46+09:00 INFO (6): [localhost,Mac,Chrome,POST,/kamimine/ajax/getNewsTelop.php,20201008101845-5f7e68f5e6fe6] STATUS: 0 API
2020-10-08T10:18:46+09:00 INFO (6): [localhost,Mac,Chrome,POST,/kamimine/ajax/getBusStopId8DigitList.php,20201008101845-5f7e68f5e44f3] STATUS: -1 Exception
2020-10-08T10:18:50+09:00 INFO (6): [localhost,Mac,Chrome,POST,/kamimine/ajax/getCoursePointList.php,20201008101850-5f7e68fabd245] STATUS: 0 API
2020-10-08T10:18:50+09:00 INFO (6): [localhost,Mac,Chrome,POST,/kamimine/ajax/getBusStopList.php,20201008101850-5f7e68fac115a] STATUS: -1 Exception
2020-10-08T10:18:51+09:00 INFO (6): [localhost,Mac,Chrome,POST,/kamimine/ajax/getBusStopId8DigitList.php,20201008101850-5f7e68fabc992] STATUS: 0 API
2020-10-08T10:18:57+09:00 INFO (6): [localhost,Mac,Chrome,POST,/kamimine/ajax/searchBus.php,20201008101857-5f7e690125b05] STATUS: 1 API
2020-10-08T10:19:01+09:00 INFO (6): [localhost,Mac,Chrome,POST,/kamimine/ajax/getBusStopId8DigitList.php,20201008101900-5f7e6904def09] STATUS: 0 API
2020-10-08T10:19:01+09:00 INFO (6): [localhost,Mac,Chrome,POST,/kamimine/ajax/getBusStopList.php,20201008101900-5f7e6904e1383] STATUS: -1 Exception
2020-10-08T10:19:01+09:00 INFO (6): [localhost,Mac,Chrome,POST,/kamimine/ajax/getCoursePointList.php,20201008101900-5f7e6904e2345] STATUS: 0 API
2020-10-08T10:19:05+09:00 INFO (6): [localhost,Mac,Chrome,POST,/kamimine/ajax/getCoursePointList.php,20201008101905-5f7e6909c9eb4] STATUS: 0 API
2020-10-08T10:19:05+09:00 INFO (6): [localhost,Mac,Chrome,POST,/kamimine/ajax/getBusStopId8DigitList.php,20201008101905-5f7e6909cb36f] STATUS: 0 API
2020-10-08T10:19:05+09:00 INFO (6): [localhost,Mac,Chrome,POST,/kamimine/ajax/getBusStopList.php,20201008101905-5f7e6909c95ba] STATUS: -1 Exception
2020-10-08T10:19:08+09:00 INFO (6): [localhost,Mac,Chrome,POST,/kamimine/ajax/getBusStopId8DigitList.php,20201008101908-5f7e690c65c53] STATUS: 0 API
2020-10-08T10:19:08+09:00 INFO (6): [localhost,Mac,Chrome,POST,/kamimine/ajax/getBusStopList.php,20201008101908-5f7e690c66246] STATUS: -1 Exception
2020-10-08T10:19:08+09:00 INFO (6): [localhost,Mac,Chrome,POST,/kamimine/ajax/getCoursePointList.php,20201008101908-5f7e690c65b1e] STATUS: 0 API
2020-10-08T10:19:12+09:00 INFO (6): [localhost,Mac,Chrome,POST,/kamimine/ajax/getBusStopId8DigitList.php,20201008101912-5f7e691028fe4] STATUS: 0 API
2020-10-08T10:19:12+09:00 INFO (6): [localhost,Mac,Chrome,POST,/kamimine/ajax/getBusStopList.php,20201008101912-5f7e691027c80] STATUS: -1 Exception
2020-10-08T10:19:12+09:00 INFO (6): [localhost,Mac,Chrome,POST,/kamimine/ajax/getCoursePointList.php,20201008101912-5f7e691029303] STATUS: 0 API
2020-10-08T10:28:56+09:00 INFO (6): [localhost,Mac,Chrome,POST,/kamimine/ajax/getVariables.php,20201008102856-5f7e6b5848268] STATUS: 0 API
2020-10-08T10:28:56+09:00 INFO (6): [localhost,Mac,Chrome,POST,/kamimine/ajax/getCourseList.php,20201008102856-5f7e6b5887b36] STATUS: 0 API
2020-10-08T10:28:56+09:00 INFO (6): [localhost,Mac,Chrome,POST,/kamimine/ajax/checkServiceTime.php,20201008102856-5f7e6b5887384] STATUS: 0 API
2020-10-08T10:28:56+09:00 INFO (6): [localhost,Mac,Chrome,POST,/kamimine/ajax/getNewsTelop.php,20201008102856-5f7e6b5887916] STATUS: 0 API
2020-10-08T10:28:56+09:00 INFO (6): [localhost,Mac,Chrome,POST,/kamimine/ajax/getBusStopId8DigitList.php,20201008102856-5f7e6b58865d2] STATUS: -1 Exception
2020-10-08T10:29:04+09:00 INFO (6): [localhost,Mac,Chrome,POST,/kamimine/ajax/getBusStopId8DigitList.php,20201008102904-5f7e6b6017927] STATUS: 0 API
2020-10-08T10:29:04+09:00 INFO (6): [localhost,Mac,Chrome,POST,/kamimine/ajax/getCoursePointList.php,20201008102904-5f7e6b6017705] STATUS: 0 API
2020-10-08T10:29:04+09:00 INFO (6): [localhost,Mac,Chrome,POST,/kamimine/ajax/getBusStopList.php,20201008102904-5f7e6b6013774] STATUS: -1 Exception
2020-10-08T10:29:08+09:00 INFO (6): [localhost,Mac,Chrome,POST,/kamimine/ajax/getCoursePointList.php,20201008102908-5f7e6b64c384d] STATUS: 0 API
2020-10-08T10:29:08+09:00 INFO (6): [localhost,Mac,Chrome,POST,/kamimine/ajax/getBusStopList.php,20201008102908-5f7e6b64c2836] STATUS: -1 Exception
2020-10-08T10:29:08+09:00 INFO (6): [localhost,Mac,Chrome,POST,/kamimine/ajax/getBusStopId8DigitList.php,20201008102908-5f7e6b64c1570] STATUS: 0 API
2020-10-08T10:29:15+09:00 INFO (6): [localhost,Mac,Chrome,POST,/kamimine/ajax/searchBus.php,20201008102915-5f7e6b6b75f20] STATUS: 1 API
2020-10-08T10:29:19+09:00 INFO (6): [localhost,Mac,Chrome,POST,/kamimine/ajax/getBusStopId8DigitList.php,20201008102919-5f7e6b6fd0c62] STATUS: 0 API
2020-10-08T10:29:20+09:00 INFO (6): [localhost,Mac,Chrome,POST,/kamimine/ajax/getBusStopList.php,20201008102919-5f7e6b6fcff61] STATUS: -1 Exception
2020-10-08T10:29:20+09:00 INFO (6): [localhost,Mac,Chrome,POST,/kamimine/ajax/getCoursePointList.php,20201008102919-5f7e6b6fd1a96] STATUS: 0 API
2020-10-08T10:29:26+09:00 INFO (6): [localhost,Mac,Chrome,POST,/kamimine/ajax/searchBus.php,20201008102926-5f7e6b7647db4] STATUS: 1 API
2020-10-08T10:29:31+09:00 INFO (6): [localhost,Mac,Chrome,POST,/kamimine/ajax/searchBus.php,20201008102931-5f7e6b7bbd1d5] STATUS: 1 API
2020-10-08T10:29:45+09:00 INFO (6): [localhost,Mac,Chrome,POST,/kamimine/ajax/searchBus.php,20201008102945-5f7e6b89743ae] STATUS: 1 API
2020-10-08T10:29:50+09:00 INFO (6): [localhost,Mac,Chrome,POST,/kamimine/ajax/searchBus.php,20201008102950-5f7e6b8e59def] STATUS: 1 API
2020-10-08T11:00:22+09:00 INFO (6): [localhost,Mac,Chrome,POST,/kamimine/ajax/getVariables.php,20201008110022-5f7e72b6053e5] STATUS: 0 API
2020-10-08T11:00:22+09:00 INFO (6): [localhost,Mac,Chrome,POST,/kamimine/ajax/checkServiceTime.php,20201008110022-5f7e72b638d9d] STATUS: 0 API
2020-10-08T11:00:22+09:00 INFO (6): [localhost,Mac,Chrome,POST,/kamimine/ajax/getCourseList.php,20201008110022-5f7e72b637110] STATUS: 0 API
2020-10-08T11:00:22+09:00 INFO (6): [localhost,Mac,Chrome,POST,/kamimine/ajax/getNewsTelop.php,20201008110022-5f7e72b63b764] STATUS: 0 API
2020-10-08T11:00:22+09:00 INFO (6): [localhost,Mac,Chrome,POST,/kamimine/ajax/getBusStopId8DigitList.php,20201008110022-5f7e72b63623a] STATUS: -1 Exception
2020-10-08T11:01:43+09:00 INFO (6): [localhost,Mac,Chrome,POST,/kamimine/ajax/getBusStopId8DigitList.php,20201008110142-5f7e7306d947e] STATUS: 0 API
2020-10-08T11:01:43+09:00 INFO (6): [localhost,Mac,Chrome,POST,/kamimine/ajax/getCoursePointList.php,20201008110142-5f7e7306d5685] STATUS: 0 API
2020-10-08T11:01:43+09:00 INFO (6): [localhost,Mac,Chrome,POST,/kamimine/ajax/getBusStopList.php,20201008110142-5f7e7306d7a3e] STATUS: -1 Exception
2020-10-08T11:15:19+09:00 INFO (6): [localhost,Mac,Chrome,POST,/kamimine/ajax/getVariables.php,20201008111519-5f7e76372e375] STATUS: 0 API
2020-10-08T11:15:19+09:00 INFO (6): [localhost,Mac,Chrome,POST,/kamimine/ajax/checkServiceTime.php,20201008111519-5f7e7637675bf] STATUS: 0 API
2020-10-08T11:15:19+09:00 INFO (6): [localhost,Mac,Chrome,POST,/kamimine/ajax/getCourseList.php,20201008111519-5f7e763764482] STATUS: 0 API
2020-10-08T11:15:19+09:00 INFO (6): [localhost,Mac,Chrome,POST,/kamimine/ajax/getNewsTelop.php,20201008111519-5f7e763763bfc] STATUS: 0 API
2020-10-08T11:15:19+09:00 INFO (6): [localhost,Mac,Chrome,POST,/kamimine/ajax/getBusStopId8DigitList.php,20201008111519-5f7e7637664f1] STATUS: -1 Exception
2020-10-08T11:22:47+09:00 INFO (6): [localhost,Mac,Chrome,POST,/kamimine/ajax/getVariables.php,20201008112247-5f7e77f78c533] STATUS: 0 API
2020-10-08T11:22:47+09:00 INFO (6): [localhost,Mac,Chrome,POST,/kamimine/ajax/getCourseList.php,20201008112247-5f7e77f7be205] STATUS: 0 API
2020-10-08T11:22:47+09:00 INFO (6): [localhost,Mac,Chrome,POST,/kamimine/ajax/getNewsTelop.php,20201008112247-5f7e77f7c1654] STATUS: 0 API
2020-10-08T11:22:47+09:00 INFO (6): [localhost,Mac,Chrome,POST,/kamimine/ajax/checkServiceTime.php,20201008112247-5f7e77f7c5ab8] STATUS: 0 API
2020-10-08T11:22:47+09:00 INFO (6): [localhost,Mac,Chrome,POST,/kamimine/ajax/getBusStopId8DigitList.php,20201008112247-5f7e77f7c2040] STATUS: -1 Exception
2020-10-08T12:48:42+09:00 INFO (6): [localhost,Mac,Chrome,POST,/kamimine/ajax/getCoursePointList.php,20201008124841-5f7e8c19d5bf6] STATUS: 0 API
2020-10-08T12:48:42+09:00 INFO (6): [localhost,Mac,Chrome,POST,/kamimine/ajax/getBusStopId8DigitList.php,20201008124841-5f7e8c19d519f] STATUS: 0 API
2020-10-08T12:48:42+09:00 INFO (6): [localhost,Mac,Chrome,POST,/kamimine/ajax/getBusStopList.php,20201008124841-5f7e8c19d510a] STATUS: -1 Exception
2020-10-08T12:55:21+09:00 INFO (6): [localhost,Mac,Chrome,POST,/kamimine/ajax/getCoursePointList.php,20201008125521-5f7e8da9a8c15] STATUS: 0 API
2020-10-08T12:55:21+09:00 INFO (6): [localhost,Mac,Chrome,POST,/kamimine/ajax/getBusStopId8DigitList.php,20201008125521-5f7e8da9a905a] STATUS: 0 API
2020-10-08T12:55:21+09:00 INFO (6): [localhost,Mac,Chrome,POST,/kamimine/ajax/getBusStopList.php,20201008125521-5f7e8da9a8662] STATUS: -1 Exception
2020-10-08T12:56:34+09:00 INFO (6): [localhost,Mac,Chrome,POST,/kamimine/ajax/getBusStopId8DigitList.php,20201008125634-5f7e8df24ad80] STATUS: 0 API
2020-10-08T12:56:34+09:00 INFO (6): [localhost,Mac,Chrome,POST,/kamimine/ajax/getBusStopList.php,20201008125634-5f7e8df249fdd] STATUS: -1 Exception
2020-10-08T12:56:34+09:00 INFO (6): [localhost,Mac,Chrome,POST,/kamimine/ajax/getCoursePointList.php,20201008125634-5f7e8df24ce4c] STATUS: 0 API
2020-10-08T12:56:39+09:00 INFO (6): [localhost,Mac,Chrome,POST,/kamimine/ajax/getBusStopId8DigitList.php,20201008125639-5f7e8df7af3fd] STATUS: 0 API
2020-10-08T12:56:39+09:00 INFO (6): [localhost,Mac,Chrome,POST,/kamimine/ajax/getCoursePointList.php,20201008125639-5f7e8df7b1049] STATUS: 0 API
2020-10-08T12:56:39+09:00 INFO (6): [localhost,Mac,Chrome,POST,/kamimine/ajax/getBusStopList.php,20201008125639-5f7e8df7b0d2b] STATUS: -1 Exception
2020-10-08T12:56:43+09:00 INFO (6): [localhost,Mac,Chrome,POST,/kamimine/ajax/getBusStopList.php,20201008125642-5f7e8dfae2d57] STATUS: -1 Exception
2020-10-08T12:56:43+09:00 INFO (6): [localhost,Mac,Chrome,POST,/kamimine/ajax/getBusStopId8DigitList.php,20201008125642-5f7e8dfae1281] STATUS: -1 Exception
2020-10-08T12:56:43+09:00 INFO (6): [localhost,Mac,Chrome,POST,/kamimine/ajax/getCoursePointList.php,20201008125642-5f7e8dfae3d2d] STATUS: 0 API
2020-10-08T12:56:52+09:00 INFO (6): [localhost,Mac,Chrome,POST,/kamimine/ajax/getVariables.php,20201008125652-5f7e8e04a8494] STATUS: 0 API
2020-10-08T12:56:53+09:00 INFO (6): [localhost,Mac,Chrome,POST,/kamimine/ajax/getCourseList.php,20201008125652-5f7e8e04db293] STATUS: 0 API
2020-10-08T12:56:53+09:00 INFO (6): [localhost,Mac,Chrome,POST,/kamimine/ajax/checkServiceTime.php,20201008125652-5f7e8e04e176c] STATUS: 0 API
2020-10-08T12:56:53+09:00 INFO (6): [localhost,Mac,Chrome,POST,/kamimine/ajax/getNewsTelop.php,20201008125652-5f7e8e04e2973] STATUS: 0 API
2020-10-08T12:56:53+09:00 INFO (6): [localhost,Mac,Chrome,POST,/kamimine/ajax/getBusStopId8DigitList.php,20201008125652-5f7e8e04df76d] STATUS: -1 Exception
2020-10-08T12:56:58+09:00 INFO (6): [localhost,Mac,Chrome,POST,/kamimine/ajax/getBusStopId8DigitList.php,20201008125658-5f7e8e0a85e99] STATUS: 0 API
2020-10-08T12:56:58+09:00 INFO (6): [localhost,Mac,Chrome,POST,/kamimine/ajax/getCoursePointList.php,20201008125658-5f7e8e0a85376] STATUS: 0 API
2020-10-08T12:56:58+09:00 INFO (6): [localhost,Mac,Chrome,POST,/kamimine/ajax/getBusStopList.php,20201008125658-5f7e8e0a83c27] STATUS: -1 Exception
2020-10-08T12:57:00+09:00 INFO (6): [localhost,Mac,Chrome,POST,/kamimine/ajax/getBusStopId8DigitList.php,20201008125700-5f7e8e0c3069c] STATUS: -1 Exception
2020-10-08T12:57:00+09:00 INFO (6): [localhost,Mac,Chrome,POST,/kamimine/ajax/getBusStopList.php,20201008125700-5f7e8e0c30c12] STATUS: -1 Exception
2020-10-08T12:57:00+09:00 INFO (6): [localhost,Mac,Chrome,POST,/kamimine/ajax/getCoursePointList.php,20201008125700-5f7e8e0c31d74] STATUS: 0 API
2020-10-08T12:57:52+09:00 INFO (6): [localhost,Mac,Chrome,POST,/kamimine/ajax/getCoursePointList.php,20201008125752-5f7e8e40d1104] STATUS: 0 API
2020-10-08T12:57:52+09:00 INFO (6): [localhost,Mac,Chrome,POST,/kamimine/ajax/getBusStopId8DigitList.php,20201008125752-5f7e8e40d1f44] STATUS: 0 API
2020-10-08T12:57:53+09:00 INFO (6): [localhost,Mac,Chrome,POST,/kamimine/ajax/getBusStopList.php,20201008125752-5f7e8e40d18f5] STATUS: -1 Exception
2020-10-08T12:57:56+09:00 INFO (6): [localhost,Mac,Chrome,POST,/kamimine/ajax/getBusStopList.php,20201008125756-5f7e8e4402fde] STATUS: -1 Exception
2020-10-08T12:57:56+09:00 INFO (6): [localhost,Mac,Chrome,POST,/kamimine/ajax/getBusStopId8DigitList.php,20201008125756-5f7e8e4403753] STATUS: -1 Exception
2020-10-08T12:57:56+09:00 INFO (6): [localhost,Mac,Chrome,POST,/kamimine/ajax/getCoursePointList.php,20201008125756-5f7e8e440355a] STATUS: 0 API
2020-10-08T12:58:01+09:00 INFO (6): [localhost,Mac,Chrome,POST,/kamimine/ajax/getVariables.php,20201008125801-5f7e8e49ba2a8] STATUS: 0 API
2020-10-08T12:58:02+09:00 INFO (6): [localhost,Mac,Chrome,POST,/kamimine/ajax/getCourseList.php,20201008125801-5f7e8e49f279a] STATUS: 0 API
2020-10-08T12:58:02+09:00 INFO (6): [localhost,Mac,Chrome,POST,/kamimine/ajax/checkServiceTime.php,20201008125801-5f7e8e49f2000] STATUS: 0 API
2020-10-08T12:58:02+09:00 INFO (6): [localhost,Mac,Chrome,POST,/kamimine/ajax/getNewsTelop.php,20201008125802-5f7e8e4a00500] STATUS: 0 API
2020-10-08T12:58:02+09:00 INFO (6): [localhost,Mac,Chrome,POST,/kamimine/ajax/getBusStopId8DigitList.php,20201008125801-5f7e8e49f298b] STATUS: -1 Exception
2020-10-08T12:58:08+09:00 INFO (6): [localhost,Mac,Chrome,POST,/kamimine/ajax/getCoursePointList.php,20201008125808-5f7e8e50bf63a] STATUS: 0 API
2020-10-08T12:58:08+09:00 INFO (6): [localhost,Mac,Chrome,POST,/kamimine/ajax/getBusStopId8DigitList.php,20201008125808-5f7e8e50c02d0] STATUS: 0 API
2020-10-08T12:58:08+09:00 INFO (6): [localhost,Mac,Chrome,POST,/kamimine/ajax/getBusStopList.php,20201008125808-5f7e8e50bd32f] STATUS: -1 Exception
2020-10-08T12:58:17+09:00 INFO (6): [localhost,Mac,Chrome,POST,/kamimine/ajax/searchBus.php,20201008125817-5f7e8e595b2a6] STATUS: 1 API
2020-10-08T13:25:05+09:00 INFO (6): [localhost,Mac,Chrome,POST,/kamimine/ajax/getVariables.php,20201008132505-5f7e94a16ed23] STATUS: 0 API
2020-10-08T13:25:05+09:00 INFO (6): [localhost,Mac,Chrome,POST,/kamimine/ajax/getCourseList.php,20201008132505-5f7e94a19cd41] STATUS: 0 API
2020-10-08T13:25:05+09:00 INFO (6): [localhost,Mac,Chrome,POST,/kamimine/ajax/checkServiceTime.php,20201008132505-5f7e94a1a029c] STATUS: 0 API
2020-10-08T13:25:05+09:00 INFO (6): [localhost,Mac,Chrome,POST,/kamimine/ajax/getNewsTelop.php,20201008132505-5f7e94a19ffb6] STATUS: 0 API
2020-10-08T13:25:05+09:00 INFO (6): [localhost,Mac,Chrome,POST,/kamimine/ajax/getBusStopId8DigitList.php,20201008132505-5f7e94a19d9ab] STATUS: -1 Exception
2020-10-08T13:25:08+09:00 INFO (6): [localhost,Mac,Chrome,POST,/kamimine/ajax/getCoursePointList.php,20201008132508-5f7e94a4773df] STATUS: 0 API
2020-10-08T13:25:08+09:00 INFO (6): [localhost,Mac,Chrome,POST,/kamimine/ajax/getBusStopId8DigitList.php,20201008132508-5f7e94a47901b] STATUS: 0 API
2020-10-08T13:25:08+09:00 INFO (6): [localhost,Mac,Chrome,POST,/kamimine/ajax/getBusStopList.php,20201008132508-5f7e94a476874] STATUS: -1 Exception
2020-10-08T13:25:11+09:00 INFO (6): [localhost,Mac,Chrome,POST,/kamimine/ajax/getVariables.php,20201008132511-5f7e94a7a6350] STATUS: 0 API
2020-10-08T13:25:12+09:00 INFO (6): [localhost,Mac,Chrome,POST,/kamimine/ajax/checkServiceTime.php,20201008132511-5f7e94a7dd3c1] STATUS: 0 API
2020-10-08T13:25:12+09:00 INFO (6): [localhost,Mac,Chrome,POST,/kamimine/ajax/getCourseList.php,20201008132511-5f7e94a7d4f2c] STATUS: 0 API
2020-10-08T13:25:12+09:00 INFO (6): [localhost,Mac,Chrome,POST,/kamimine/ajax/getNewsTelop.php,20201008132511-5f7e94a7dbcd4] STATUS: 0 API
2020-10-08T13:25:12+09:00 INFO (6): [localhost,Mac,Chrome,POST,/kamimine/ajax/getBusStopId8DigitList.php,20201008132511-5f7e94a7d92e8] STATUS: -1 Exception
2020-10-08T13:25:29+09:00 INFO (6): [localhost,Mac,Chrome,POST,/kamimine/ajax/getVariables.php,20201008132529-5f7e94b95750e] STATUS: 0 API
2020-10-08T13:25:29+09:00 INFO (6): [localhost,Mac,Chrome,POST,/kamimine/ajax/checkServiceTime.php,20201008132529-5f7e94b98c79f] STATUS: 0 API
2020-10-08T13:25:29+09:00 INFO (6): [localhost,Mac,Chrome,POST,/kamimine/ajax/getCourseList.php,20201008132529-5f7e94b98cfac] STATUS: 0 API
2020-10-08T13:25:29+09:00 INFO (6): [localhost,Mac,Chrome,POST,/kamimine/ajax/getNewsTelop.php,20201008132529-5f7e94b98f166] STATUS: 0 API
2020-10-08T13:25:29+09:00 INFO (6): [localhost,Mac,Chrome,POST,/kamimine/ajax/getBusStopId8DigitList.php,20201008132529-5f7e94b98c94e] STATUS: -1 Exception
2020-10-08T13:25:47+09:00 INFO (6): [localhost,Mac,Chrome,POST,/kamimine/ajax/getCoursePointList.php,20201008132547-5f7e94cb72f36] STATUS: 0 API
2020-10-08T13:25:47+09:00 INFO (6): [localhost,Mac,Chrome,POST,/kamimine/ajax/getBusStopId8DigitList.php,20201008132547-5f7e94cb72f36] STATUS: 0 API
2020-10-08T13:25:47+09:00 INFO (6): [localhost,Mac,Chrome,POST,/kamimine/ajax/getBusStopList.php,20201008132547-5f7e94cb7382b] STATUS: -1 Exception
2020-10-08T13:25:52+09:00 INFO (6): [localhost,Mac,Chrome,POST,/kamimine/ajax/getVariables.php,20201008132552-5f7e94d000fe8] STATUS: 0 API
2020-10-08T13:25:52+09:00 INFO (6): [localhost,Mac,Chrome,POST,/kamimine/ajax/getCourseList.php,20201008132552-5f7e94d0339af] STATUS: 0 API
2020-10-08T13:25:52+09:00 INFO (6): [localhost,Mac,Chrome,POST,/kamimine/ajax/checkServiceTime.php,20201008132552-5f7e94d039474] STATUS: 0 API
2020-10-08T13:25:52+09:00 INFO (6): [localhost,Mac,Chrome,POST,/kamimine/ajax/getNewsTelop.php,20201008132552-5f7e94d0332aa] STATUS: 0 API
2020-10-08T13:25:52+09:00 INFO (6): [localhost,Mac,Chrome,POST,/kamimine/ajax/getBusStopId8DigitList.php,20201008132552-5f7e94d034507] STATUS: -1 Exception
2020-10-08T13:26:20+09:00 INFO (6): [localhost,Mac,Chrome,POST,/kamimine/ajax/getVariables.php,20201008132620-5f7e94ec75e74] STATUS: 0 API
2020-10-08T13:26:20+09:00 INFO (6): [localhost,Mac,Chrome,POST,/kamimine/ajax/checkServiceTime.php,20201008132620-5f7e94eca1119] STATUS: 0 API
2020-10-08T13:26:20+09:00 INFO (6): [localhost,Mac,Chrome,POST,/kamimine/ajax/getCourseList.php,20201008132620-5f7e94eca0814] STATUS: 0 API
2020-10-08T13:26:20+09:00 INFO (6): [localhost,Mac,Chrome,POST,/kamimine/ajax/getNewsTelop.php,20201008132620-5f7e94eca1b1b] STATUS: 0 API
2020-10-08T13:26:20+09:00 INFO (6): [localhost,Mac,Chrome,POST,/kamimine/ajax/getBusStopId8DigitList.php,20201008132620-5f7e94ec9f3c0] STATUS: -1 Exception
2020-10-08T13:26:34+09:00 INFO (6): [localhost,Mac,Chrome,POST,/kamimine/ajax/getVariables.php,20201008132634-5f7e94fa04ca5] STATUS: 0 API
2020-10-08T13:26:34+09:00 INFO (6): [localhost,Mac,Chrome,POST,/kamimine/ajax/getCourseList.php,20201008132634-5f7e94fa3e7a1] STATUS: 0 API
2020-10-08T13:26:34+09:00 INFO (6): [localhost,Mac,Chrome,POST,/kamimine/ajax/checkServiceTime.php,20201008132634-5f7e94fa44b3f] STATUS: 0 API
2020-10-08T13:26:34+09:00 INFO (6): [localhost,Mac,Chrome,POST,/kamimine/ajax/getNewsTelop.php,20201008132634-5f7e94fa41bb9] STATUS: 0 API
2020-10-08T13:26:34+09:00 INFO (6): [localhost,Mac,Chrome,POST,/kamimine/ajax/getBusStopId8DigitList.php,20201008132634-5f7e94fa3f42a] STATUS: -1 Exception
2020-10-08T15:50:25+09:00 INFO (6): [localhost,Mac,Chrome,POST,/kamimine/ajax/getCoursePointList.php,20201008155025-5f7eb6b19a708] STATUS: 0 API
2020-10-08T15:50:25+09:00 INFO (6): [localhost,Mac,Chrome,POST,/kamimine/ajax/getBusStopId8DigitList.php,20201008155025-5f7eb6b19abd9] STATUS: 0 API
2020-10-08T15:50:25+09:00 INFO (6): [localhost,Mac,Chrome,POST,/kamimine/ajax/getBusStopList.php,20201008155025-5f7eb6b19a5c1] STATUS: -1 Exception
