2020-10-08T10:05:24+09:00 INFO (6): [U:,T:20201008100524-5f7e65d480aca]rollBack
2020-10-08T10:05:24+09:00 INFO (6): [U:,T:20201008100524-5f7e65d480aca]
2020-10-08T10:05:24+09:00 INFO (6): [U:,T:20201008100524-5f7e65d480aca]rollBack
2020-10-08T10:05:24+09:00 INFO (6): [U:,T:20201008100524-5f7e65d480aca]
2020-10-08T10:06:01+09:00 INFO (6): [U:,T:20201008100601-5f7e65f940218]rollBack
2020-10-08T10:06:01+09:00 INFO (6): [U:,T:20201008100601-5f7e65f940218]
2020-10-08T10:06:01+09:00 INFO (6): [U:,T:20201008100601-5f7e65f940218]rollBack
2020-10-08T10:06:01+09:00 INFO (6): [U:,T:20201008100601-5f7e65f940218]
2020-10-08T10:18:46+09:00 INFO (6): [U:,T:20201008101845-5f7e68f5e44f3]rollBack
2020-10-08T10:18:46+09:00 INFO (6): [U:,T:20201008101845-5f7e68f5e44f3]
2020-10-08T10:18:46+09:00 INFO (6): [U:,T:20201008101845-5f7e68f5e44f3]rollBack
2020-10-08T10:18:46+09:00 INFO (6): [U:,T:20201008101845-5f7e68f5e44f3]
2020-10-08T10:18:50+09:00 INFO (6): [U:,T:20201008101850-5f7e68fac115a]rollBack
2020-10-08T10:18:50+09:00 INFO (6): [U:,T:20201008101850-5f7e68fac115a]
2020-10-08T10:18:50+09:00 INFO (6): [U:,T:20201008101850-5f7e68fac115a]rollBack
2020-10-08T10:18:50+09:00 INFO (6): [U:,T:20201008101850-5f7e68fac115a]
2020-10-08T10:18:57+09:00 INFO (6): [U:,T:20201008101857-5f7e690125b05]query:             INSERT INTO t_sbt_search_history VALUES(
                        :search_datetime,
                        :access_point,
                        :device,
                        :browser,
                        :class,
                        :buscompany_id,
                        :course_id,
                        :origin_busstop_id,
                        :destination_busstop_id,
                        :result_count
            );
2020-10-08T10:18:57+09:00 INFO (6): [U:,T:20201008101857-5f7e690125b05]Array
(
    [:search_datetime] => 2020-10-08 10:18:57
    [:access_point] => 172.21.0.1
    [:device] => Mac
    [:browser] => Chrome
    [:class] => searchBus
    [:buscompany_id] => KMM
    [:course_id] => 01
    [:origin_busstop_id] => 00000102
    [:destination_busstop_id] => 00000103
    [:result_count] => 0
)

2020-10-08T10:18:57+09:00 INFO (6): [U:,T:20201008101857-5f7e690125b05]commit
2020-10-08T10:18:57+09:00 INFO (6): [U:,T:20201008101857-5f7e690125b05]
2020-10-08T10:19:01+09:00 INFO (6): [U:,T:20201008101900-5f7e6904e1383]rollBack
2020-10-08T10:19:01+09:00 INFO (6): [U:,T:20201008101900-5f7e6904e1383]
2020-10-08T10:19:01+09:00 INFO (6): [U:,T:20201008101900-5f7e6904e1383]rollBack
2020-10-08T10:19:01+09:00 INFO (6): [U:,T:20201008101900-5f7e6904e1383]
2020-10-08T10:19:05+09:00 INFO (6): [U:,T:20201008101905-5f7e6909c95ba]rollBack
2020-10-08T10:19:05+09:00 INFO (6): [U:,T:20201008101905-5f7e6909c95ba]
2020-10-08T10:19:05+09:00 INFO (6): [U:,T:20201008101905-5f7e6909c95ba]rollBack
2020-10-08T10:19:05+09:00 INFO (6): [U:,T:20201008101905-5f7e6909c95ba]
2020-10-08T10:19:08+09:00 INFO (6): [U:,T:20201008101908-5f7e690c66246]rollBack
2020-10-08T10:19:08+09:00 INFO (6): [U:,T:20201008101908-5f7e690c66246]
2020-10-08T10:19:08+09:00 INFO (6): [U:,T:20201008101908-5f7e690c66246]rollBack
2020-10-08T10:19:08+09:00 INFO (6): [U:,T:20201008101908-5f7e690c66246]
2020-10-08T10:19:12+09:00 INFO (6): [U:,T:20201008101912-5f7e691027c80]rollBack
2020-10-08T10:19:12+09:00 INFO (6): [U:,T:20201008101912-5f7e691027c80]
2020-10-08T10:19:12+09:00 INFO (6): [U:,T:20201008101912-5f7e691027c80]rollBack
2020-10-08T10:19:12+09:00 INFO (6): [U:,T:20201008101912-5f7e691027c80]
2020-10-08T10:28:56+09:00 INFO (6): [U:,T:20201008102856-5f7e6b58865d2]rollBack
2020-10-08T10:28:56+09:00 INFO (6): [U:,T:20201008102856-5f7e6b58865d2]
2020-10-08T10:28:56+09:00 INFO (6): [U:,T:20201008102856-5f7e6b58865d2]rollBack
2020-10-08T10:28:56+09:00 INFO (6): [U:,T:20201008102856-5f7e6b58865d2]
2020-10-08T10:29:04+09:00 INFO (6): [U:,T:20201008102904-5f7e6b6013774]rollBack
2020-10-08T10:29:04+09:00 INFO (6): [U:,T:20201008102904-5f7e6b6013774]
2020-10-08T10:29:04+09:00 INFO (6): [U:,T:20201008102904-5f7e6b6013774]rollBack
2020-10-08T10:29:04+09:00 INFO (6): [U:,T:20201008102904-5f7e6b6013774]
2020-10-08T10:29:08+09:00 INFO (6): [U:,T:20201008102908-5f7e6b64c2836]rollBack
2020-10-08T10:29:08+09:00 INFO (6): [U:,T:20201008102908-5f7e6b64c2836]
2020-10-08T10:29:08+09:00 INFO (6): [U:,T:20201008102908-5f7e6b64c2836]rollBack
2020-10-08T10:29:08+09:00 INFO (6): [U:,T:20201008102908-5f7e6b64c2836]
2020-10-08T10:29:15+09:00 INFO (6): [U:,T:20201008102915-5f7e6b6b75f20]query:             INSERT INTO t_sbt_search_history VALUES(
                        :search_datetime,
                        :access_point,
                        :device,
                        :browser,
                        :class,
                        :buscompany_id,
                        :course_id,
                        :origin_busstop_id,
                        :destination_busstop_id,
                        :result_count
            );
2020-10-08T10:29:15+09:00 INFO (6): [U:,T:20201008102915-5f7e6b6b75f20]Array
(
    [:search_datetime] => 2020-10-08 10:29:15
    [:access_point] => 172.21.0.1
    [:device] => Mac
    [:browser] => Chrome
    [:class] => searchBus
    [:buscompany_id] => KMM
    [:course_id] => 01
    [:origin_busstop_id] => 00000102
    [:destination_busstop_id] => 00000104
    [:result_count] => 0
)

2020-10-08T10:29:15+09:00 INFO (6): [U:,T:20201008102915-5f7e6b6b75f20]commit
2020-10-08T10:29:15+09:00 INFO (6): [U:,T:20201008102915-5f7e6b6b75f20]
2020-10-08T10:29:19+09:00 INFO (6): [U:,T:20201008102919-5f7e6b6fcff61]rollBack
2020-10-08T10:29:19+09:00 INFO (6): [U:,T:20201008102919-5f7e6b6fcff61]
2020-10-08T10:29:19+09:00 INFO (6): [U:,T:20201008102919-5f7e6b6fcff61]rollBack
2020-10-08T10:29:19+09:00 INFO (6): [U:,T:20201008102919-5f7e6b6fcff61]
2020-10-08T10:29:26+09:00 INFO (6): [U:,T:20201008102926-5f7e6b7647db4]query:             INSERT INTO t_sbt_search_history VALUES(
                        :search_datetime,
                        :access_point,
                        :device,
                        :browser,
                        :class,
                        :buscompany_id,
                        :course_id,
                        :origin_busstop_id,
                        :destination_busstop_id,
                        :result_count
            );
2020-10-08T10:29:26+09:00 INFO (6): [U:,T:20201008102926-5f7e6b7647db4]Array
(
    [:search_datetime] => 2020-10-08 10:29:26
    [:access_point] => 172.21.0.1
    [:device] => Mac
    [:browser] => Chrome
    [:class] => searchBus
    [:buscompany_id] => KMM
    [:course_id] => 04
    [:origin_busstop_id] => 00000101
    [:destination_busstop_id] => 00000118
    [:result_count] => 0
)

2020-10-08T10:29:26+09:00 INFO (6): [U:,T:20201008102926-5f7e6b7647db4]commit
2020-10-08T10:29:26+09:00 INFO (6): [U:,T:20201008102926-5f7e6b7647db4]
2020-10-08T10:29:31+09:00 INFO (6): [U:,T:20201008102931-5f7e6b7bbd1d5]query:             INSERT INTO t_sbt_search_history VALUES(
                        :search_datetime,
                        :access_point,
                        :device,
                        :browser,
                        :class,
                        :buscompany_id,
                        :course_id,
                        :origin_busstop_id,
                        :destination_busstop_id,
                        :result_count
            );
2020-10-08T10:29:31+09:00 INFO (6): [U:,T:20201008102931-5f7e6b7bbd1d5]Array
(
    [:search_datetime] => 2020-10-08 10:29:31
    [:access_point] => 172.21.0.1
    [:device] => Mac
    [:browser] => Chrome
    [:class] => searchBus
    [:buscompany_id] => KMM
    [:course_id] => 04
    [:origin_busstop_id] => 00000101
    [:destination_busstop_id] => 00000122
    [:result_count] => 0
)

2020-10-08T10:29:31+09:00 INFO (6): [U:,T:20201008102931-5f7e6b7bbd1d5]commit
2020-10-08T10:29:31+09:00 INFO (6): [U:,T:20201008102931-5f7e6b7bbd1d5]
2020-10-08T10:29:45+09:00 INFO (6): [U:,T:20201008102945-5f7e6b89743ae]query:             INSERT INTO t_sbt_search_history VALUES(
                        :search_datetime,
                        :access_point,
                        :device,
                        :browser,
                        :class,
                        :buscompany_id,
                        :course_id,
                        :origin_busstop_id,
                        :destination_busstop_id,
                        :result_count
            );
2020-10-08T10:29:45+09:00 INFO (6): [U:,T:20201008102945-5f7e6b89743ae]Array
(
    [:search_datetime] => 2020-10-08 10:29:45
    [:access_point] => 172.21.0.1
    [:device] => Mac
    [:browser] => Chrome
    [:class] => searchBus
    [:buscompany_id] => KMM
    [:course_id] => 04
    [:origin_busstop_id] => 00000132
    [:destination_busstop_id] => 00000132
    [:result_count] => 0
)

2020-10-08T10:29:45+09:00 INFO (6): [U:,T:20201008102945-5f7e6b89743ae]commit
2020-10-08T10:29:45+09:00 INFO (6): [U:,T:20201008102945-5f7e6b89743ae]
2020-10-08T10:29:50+09:00 INFO (6): [U:,T:20201008102950-5f7e6b8e59def]query:             INSERT INTO t_sbt_search_history VALUES(
                        :search_datetime,
                        :access_point,
                        :device,
                        :browser,
                        :class,
                        :buscompany_id,
                        :course_id,
                        :origin_busstop_id,
                        :destination_busstop_id,
                        :result_count
            );
2020-10-08T10:29:50+09:00 INFO (6): [U:,T:20201008102950-5f7e6b8e59def]Array
(
    [:search_datetime] => 2020-10-08 10:29:50
    [:access_point] => 172.21.0.1
    [:device] => Mac
    [:browser] => Chrome
    [:class] => searchBus
    [:buscompany_id] => KMM
    [:course_id] => 04
    [:origin_busstop_id] => 00000123
    [:destination_busstop_id] => 00000132
    [:result_count] => 0
)

2020-10-08T10:29:50+09:00 INFO (6): [U:,T:20201008102950-5f7e6b8e59def]commit
2020-10-08T10:29:50+09:00 INFO (6): [U:,T:20201008102950-5f7e6b8e59def]
2020-10-08T11:00:22+09:00 INFO (6): [U:,T:20201008110022-5f7e72b63623a]rollBack
2020-10-08T11:00:22+09:00 INFO (6): [U:,T:20201008110022-5f7e72b63623a]
2020-10-08T11:00:22+09:00 INFO (6): [U:,T:20201008110022-5f7e72b63623a]rollBack
2020-10-08T11:00:22+09:00 INFO (6): [U:,T:20201008110022-5f7e72b63623a]
2020-10-08T11:01:43+09:00 INFO (6): [U:,T:20201008110142-5f7e7306d7a3e]rollBack
2020-10-08T11:01:43+09:00 INFO (6): [U:,T:20201008110142-5f7e7306d7a3e]
2020-10-08T11:01:43+09:00 INFO (6): [U:,T:20201008110142-5f7e7306d7a3e]rollBack
2020-10-08T11:01:43+09:00 INFO (6): [U:,T:20201008110142-5f7e7306d7a3e]
2020-10-08T11:15:19+09:00 INFO (6): [U:,T:20201008111519-5f7e7637664f1]rollBack
2020-10-08T11:15:19+09:00 INFO (6): [U:,T:20201008111519-5f7e7637664f1]
2020-10-08T11:15:19+09:00 INFO (6): [U:,T:20201008111519-5f7e7637664f1]rollBack
2020-10-08T11:15:19+09:00 INFO (6): [U:,T:20201008111519-5f7e7637664f1]
2020-10-08T11:22:47+09:00 INFO (6): [U:,T:20201008112247-5f7e77f7c2040]rollBack
2020-10-08T11:22:47+09:00 INFO (6): [U:,T:20201008112247-5f7e77f7c2040]
2020-10-08T11:22:47+09:00 INFO (6): [U:,T:20201008112247-5f7e77f7c2040]rollBack
2020-10-08T11:22:47+09:00 INFO (6): [U:,T:20201008112247-5f7e77f7c2040]
2020-10-08T12:48:42+09:00 INFO (6): [U:,T:20201008124841-5f7e8c19d510a]rollBack
2020-10-08T12:48:42+09:00 INFO (6): [U:,T:20201008124841-5f7e8c19d510a]
2020-10-08T12:48:42+09:00 INFO (6): [U:,T:20201008124841-5f7e8c19d510a]rollBack
2020-10-08T12:48:42+09:00 INFO (6): [U:,T:20201008124841-5f7e8c19d510a]
2020-10-08T12:55:21+09:00 INFO (6): [U:,T:20201008125521-5f7e8da9a8662]rollBack
2020-10-08T12:55:21+09:00 INFO (6): [U:,T:20201008125521-5f7e8da9a8662]
2020-10-08T12:55:21+09:00 INFO (6): [U:,T:20201008125521-5f7e8da9a8662]rollBack
2020-10-08T12:55:21+09:00 INFO (6): [U:,T:20201008125521-5f7e8da9a8662]
2020-10-08T12:56:34+09:00 INFO (6): [U:,T:20201008125634-5f7e8df249fdd]rollBack
2020-10-08T12:56:34+09:00 INFO (6): [U:,T:20201008125634-5f7e8df249fdd]
2020-10-08T12:56:34+09:00 INFO (6): [U:,T:20201008125634-5f7e8df249fdd]rollBack
2020-10-08T12:56:34+09:00 INFO (6): [U:,T:20201008125634-5f7e8df249fdd]
2020-10-08T12:56:39+09:00 INFO (6): [U:,T:20201008125639-5f7e8df7b0d2b]rollBack
2020-10-08T12:56:39+09:00 INFO (6): [U:,T:20201008125639-5f7e8df7b0d2b]
2020-10-08T12:56:39+09:00 INFO (6): [U:,T:20201008125639-5f7e8df7b0d2b]rollBack
2020-10-08T12:56:39+09:00 INFO (6): [U:,T:20201008125639-5f7e8df7b0d2b]
2020-10-08T12:56:43+09:00 INFO (6): [U:,T:20201008125642-5f7e8dfae2d57]rollBack
2020-10-08T12:56:43+09:00 INFO (6): [U:,T:20201008125642-5f7e8dfae1281]rollBack
2020-10-08T12:56:43+09:00 INFO (6): [U:,T:20201008125642-5f7e8dfae2d57]
2020-10-08T12:56:43+09:00 INFO (6): [U:,T:20201008125642-5f7e8dfae1281]
2020-10-08T12:56:43+09:00 INFO (6): [U:,T:20201008125642-5f7e8dfae2d57]rollBack
2020-10-08T12:56:43+09:00 INFO (6): [U:,T:20201008125642-5f7e8dfae1281]rollBack
2020-10-08T12:56:43+09:00 INFO (6): [U:,T:20201008125642-5f7e8dfae2d57]
2020-10-08T12:56:43+09:00 INFO (6): [U:,T:20201008125642-5f7e8dfae1281]
2020-10-08T12:56:53+09:00 INFO (6): [U:,T:20201008125652-5f7e8e04df76d]rollBack
2020-10-08T12:56:53+09:00 INFO (6): [U:,T:20201008125652-5f7e8e04df76d]
2020-10-08T12:56:53+09:00 INFO (6): [U:,T:20201008125652-5f7e8e04df76d]rollBack
2020-10-08T12:56:53+09:00 INFO (6): [U:,T:20201008125652-5f7e8e04df76d]
2020-10-08T12:56:58+09:00 INFO (6): [U:,T:20201008125658-5f7e8e0a83c27]rollBack
2020-10-08T12:56:58+09:00 INFO (6): [U:,T:20201008125658-5f7e8e0a83c27]
2020-10-08T12:56:58+09:00 INFO (6): [U:,T:20201008125658-5f7e8e0a83c27]rollBack
2020-10-08T12:56:58+09:00 INFO (6): [U:,T:20201008125658-5f7e8e0a83c27]
2020-10-08T12:57:00+09:00 INFO (6): [U:,T:20201008125700-5f7e8e0c3069c]rollBack
2020-10-08T12:57:00+09:00 INFO (6): [U:,T:20201008125700-5f7e8e0c3069c]
2020-10-08T12:57:00+09:00 INFO (6): [U:,T:20201008125700-5f7e8e0c3069c]rollBack
2020-10-08T12:57:00+09:00 INFO (6): [U:,T:20201008125700-5f7e8e0c30c12]rollBack
2020-10-08T12:57:00+09:00 INFO (6): [U:,T:20201008125700-5f7e8e0c3069c]
2020-10-08T12:57:00+09:00 INFO (6): [U:,T:20201008125700-5f7e8e0c30c12]
2020-10-08T12:57:00+09:00 INFO (6): [U:,T:20201008125700-5f7e8e0c30c12]rollBack
2020-10-08T12:57:00+09:00 INFO (6): [U:,T:20201008125700-5f7e8e0c30c12]
2020-10-08T12:57:52+09:00 INFO (6): [U:,T:20201008125752-5f7e8e40d18f5]rollBack
2020-10-08T12:57:52+09:00 INFO (6): [U:,T:20201008125752-5f7e8e40d18f5]
2020-10-08T12:57:52+09:00 INFO (6): [U:,T:20201008125752-5f7e8e40d18f5]rollBack
2020-10-08T12:57:52+09:00 INFO (6): [U:,T:20201008125752-5f7e8e40d18f5]
2020-10-08T12:57:56+09:00 INFO (6): [U:,T:20201008125756-5f7e8e4402fde]rollBack
2020-10-08T12:57:56+09:00 INFO (6): [U:,T:20201008125756-5f7e8e4402fde]
2020-10-08T12:57:56+09:00 INFO (6): [U:,T:20201008125756-5f7e8e4403753]rollBack
2020-10-08T12:57:56+09:00 INFO (6): [U:,T:20201008125756-5f7e8e4403753]
2020-10-08T12:57:56+09:00 INFO (6): [U:,T:20201008125756-5f7e8e4402fde]rollBack
2020-10-08T12:57:56+09:00 INFO (6): [U:,T:20201008125756-5f7e8e4402fde]
2020-10-08T12:57:56+09:00 INFO (6): [U:,T:20201008125756-5f7e8e4403753]rollBack
2020-10-08T12:57:56+09:00 INFO (6): [U:,T:20201008125756-5f7e8e4403753]
2020-10-08T12:58:02+09:00 INFO (6): [U:,T:20201008125801-5f7e8e49f298b]rollBack
2020-10-08T12:58:02+09:00 INFO (6): [U:,T:20201008125801-5f7e8e49f298b]
2020-10-08T12:58:02+09:00 INFO (6): [U:,T:20201008125801-5f7e8e49f298b]rollBack
2020-10-08T12:58:02+09:00 INFO (6): [U:,T:20201008125801-5f7e8e49f298b]
2020-10-08T12:58:08+09:00 INFO (6): [U:,T:20201008125808-5f7e8e50bd32f]rollBack
2020-10-08T12:58:08+09:00 INFO (6): [U:,T:20201008125808-5f7e8e50bd32f]
2020-10-08T12:58:08+09:00 INFO (6): [U:,T:20201008125808-5f7e8e50bd32f]rollBack
2020-10-08T12:58:08+09:00 INFO (6): [U:,T:20201008125808-5f7e8e50bd32f]
2020-10-08T12:58:17+09:00 INFO (6): [U:,T:20201008125817-5f7e8e595b2a6]query:             INSERT INTO t_sbt_search_history VALUES(
                        :search_datetime,
                        :access_point,
                        :device,
                        :browser,
                        :class,
                        :buscompany_id,
                        :course_id,
                        :origin_busstop_id,
                        :destination_busstop_id,
                        :result_count
            );
2020-10-08T12:58:17+09:00 INFO (6): [U:,T:20201008125817-5f7e8e595b2a6]Array
(
    [:search_datetime] => 2020-10-08 12:58:17
    [:access_point] => 172.21.0.1
    [:device] => Mac
    [:browser] => Chrome
    [:class] => searchBus
    [:buscompany_id] => KMM
    [:course_id] => 01
    [:origin_busstop_id] => 00000101
    [:destination_busstop_id] => 00000105
    [:result_count] => 0
)

2020-10-08T12:58:17+09:00 INFO (6): [U:,T:20201008125817-5f7e8e595b2a6]commit
2020-10-08T12:58:17+09:00 INFO (6): [U:,T:20201008125817-5f7e8e595b2a6]
2020-10-08T13:25:05+09:00 INFO (6): [U:,T:20201008132505-5f7e94a19d9ab]rollBack
2020-10-08T13:25:05+09:00 INFO (6): [U:,T:20201008132505-5f7e94a19d9ab]
2020-10-08T13:25:05+09:00 INFO (6): [U:,T:20201008132505-5f7e94a19d9ab]rollBack
2020-10-08T13:25:05+09:00 INFO (6): [U:,T:20201008132505-5f7e94a19d9ab]
2020-10-08T13:25:08+09:00 INFO (6): [U:,T:20201008132508-5f7e94a476874]rollBack
2020-10-08T13:25:08+09:00 INFO (6): [U:,T:20201008132508-5f7e94a476874]
2020-10-08T13:25:08+09:00 INFO (6): [U:,T:20201008132508-5f7e94a476874]rollBack
2020-10-08T13:25:08+09:00 INFO (6): [U:,T:20201008132508-5f7e94a476874]
2020-10-08T13:25:12+09:00 INFO (6): [U:,T:20201008132511-5f7e94a7d92e8]rollBack
2020-10-08T13:25:12+09:00 INFO (6): [U:,T:20201008132511-5f7e94a7d92e8]
2020-10-08T13:25:12+09:00 INFO (6): [U:,T:20201008132511-5f7e94a7d92e8]rollBack
2020-10-08T13:25:12+09:00 INFO (6): [U:,T:20201008132511-5f7e94a7d92e8]
2020-10-08T13:25:29+09:00 INFO (6): [U:,T:20201008132529-5f7e94b98c94e]rollBack
2020-10-08T13:25:29+09:00 INFO (6): [U:,T:20201008132529-5f7e94b98c94e]
2020-10-08T13:25:29+09:00 INFO (6): [U:,T:20201008132529-5f7e94b98c94e]rollBack
2020-10-08T13:25:29+09:00 INFO (6): [U:,T:20201008132529-5f7e94b98c94e]
2020-10-08T13:25:47+09:00 INFO (6): [U:,T:20201008132547-5f7e94cb7382b]rollBack
2020-10-08T13:25:47+09:00 INFO (6): [U:,T:20201008132547-5f7e94cb7382b]
2020-10-08T13:25:47+09:00 INFO (6): [U:,T:20201008132547-5f7e94cb7382b]rollBack
2020-10-08T13:25:47+09:00 INFO (6): [U:,T:20201008132547-5f7e94cb7382b]
2020-10-08T13:25:52+09:00 INFO (6): [U:,T:20201008132552-5f7e94d034507]rollBack
2020-10-08T13:25:52+09:00 INFO (6): [U:,T:20201008132552-5f7e94d034507]
2020-10-08T13:25:52+09:00 INFO (6): [U:,T:20201008132552-5f7e94d034507]rollBack
2020-10-08T13:25:52+09:00 INFO (6): [U:,T:20201008132552-5f7e94d034507]
2020-10-08T13:26:20+09:00 INFO (6): [U:,T:20201008132620-5f7e94ec9f3c0]rollBack
2020-10-08T13:26:20+09:00 INFO (6): [U:,T:20201008132620-5f7e94ec9f3c0]
2020-10-08T13:26:20+09:00 INFO (6): [U:,T:20201008132620-5f7e94ec9f3c0]rollBack
2020-10-08T13:26:20+09:00 INFO (6): [U:,T:20201008132620-5f7e94ec9f3c0]
2020-10-08T13:26:34+09:00 INFO (6): [U:,T:20201008132634-5f7e94fa3f42a]rollBack
2020-10-08T13:26:34+09:00 INFO (6): [U:,T:20201008132634-5f7e94fa3f42a]
2020-10-08T13:26:34+09:00 INFO (6): [U:,T:20201008132634-5f7e94fa3f42a]rollBack
2020-10-08T13:26:34+09:00 INFO (6): [U:,T:20201008132634-5f7e94fa3f42a]
2020-10-08T15:50:25+09:00 INFO (6): [U:,T:20201008155025-5f7eb6b19a5c1]rollBack
2020-10-08T15:50:25+09:00 INFO (6): [U:,T:20201008155025-5f7eb6b19a5c1]
2020-10-08T15:50:25+09:00 INFO (6): [U:,T:20201008155025-5f7eb6b19a5c1]rollBack
2020-10-08T15:50:25+09:00 INFO (6): [U:,T:20201008155025-5f7eb6b19a5c1]
