2020-11-09T09:20:24+09:00 INFO (6): [localhost,Mac,Chrome,POST,/kamimine/ajax/getVariables.php,20201109092024-5fa88b484ebdf] STATUS: 0 API
2020-11-09T09:20:24+09:00 INFO (6): [localhost,Mac,Chrome,POST,/kamimine/ajax/getCourseList.php,20201109092024-5fa88b48a8ef6] STATUS: 0 API
2020-11-09T09:20:24+09:00 INFO (6): [localhost,Mac,Chrome,POST,/kamimine/ajax/checkServiceTime.php,20201109092024-5fa88b48b0cd6] STATUS: 0 API
2020-11-09T09:20:25+09:00 INFO (6): [localhost,Mac,Chrome,POST,/kamimine/ajax/getNewsTelop.php,20201109092024-5fa88b48a7a8c] STATUS: 0 API
2020-11-09T09:20:25+09:00 INFO (6): [localhost,Mac,Chrome,POST,/kamimine/ajax/getBusStopId8DigitList.php,20201109092024-5fa88b48b0692] STATUS: 0 API
2020-11-09T09:20:25+09:00 INFO (6): [localhost,Mac,Chrome,POST,/kamimine/ajax/getBusStopId8DigitList.php,20201109092024-5fa88b48b035b] STATUS: 0 API
2020-11-09T09:20:25+09:00 INFO (6): [localhost,Mac,Chrome,POST,/kamimine/ajax/getCoursePointList.php,20201109092025-5fa88b494bc68] STATUS: 0 API
2020-11-09T09:20:26+09:00 INFO (6): [localhost,Mac,Chrome,POST,/kamimine/ajax/getBusStopList.php,20201109092024-5fa88b48b3be1] STATUS: 0 API
2020-11-09T09:20:27+09:00 INFO (6): [localhost,Mac,Chrome,POST,/kamimine/ajax/getBusStopList.php,20201109092026-5fa88b4acbef9] STATUS: 0 API
2020-11-09T09:20:27+09:00 INFO (6): [localhost,Mac,Chrome,POST,/kamimine/ajax/getBusStopId8DigitList.php,20201109092026-5fa88b4acdebe] STATUS: 0 API
2020-11-09T09:20:27+09:00 INFO (6): [localhost,Mac,Chrome,POST,/kamimine/ajax/getCoursePointList.php,20201109092026-5fa88b4ace644] STATUS: 0 API
2020-11-09T09:20:29+09:00 INFO (6): [localhost,Mac,Chrome,POST,/kamimine/ajax/getBusStopId8DigitList.php,20201109092029-5fa88b4d0f050] STATUS: 0 API
2020-11-09T09:20:29+09:00 INFO (6): [localhost,Mac,Chrome,POST,/kamimine/ajax/getBusStopList.php,20201109092029-5fa88b4d0ff65] STATUS: 0 API
2020-11-09T09:20:39+09:00 INFO (6): [localhost,Mac,Chrome,POST,/kamimine/ajax/getBusStopId8DigitList.php,20201109092038-5fa88b56e3689] STATUS: 0 API
2020-11-09T09:20:39+09:00 INFO (6): [localhost,Mac,Chrome,POST,/kamimine/ajax/getBusStopId8DigitList.php,20201109092038-5fa88b56e6aa4] STATUS: 0 API
2020-11-09T09:20:39+09:00 INFO (6): [localhost,Mac,Chrome,POST,/kamimine/ajax/getBusStopList.php,20201109092038-5fa88b56e1c28] STATUS: 0 API
2020-11-09T09:20:51+09:00 INFO (6): [localhost,Mac,Chrome,POST,/kamimine/ajax/getVariables.php,20201109092051-5fa88b63b7944] STATUS: 0 API
2020-11-09T09:20:52+09:00 INFO (6): [localhost,Mac,Chrome,POST,/kamimine/ajax/getCourseList.php,20201109092052-5fa88b641eb16] STATUS: 0 API
2020-11-09T09:20:52+09:00 INFO (6): [localhost,Mac,Chrome,POST,/kamimine/ajax/checkServiceTime.php,20201109092052-5fa88b641fe61] STATUS: 0 API
2020-11-09T09:20:52+09:00 INFO (6): [localhost,Mac,Chrome,POST,/kamimine/ajax/getNewsTelop.php,20201109092052-5fa88b6420d1b] STATUS: 0 API
2020-11-09T09:20:52+09:00 INFO (6): [localhost,Mac,Chrome,POST,/kamimine/ajax/getBusStopId8DigitList.php,20201109092052-5fa88b64206a2] STATUS: 0 API
2020-11-09T09:20:52+09:00 INFO (6): [localhost,Mac,Chrome,POST,/kamimine/ajax/getBusStopId8DigitList.php,20201109092052-5fa88b6425940] STATUS: 0 API
2020-11-09T09:20:52+09:00 INFO (6): [localhost,Mac,Chrome,POST,/kamimine/ajax/getCoursePointList.php,20201109092052-5fa88b64922b7] STATUS: 0 API
2020-11-09T09:20:53+09:00 INFO (6): [localhost,Mac,Chrome,POST,/kamimine/ajax/getBusStopList.php,20201109092052-5fa88b6429c8a] STATUS: 0 API
2020-11-09T09:20:55+09:00 INFO (6): [localhost,Mac,Chrome,POST,/kamimine/ajax/getBusStopList.php,20201109092054-5fa88b66e258f] STATUS: 0 API
2020-11-09T09:20:55+09:00 INFO (6): [localhost,Mac,Chrome,POST,/kamimine/ajax/getBusStopId8DigitList.php,20201109092054-5fa88b66e58dd] STATUS: 0 API
2020-11-09T09:20:55+09:00 INFO (6): [localhost,Mac,Chrome,POST,/kamimine/ajax/getCoursePointList.php,20201109092054-5fa88b66e37a0] STATUS: 0 API
2020-11-09T09:20:57+09:00 INFO (6): [localhost,Mac,Chrome,POST,/kamimine/ajax/getBusStopId8DigitList.php,20201109092056-5fa88b68f29bc] STATUS: 0 API
2020-11-09T09:20:57+09:00 INFO (6): [localhost,Mac,Chrome,POST,/kamimine/ajax/getBusStopList.php,20201109092056-5fa88b68f1fcc] STATUS: 0 API
2020-11-09T09:20:59+09:00 INFO (6): [localhost,Mac,Chrome,POST,/kamimine/ajax/getBusStopId8DigitList.php,20201109092058-5fa88b6ad724a] STATUS: 0 API
2020-11-09T09:20:59+09:00 INFO (6): [localhost,Mac,Chrome,POST,/kamimine/ajax/getBusStopList.php,20201109092058-5fa88b6ad6dbf] STATUS: 0 API
2020-11-09T09:20:59+09:00 INFO (6): [localhost,Mac,Chrome,POST,/kamimine/ajax/getBusStopId8DigitList.php,20201109092058-5fa88b6ad6d31] STATUS: 0 API
2020-11-09T09:32:58+09:00 INFO (6): [localhost,Mac,Chrome,POST,/kamimine/ajax/getVariables.php,20201109093258-5fa88e3acf852] STATUS: 0 API
2020-11-09T09:32:59+09:00 INFO (6): [localhost,Mac,Chrome,POST,/kamimine/ajax/checkServiceTime.php,20201109093259-5fa88e3b233be] STATUS: 0 API
2020-11-09T09:32:59+09:00 INFO (6): [localhost,Mac,Chrome,POST,/kamimine/ajax/getCourseList.php,20201109093259-5fa88e3b1f301] STATUS: 0 API
2020-11-09T09:32:59+09:00 INFO (6): [localhost,Mac,Chrome,POST,/kamimine/ajax/getBusStopId8DigitList.php,20201109093259-5fa88e3b1efc8] STATUS: 0 API
2020-11-09T09:32:59+09:00 INFO (6): [localhost,Mac,Chrome,POST,/kamimine/ajax/getBusStopId8DigitList.php,20201109093259-5fa88e3b1cb85] STATUS: 0 API
2020-11-09T09:32:59+09:00 INFO (6): [localhost,Mac,Chrome,POST,/kamimine/ajax/getNewsTelop.php,20201109093259-5fa88e3b30eec] STATUS: 0 API
2020-11-09T09:32:59+09:00 INFO (6): [localhost,Mac,Chrome,POST,/kamimine/ajax/getCoursePointList.php,20201109093259-5fa88e3b9dbac] STATUS: 0 API
2020-11-09T09:33:00+09:00 INFO (6): [localhost,Mac,Chrome,POST,/kamimine/ajax/getBusStopList.php,20201109093259-5fa88e3b24d95] STATUS: 0 API
