2020-11-02T09:16:57+09:00 INFO (6): [localhost,Mac,Chrome,POST,/kamimine/ajax/getBusStopList.php,20201102091657-5f9f4ff969d7e] STATUS: -1 Exception
2020-11-02T09:16:58+09:00 INFO (6): [localhost,Mac,Chrome,POST,/kamimine/ajax/getBusStopList.php,20201102091658-5f9f4ffa9d884] STATUS: -1 Exception
2020-11-02T09:18:15+09:00 INFO (6): [localhost,Mac,Chrome,POST,/kamimine/ajax/getVariables.php,20201102091815-5f9f50477b060] STATUS: 0 API
2020-11-02T09:18:15+09:00 INFO (6): [localhost,Mac,Chrome,POST,/kamimine/ajax/getCourseList.php,20201102091815-5f9f5047b7773] STATUS: 0 API
2020-11-02T09:18:16+09:00 INFO (6): [localhost,Mac,Chrome,POST,/kamimine/ajax/checkServiceTime.php,20201102091815-5f9f5047c52bc] STATUS: 0 API
2020-11-02T09:18:16+09:00 INFO (6): [localhost,Mac,Chrome,POST,/kamimine/ajax/getNewsTelop.php,20201102091815-5f9f5047c4ed2] STATUS: 0 API
2020-11-02T09:18:16+09:00 INFO (6): [localhost,Mac,Chrome,POST,/kamimine/ajax/getBusStopList.php,20201102091815-5f9f5047c2373] STATUS: 0 API
2020-11-02T09:18:16+09:00 INFO (6): [localhost,Mac,Chrome,POST,/kamimine/ajax/getCoursePointList.php,20201102091815-5f9f5047ca92a] STATUS: 0 API
2020-11-02T09:18:17+09:00 INFO (6): [localhost,Mac,Chrome,POST,/kamimine/ajax/getBusStopList.php,20201102091817-5f9f50497165a] STATUS: 0 API
2020-11-02T09:18:17+09:00 INFO (6): [localhost,Mac,Chrome,POST,/kamimine/ajax/getBusStopId8DigitList.php,20201102091817-5f9f504978008] STATUS: 0 API
2020-11-02T09:18:17+09:00 INFO (6): [localhost,Mac,Chrome,POST,/kamimine/ajax/getCoursePointList.php,20201102091817-5f9f5049779a7] STATUS: 0 API
2020-11-02T09:18:19+09:00 INFO (6): [localhost,Mac,Chrome,POST,/kamimine/ajax/getBusStopId8DigitList.php,20201102091819-5f9f504b2c57d] STATUS: 0 API
2020-11-02T09:18:19+09:00 INFO (6): [localhost,Mac,Chrome,POST,/kamimine/ajax/getBusStopList.php,20201102091819-5f9f504b4b4ca] STATUS: -1 Exception
2020-11-02T09:18:22+09:00 INFO (6): [localhost,Mac,Chrome,POST,/kamimine/ajax/getBusStopList.php,20201102091822-5f9f504eb88b1] STATUS: -1 Exception
2020-11-02T09:18:26+09:00 INFO (6): [localhost,Mac,Chrome,POST,/kamimine/ajax/getBusStopList.php,20201102091826-5f9f50520f814] STATUS: -1 Exception
2020-11-02T09:23:30+09:00 INFO (6): [localhost,Mac,Chrome,POST,/kamimine/ajax/getVariables.php,20201102092330-5f9f51828d914] STATUS: 0 API
2020-11-02T09:23:30+09:00 INFO (6): [localhost,Mac,Chrome,POST,/kamimine/ajax/getCourseList.php,20201102092330-5f9f5182c0a85] STATUS: 0 API
2020-11-02T09:23:30+09:00 INFO (6): [localhost,Mac,Chrome,POST,/kamimine/ajax/checkServiceTime.php,20201102092330-5f9f5182c2cef] STATUS: 0 API
2020-11-02T09:23:31+09:00 INFO (6): [localhost,Mac,Chrome,POST,/kamimine/ajax/getBusStopList.php,20201102092330-5f9f5182c407e] STATUS: 0 API
2020-11-02T09:23:31+09:00 INFO (6): [localhost,Mac,Chrome,POST,/kamimine/ajax/getNewsTelop.php,20201102092330-5f9f5182c27e9] STATUS: 0 API
2020-11-02T09:23:31+09:00 INFO (6): [localhost,Mac,Chrome,POST,/kamimine/ajax/getCoursePointList.php,20201102092330-5f9f5182c5cf0] STATUS: 0 API
2020-11-02T09:23:33+09:00 INFO (6): [localhost,Mac,Chrome,POST,/kamimine/ajax/getBusStopList.php,20201102092333-5f9f5185288ab] STATUS: 0 API
2020-11-02T09:23:33+09:00 INFO (6): [localhost,Mac,Chrome,POST,/kamimine/ajax/getBusStopId8DigitList.php,20201102092333-5f9f5185287ed] STATUS: 0 API
2020-11-02T09:23:33+09:00 INFO (6): [localhost,Mac,Chrome,POST,/kamimine/ajax/getCoursePointList.php,20201102092333-5f9f51852b2c1] STATUS: 0 API
2020-11-02T09:23:35+09:00 INFO (6): [localhost,Mac,Chrome,POST,/kamimine/ajax/getBusStopId8DigitList.php,20201102092335-5f9f518758307] STATUS: 0 API
2020-11-02T09:23:35+09:00 INFO (6): [localhost,Mac,Chrome,POST,/kamimine/ajax/getBusStopList.php,20201102092335-5f9f518773bfd] STATUS: 0 API
2020-11-02T09:23:37+09:00 INFO (6): [localhost,Mac,Chrome,POST,/kamimine/ajax/getBusStopList.php,20201102092337-5f9f518917723] STATUS: -1 Exception
2020-11-02T09:23:39+09:00 INFO (6): [localhost,Mac,Chrome,POST,/kamimine/ajax/getVariables.php,20201102092339-5f9f518bca19a] STATUS: 0 API
2020-11-02T09:23:40+09:00 INFO (6): [localhost,Mac,Chrome,POST,/kamimine/ajax/getCourseList.php,20201102092340-5f9f518c262ea] STATUS: 0 API
2020-11-02T09:23:40+09:00 INFO (6): [localhost,Mac,Chrome,POST,/kamimine/ajax/checkServiceTime.php,20201102092340-5f9f518c2a31b] STATUS: 0 API
2020-11-02T09:23:40+09:00 INFO (6): [localhost,Mac,Chrome,POST,/kamimine/ajax/getNewsTelop.php,20201102092340-5f9f518c2d6dc] STATUS: 0 API
2020-11-02T09:23:40+09:00 INFO (6): [localhost,Mac,Chrome,POST,/kamimine/ajax/getBusStopList.php,20201102092340-5f9f518c2fa99] STATUS: 0 API
2020-11-02T09:23:40+09:00 INFO (6): [localhost,Mac,Chrome,POST,/kamimine/ajax/getCoursePointList.php,20201102092340-5f9f518c2f219] STATUS: 0 API
2020-11-02T09:23:42+09:00 INFO (6): [localhost,Mac,Chrome,POST,/kamimine/ajax/getBusStopList.php,20201102092342-5f9f518e21457] STATUS: 0 API
2020-11-02T09:23:42+09:00 INFO (6): [localhost,Mac,Chrome,POST,/kamimine/ajax/getBusStopId8DigitList.php,20201102092342-5f9f518e26a25] STATUS: 0 API
2020-11-02T09:23:42+09:00 INFO (6): [localhost,Mac,Chrome,POST,/kamimine/ajax/getCoursePointList.php,20201102092342-5f9f518e22e12] STATUS: 0 API
2020-11-02T09:23:44+09:00 INFO (6): [localhost,Mac,Chrome,POST,/kamimine/ajax/getBusStopList.php,20201102092343-5f9f518ff0941] STATUS: -1 Exception
2020-11-02T09:23:44+09:00 INFO (6): [localhost,Mac,Chrome,POST,/kamimine/ajax/getBusStopId8DigitList.php,20201102092343-5f9f518fed289] STATUS: 0 API
2020-11-02T09:23:45+09:00 INFO (6): [localhost,Mac,Chrome,POST,/kamimine/ajax/getBusStopList.php,20201102092345-5f9f51917fc17] STATUS: -1 Exception
2020-11-02T09:23:57+09:00 INFO (6): [localhost,Mac,Chrome,POST,/kamimine/ajax/getBusStopList.php,20201102092357-5f9f519dc119b] STATUS: -1 Exception
2020-11-02T09:24:06+09:00 INFO (6): [localhost,Mac,Chrome,POST,/kamimine/ajax/getBusStopList.php,20201102092406-5f9f51a63ba2f] STATUS: -1 Exception
2020-11-02T09:26:06+09:00 INFO (6): [localhost,Mac,Chrome,POST,/kamimine/ajax/getBusStopList.php,20201102092606-5f9f521e530bb] STATUS: -1 Exception
2020-11-02T09:26:10+09:00 INFO (6): [localhost,Mac,Chrome,POST,/kamimine/ajax/getBusStopList.php,20201102092610-5f9f522215036] STATUS: -1 Exception
2020-11-02T09:26:14+09:00 INFO (6): [localhost,Mac,Chrome,POST,/kamimine/ajax/getBusStopList.php,20201102092614-5f9f5226b625f] STATUS: -1 Exception
2020-11-02T09:26:16+09:00 INFO (6): [localhost,Mac,Chrome,POST,/kamimine/ajax/getBusStopList.php,20201102092616-5f9f522880514] STATUS: 0 API
2020-11-02T09:26:16+09:00 INFO (6): [localhost,Mac,Chrome,POST,/kamimine/ajax/getBusStopId8DigitList.php,20201102092616-5f9f5228817d4] STATUS: 0 API
2020-11-02T09:26:16+09:00 INFO (6): [localhost,Mac,Chrome,POST,/kamimine/ajax/getCoursePointList.php,20201102092616-5f9f522882d89] STATUS: 0 API
2020-11-02T09:26:23+09:00 INFO (6): [localhost,Mac,Chrome,POST,/kamimine/ajax/getBusStopId8DigitList.php,20201102092623-5f9f522fb3236] STATUS: 0 API
2020-11-02T09:26:23+09:00 INFO (6): [localhost,Mac,Chrome,POST,/kamimine/ajax/getBusStopList.php,20201102092623-5f9f522fb3078] STATUS: 0 API
2020-11-02T09:26:26+09:00 INFO (6): [localhost,Mac,Chrome,POST,/kamimine/ajax/getBusStopList.php,20201102092626-5f9f523292f14] STATUS: -1 Exception
2020-11-02T09:45:50+09:00 INFO (6): [localhost,Mac,Chrome,POST,/kamimine/ajax/getVariables.php,20201102094550-5f9f56be3d476] STATUS: 0 API
2020-11-02T09:45:50+09:00 INFO (6): [localhost,Mac,Chrome,POST,/kamimine/ajax/getCourseList.php,20201102094550-5f9f56be83896] STATUS: 0 API
2020-11-02T09:45:50+09:00 INFO (6): [localhost,Mac,Chrome,POST,/kamimine/ajax/getNewsTelop.php,20201102094550-5f9f56be8a218] STATUS: 0 API
2020-11-02T09:45:50+09:00 INFO (6): [localhost,Mac,Chrome,POST,/kamimine/ajax/checkServiceTime.php,20201102094550-5f9f56be8bca8] STATUS: 0 API
2020-11-02T09:45:50+09:00 INFO (6): [localhost,Mac,Chrome,POST,/kamimine/ajax/getBusStopId8DigitList.php,20201102094550-5f9f56be83139] STATUS: 0 API
2020-11-02T09:45:50+09:00 INFO (6): [localhost,Mac,Chrome,POST,/kamimine/ajax/getBusStopList.php,20201102094550-5f9f56be8b990] STATUS: 0 API
2020-11-02T09:45:50+09:00 INFO (6): [localhost,Mac,Chrome,POST,/kamimine/ajax/getBusStopId8DigitList.php,20201102094550-5f9f56be831ea] STATUS: 0 API
2020-11-02T09:45:51+09:00 INFO (6): [localhost,Mac,Chrome,POST,/kamimine/ajax/getCoursePointList.php,20201102094550-5f9f56bed5089] STATUS: 0 API
2020-11-02T09:45:52+09:00 INFO (6): [localhost,Mac,Chrome,POST,/kamimine/ajax/getBusStopList.php,20201102094552-5f9f56c028293] STATUS: 0 API
2020-11-02T09:45:52+09:00 INFO (6): [localhost,Mac,Chrome,POST,/kamimine/ajax/getBusStopId8DigitList.php,20201102094552-5f9f56c02e49d] STATUS: 0 API
2020-11-02T09:45:52+09:00 INFO (6): [localhost,Mac,Chrome,POST,/kamimine/ajax/getCoursePointList.php,20201102094552-5f9f56c0230c2] STATUS: 0 API
2020-11-02T09:45:53+09:00 INFO (6): [localhost,Mac,Chrome,POST,/kamimine/ajax/getBusStopId8DigitList.php,20201102094553-5f9f56c1a4d35] STATUS: 0 API
2020-11-02T09:45:53+09:00 INFO (6): [localhost,Mac,Chrome,POST,/kamimine/ajax/getBusStopList.php,20201102094553-5f9f56c1ab0b8] STATUS: 0 API
2020-11-02T09:45:55+09:00 INFO (6): [localhost,Mac,Chrome,POST,/kamimine/ajax/getBusStopList.php,20201102094555-5f9f56c342ca2] STATUS: -1 Exception
2020-11-02T09:56:52+09:00 INFO (6): [localhost,Mac,Chrome,POST,/kamimine/ajax/getVariables.php,20201102095652-5f9f5954e5ae5] STATUS: 0 API
2020-11-02T09:56:53+09:00 INFO (6): [localhost,Mac,Chrome,POST,/kamimine/ajax/checkServiceTime.php,20201102095653-5f9f59552d89f] STATUS: 0 API
2020-11-02T09:56:53+09:00 INFO (6): [localhost,Mac,Chrome,POST,/kamimine/ajax/getCourseList.php,20201102095653-5f9f59552ae2d] STATUS: 0 API
2020-11-02T09:56:53+09:00 INFO (6): [localhost,Mac,Chrome,POST,/kamimine/ajax/getNewsTelop.php,20201102095653-5f9f59552e322] STATUS: 0 API
2020-11-02T09:56:53+09:00 INFO (6): [localhost,Mac,Chrome,POST,/kamimine/ajax/getBusStopList.php,20201102095653-5f9f59553395a] STATUS: 0 API
2020-11-02T09:56:53+09:00 INFO (6): [localhost,Mac,Chrome,POST,/kamimine/ajax/getCoursePointList.php,20201102095653-5f9f5955340eb] STATUS: 0 API
2020-11-02T09:56:55+09:00 INFO (6): [localhost,Mac,Chrome,POST,/kamimine/ajax/getBusStopList.php,20201102095655-5f9f595725b68] STATUS: 0 API
2020-11-02T09:56:55+09:00 INFO (6): [localhost,Mac,Chrome,POST,/kamimine/ajax/getBusStopId8DigitList.php,20201102095655-5f9f59572a9ec] STATUS: 0 API
2020-11-02T09:56:55+09:00 INFO (6): [localhost,Mac,Chrome,POST,/kamimine/ajax/getCoursePointList.php,20201102095655-5f9f595728223] STATUS: 0 API
2020-11-02T09:56:57+09:00 INFO (6): [localhost,Mac,Chrome,POST,/kamimine/ajax/getBusStopId8DigitList.php,20201102095657-5f9f59595050e] STATUS: 0 API
2020-11-02T09:56:57+09:00 INFO (6): [localhost,Mac,Chrome,POST,/kamimine/ajax/getBusStopList.php,20201102095657-5f9f59596061f] STATUS: 0 API
2020-11-02T09:56:58+09:00 INFO (6): [localhost,Mac,Chrome,POST,/kamimine/ajax/getBusStopList.php,20201102095658-5f9f595ad668f] STATUS: -1 Exception
2020-11-02T09:57:03+09:00 INFO (6): [localhost,Mac,Chrome,POST,/kamimine/ajax/getBusStopList.php,20201102095702-5f9f595ef00c0] STATUS: -1 Exception
2020-11-02T09:57:04+09:00 INFO (6): [localhost,Mac,Chrome,POST,/kamimine/ajax/getBusStopList.php,20201102095704-5f9f59605e7e6] STATUS: -1 Exception
2020-11-02T09:57:07+09:00 INFO (6): [localhost,Mac,Chrome,POST,/kamimine/ajax/getBusStopList.php,20201102095707-5f9f596315240] STATUS: -1 Exception
2020-11-02T09:57:11+09:00 INFO (6): [localhost,Mac,Chrome,POST,/kamimine/ajax/getVariables.php,20201102095711-5f9f596762ec5] STATUS: 0 API
2020-11-02T09:57:11+09:00 INFO (6): [localhost,Mac,Chrome,POST,/kamimine/ajax/getCourseList.php,20201102095711-5f9f5967a913f] STATUS: 0 API
2020-11-02T09:57:11+09:00 INFO (6): [localhost,Mac,Chrome,POST,/kamimine/ajax/checkServiceTime.php,20201102095711-5f9f5967a8d06] STATUS: 0 API
2020-11-02T09:57:11+09:00 INFO (6): [localhost,Mac,Chrome,POST,/kamimine/ajax/getNewsTelop.php,20201102095711-5f9f5967ac1ac] STATUS: 0 API
2020-11-02T09:57:11+09:00 INFO (6): [localhost,Mac,Chrome,POST,/kamimine/ajax/getBusStopList.php,20201102095711-5f9f5967ae9aa] STATUS: 0 API
2020-11-02T09:57:12+09:00 INFO (6): [localhost,Mac,Chrome,POST,/kamimine/ajax/getCoursePointList.php,20201102095711-5f9f5967b30da] STATUS: 0 API
2020-11-02T09:57:15+09:00 INFO (6): [localhost,Mac,Chrome,POST,/kamimine/ajax/getBusStopList.php,20201102095715-5f9f596b8c7fa] STATUS: 0 API
2020-11-02T09:57:15+09:00 INFO (6): [localhost,Mac,Chrome,POST,/kamimine/ajax/getBusStopId8DigitList.php,20201102095715-5f9f596b91b36] STATUS: 0 API
2020-11-02T09:57:15+09:00 INFO (6): [localhost,Mac,Chrome,POST,/kamimine/ajax/getCoursePointList.php,20201102095715-5f9f596b91677] STATUS: 0 API
2020-11-02T09:57:17+09:00 INFO (6): [localhost,Mac,Chrome,POST,/kamimine/ajax/getBusStopId8DigitList.php,20201102095717-5f9f596d2a85d] STATUS: 0 API
2020-11-02T09:57:17+09:00 INFO (6): [localhost,Mac,Chrome,POST,/kamimine/ajax/getBusStopList.php,20201102095717-5f9f596d37fdf] STATUS: 0 API
2020-11-02T09:57:21+09:00 INFO (6): [localhost,Mac,Chrome,POST,/kamimine/ajax/getBusStopList.php,20201102095721-5f9f597161fa7] STATUS: -1 Exception
2020-11-02T09:57:28+09:00 INFO (6): [localhost,Mac,Chrome,POST,/kamimine/ajax/getBusStopList.php,20201102095728-5f9f59781c225] STATUS: -1 Exception
2020-11-02T09:57:31+09:00 INFO (6): [localhost,Mac,Chrome,POST,/kamimine/ajax/getBusStopList.php,20201102095731-5f9f597b6fa1a] STATUS: -1 Exception
2020-11-02T09:57:37+09:00 INFO (6): [localhost,Mac,Chrome,POST,/kamimine/ajax/getVariables.php,20201102095736-5f9f5980eeaa8] STATUS: 0 API
2020-11-02T09:57:37+09:00 INFO (6): [localhost,Mac,Chrome,POST,/kamimine/ajax/getCourseList.php,20201102095737-5f9f598138e2c] STATUS: 0 API
2020-11-02T09:57:37+09:00 INFO (6): [localhost,Mac,Chrome,POST,/kamimine/ajax/checkServiceTime.php,20201102095737-5f9f59813b6a0] STATUS: 0 API
2020-11-02T09:57:37+09:00 INFO (6): [localhost,Mac,Chrome,POST,/kamimine/ajax/getNewsTelop.php,20201102095737-5f9f59813fec2] STATUS: 0 API
2020-11-02T09:57:37+09:00 INFO (6): [localhost,Mac,Chrome,POST,/kamimine/ajax/getBusStopList.php,20201102095737-5f9f59814413e] STATUS: 0 API
2020-11-02T09:57:37+09:00 INFO (6): [localhost,Mac,Chrome,POST,/kamimine/ajax/getCoursePointList.php,20201102095737-5f9f59813f30e] STATUS: 0 API
2020-11-02T09:57:40+09:00 INFO (6): [localhost,Mac,Chrome,POST,/kamimine/ajax/getBusStopList.php,20201102095740-5f9f59840e722] STATUS: 0 API
2020-11-02T09:57:40+09:00 INFO (6): [localhost,Mac,Chrome,POST,/kamimine/ajax/getBusStopId8DigitList.php,20201102095740-5f9f59840ebd4] STATUS: 0 API
2020-11-02T09:57:40+09:00 INFO (6): [localhost,Mac,Chrome,POST,/kamimine/ajax/getCoursePointList.php,20201102095740-5f9f59840e963] STATUS: 0 API
2020-11-02T09:57:45+09:00 INFO (6): [localhost,Mac,Chrome,POST,/kamimine/ajax/getBusStopId8DigitList.php,20201102095745-5f9f59894a111] STATUS: 0 API
2020-11-02T09:57:45+09:00 INFO (6): [localhost,Mac,Chrome,POST,/kamimine/ajax/getBusStopList.php,20201102095745-5f9f598961d15] STATUS: 0 API
2020-11-02T09:57:48+09:00 INFO (6): [localhost,Mac,Chrome,POST,/kamimine/ajax/getVariables.php,20201102095748-5f9f598cc9bcd] STATUS: 0 API
2020-11-02T09:57:49+09:00 INFO (6): [localhost,Mac,Chrome,POST,/kamimine/ajax/getCourseList.php,20201102095749-5f9f598d10210] STATUS: 0 API
2020-11-02T09:57:49+09:00 INFO (6): [localhost,Mac,Chrome,POST,/kamimine/ajax/checkServiceTime.php,20201102095749-5f9f598d122a5] STATUS: 0 API
2020-11-02T09:57:49+09:00 INFO (6): [localhost,Mac,Chrome,POST,/kamimine/ajax/getNewsTelop.php,20201102095749-5f9f598d13dbf] STATUS: 0 API
2020-11-02T09:57:49+09:00 INFO (6): [localhost,Mac,Chrome,POST,/kamimine/ajax/getBusStopList.php,20201102095749-5f9f598d1ff95] STATUS: 0 API
2020-11-02T09:57:49+09:00 INFO (6): [localhost,Mac,Chrome,POST,/kamimine/ajax/getCoursePointList.php,20201102095749-5f9f598d1d30a] STATUS: 0 API
2020-11-02T09:57:51+09:00 INFO (6): [localhost,Mac,Chrome,POST,/kamimine/ajax/getBusStopList.php,20201102095751-5f9f598f20cb3] STATUS: 0 API
2020-11-02T09:57:51+09:00 INFO (6): [localhost,Mac,Chrome,POST,/kamimine/ajax/getBusStopId8DigitList.php,20201102095751-5f9f598f21985] STATUS: 0 API
2020-11-02T09:57:51+09:00 INFO (6): [localhost,Mac,Chrome,POST,/kamimine/ajax/getCoursePointList.php,20201102095751-5f9f598f21483] STATUS: 0 API
2020-11-02T09:58:25+09:00 INFO (6): [localhost,Mac,Chrome,POST,/kamimine/ajax/getVariables.php,20201102095825-5f9f59b1e53a8] STATUS: 0 API
2020-11-02T09:58:26+09:00 INFO (6): [localhost,Mac,Chrome,POST,/kamimine/ajax/getCourseList.php,20201102095826-5f9f59b22a346] STATUS: 0 API
2020-11-02T09:58:26+09:00 INFO (6): [localhost,Mac,Chrome,POST,/kamimine/ajax/checkServiceTime.php,20201102095826-5f9f59b22fa1b] STATUS: 0 API
2020-11-02T09:58:26+09:00 INFO (6): [localhost,Mac,Chrome,POST,/kamimine/ajax/getNewsTelop.php,20201102095826-5f9f59b2325a3] STATUS: 0 API
2020-11-02T09:58:26+09:00 INFO (6): [localhost,Mac,Chrome,POST,/kamimine/ajax/getBusStopList.php,20201102095826-5f9f59b232ef6] STATUS: 0 API
2020-11-02T09:58:26+09:00 INFO (6): [localhost,Mac,Chrome,POST,/kamimine/ajax/getCoursePointList.php,20201102095826-5f9f59b23533a] STATUS: 0 API
2020-11-02T09:58:30+09:00 INFO (6): [localhost,Mac,Chrome,POST,/kamimine/ajax/getBusStopList.php,20201102095830-5f9f59b63a631] STATUS: 0 API
2020-11-02T09:58:30+09:00 INFO (6): [localhost,Mac,Chrome,POST,/kamimine/ajax/getBusStopId8DigitList.php,20201102095830-5f9f59b639c4c] STATUS: 0 API
2020-11-02T09:58:30+09:00 INFO (6): [localhost,Mac,Chrome,POST,/kamimine/ajax/getCoursePointList.php,20201102095830-5f9f59b63ddb8] STATUS: 0 API
2020-11-02T09:58:34+09:00 INFO (6): [localhost,Mac,Chrome,POST,/kamimine/ajax/getBusStopList.php,20201102095834-5f9f59baad5b0] STATUS: -1 Exception
2020-11-02T09:58:34+09:00 INFO (6): [localhost,Mac,Chrome,POST,/kamimine/ajax/getBusStopId8DigitList.php,20201102095834-5f9f59baa0435] STATUS: 0 API
2020-11-02T09:58:37+09:00 INFO (6): [localhost,Mac,Chrome,POST,/kamimine/ajax/getBusStopList.php,20201102095837-5f9f59bd32bd2] STATUS: -1 Exception
2020-11-02T09:58:39+09:00 INFO (6): [localhost,Mac,Chrome,POST,/kamimine/ajax/getBusStopList.php,20201102095839-5f9f59bf6e826] STATUS: 0 API
2020-11-02T09:58:39+09:00 INFO (6): [localhost,Mac,Chrome,POST,/kamimine/ajax/getBusStopId8DigitList.php,20201102095839-5f9f59bf6de54] STATUS: 0 API
2020-11-02T09:58:39+09:00 INFO (6): [localhost,Mac,Chrome,POST,/kamimine/ajax/getCoursePointList.php,20201102095839-5f9f59bf6e898] STATUS: 0 API
2020-11-02T09:59:00+09:00 INFO (6): [localhost,Mac,Chrome,POST,/kamimine/ajax/getVariables.php,20201102095900-5f9f59d4964bd] STATUS: 0 API
2020-11-02T09:59:01+09:00 INFO (6): [localhost,Mac,Chrome,POST,/kamimine/ajax/getCourseList.php,20201102095900-5f9f59d4d684b] STATUS: 0 API
2020-11-02T09:59:01+09:00 INFO (6): [localhost,Mac,Chrome,POST,/kamimine/ajax/checkServiceTime.php,20201102095900-5f9f59d4d7b86] STATUS: 0 API
2020-11-02T09:59:01+09:00 INFO (6): [localhost,Mac,Chrome,POST,/kamimine/ajax/getNewsTelop.php,20201102095900-5f9f59d4da502] STATUS: 0 API
2020-11-02T09:59:01+09:00 INFO (6): [localhost,Mac,Chrome,POST,/kamimine/ajax/getBusStopList.php,20201102095900-5f9f59d4e36e4] STATUS: 0 API
2020-11-02T09:59:01+09:00 INFO (6): [localhost,Mac,Chrome,POST,/kamimine/ajax/getCoursePointList.php,20201102095900-5f9f59d4e2027] STATUS: 0 API
2020-11-02T09:59:02+09:00 INFO (6): [localhost,Mac,Chrome,POST,/kamimine/ajax/getBusStopList.php,20201102095902-5f9f59d6b96ac] STATUS: 0 API
2020-11-02T09:59:02+09:00 INFO (6): [localhost,Mac,Chrome,POST,/kamimine/ajax/getBusStopId8DigitList.php,20201102095902-5f9f59d6bdb4e] STATUS: 0 API
2020-11-02T09:59:02+09:00 INFO (6): [localhost,Mac,Chrome,POST,/kamimine/ajax/getCoursePointList.php,20201102095902-5f9f59d6bb078] STATUS: 0 API
2020-11-02T09:59:04+09:00 INFO (6): [localhost,Mac,Chrome,POST,/kamimine/ajax/getBusStopList.php,20201102095904-5f9f59d847c29] STATUS: 0 API
2020-11-02T09:59:04+09:00 INFO (6): [localhost,Mac,Chrome,POST,/kamimine/ajax/getBusStopId8DigitList.php,20201102095904-5f9f59d83d832] STATUS: 0 API
2020-11-02T09:59:05+09:00 INFO (6): [localhost,Mac,Chrome,POST,/kamimine/ajax/getBusStopList.php,20201102095905-5f9f59d9c3488] STATUS: -1 Exception
2020-11-02T09:59:11+09:00 INFO (6): [localhost,Mac,Chrome,POST,/kamimine/ajax/getBusStopList.php,20201102095911-5f9f59df1e66f] STATUS: 0 API
2020-11-02T09:59:11+09:00 INFO (6): [localhost,Mac,Chrome,POST,/kamimine/ajax/getBusStopId8DigitList.php,20201102095911-5f9f59df23b70] STATUS: 0 API
2020-11-02T09:59:11+09:00 INFO (6): [localhost,Mac,Chrome,POST,/kamimine/ajax/getCoursePointList.php,20201102095911-5f9f59df1e92f] STATUS: 0 API
2020-11-02T09:59:13+09:00 INFO (6): [localhost,Mac,Chrome,POST,/kamimine/ajax/getBusStopId8DigitList.php,20201102095913-5f9f59e1448d3] STATUS: 0 API
2020-11-02T09:59:13+09:00 INFO (6): [localhost,Mac,Chrome,POST,/kamimine/ajax/getBusStopList.php,20201102095913-5f9f59e1457b7] STATUS: -1 Exception
2020-11-02T09:59:16+09:00 INFO (6): [localhost,Mac,Chrome,POST,/kamimine/ajax/getBusStopList.php,20201102095916-5f9f59e429040] STATUS: -1 Exception
2020-11-02T09:59:16+09:00 INFO (6): [localhost,Mac,Chrome,POST,/kamimine/ajax/getBusStopId8DigitList.php,20201102095916-5f9f59e42b32e] STATUS: 0 API
2020-11-02T09:59:21+09:00 INFO (6): [localhost,Mac,Chrome,POST,/kamimine/ajax/getVariables.php,20201102095921-5f9f59e950493] STATUS: 0 API
2020-11-02T09:59:21+09:00 INFO (6): [localhost,Mac,Chrome,POST,/kamimine/ajax/getCourseList.php,20201102095921-5f9f59e992879] STATUS: 0 API
2020-11-02T09:59:21+09:00 INFO (6): [localhost,Mac,Chrome,POST,/kamimine/ajax/checkServiceTime.php,20201102095921-5f9f59e992482] STATUS: 0 API
2020-11-02T09:59:21+09:00 INFO (6): [localhost,Mac,Chrome,POST,/kamimine/ajax/getNewsTelop.php,20201102095921-5f9f59e993609] STATUS: 0 API
2020-11-02T09:59:21+09:00 INFO (6): [localhost,Mac,Chrome,POST,/kamimine/ajax/getBusStopList.php,20201102095921-5f9f59e998d1b] STATUS: 0 API
2020-11-02T09:59:22+09:00 INFO (6): [localhost,Mac,Chrome,POST,/kamimine/ajax/getCoursePointList.php,20201102095921-5f9f59e99b017] STATUS: 0 API
2020-11-02T09:59:23+09:00 INFO (6): [localhost,Mac,Chrome,POST,/kamimine/ajax/getBusStopList.php,20201102095923-5f9f59eb859d3] STATUS: 0 API
2020-11-02T09:59:23+09:00 INFO (6): [localhost,Mac,Chrome,POST,/kamimine/ajax/getBusStopId8DigitList.php,20201102095923-5f9f59eb859df] STATUS: 0 API
2020-11-02T09:59:23+09:00 INFO (6): [localhost,Mac,Chrome,POST,/kamimine/ajax/getCoursePointList.php,20201102095923-5f9f59eb85770] STATUS: 0 API
2020-11-02T09:59:26+09:00 INFO (6): [localhost,Mac,Chrome,POST,/kamimine/ajax/getBusStopId8DigitList.php,20201102095926-5f9f59ee7cadf] STATUS: 0 API
2020-11-02T09:59:26+09:00 INFO (6): [localhost,Mac,Chrome,POST,/kamimine/ajax/getBusStopList.php,20201102095926-5f9f59ee95d27] STATUS: -1 Exception
2020-11-02T09:59:28+09:00 INFO (6): [localhost,Mac,Chrome,POST,/kamimine/ajax/getBusStopList.php,20201102095928-5f9f59f070c79] STATUS: -1 Exception
2020-11-02T10:14:15+09:00 INFO (6): [localhost,Mac,Chrome,POST,/kamimine/ajax/getVariables.php,20201102101415-5f9f5d67ac29b] STATUS: 0 API
2020-11-02T10:14:16+09:00 INFO (6): [localhost,Mac,Chrome,POST,/kamimine/ajax/checkServiceTime.php,20201102101415-5f9f5d67e19fa] STATUS: 0 API
2020-11-02T10:14:16+09:00 INFO (6): [localhost,Mac,Chrome,POST,/kamimine/ajax/getCourseList.php,20201102101415-5f9f5d67e9c7e] STATUS: 0 API
2020-11-02T10:14:16+09:00 INFO (6): [localhost,Mac,Chrome,POST,/kamimine/ajax/getNewsTelop.php,20201102101415-5f9f5d67eb7fb] STATUS: 0 API
2020-11-02T10:14:16+09:00 INFO (6): [localhost,Mac,Chrome,POST,/kamimine/ajax/getCoursePointList.php,20201102101415-5f9f5d67ed71a] STATUS: 0 API
2020-11-02T10:14:23+09:00 INFO (6): [localhost,Mac,Chrome,POST,/kamimine/ajax/getBusStopId8DigitList.php,20201102101422-5f9f5d6ed67b2] STATUS: 0 API
2020-11-02T10:14:23+09:00 INFO (6): [localhost,Mac,Chrome,POST,/kamimine/ajax/getCoursePointList.php,20201102101422-5f9f5d6ed4384] STATUS: 0 API
2020-11-02T10:15:12+09:00 INFO (6): [localhost,Mac,Chrome,POST,/kamimine/ajax/getVariables.php,20201102101512-5f9f5da03cf5a] STATUS: 0 API
2020-11-02T10:15:12+09:00 INFO (6): [localhost,Mac,Chrome,POST,/kamimine/ajax/getCourseList.php,20201102101512-5f9f5da0a623d] STATUS: 0 API
2020-11-02T10:15:12+09:00 INFO (6): [localhost,Mac,Chrome,POST,/kamimine/ajax/checkServiceTime.php,20201102101512-5f9f5da0a9edb] STATUS: 0 API
2020-11-02T10:15:12+09:00 INFO (6): [localhost,Mac,Chrome,POST,/kamimine/ajax/getNewsTelop.php,20201102101512-5f9f5da0a9a8e] STATUS: 0 API
2020-11-02T10:15:13+09:00 INFO (6): [localhost,Mac,Chrome,POST,/kamimine/ajax/getCoursePointList.php,20201102101512-5f9f5da0a9e46] STATUS: 0 API
2020-11-02T10:15:15+09:00 INFO (6): [localhost,Mac,Chrome,POST,/kamimine/ajax/getBusStopId8DigitList.php,20201102101514-5f9f5da2e7179] STATUS: 0 API
2020-11-02T10:15:15+09:00 INFO (6): [localhost,Mac,Chrome,POST,/kamimine/ajax/getCoursePointList.php,20201102101514-5f9f5da2e5d8b] STATUS: 0 API
2020-11-02T10:15:16+09:00 INFO (6): [localhost,Mac,Chrome,POST,/kamimine/ajax/getBusStopId8DigitList.php,20201102101516-5f9f5da480d8c] STATUS: 0 API
2020-11-02T10:17:34+09:00 INFO (6): [localhost,Mac,Chrome,POST,/kamimine/ajax/getVariables.php,20201102101733-5f9f5e2de6018] STATUS: 0 API
2020-11-02T10:17:34+09:00 INFO (6): [localhost,Mac,Chrome,POST,/kamimine/ajax/checkServiceTime.php,20201102101734-5f9f5e2e2ccf4] STATUS: 0 API
2020-11-02T10:17:34+09:00 INFO (6): [localhost,Mac,Chrome,POST,/kamimine/ajax/getCourseList.php,20201102101734-5f9f5e2e300d4] STATUS: 0 API
2020-11-02T10:17:34+09:00 INFO (6): [localhost,Mac,Chrome,POST,/kamimine/ajax/getNewsTelop.php,20201102101734-5f9f5e2e2e4dc] STATUS: 0 API
2020-11-02T10:17:34+09:00 INFO (6): [localhost,Mac,Chrome,POST,/kamimine/ajax/getCoursePointList.php,20201102101734-5f9f5e2e35ce7] STATUS: 0 API
2020-11-02T10:17:40+09:00 INFO (6): [localhost,Mac,Chrome,POST,/kamimine/ajax/getBusStopId8DigitList.php,20201102101740-5f9f5e3414c59] STATUS: 0 API
2020-11-02T10:17:40+09:00 INFO (6): [localhost,Mac,Chrome,POST,/kamimine/ajax/getCoursePointList.php,20201102101740-5f9f5e341131f] STATUS: 0 API
2020-11-02T10:17:45+09:00 INFO (6): [localhost,Mac,Chrome,POST,/kamimine/ajax/getVariables.php,20201102101745-5f9f5e3932da3] STATUS: 0 API
2020-11-02T10:17:45+09:00 INFO (6): [localhost,Mac,Chrome,POST,/kamimine/ajax/checkServiceTime.php,20201102101745-5f9f5e396f240] STATUS: 0 API
2020-11-02T10:17:45+09:00 INFO (6): [localhost,Mac,Chrome,POST,/kamimine/ajax/getCourseList.php,20201102101745-5f9f5e3976dc5] STATUS: 0 API
2020-11-02T10:17:45+09:00 INFO (6): [localhost,Mac,Chrome,POST,/kamimine/ajax/getNewsTelop.php,20201102101745-5f9f5e3971f53] STATUS: 0 API
2020-11-02T10:17:45+09:00 INFO (6): [localhost,Mac,Chrome,POST,/kamimine/ajax/getCoursePointList.php,20201102101745-5f9f5e397ca09] STATUS: 0 API
2020-11-02T10:19:12+09:00 INFO (6): [localhost,Mac,Chrome,POST,/kamimine/ajax/getVariables.php,20201102101912-5f9f5e9039555] STATUS: 0 API
2020-11-02T10:19:12+09:00 INFO (6): [localhost,Mac,Chrome,POST,/kamimine/ajax/getNewsTelop.php,20201102101912-5f9f5e90763d8] STATUS: 0 API
2020-11-02T10:19:12+09:00 INFO (6): [localhost,Mac,Chrome,POST,/kamimine/ajax/getCourseList.php,20201102101912-5f9f5e9075573] STATUS: 0 API
2020-11-02T10:19:12+09:00 INFO (6): [localhost,Mac,Chrome,POST,/kamimine/ajax/checkServiceTime.php,20201102101912-5f9f5e907868d] STATUS: 0 API
2020-11-02T10:19:12+09:00 INFO (6): [localhost,Mac,Chrome,POST,/kamimine/ajax/getBusStopList.php,20201102101912-5f9f5e907882b] STATUS: 0 API
2020-11-02T10:19:12+09:00 INFO (6): [localhost,Mac,Chrome,POST,/kamimine/ajax/getCoursePointList.php,20201102101912-5f9f5e907ad63] STATUS: 0 API
2020-11-02T10:19:15+09:00 INFO (6): [localhost,Mac,Chrome,POST,/kamimine/ajax/getBusStopList.php,20201102101915-5f9f5e934d2ee] STATUS: 0 API
2020-11-02T10:19:15+09:00 INFO (6): [localhost,Mac,Chrome,POST,/kamimine/ajax/getBusStopId8DigitList.php,20201102101915-5f9f5e9350b08] STATUS: 0 API
2020-11-02T10:19:15+09:00 INFO (6): [localhost,Mac,Chrome,POST,/kamimine/ajax/getCoursePointList.php,20201102101915-5f9f5e934d278] STATUS: 0 API
2020-11-02T10:19:51+09:00 INFO (6): [localhost,Mac,Chrome,POST,/kamimine/ajax/getBusStopList.php,20201102101951-5f9f5eb718a57] STATUS: 0 API
2020-11-02T10:19:51+09:00 INFO (6): [localhost,Mac,Chrome,POST,/kamimine/ajax/getBusStopId8DigitList.php,20201102101951-5f9f5eb711779] STATUS: 0 API
2020-11-02T10:19:56+09:00 INFO (6): [localhost,Mac,Chrome,POST,/kamimine/ajax/getBusStopList.php,20201102101956-5f9f5ebce30d0] STATUS: -1 Exception
2020-11-02T10:31:56+09:00 INFO (6): [localhost,Mac,Chrome,POST,/kamimine/ajax/getVariables.php,20201102103156-5f9f618c1a947] STATUS: 0 API
2020-11-02T10:31:56+09:00 INFO (6): [localhost,Mac,Chrome,POST,/kamimine/ajax/getCourseList.php,20201102103156-5f9f618c57669] STATUS: 0 API
2020-11-02T10:31:56+09:00 INFO (6): [localhost,Mac,Chrome,POST,/kamimine/ajax/checkServiceTime.php,20201102103156-5f9f618c5763d] STATUS: 0 API
2020-11-02T10:31:56+09:00 INFO (6): [localhost,Mac,Chrome,POST,/kamimine/ajax/getNewsTelop.php,20201102103156-5f9f618c57a42] STATUS: 0 API
2020-11-02T10:31:56+09:00 INFO (6): [localhost,Mac,Chrome,POST,/kamimine/ajax/getCoursePointList.php,20201102103156-5f9f618c62b74] STATUS: 0 API
2020-11-02T10:33:38+09:00 INFO (6): [localhost,Mac,Chrome,POST,/kamimine/ajax/getVariables.php,20201102103338-5f9f61f2bfc7f] STATUS: 0 API
2020-11-02T10:33:39+09:00 INFO (6): [localhost,Mac,Chrome,POST,/kamimine/ajax/getCourseList.php,20201102103338-5f9f61f2ed57c] STATUS: 0 API
2020-11-02T10:33:39+09:00 INFO (6): [localhost,Mac,Chrome,POST,/kamimine/ajax/checkServiceTime.php,20201102103339-5f9f61f301641] STATUS: 0 API
2020-11-02T10:33:39+09:00 INFO (6): [localhost,Mac,Chrome,POST,/kamimine/ajax/getNewsTelop.php,20201102103338-5f9f61f300411] STATUS: 0 API
2020-11-02T10:33:39+09:00 INFO (6): [localhost,Mac,Chrome,POST,/kamimine/ajax/getCoursePointList.php,20201102103339-5f9f61f30695c] STATUS: 0 API
2020-11-02T10:33:41+09:00 INFO (6): [localhost,Mac,Chrome,POST,/kamimine/ajax/getBusStopId8DigitList.php,20201102103341-5f9f61f531b4e] STATUS: 0 API
2020-11-02T10:33:41+09:00 INFO (6): [localhost,Mac,Chrome,POST,/kamimine/ajax/getCoursePointList.php,20201102103341-5f9f61f536038] STATUS: 0 API
2020-11-02T10:33:55+09:00 INFO (6): [localhost,Mac,Chrome,POST,/kamimine/ajax/getVariables.php,20201102103355-5f9f62036d3a9] STATUS: 0 API
2020-11-02T10:33:55+09:00 INFO (6): [localhost,Mac,Chrome,POST,/kamimine/ajax/getCourseList.php,20201102103355-5f9f6203a9549] STATUS: 0 API
2020-11-02T10:33:55+09:00 INFO (6): [localhost,Mac,Chrome,POST,/kamimine/ajax/checkServiceTime.php,20201102103355-5f9f6203ad761] STATUS: 0 API
2020-11-02T10:33:55+09:00 INFO (6): [localhost,Mac,Chrome,POST,/kamimine/ajax/getNewsTelop.php,20201102103355-5f9f6203a99c5] STATUS: 0 API
2020-11-02T10:33:55+09:00 INFO (6): [localhost,Mac,Chrome,POST,/kamimine/ajax/getCoursePointList.php,20201102103355-5f9f6203b2cbe] STATUS: 0 API
2020-11-02T10:33:57+09:00 INFO (6): [localhost,Mac,Chrome,POST,/kamimine/ajax/getBusStopId8DigitList.php,20201102103357-5f9f620582bd5] STATUS: 0 API
2020-11-02T10:33:57+09:00 INFO (6): [localhost,Mac,Chrome,POST,/kamimine/ajax/getCoursePointList.php,20201102103357-5f9f62057fa65] STATUS: 0 API
2020-11-02T10:34:00+09:00 INFO (6): [localhost,Mac,Chrome,POST,/kamimine/ajax/getBusStopId8DigitList.php,20201102103400-5f9f620880054] STATUS: 0 API
2020-11-02T10:34:33+09:00 INFO (6): [localhost,Mac,Chrome,POST,/kamimine/ajax/getVariables.php,20201102103433-5f9f6229cc5a5] STATUS: 0 API
2020-11-02T10:34:34+09:00 INFO (6): [localhost,Mac,Chrome,POST,/kamimine/ajax/getCourseList.php,20201102103434-5f9f622a1db78] STATUS: 0 API
2020-11-02T10:34:34+09:00 INFO (6): [localhost,Mac,Chrome,POST,/kamimine/ajax/checkServiceTime.php,20201102103434-5f9f622a204d7] STATUS: 0 API
2020-11-02T10:34:34+09:00 INFO (6): [localhost,Mac,Chrome,POST,/kamimine/ajax/getNewsTelop.php,20201102103434-5f9f622a21e92] STATUS: 0 API
2020-11-02T10:34:34+09:00 INFO (6): [localhost,Mac,Chrome,POST,/kamimine/ajax/getCoursePointList.php,20201102103434-5f9f622a2b1a5] STATUS: 0 API
2020-11-02T10:36:39+09:00 INFO (6): [localhost,Mac,Chrome,POST,/kamimine/ajax/getVariables.php,20201102103639-5f9f62a723006] STATUS: 0 API
2020-11-02T10:36:39+09:00 INFO (6): [localhost,Mac,Chrome,POST,/kamimine/ajax/checkServiceTime.php,20201102103639-5f9f62a75a05e] STATUS: 0 API
2020-11-02T10:36:39+09:00 INFO (6): [localhost,Mac,Chrome,POST,/kamimine/ajax/getCourseList.php,20201102103639-5f9f62a75e265] STATUS: 0 API
2020-11-02T10:36:39+09:00 INFO (6): [localhost,Mac,Chrome,POST,/kamimine/ajax/getNewsTelop.php,20201102103639-5f9f62a767a2a] STATUS: 0 API
2020-11-02T10:36:39+09:00 INFO (6): [localhost,Mac,Chrome,POST,/kamimine/ajax/getBusStopList.php,20201102103639-5f9f62a76d593] STATUS: 0 API
2020-11-02T10:36:39+09:00 INFO (6): [localhost,Mac,Chrome,POST,/kamimine/ajax/getCoursePointList.php,20201102103639-5f9f62a76aab0] STATUS: 0 API
2020-11-02T10:36:43+09:00 INFO (6): [localhost,Mac,Chrome,POST,/kamimine/ajax/getVariables.php,20201102103643-5f9f62aba1ca0] STATUS: 0 API
2020-11-02T10:36:44+09:00 INFO (6): [localhost,Mac,Chrome,POST,/kamimine/ajax/getCourseList.php,20201102103643-5f9f62abe9547] STATUS: 0 API
2020-11-02T10:36:44+09:00 INFO (6): [localhost,Mac,Chrome,POST,/kamimine/ajax/checkServiceTime.php,20201102103643-5f9f62abeb057] STATUS: 0 API
2020-11-02T10:36:44+09:00 INFO (6): [localhost,Mac,Chrome,POST,/kamimine/ajax/getNewsTelop.php,20201102103643-5f9f62abec62b] STATUS: 0 API
2020-11-02T10:36:44+09:00 INFO (6): [localhost,Mac,Chrome,POST,/kamimine/ajax/getBusStopList.php,20201102103643-5f9f62abf3933] STATUS: 0 API
2020-11-02T10:36:44+09:00 INFO (6): [localhost,Mac,Chrome,POST,/kamimine/ajax/getCoursePointList.php,20201102103644-5f9f62ac01452] STATUS: 0 API
2020-11-02T10:36:58+09:00 INFO (6): [localhost,Mac,Chrome,POST,/kamimine/ajax/getBusStopList.php,20201102103658-5f9f62bab2121] STATUS: -1 Exception
2020-11-02T10:36:58+09:00 INFO (6): [localhost,Mac,Chrome,POST,/kamimine/ajax/getBusStopId8DigitList.php,20201102103658-5f9f62babbb12] STATUS: 0 API
2020-11-02T10:36:58+09:00 INFO (6): [localhost,Mac,Chrome,POST,/kamimine/ajax/getCoursePointList.php,20201102103658-5f9f62bab9046] STATUS: 0 API
2020-11-02T10:39:06+09:00 INFO (6): [localhost,Mac,Chrome,POST,/kamimine/ajax/getVariables.php,20201102103906-5f9f633a8ff98] STATUS: 0 API
2020-11-02T10:39:07+09:00 INFO (6): [localhost,Mac,Chrome,POST,/kamimine/ajax/getCourseList.php,20201102103906-5f9f633aca248] STATUS: 0 API
2020-11-02T10:39:07+09:00 INFO (6): [localhost,Mac,Chrome,POST,/kamimine/ajax/checkServiceTime.php,20201102103906-5f9f633ad212a] STATUS: 0 API
2020-11-02T10:39:07+09:00 INFO (6): [localhost,Mac,Chrome,POST,/kamimine/ajax/getNewsTelop.php,20201102103906-5f9f633ad1a9b] STATUS: 0 API
2020-11-02T10:39:07+09:00 INFO (6): [localhost,Mac,Chrome,POST,/kamimine/ajax/getBusStopList.php,20201102103906-5f9f633ad0189] STATUS: 0 API
2020-11-02T10:39:07+09:00 INFO (6): [localhost,Mac,Chrome,POST,/kamimine/ajax/getCoursePointList.php,20201102103906-5f9f633ad6808] STATUS: 0 API
2020-11-02T10:40:15+09:00 INFO (6): [localhost,Mac,Chrome,POST,/kamimine/ajax/getVariables.php,20201102104015-5f9f637f1335b] STATUS: 0 API
2020-11-02T10:40:15+09:00 INFO (6): [localhost,Mac,Chrome,POST,/kamimine/ajax/getCourseList.php,20201102104015-5f9f637f57cbc] STATUS: 0 API
2020-11-02T10:40:15+09:00 INFO (6): [localhost,Mac,Chrome,POST,/kamimine/ajax/checkServiceTime.php,20201102104015-5f9f637f55f89] STATUS: 0 API
2020-11-02T10:40:15+09:00 INFO (6): [localhost,Mac,Chrome,POST,/kamimine/ajax/getNewsTelop.php,20201102104015-5f9f637f5900e] STATUS: 0 API
2020-11-02T10:40:15+09:00 INFO (6): [localhost,Mac,Chrome,POST,/kamimine/ajax/getCoursePointList.php,20201102104015-5f9f637f5af47] STATUS: 0 API
2020-11-02T10:40:32+09:00 INFO (6): [localhost,Mac,Chrome,POST,/kamimine/ajax/getBusStopId8DigitList.php,20201102104032-5f9f63906e8b3] STATUS: 0 API
2020-11-02T10:40:32+09:00 INFO (6): [localhost,Mac,Chrome,POST,/kamimine/ajax/getCoursePointList.php,20201102104032-5f9f63906e63e] STATUS: 0 API
2020-11-02T10:41:19+09:00 INFO (6): [localhost,Mac,Chrome,POST,/kamimine/ajax/getVariables.php,20201102104119-5f9f63bfe039e] STATUS: 0 API
2020-11-02T10:41:20+09:00 INFO (6): [localhost,Mac,Chrome,POST,/kamimine/ajax/getCourseList.php,20201102104120-5f9f63c0388ce] STATUS: 0 API
2020-11-02T10:41:20+09:00 INFO (6): [localhost,Mac,Chrome,POST,/kamimine/ajax/checkServiceTime.php,20201102104120-5f9f63c03b696] STATUS: 0 API
2020-11-02T10:41:20+09:00 INFO (6): [localhost,Mac,Chrome,POST,/kamimine/ajax/getNewsTelop.php,20201102104120-5f9f63c03b854] STATUS: 0 API
2020-11-02T10:41:20+09:00 INFO (6): [localhost,Mac,Chrome,POST,/kamimine/ajax/getCoursePointList.php,20201102104120-5f9f63c03f05d] STATUS: 0 API
2020-11-02T10:41:23+09:00 INFO (6): [localhost,Mac,Chrome,POST,/kamimine/ajax/getBusStopId8DigitList.php,20201102104123-5f9f63c353915] STATUS: 0 API
2020-11-02T10:41:23+09:00 INFO (6): [localhost,Mac,Chrome,POST,/kamimine/ajax/getCoursePointList.php,20201102104123-5f9f63c352f81] STATUS: 0 API
2020-11-02T10:41:42+09:00 INFO (6): [localhost,Mac,Chrome,POST,/kamimine/ajax/getBusStopId8DigitList.php,20201102104142-5f9f63d625623] STATUS: 0 API
2020-11-02T10:42:31+09:00 INFO (6): [localhost,Mac,Chrome,POST,/kamimine/ajax/getVariables.php,20201102104231-5f9f6407b6777] STATUS: 0 API
2020-11-02T10:42:32+09:00 INFO (6): [localhost,Mac,Chrome,POST,/kamimine/ajax/getCourseList.php,20201102104232-5f9f640812af6] STATUS: 0 API
2020-11-02T10:42:32+09:00 INFO (6): [localhost,Mac,Chrome,POST,/kamimine/ajax/checkServiceTime.php,20201102104232-5f9f640812f04] STATUS: 0 API
2020-11-02T10:42:32+09:00 INFO (6): [localhost,Mac,Chrome,POST,/kamimine/ajax/getNewsTelop.php,20201102104232-5f9f64081564e] STATUS: 0 API
2020-11-02T10:42:32+09:00 INFO (6): [localhost,Mac,Chrome,POST,/kamimine/ajax/getCoursePointList.php,20201102104232-5f9f640818eba] STATUS: 0 API
2020-11-02T10:42:34+09:00 INFO (6): [localhost,Mac,Chrome,POST,/kamimine/ajax/getBusStopId8DigitList.php,20201102104233-5f9f6409c49f1] STATUS: 0 API
2020-11-02T10:42:34+09:00 INFO (6): [localhost,Mac,Chrome,POST,/kamimine/ajax/getCoursePointList.php,20201102104233-5f9f6409c48b3] STATUS: 0 API
2020-11-02T10:42:35+09:00 INFO (6): [localhost,Mac,Chrome,POST,/kamimine/ajax/getBusStopId8DigitList.php,20201102104235-5f9f640bc7712] STATUS: 0 API
2020-11-02T10:47:48+09:00 INFO (6): [localhost,Mac,Chrome,POST,/kamimine/ajax/getVariables.php,20201102104748-5f9f654441cad] STATUS: 0 API
2020-11-02T10:47:48+09:00 INFO (6): [localhost,Mac,Chrome,POST,/kamimine/ajax/getCourseList.php,20201102104748-5f9f654489e8b] STATUS: 0 API
2020-11-02T10:47:48+09:00 INFO (6): [localhost,Mac,Chrome,POST,/kamimine/ajax/checkServiceTime.php,20201102104748-5f9f65448b4ed] STATUS: 0 API
2020-11-02T10:47:48+09:00 INFO (6): [localhost,Mac,Chrome,POST,/kamimine/ajax/getNewsTelop.php,20201102104748-5f9f65448814b] STATUS: 0 API
2020-11-02T10:47:48+09:00 INFO (6): [localhost,Mac,Chrome,POST,/kamimine/ajax/getCoursePointList.php,20201102104748-5f9f654496e2c] STATUS: 0 API
2020-11-02T10:47:50+09:00 INFO (6): [localhost,Mac,Chrome,POST,/kamimine/ajax/getBusStopId8DigitList.php,20201102104750-5f9f6546ca138] STATUS: 0 API
2020-11-02T10:47:51+09:00 INFO (6): [localhost,Mac,Chrome,POST,/kamimine/ajax/getCoursePointList.php,20201102104750-5f9f6546ca04e] STATUS: 0 API
2020-11-02T10:47:58+09:00 INFO (6): [localhost,Mac,Chrome,POST,/kamimine/ajax/getBusStopId8DigitList.php,20201102104758-5f9f654e8c653] STATUS: 0 API
2020-11-02T10:49:37+09:00 INFO (6): [localhost,Mac,Chrome,POST,/kamimine/ajax/getVariables.php,20201102104937-5f9f65b14cd11] STATUS: 0 API
2020-11-02T10:49:37+09:00 INFO (6): [localhost,Mac,Chrome,POST,/kamimine/ajax/getCourseList.php,20201102104937-5f9f65b1878d8] STATUS: 0 API
2020-11-02T10:49:37+09:00 INFO (6): [localhost,Mac,Chrome,POST,/kamimine/ajax/checkServiceTime.php,20201102104937-5f9f65b18c14b] STATUS: 0 API
2020-11-02T10:49:37+09:00 INFO (6): [localhost,Mac,Chrome,POST,/kamimine/ajax/getNewsTelop.php,20201102104937-5f9f65b18a7f4] STATUS: 0 API
2020-11-02T10:49:37+09:00 INFO (6): [localhost,Mac,Chrome,POST,/kamimine/ajax/getCoursePointList.php,20201102104937-5f9f65b190941] STATUS: 0 API
2020-11-02T10:49:40+09:00 INFO (6): [localhost,Mac,Chrome,POST,/kamimine/ajax/getBusStopId8DigitList.php,20201102104940-5f9f65b448204] STATUS: 0 API
2020-11-02T10:49:40+09:00 INFO (6): [localhost,Mac,Chrome,POST,/kamimine/ajax/getCoursePointList.php,20201102104940-5f9f65b447832] STATUS: 0 API
2020-11-02T10:49:53+09:00 INFO (6): [localhost,Mac,Chrome,POST,/kamimine/ajax/getBusStopId8DigitList.php,20201102104953-5f9f65c11caab] STATUS: 0 API
2020-11-02T10:52:41+09:00 INFO (6): [localhost,Mac,Chrome,POST,/kamimine/ajax/getVariables.php,20201102105241-5f9f66696c936] STATUS: 0 API
2020-11-02T10:52:41+09:00 INFO (6): [localhost,Mac,Chrome,POST,/kamimine/ajax/checkServiceTime.php,20201102105241-5f9f6669a857f] STATUS: 0 API
2020-11-02T10:52:41+09:00 INFO (6): [localhost,Mac,Chrome,POST,/kamimine/ajax/getCourseList.php,20201102105241-5f9f6669a585c] STATUS: 0 API
2020-11-02T10:52:41+09:00 INFO (6): [localhost,Mac,Chrome,POST,/kamimine/ajax/getNewsTelop.php,20201102105241-5f9f6669b0dc4] STATUS: 0 API
2020-11-02T10:52:42+09:00 INFO (6): [localhost,Mac,Chrome,POST,/kamimine/ajax/getCoursePointList.php,20201102105241-5f9f6669b758f] STATUS: 0 API
2020-11-02T10:52:43+09:00 INFO (6): [localhost,Mac,Chrome,POST,/kamimine/ajax/getBusStopId8DigitList.php,20201102105243-5f9f666bce000] STATUS: 0 API
2020-11-02T10:52:44+09:00 INFO (6): [localhost,Mac,Chrome,POST,/kamimine/ajax/getCoursePointList.php,20201102105243-5f9f666bd1ce9] STATUS: 0 API
2020-11-02T10:52:54+09:00 INFO (6): [localhost,Mac,Chrome,POST,/kamimine/ajax/getBusStopId8DigitList.php,20201102105254-5f9f66764606d] STATUS: 0 API
2020-11-02T10:54:05+09:00 INFO (6): [localhost,Mac,Chrome,POST,/kamimine/ajax/getVariables.php,20201102105405-5f9f66bd9fe18] STATUS: 0 API
2020-11-02T10:54:06+09:00 INFO (6): [localhost,Mac,Chrome,POST,/kamimine/ajax/checkServiceTime.php,20201102105405-5f9f66bdeee00] STATUS: 0 API
2020-11-02T10:54:06+09:00 INFO (6): [localhost,Mac,Chrome,POST,/kamimine/ajax/getCourseList.php,20201102105405-5f9f66bdee7e6] STATUS: 0 API
2020-11-02T10:54:06+09:00 INFO (6): [localhost,Mac,Chrome,POST,/kamimine/ajax/getNewsTelop.php,20201102105405-5f9f66bdeb60a] STATUS: 0 API
2020-11-02T10:54:06+09:00 INFO (6): [localhost,Mac,Chrome,POST,/kamimine/ajax/getCoursePointList.php,20201102105406-5f9f66be02e6e] STATUS: 0 API
2020-11-02T10:54:28+09:00 INFO (6): [localhost,Mac,Chrome,POST,/kamimine/ajax/getVariables.php,20201102105428-5f9f66d43c4c7] STATUS: 0 API
2020-11-02T10:54:28+09:00 INFO (6): [localhost,Mac,Chrome,POST,/kamimine/ajax/getCourseList.php,20201102105428-5f9f66d486324] STATUS: 0 API
2020-11-02T10:54:28+09:00 INFO (6): [localhost,Mac,Chrome,POST,/kamimine/ajax/getNewsTelop.php,20201102105428-5f9f66d486ce4] STATUS: 0 API
2020-11-02T10:54:28+09:00 INFO (6): [localhost,Mac,Chrome,POST,/kamimine/ajax/checkServiceTime.php,20201102105428-5f9f66d48a330] STATUS: 0 API
2020-11-02T10:54:28+09:00 INFO (6): [localhost,Mac,Chrome,POST,/kamimine/ajax/getCoursePointList.php,20201102105428-5f9f66d489a88] STATUS: 0 API
2020-11-02T10:56:34+09:00 INFO (6): [localhost,Mac,Chrome,POST,/kamimine/ajax/getVariables.php,20201102105634-5f9f67527f3f3] STATUS: 0 API
2020-11-02T10:56:35+09:00 INFO (6): [localhost,Mac,Chrome,POST,/kamimine/ajax/getCourseList.php,20201102105634-5f9f6752c3de9] STATUS: 0 API
2020-11-02T10:56:35+09:00 INFO (6): [localhost,Mac,Chrome,POST,/kamimine/ajax/checkServiceTime.php,20201102105634-5f9f6752c53dd] STATUS: 0 API
2020-11-02T10:56:35+09:00 INFO (6): [localhost,Mac,Chrome,POST,/kamimine/ajax/getNewsTelop.php,20201102105634-5f9f6752be66b] STATUS: 0 API
2020-11-02T10:56:35+09:00 INFO (6): [localhost,Mac,Chrome,POST,/kamimine/ajax/getCoursePointList.php,20201102105634-5f9f6752c4d40] STATUS: 0 API
2020-11-02T10:56:36+09:00 INFO (6): [localhost,Mac,Chrome,POST,/kamimine/ajax/getBusStopId8DigitList.php,20201102105636-5f9f6754abb0d] STATUS: 0 API
2020-11-02T10:56:36+09:00 INFO (6): [localhost,Mac,Chrome,POST,/kamimine/ajax/getCoursePointList.php,20201102105636-5f9f6754ac7cd] STATUS: 0 API
2020-11-02T10:56:44+09:00 INFO (6): [localhost,Mac,Chrome,POST,/kamimine/ajax/getBusStopId8DigitList.php,20201102105644-5f9f675c04199] STATUS: 0 API
2020-11-02T10:58:09+09:00 INFO (6): [localhost,Mac,Chrome,POST,/kamimine/ajax/getVariables.php,20201102105809-5f9f67b136e51] STATUS: 0 API
2020-11-02T10:58:09+09:00 INFO (6): [localhost,Mac,Chrome,POST,/kamimine/ajax/checkServiceTime.php,20201102105809-5f9f67b17a12c] STATUS: 0 API
2020-11-02T10:58:09+09:00 INFO (6): [localhost,Mac,Chrome,POST,/kamimine/ajax/getCourseList.php,20201102105809-5f9f67b173e50] STATUS: 0 API
2020-11-02T10:58:09+09:00 INFO (6): [localhost,Mac,Chrome,POST,/kamimine/ajax/getNewsTelop.php,20201102105809-5f9f67b178849] STATUS: 0 API
2020-11-02T10:58:09+09:00 INFO (6): [localhost,Mac,Chrome,POST,/kamimine/ajax/getBusStopList.php,20201102105809-5f9f67b18059b] STATUS: 0 API
2020-11-02T10:58:09+09:00 INFO (6): [localhost,Mac,Chrome,POST,/kamimine/ajax/getCoursePointList.php,20201102105809-5f9f67b18113b] STATUS: 0 API
2020-11-02T10:58:32+09:00 INFO (6): [localhost,Mac,Chrome,POST,/kamimine/ajax/getVariables.php,20201102105832-5f9f67c85f670] STATUS: 0 API
2020-11-02T10:58:32+09:00 INFO (6): [localhost,Mac,Chrome,POST,/kamimine/ajax/getCourseList.php,20201102105832-5f9f67c89c48c] STATUS: 0 API
2020-11-02T10:58:32+09:00 INFO (6): [localhost,Mac,Chrome,POST,/kamimine/ajax/checkServiceTime.php,20201102105832-5f9f67c8a0283] STATUS: 0 API
2020-11-02T10:58:32+09:00 INFO (6): [localhost,Mac,Chrome,POST,/kamimine/ajax/getNewsTelop.php,20201102105832-5f9f67c89a0d8] STATUS: 0 API
2020-11-02T10:58:32+09:00 INFO (6): [localhost,Mac,Chrome,POST,/kamimine/ajax/getBusStopList.php,20201102105832-5f9f67c8a3942] STATUS: 0 API
2020-11-02T10:58:32+09:00 INFO (6): [localhost,Mac,Chrome,POST,/kamimine/ajax/getCoursePointList.php,20201102105832-5f9f67c8a1bbf] STATUS: 0 API
2020-11-02T11:02:47+09:00 INFO (6): [localhost,Mac,Chrome,POST,/kamimine/ajax/getVariables.php,20201102110246-5f9f68c6e451b] STATUS: 0 API
2020-11-02T11:02:47+09:00 INFO (6): [localhost,Mac,Chrome,POST,/kamimine/ajax/checkServiceTime.php,20201102110247-5f9f68c73248b] STATUS: 0 API
2020-11-02T11:02:47+09:00 INFO (6): [localhost,Mac,Chrome,POST,/kamimine/ajax/getCourseList.php,20201102110247-5f9f68c72fb31] STATUS: 0 API
2020-11-02T11:02:47+09:00 INFO (6): [localhost,Mac,Chrome,POST,/kamimine/ajax/getNewsTelop.php,20201102110247-5f9f68c732a43] STATUS: 0 API
2020-11-02T11:02:47+09:00 INFO (6): [localhost,Mac,Chrome,POST,/kamimine/ajax/getBusStopList.php,20201102110247-5f9f68c740cc0] STATUS: 0 API
2020-11-02T11:02:47+09:00 INFO (6): [localhost,Mac,Chrome,POST,/kamimine/ajax/getCoursePointList.php,20201102110247-5f9f68c73cdea] STATUS: 0 API
2020-11-02T11:02:50+09:00 INFO (6): [localhost,Mac,Chrome,POST,/kamimine/ajax/getBusStopList.php,20201102110250-5f9f68ca1d9fa] STATUS: 0 API
2020-11-02T11:02:50+09:00 INFO (6): [localhost,Mac,Chrome,POST,/kamimine/ajax/getCoursePointList.php,20201102110250-5f9f68ca1fd6a] STATUS: 0 API
2020-11-02T11:04:10+09:00 INFO (6): [localhost,Mac,Chrome,POST,/kamimine/ajax/getVariables.php,20201102110410-5f9f691a82f72] STATUS: 0 API
2020-11-02T11:04:11+09:00 INFO (6): [localhost,Mac,Chrome,POST,/kamimine/ajax/checkServiceTime.php,20201102110410-5f9f691ac966d] STATUS: 0 API
2020-11-02T11:04:11+09:00 INFO (6): [localhost,Mac,Chrome,POST,/kamimine/ajax/getCourseList.php,20201102110410-5f9f691ac7f27] STATUS: 0 API
2020-11-02T11:04:11+09:00 INFO (6): [localhost,Mac,Chrome,POST,/kamimine/ajax/getNewsTelop.php,20201102110410-5f9f691ac6dc4] STATUS: 0 API
2020-11-02T11:04:11+09:00 INFO (6): [localhost,Mac,Chrome,POST,/kamimine/ajax/getBusStopList.php,20201102110410-5f9f691ad51fa] STATUS: 0 API
2020-11-02T11:04:11+09:00 INFO (6): [localhost,Mac,Chrome,POST,/kamimine/ajax/getCoursePointList.php,20201102110410-5f9f691ad66af] STATUS: 0 API
2020-11-02T11:04:13+09:00 INFO (6): [localhost,Mac,Chrome,POST,/kamimine/ajax/getBusStopList.php,20201102110413-5f9f691d45b6f] STATUS: 0 API
2020-11-02T11:04:13+09:00 INFO (6): [localhost,Mac,Chrome,POST,/kamimine/ajax/getBusStopId8DigitList.php,20201102110413-5f9f691d5237c] STATUS: 0 API
2020-11-02T11:04:13+09:00 INFO (6): [localhost,Mac,Chrome,POST,/kamimine/ajax/getCoursePointList.php,20201102110413-5f9f691d4e273] STATUS: 0 API
2020-11-02T11:04:15+09:00 INFO (6): [localhost,Mac,Chrome,POST,/kamimine/ajax/getBusStopId8DigitList.php,20201102110415-5f9f691f6969b] STATUS: 0 API
2020-11-02T11:04:15+09:00 INFO (6): [localhost,Mac,Chrome,POST,/kamimine/ajax/getBusStopList.php,20201102110415-5f9f691f81f9d] STATUS: 0 API
2020-11-02T11:07:18+09:00 INFO (6): [localhost,Mac,Chrome,POST,/kamimine/ajax/getVariables.php,20201102110718-5f9f69d66709f] STATUS: 0 API
2020-11-02T11:07:18+09:00 INFO (6): [localhost,Mac,Chrome,POST,/kamimine/ajax/getCourseList.php,20201102110718-5f9f69d695265] STATUS: 0 API
2020-11-02T11:07:18+09:00 INFO (6): [localhost,Mac,Chrome,POST,/kamimine/ajax/getNewsTelop.php,20201102110718-5f9f69d6968f1] STATUS: 0 API
2020-11-02T11:07:18+09:00 INFO (6): [localhost,Mac,Chrome,POST,/kamimine/ajax/checkServiceTime.php,20201102110718-5f9f69d6a0e28] STATUS: 0 API
2020-11-02T11:07:18+09:00 INFO (6): [localhost,Mac,Chrome,POST,/kamimine/ajax/getBusStopList.php,20201102110718-5f9f69d6a496d] STATUS: 0 API
2020-11-02T11:07:18+09:00 INFO (6): [localhost,Mac,Chrome,POST,/kamimine/ajax/getCoursePointList.php,20201102110718-5f9f69d69fa59] STATUS: 0 API
2020-11-02T11:07:21+09:00 INFO (6): [localhost,Mac,Chrome,POST,/kamimine/ajax/getBusStopList.php,20201102110721-5f9f69d994aea] STATUS: 0 API
2020-11-02T11:07:21+09:00 INFO (6): [localhost,Mac,Chrome,POST,/kamimine/ajax/getCoursePointList.php,20201102110721-5f9f69d991b8c] STATUS: 0 API
2020-11-02T11:07:52+09:00 INFO (6): [localhost,Mac,Chrome,POST,/kamimine/ajax/getVariables.php,20201102110752-5f9f69f81fd32] STATUS: 0 API
2020-11-02T11:07:52+09:00 INFO (6): [localhost,Mac,Chrome,POST,/kamimine/ajax/getCourseList.php,20201102110752-5f9f69f865ec0] STATUS: 0 API
2020-11-02T11:07:52+09:00 INFO (6): [localhost,Mac,Chrome,POST,/kamimine/ajax/checkServiceTime.php,20201102110752-5f9f69f866105] STATUS: 0 API
2020-11-02T11:07:52+09:00 INFO (6): [localhost,Mac,Chrome,POST,/kamimine/ajax/getNewsTelop.php,20201102110752-5f9f69f868227] STATUS: 0 API
2020-11-02T11:07:52+09:00 INFO (6): [localhost,Mac,Chrome,POST,/kamimine/ajax/getBusStopList.php,20201102110752-5f9f69f868f16] STATUS: 0 API
2020-11-02T11:07:52+09:00 INFO (6): [localhost,Mac,Chrome,POST,/kamimine/ajax/getCoursePointList.php,20201102110752-5f9f69f869eaa] STATUS: 0 API
2020-11-02T11:07:54+09:00 INFO (6): [localhost,Mac,Chrome,POST,/kamimine/ajax/getBusStopList.php,20201102110754-5f9f69fa7f621] STATUS: 0 API
2020-11-02T11:07:54+09:00 INFO (6): [localhost,Mac,Chrome,POST,/kamimine/ajax/getCoursePointList.php,20201102110754-5f9f69fa7e7c7] STATUS: 0 API
2020-11-02T11:08:00+09:00 INFO (6): [localhost,Mac,Chrome,POST,/kamimine/ajax/getVariables.php,20201102110800-5f9f6a0064180] STATUS: 0 API
2020-11-02T11:08:00+09:00 INFO (6): [localhost,Mac,Chrome,POST,/kamimine/ajax/getCourseList.php,20201102110800-5f9f6a009e385] STATUS: 0 API
2020-11-02T11:08:00+09:00 INFO (6): [localhost,Mac,Chrome,POST,/kamimine/ajax/checkServiceTime.php,20201102110800-5f9f6a00a8cd7] STATUS: 0 API
2020-11-02T11:08:00+09:00 INFO (6): [localhost,Mac,Chrome,POST,/kamimine/ajax/getNewsTelop.php,20201102110800-5f9f6a00a3c71] STATUS: 0 API
2020-11-02T11:08:00+09:00 INFO (6): [localhost,Mac,Chrome,POST,/kamimine/ajax/getBusStopList.php,20201102110800-5f9f6a00a8fdb] STATUS: 0 API
2020-11-02T11:08:01+09:00 INFO (6): [localhost,Mac,Chrome,POST,/kamimine/ajax/getCoursePointList.php,20201102110800-5f9f6a00ab252] STATUS: 0 API
2020-11-02T11:08:15+09:00 INFO (6): [localhost,Mac,Chrome,POST,/kamimine/ajax/getVariables.php,20201102110815-5f9f6a0f6c21c] STATUS: 0 API
2020-11-02T11:08:15+09:00 INFO (6): [localhost,Mac,Chrome,POST,/kamimine/ajax/getCourseList.php,20201102110815-5f9f6a0fa085c] STATUS: 0 API
2020-11-02T11:08:15+09:00 INFO (6): [localhost,Mac,Chrome,POST,/kamimine/ajax/checkServiceTime.php,20201102110815-5f9f6a0fad31e] STATUS: 0 API
2020-11-02T11:08:15+09:00 INFO (6): [localhost,Mac,Chrome,POST,/kamimine/ajax/getNewsTelop.php,20201102110815-5f9f6a0fa02e2] STATUS: 0 API
2020-11-02T11:08:15+09:00 INFO (6): [localhost,Mac,Chrome,POST,/kamimine/ajax/getBusStopList.php,20201102110815-5f9f6a0fabb8a] STATUS: 0 API
2020-11-02T11:08:16+09:00 INFO (6): [localhost,Mac,Chrome,POST,/kamimine/ajax/getCoursePointList.php,20201102110815-5f9f6a0fad96b] STATUS: 0 API
2020-11-02T11:08:18+09:00 INFO (6): [localhost,Mac,Chrome,POST,/kamimine/ajax/getBusStopList.php,20201102110818-5f9f6a123e2d3] STATUS: 0 API
2020-11-02T11:08:18+09:00 INFO (6): [localhost,Mac,Chrome,POST,/kamimine/ajax/getCoursePointList.php,20201102110818-5f9f6a124481a] STATUS: 0 API
2020-11-02T11:08:59+09:00 INFO (6): [localhost,Mac,Chrome,POST,/kamimine/ajax/getVariables.php,20201102110859-5f9f6a3b1452b] STATUS: 0 API
2020-11-02T11:08:59+09:00 INFO (6): [localhost,Mac,Chrome,POST,/kamimine/ajax/checkServiceTime.php,20201102110859-5f9f6a3b51a75] STATUS: 0 API
2020-11-02T11:08:59+09:00 INFO (6): [localhost,Mac,Chrome,POST,/kamimine/ajax/getCourseList.php,20201102110859-5f9f6a3b50ce1] STATUS: 0 API
2020-11-02T11:08:59+09:00 INFO (6): [localhost,Mac,Chrome,POST,/kamimine/ajax/getNewsTelop.php,20201102110859-5f9f6a3b51a8c] STATUS: 0 API
2020-11-02T11:08:59+09:00 INFO (6): [localhost,Mac,Chrome,POST,/kamimine/ajax/getBusStopList.php,20201102110859-5f9f6a3b5f42a] STATUS: 0 API
2020-11-02T11:08:59+09:00 INFO (6): [localhost,Mac,Chrome,POST,/kamimine/ajax/getCoursePointList.php,20201102110859-5f9f6a3b5a4dc] STATUS: 0 API
2020-11-02T11:09:01+09:00 INFO (6): [localhost,Mac,Chrome,POST,/kamimine/ajax/getBusStopList.php,20201102110901-5f9f6a3d77322] STATUS: 0 API
2020-11-02T11:09:01+09:00 INFO (6): [localhost,Mac,Chrome,POST,/kamimine/ajax/getBusStopId8DigitList.php,20201102110901-5f9f6a3d78150] STATUS: 0 API
2020-11-02T11:09:01+09:00 INFO (6): [localhost,Mac,Chrome,POST,/kamimine/ajax/getCoursePointList.php,20201102110901-5f9f6a3d79b5e] STATUS: 0 API
2020-11-02T11:09:03+09:00 INFO (6): [localhost,Mac,Chrome,POST,/kamimine/ajax/getBusStopId8DigitList.php,20201102110903-5f9f6a3f9fbbb] STATUS: 0 API
2020-11-02T11:09:03+09:00 INFO (6): [localhost,Mac,Chrome,POST,/kamimine/ajax/getBusStopList.php,20201102110903-5f9f6a3faaae9] STATUS: -1 Exception
2020-11-02T11:12:58+09:00 INFO (6): [localhost,Mac,Chrome,POST,/kamimine/ajax/getVariables.php,20201102111258-5f9f6b2a27f4c] STATUS: 0 API
2020-11-02T11:12:58+09:00 INFO (6): [localhost,Mac,Chrome,POST,/kamimine/ajax/checkServiceTime.php,20201102111258-5f9f6b2a5fe1d] STATUS: 0 API
2020-11-02T11:12:58+09:00 INFO (6): [localhost,Mac,Chrome,POST,/kamimine/ajax/getCourseList.php,20201102111258-5f9f6b2a5fff0] STATUS: 0 API
2020-11-02T11:12:58+09:00 INFO (6): [localhost,Mac,Chrome,POST,/kamimine/ajax/getNewsTelop.php,20201102111258-5f9f6b2a5eace] STATUS: 0 API
2020-11-02T11:12:58+09:00 INFO (6): [localhost,Mac,Chrome,POST,/kamimine/ajax/getBusStopList.php,20201102111258-5f9f6b2a66101] STATUS: 0 API
2020-11-02T11:12:58+09:00 INFO (6): [localhost,Mac,Chrome,POST,/kamimine/ajax/getCoursePointList.php,20201102111258-5f9f6b2a6316d] STATUS: 0 API
2020-11-02T11:13:00+09:00 INFO (6): [localhost,Mac,Chrome,POST,/kamimine/ajax/getBusStopList.php,20201102111300-5f9f6b2caa919] STATUS: 0 API
2020-11-02T11:13:00+09:00 INFO (6): [localhost,Mac,Chrome,POST,/kamimine/ajax/getCoursePointList.php,20201102111300-5f9f6b2cabc11] STATUS: 0 API
2020-11-02T11:15:06+09:00 INFO (6): [localhost,Mac,Chrome,POST,/kamimine/ajax/getVariables.php,20201102111505-5f9f6ba9eb9d5] STATUS: 0 API
2020-11-02T11:15:06+09:00 INFO (6): [localhost,Mac,Chrome,POST,/kamimine/ajax/getCourseList.php,20201102111506-5f9f6baa38271] STATUS: 0 API
2020-11-02T11:15:06+09:00 INFO (6): [localhost,Mac,Chrome,POST,/kamimine/ajax/checkServiceTime.php,20201102111506-5f9f6baa3e56a] STATUS: 0 API
2020-11-02T11:15:06+09:00 INFO (6): [localhost,Mac,Chrome,POST,/kamimine/ajax/getNewsTelop.php,20201102111506-5f9f6baa3d5f8] STATUS: 0 API
2020-11-02T11:15:06+09:00 INFO (6): [localhost,Mac,Chrome,POST,/kamimine/ajax/getBusStopList.php,20201102111506-5f9f6baa47202] STATUS: 0 API
2020-11-02T11:15:06+09:00 INFO (6): [localhost,Mac,Chrome,POST,/kamimine/ajax/getCoursePointList.php,20201102111506-5f9f6baa43978] STATUS: 0 API
2020-11-02T11:15:08+09:00 INFO (6): [localhost,Mac,Chrome,POST,/kamimine/ajax/getBusStopList.php,20201102111508-5f9f6bacac36d] STATUS: 0 API
2020-11-02T11:15:08+09:00 INFO (6): [localhost,Mac,Chrome,POST,/kamimine/ajax/getBusStopId8DigitList.php,20201102111508-5f9f6bacb8668] STATUS: 0 API
2020-11-02T11:15:08+09:00 INFO (6): [localhost,Mac,Chrome,POST,/kamimine/ajax/getCoursePointList.php,20201102111508-5f9f6bacad2cb] STATUS: 0 API
2020-11-02T11:15:10+09:00 INFO (6): [localhost,Mac,Chrome,POST,/kamimine/ajax/getBusStopId8DigitList.php,20201102111510-5f9f6baec2f94] STATUS: 0 API
2020-11-02T11:15:10+09:00 INFO (6): [localhost,Mac,Chrome,POST,/kamimine/ajax/getBusStopList.php,20201102111510-5f9f6baed97f6] STATUS: 0 API
2020-11-02T11:15:13+09:00 INFO (6): [localhost,Mac,Chrome,POST,/kamimine/ajax/getBusStopList.php,20201102111513-5f9f6bb140cc3] STATUS: -1 Exception
2020-11-02T11:15:47+09:00 INFO (6): [localhost,Mac,Chrome,POST,/kamimine/ajax/getVariables.php,20201102111547-5f9f6bd37151c] STATUS: 0 API
2020-11-02T11:15:47+09:00 INFO (6): [localhost,Mac,Chrome,POST,/kamimine/ajax/getCourseList.php,20201102111547-5f9f6bd3ab4ce] STATUS: 0 API
2020-11-02T11:15:47+09:00 INFO (6): [localhost,Mac,Chrome,POST,/kamimine/ajax/getNewsTelop.php,20201102111547-5f9f6bd3ac20b] STATUS: 0 API
2020-11-02T11:15:47+09:00 INFO (6): [localhost,Mac,Chrome,POST,/kamimine/ajax/checkServiceTime.php,20201102111547-5f9f6bd3b07c8] STATUS: 0 API
2020-11-02T11:15:48+09:00 INFO (6): [localhost,Mac,Chrome,POST,/kamimine/ajax/getBusStopList.php,20201102111547-5f9f6bd3b8ad6] STATUS: 0 API
2020-11-02T11:15:48+09:00 INFO (6): [localhost,Mac,Chrome,POST,/kamimine/ajax/getCoursePointList.php,20201102111547-5f9f6bd3bc48f] STATUS: 0 API
2020-11-02T11:16:38+09:00 INFO (6): [localhost,Mac,Chrome,POST,/kamimine/ajax/getVariables.php,20201102111638-5f9f6c06deb70] STATUS: 0 API
2020-11-02T11:16:39+09:00 INFO (6): [localhost,Mac,Chrome,POST,/kamimine/ajax/getCourseList.php,20201102111639-5f9f6c0728943] STATUS: 0 API
2020-11-02T11:16:39+09:00 INFO (6): [localhost,Mac,Chrome,POST,/kamimine/ajax/checkServiceTime.php,20201102111639-5f9f6c072b729] STATUS: 0 API
2020-11-02T11:16:39+09:00 INFO (6): [localhost,Mac,Chrome,POST,/kamimine/ajax/getNewsTelop.php,20201102111639-5f9f6c072d922] STATUS: 0 API
2020-11-02T11:16:39+09:00 INFO (6): [localhost,Mac,Chrome,POST,/kamimine/ajax/getBusStopList.php,20201102111639-5f9f6c0739098] STATUS: 0 API
2020-11-02T11:16:39+09:00 INFO (6): [localhost,Mac,Chrome,POST,/kamimine/ajax/getCoursePointList.php,20201102111639-5f9f6c072f974] STATUS: 0 API
2020-11-02T11:16:41+09:00 INFO (6): [localhost,Mac,Chrome,POST,/kamimine/ajax/getBusStopList.php,20201102111641-5f9f6c097de8c] STATUS: 0 API
2020-11-02T11:16:41+09:00 INFO (6): [localhost,Mac,Chrome,POST,/kamimine/ajax/getBusStopId8DigitList.php,20201102111641-5f9f6c0981990] STATUS: 0 API
2020-11-02T11:16:41+09:00 INFO (6): [localhost,Mac,Chrome,POST,/kamimine/ajax/getCoursePointList.php,20201102111641-5f9f6c097dfb1] STATUS: 0 API
2020-11-02T11:16:47+09:00 INFO (6): [localhost,Mac,Chrome,POST,/kamimine/ajax/getBusStopList.php,20201102111647-5f9f6c0f7c4f3] STATUS: -1 Exception
2020-11-02T11:16:47+09:00 INFO (6): [localhost,Mac,Chrome,POST,/kamimine/ajax/getBusStopId8DigitList.php,20201102111647-5f9f6c0f7a34a] STATUS: 0 API
2020-11-02T11:16:49+09:00 INFO (6): [localhost,Mac,Chrome,POST,/kamimine/ajax/getBusStopList.php,20201102111649-5f9f6c1132b00] STATUS: -1 Exception
2020-11-02T11:18:01+09:00 INFO (6): [localhost,Mac,Chrome,POST,/kamimine/ajax/getVariables.php,20201102111801-5f9f6c59984d0] STATUS: 0 API
2020-11-02T11:18:02+09:00 INFO (6): [localhost,Mac,Chrome,POST,/kamimine/ajax/checkServiceTime.php,20201102111801-5f9f6c59d33e4] STATUS: 0 API
2020-11-02T11:18:02+09:00 INFO (6): [localhost,Mac,Chrome,POST,/kamimine/ajax/getCourseList.php,20201102111801-5f9f6c59d115f] STATUS: 0 API
2020-11-02T11:18:02+09:00 INFO (6): [localhost,Mac,Chrome,POST,/kamimine/ajax/getBusStopList.php,20201102111801-5f9f6c59db536] STATUS: 0 API
2020-11-02T11:18:02+09:00 INFO (6): [localhost,Mac,Chrome,POST,/kamimine/ajax/getNewsTelop.php,20201102111801-5f9f6c59d4b11] STATUS: 0 API
2020-11-02T11:18:02+09:00 INFO (6): [localhost,Mac,Chrome,POST,/kamimine/ajax/getCoursePointList.php,20201102111801-5f9f6c59d6acc] STATUS: 0 API
2020-11-02T11:18:06+09:00 INFO (6): [localhost,Mac,Chrome,POST,/kamimine/ajax/getBusStopList.php,20201102111806-5f9f6c5e11402] STATUS: 0 API
2020-11-02T11:18:06+09:00 INFO (6): [localhost,Mac,Chrome,POST,/kamimine/ajax/getBusStopId8DigitList.php,20201102111806-5f9f6c5e1260d] STATUS: 0 API
2020-11-02T11:18:06+09:00 INFO (6): [localhost,Mac,Chrome,POST,/kamimine/ajax/getCoursePointList.php,20201102111806-5f9f6c5e10e4b] STATUS: 0 API
2020-11-02T11:18:34+09:00 INFO (6): [localhost,Mac,Chrome,POST,/kamimine/ajax/getBusStopList.php,20201102111833-5f9f6c79ee4db] STATUS: 0 API
2020-11-02T11:18:34+09:00 INFO (6): [localhost,Mac,Chrome,POST,/kamimine/ajax/getBusStopId8DigitList.php,20201102111833-5f9f6c79ec991] STATUS: 0 API
2020-11-02T11:19:15+09:00 INFO (6): [localhost,Mac,Chrome,POST,/kamimine/ajax/getBusStopList.php,20201102111915-5f9f6ca31139e] STATUS: -1 Exception
2020-11-02T11:19:36+09:00 INFO (6): [localhost,Mac,Chrome,POST,/kamimine/ajax/getVariables.php,20201102111936-5f9f6cb83f65c] STATUS: 0 API
2020-11-02T11:19:36+09:00 INFO (6): [localhost,Mac,Chrome,POST,/kamimine/ajax/getCourseList.php,20201102111936-5f9f6cb87d679] STATUS: 0 API
2020-11-02T11:19:36+09:00 INFO (6): [localhost,Mac,Chrome,POST,/kamimine/ajax/checkServiceTime.php,20201102111936-5f9f6cb87fb40] STATUS: 0 API
2020-11-02T11:19:36+09:00 INFO (6): [localhost,Mac,Chrome,POST,/kamimine/ajax/getNewsTelop.php,20201102111936-5f9f6cb879cc8] STATUS: 0 API
2020-11-02T11:19:36+09:00 INFO (6): [localhost,Mac,Chrome,POST,/kamimine/ajax/getBusStopList.php,20201102111936-5f9f6cb885ffa] STATUS: 0 API
2020-11-02T11:19:36+09:00 INFO (6): [localhost,Mac,Chrome,POST,/kamimine/ajax/getCoursePointList.php,20201102111936-5f9f6cb887d14] STATUS: 0 API
2020-11-02T11:19:38+09:00 INFO (6): [localhost,Mac,Chrome,POST,/kamimine/ajax/getBusStopList.php,20201102111938-5f9f6cbac7ce4] STATUS: 0 API
2020-11-02T11:19:38+09:00 INFO (6): [localhost,Mac,Chrome,POST,/kamimine/ajax/getBusStopId8DigitList.php,20201102111938-5f9f6cbacbdb8] STATUS: 0 API
2020-11-02T11:19:39+09:00 INFO (6): [localhost,Mac,Chrome,POST,/kamimine/ajax/getCoursePointList.php,20201102111938-5f9f6cbacf187] STATUS: 0 API
2020-11-02T11:19:40+09:00 INFO (6): [localhost,Mac,Chrome,POST,/kamimine/ajax/getBusStopId8DigitList.php,20201102111940-5f9f6cbcc8cf7] STATUS: -1 Exception
2020-11-02T11:19:40+09:00 INFO (6): [localhost,Mac,Chrome,POST,/kamimine/ajax/getBusStopList.php,20201102111940-5f9f6cbcdac29] STATUS: -1 Exception
2020-11-02T11:21:14+09:00 INFO (6): [localhost,Mac,Chrome,POST,/kamimine/ajax/getVariables.php,20201102112114-5f9f6d1acdb83] STATUS: 0 API
2020-11-02T11:21:15+09:00 INFO (6): [localhost,Mac,Chrome,POST,/kamimine/ajax/getCourseList.php,20201102112115-5f9f6d1b15d42] STATUS: 0 API
2020-11-02T11:21:15+09:00 INFO (6): [localhost,Mac,Chrome,POST,/kamimine/ajax/checkServiceTime.php,20201102112115-5f9f6d1b180c3] STATUS: 0 API
2020-11-02T11:21:15+09:00 INFO (6): [localhost,Mac,Chrome,POST,/kamimine/ajax/getNewsTelop.php,20201102112115-5f9f6d1b1f80c] STATUS: 0 API
2020-11-02T11:21:15+09:00 INFO (6): [localhost,Mac,Chrome,POST,/kamimine/ajax/getBusStopList.php,20201102112115-5f9f6d1b2e107] STATUS: 0 API
2020-11-02T11:21:15+09:00 INFO (6): [localhost,Mac,Chrome,POST,/kamimine/ajax/getCoursePointList.php,20201102112115-5f9f6d1b2e6b7] STATUS: 0 API
2020-11-02T11:21:17+09:00 INFO (6): [localhost,Mac,Chrome,POST,/kamimine/ajax/getBusStopList.php,20201102112117-5f9f6d1d33e4b] STATUS: 0 API
2020-11-02T11:21:17+09:00 INFO (6): [localhost,Mac,Chrome,POST,/kamimine/ajax/getBusStopId8DigitList.php,20201102112117-5f9f6d1d36064] STATUS: 0 API
2020-11-02T11:21:17+09:00 INFO (6): [localhost,Mac,Chrome,POST,/kamimine/ajax/getCoursePointList.php,20201102112117-5f9f6d1d35f33] STATUS: 0 API
2020-11-02T11:21:19+09:00 INFO (6): [localhost,Mac,Chrome,POST,/kamimine/ajax/getBusStopId8DigitList.php,20201102112119-5f9f6d1f01c94] STATUS: 0 API
2020-11-02T11:21:19+09:00 INFO (6): [localhost,Mac,Chrome,POST,/kamimine/ajax/getBusStopList.php,20201102112119-5f9f6d1f1a78d] STATUS: -1 Exception
2020-11-02T11:23:46+09:00 INFO (6): [localhost,Mac,Chrome,POST,/kamimine/ajax/getVariables.php,20201102112346-5f9f6db2cfed4] STATUS: 0 API
2020-11-02T11:23:47+09:00 INFO (6): [localhost,Mac,Chrome,POST,/kamimine/ajax/getCourseList.php,20201102112347-5f9f6db3169f6] STATUS: 0 API
2020-11-02T11:23:47+09:00 INFO (6): [localhost,Mac,Chrome,POST,/kamimine/ajax/checkServiceTime.php,20201102112347-5f9f6db3165cb] STATUS: 0 API
2020-11-02T11:23:47+09:00 INFO (6): [localhost,Mac,Chrome,POST,/kamimine/ajax/getNewsTelop.php,20201102112347-5f9f6db3176d0] STATUS: 0 API
2020-11-02T11:23:47+09:00 INFO (6): [localhost,Mac,Chrome,POST,/kamimine/ajax/getBusStopList.php,20201102112347-5f9f6db323807] STATUS: 0 API
2020-11-02T11:23:47+09:00 INFO (6): [localhost,Mac,Chrome,POST,/kamimine/ajax/getCoursePointList.php,20201102112347-5f9f6db31c6e0] STATUS: 0 API
2020-11-02T11:23:49+09:00 INFO (6): [localhost,Mac,Chrome,POST,/kamimine/ajax/getBusStopList.php,20201102112349-5f9f6db563058] STATUS: 0 API
2020-11-02T11:23:49+09:00 INFO (6): [localhost,Mac,Chrome,POST,/kamimine/ajax/getBusStopId8DigitList.php,20201102112349-5f9f6db5646fc] STATUS: 0 API
2020-11-02T11:23:49+09:00 INFO (6): [localhost,Mac,Chrome,POST,/kamimine/ajax/getCoursePointList.php,20201102112349-5f9f6db565a0e] STATUS: 0 API
2020-11-02T11:23:55+09:00 INFO (6): [localhost,Mac,Chrome,POST,/kamimine/ajax/getBusStopId8DigitList.php,20201102112355-5f9f6dbbc23ef] STATUS: 0 API
2020-11-02T11:23:55+09:00 INFO (6): [localhost,Mac,Chrome,POST,/kamimine/ajax/getBusStopList.php,20201102112355-5f9f6dbbd7264] STATUS: -1 Exception
2020-11-02T11:24:56+09:00 INFO (6): [localhost,Mac,Chrome,POST,/kamimine/ajax/getVariables.php,20201102112456-5f9f6df897a96] STATUS: 0 API
2020-11-02T11:24:57+09:00 INFO (6): [localhost,Mac,Chrome,POST,/kamimine/ajax/checkServiceTime.php,20201102112456-5f9f6df8e0352] STATUS: 0 API
2020-11-02T11:24:57+09:00 INFO (6): [localhost,Mac,Chrome,POST,/kamimine/ajax/getCourseList.php,20201102112456-5f9f6df8df51b] STATUS: 0 API
2020-11-02T11:24:57+09:00 INFO (6): [localhost,Mac,Chrome,POST,/kamimine/ajax/getNewsTelop.php,20201102112456-5f9f6df8df928] STATUS: 0 API
2020-11-02T11:24:57+09:00 INFO (6): [localhost,Mac,Chrome,POST,/kamimine/ajax/getBusStopList.php,20201102112456-5f9f6df8e8d28] STATUS: 0 API
2020-11-02T11:24:57+09:00 INFO (6): [localhost,Mac,Chrome,POST,/kamimine/ajax/getCoursePointList.php,20201102112456-5f9f6df8e7663] STATUS: 0 API
2020-11-02T11:24:59+09:00 INFO (6): [localhost,Mac,Chrome,POST,/kamimine/ajax/getBusStopList.php,20201102112459-5f9f6dfb43a1b] STATUS: 0 API
2020-11-02T11:24:59+09:00 INFO (6): [localhost,Mac,Chrome,POST,/kamimine/ajax/getBusStopId8DigitList.php,20201102112459-5f9f6dfb44e57] STATUS: 0 API
2020-11-02T11:24:59+09:00 INFO (6): [localhost,Mac,Chrome,POST,/kamimine/ajax/getCoursePointList.php,20201102112459-5f9f6dfb42a9d] STATUS: 0 API
2020-11-02T11:25:01+09:00 INFO (6): [localhost,Mac,Chrome,POST,/kamimine/ajax/getBusStopId8DigitList.php,20201102112501-5f9f6dfd1d94b] STATUS: 0 API
2020-11-02T11:25:01+09:00 INFO (6): [localhost,Mac,Chrome,POST,/kamimine/ajax/getBusStopList.php,20201102112501-5f9f6dfd339f5] STATUS: 0 API
2020-11-02T11:27:16+09:00 INFO (6): [localhost,Mac,Chrome,POST,/kamimine/ajax/getVariables.php,20201102112716-5f9f6e8462ea2] STATUS: 0 API
2020-11-02T11:27:16+09:00 INFO (6): [localhost,Mac,Chrome,POST,/kamimine/ajax/getCourseList.php,20201102112716-5f9f6e849897f] STATUS: 0 API
2020-11-02T11:27:16+09:00 INFO (6): [localhost,Mac,Chrome,POST,/kamimine/ajax/checkServiceTime.php,20201102112716-5f9f6e849d226] STATUS: 0 API
2020-11-02T11:27:16+09:00 INFO (6): [localhost,Mac,Chrome,POST,/kamimine/ajax/getNewsTelop.php,20201102112716-5f9f6e849b094] STATUS: 0 API
2020-11-02T11:27:16+09:00 INFO (6): [localhost,Mac,Chrome,POST,/kamimine/ajax/getBusStopList.php,20201102112716-5f9f6e84a124c] STATUS: 0 API
2020-11-02T11:27:16+09:00 INFO (6): [localhost,Mac,Chrome,POST,/kamimine/ajax/getCoursePointList.php,20201102112716-5f9f6e84a2e30] STATUS: 0 API
2020-11-02T11:27:18+09:00 INFO (6): [localhost,Mac,Chrome,POST,/kamimine/ajax/getBusStopId8DigitList.php,20201102112718-5f9f6e86a6c0f] STATUS: 0 API
2020-11-02T11:27:18+09:00 INFO (6): [localhost,Mac,Chrome,POST,/kamimine/ajax/getBusStopList.php,20201102112718-5f9f6e86a8580] STATUS: 0 API
2020-11-02T11:27:18+09:00 INFO (6): [localhost,Mac,Chrome,POST,/kamimine/ajax/getCoursePointList.php,20201102112718-5f9f6e86a86f9] STATUS: 0 API
2020-11-02T11:27:20+09:00 INFO (6): [localhost,Mac,Chrome,POST,/kamimine/ajax/getBusStopId8DigitList.php,20201102112720-5f9f6e88c009c] STATUS: 0 API
2020-11-02T11:27:20+09:00 INFO (6): [localhost,Mac,Chrome,POST,/kamimine/ajax/getBusStopList.php,20201102112720-5f9f6e88d3095] STATUS: -1 Exception
2020-11-02T11:29:51+09:00 INFO (6): [localhost,Mac,Chrome,POST,/kamimine/ajax/getVariables.php,20201102112951-5f9f6f1f5d8f3] STATUS: 0 API
2020-11-02T11:29:51+09:00 INFO (6): [localhost,Mac,Chrome,POST,/kamimine/ajax/getCourseList.php,20201102112951-5f9f6f1fa1f14] STATUS: 0 API
2020-11-02T11:29:51+09:00 INFO (6): [localhost,Mac,Chrome,POST,/kamimine/ajax/checkServiceTime.php,20201102112951-5f9f6f1fa4d3e] STATUS: 0 API
2020-11-02T11:29:51+09:00 INFO (6): [localhost,Mac,Chrome,POST,/kamimine/ajax/getNewsTelop.php,20201102112951-5f9f6f1fa362b] STATUS: 0 API
2020-11-02T11:29:51+09:00 INFO (6): [localhost,Mac,Chrome,POST,/kamimine/ajax/getBusStopList.php,20201102112951-5f9f6f1fab75c] STATUS: 0 API
2020-11-02T11:29:52+09:00 INFO (6): [localhost,Mac,Chrome,POST,/kamimine/ajax/getCoursePointList.php,20201102112951-5f9f6f1fa5dd3] STATUS: 0 API
2020-11-02T11:29:54+09:00 INFO (6): [localhost,Mac,Chrome,POST,/kamimine/ajax/getBusStopList.php,20201102112954-5f9f6f2280dc6] STATUS: 0 API
2020-11-02T11:29:54+09:00 INFO (6): [localhost,Mac,Chrome,POST,/kamimine/ajax/getBusStopId8DigitList.php,20201102112954-5f9f6f2281728] STATUS: 0 API
2020-11-02T11:29:54+09:00 INFO (6): [localhost,Mac,Chrome,POST,/kamimine/ajax/getCoursePointList.php,20201102112954-5f9f6f2283277] STATUS: 0 API
2020-11-02T11:29:56+09:00 INFO (6): [localhost,Mac,Chrome,POST,/kamimine/ajax/getBusStopId8DigitList.php,20201102112956-5f9f6f2446506] STATUS: 0 API
2020-11-02T11:29:56+09:00 INFO (6): [localhost,Mac,Chrome,POST,/kamimine/ajax/getBusStopList.php,20201102112956-5f9f6f245237a] STATUS: -1 Exception
2020-11-02T11:32:36+09:00 INFO (6): [localhost,Mac,Chrome,POST,/kamimine/ajax/getVariables.php,20201102113236-5f9f6fc4ced89] STATUS: 0 API
2020-11-02T11:32:37+09:00 INFO (6): [localhost,Mac,Chrome,POST,/kamimine/ajax/checkServiceTime.php,20201102113237-5f9f6fc5196d1] STATUS: 0 API
2020-11-02T11:32:37+09:00 INFO (6): [localhost,Mac,Chrome,POST,/kamimine/ajax/getCourseList.php,20201102113237-5f9f6fc5173f1] STATUS: 0 API
2020-11-02T11:32:37+09:00 INFO (6): [localhost,Mac,Chrome,POST,/kamimine/ajax/getNewsTelop.php,20201102113237-5f9f6fc51717c] STATUS: 0 API
2020-11-02T11:32:37+09:00 INFO (6): [localhost,Mac,Chrome,POST,/kamimine/ajax/getBusStopList.php,20201102113237-5f9f6fc524697] STATUS: 0 API
2020-11-02T11:32:37+09:00 INFO (6): [localhost,Mac,Chrome,POST,/kamimine/ajax/getCoursePointList.php,20201102113237-5f9f6fc51e181] STATUS: 0 API
2020-11-02T11:32:49+09:00 INFO (6): [localhost,Mac,Chrome,POST,/kamimine/ajax/getBusStopList.php,20201102113249-5f9f6fd196e64] STATUS: -1 Exception
2020-11-02T11:32:49+09:00 INFO (6): [localhost,Mac,Chrome,POST,/kamimine/ajax/getBusStopId8DigitList.php,20201102113249-5f9f6fd19ae3d] STATUS: 0 API
2020-11-02T11:32:49+09:00 INFO (6): [localhost,Mac,Chrome,POST,/kamimine/ajax/getCoursePointList.php,20201102113249-5f9f6fd19910a] STATUS: 0 API
2020-11-02T11:32:52+09:00 INFO (6): [localhost,Mac,Chrome,POST,/kamimine/ajax/getBusStopId8DigitList.php,20201102113251-5f9f6fd4000fc] STATUS: 0 API
2020-11-02T11:32:52+09:00 INFO (6): [localhost,Mac,Chrome,POST,/kamimine/ajax/getBusStopList.php,20201102113251-5f9f6fd3f39bb] STATUS: -1 Exception
2020-11-02T11:36:56+09:00 INFO (6): [localhost,Mac,Chrome,POST,/kamimine/ajax/getVariables.php,20201102113656-5f9f70c84ffd9] STATUS: 0 API
2020-11-02T11:36:56+09:00 INFO (6): [localhost,Mac,Chrome,POST,/kamimine/ajax/checkServiceTime.php,20201102113656-5f9f70c89142e] STATUS: 0 API
2020-11-02T11:36:56+09:00 INFO (6): [localhost,Mac,Chrome,POST,/kamimine/ajax/getCourseList.php,20201102113656-5f9f70c88dbb4] STATUS: 0 API
2020-11-02T11:36:56+09:00 INFO (6): [localhost,Mac,Chrome,POST,/kamimine/ajax/getNewsTelop.php,20201102113656-5f9f70c898aa9] STATUS: 0 API
2020-11-02T11:36:56+09:00 INFO (6): [localhost,Mac,Chrome,POST,/kamimine/ajax/getBusStopList.php,20201102113656-5f9f70c8ac022] STATUS: 0 API
2020-11-02T11:36:57+09:00 INFO (6): [localhost,Mac,Chrome,POST,/kamimine/ajax/getCoursePointList.php,20201102113656-5f9f70c8a691d] STATUS: 0 API
2020-11-02T11:37:01+09:00 INFO (6): [localhost,Mac,Chrome,POST,/kamimine/ajax/getBusStopList.php,20201102113701-5f9f70cd0e2d0] STATUS: 0 API
2020-11-02T11:37:01+09:00 INFO (6): [localhost,Mac,Chrome,POST,/kamimine/ajax/getBusStopId8DigitList.php,20201102113701-5f9f70cd0e711] STATUS: 0 API
2020-11-02T11:37:01+09:00 INFO (6): [localhost,Mac,Chrome,POST,/kamimine/ajax/getCoursePointList.php,20201102113701-5f9f70cd0d180] STATUS: 0 API
2020-11-02T11:37:02+09:00 INFO (6): [localhost,Mac,Chrome,POST,/kamimine/ajax/getBusStopList.php,20201102113702-5f9f70ced9601] STATUS: 0 API
2020-11-02T11:37:02+09:00 INFO (6): [localhost,Mac,Chrome,POST,/kamimine/ajax/getBusStopId8DigitList.php,20201102113702-5f9f70cec6039] STATUS: 0 API
2020-11-02T11:39:45+09:00 INFO (6): [localhost,Mac,Chrome,POST,/kamimine/ajax/getVariables.php,20201102113945-5f9f717117355] STATUS: 0 API
2020-11-02T11:39:45+09:00 INFO (6): [localhost,Mac,Chrome,POST,/kamimine/ajax/getCourseList.php,20201102113945-5f9f7171553e3] STATUS: 0 API
2020-11-02T11:39:45+09:00 INFO (6): [localhost,Mac,Chrome,POST,/kamimine/ajax/checkServiceTime.php,20201102113945-5f9f717154195] STATUS: 0 API
2020-11-02T11:39:45+09:00 INFO (6): [localhost,Mac,Chrome,POST,/kamimine/ajax/getNewsTelop.php,20201102113945-5f9f7171536c9] STATUS: 0 API
2020-11-02T11:39:45+09:00 INFO (6): [localhost,Mac,Chrome,POST,/kamimine/ajax/getBusStopList.php,20201102113945-5f9f71715f1d5] STATUS: 0 API
2020-11-02T11:39:45+09:00 INFO (6): [localhost,Mac,Chrome,POST,/kamimine/ajax/getCoursePointList.php,20201102113945-5f9f71715a734] STATUS: 0 API
2020-11-02T11:40:14+09:00 INFO (6): [localhost,Mac,Chrome,POST,/kamimine/ajax/getBusStopList.php,20201102114014-5f9f718e6dacc] STATUS: 0 API
2020-11-02T11:40:14+09:00 INFO (6): [localhost,Mac,Chrome,POST,/kamimine/ajax/getBusStopId8DigitList.php,20201102114014-5f9f718e70f08] STATUS: 0 API
2020-11-02T11:40:14+09:00 INFO (6): [localhost,Mac,Chrome,POST,/kamimine/ajax/getCoursePointList.php,20201102114014-5f9f718e701e5] STATUS: 0 API
2020-11-02T11:40:16+09:00 INFO (6): [localhost,Mac,Chrome,POST,/kamimine/ajax/getBusStopId8DigitList.php,20201102114016-5f9f719055968] STATUS: 0 API
2020-11-02T11:40:16+09:00 INFO (6): [localhost,Mac,Chrome,POST,/kamimine/ajax/getBusStopList.php,20201102114016-5f9f719063bd6] STATUS: 0 API
2020-11-02T11:41:23+09:00 INFO (6): [localhost,Mac,Chrome,POST,/kamimine/ajax/getVariables.php,20201102114123-5f9f71d383284] STATUS: 0 API
2020-11-02T11:41:23+09:00 INFO (6): [localhost,Mac,Chrome,POST,/kamimine/ajax/checkServiceTime.php,20201102114123-5f9f71d3c60eb] STATUS: 0 API
2020-11-02T11:41:24+09:00 INFO (6): [localhost,Mac,Chrome,POST,/kamimine/ajax/getCourseList.php,20201102114123-5f9f71d3c6c77] STATUS: 0 API
2020-11-02T11:41:24+09:00 INFO (6): [localhost,Mac,Chrome,POST,/kamimine/ajax/getNewsTelop.php,20201102114123-5f9f71d3ca6ef] STATUS: 0 API
2020-11-02T11:41:24+09:00 INFO (6): [localhost,Mac,Chrome,POST,/kamimine/ajax/getBusStopList.php,20201102114123-5f9f71d3ceb5f] STATUS: 0 API
2020-11-02T11:41:24+09:00 INFO (6): [localhost,Mac,Chrome,POST,/kamimine/ajax/getCoursePointList.php,20201102114123-5f9f71d3d6173] STATUS: 0 API
2020-11-02T11:41:27+09:00 INFO (6): [localhost,Mac,Chrome,POST,/kamimine/ajax/getBusStopList.php,20201102114126-5f9f71d6e104a] STATUS: 0 API
2020-11-02T11:41:27+09:00 INFO (6): [localhost,Mac,Chrome,POST,/kamimine/ajax/getBusStopId8DigitList.php,20201102114126-5f9f71d6e2bb7] STATUS: 0 API
2020-11-02T11:41:27+09:00 INFO (6): [localhost,Mac,Chrome,POST,/kamimine/ajax/getCoursePointList.php,20201102114126-5f9f71d6e03af] STATUS: 0 API
2020-11-02T11:41:30+09:00 INFO (6): [localhost,Mac,Chrome,POST,/kamimine/ajax/getBusStopId8DigitList.php,20201102114129-5f9f71d9d9107] STATUS: 0 API
2020-11-02T11:41:30+09:00 INFO (6): [localhost,Mac,Chrome,POST,/kamimine/ajax/getBusStopList.php,20201102114130-5f9f71da0690c] STATUS: 0 API
2020-11-02T15:57:16+09:00 INFO (6): [localhost,Mac,Chrome,POST,/kamimine/ajax/getVariables.php,20201102155716-5f9fadcc10cb4] STATUS: 0 API
2020-11-02T15:57:16+09:00 INFO (6): [localhost,Mac,Chrome,POST,/kamimine/ajax/getCourseList.php,20201102155716-5f9fadcc59985] STATUS: 0 API
2020-11-02T15:57:16+09:00 INFO (6): [localhost,Mac,Chrome,POST,/kamimine/ajax/checkServiceTime.php,20201102155716-5f9fadcc5ffab] STATUS: 0 API
2020-11-02T15:57:16+09:00 INFO (6): [localhost,Mac,Chrome,POST,/kamimine/ajax/getNewsTelop.php,20201102155716-5f9fadcc5cc43] STATUS: 0 API
2020-11-02T15:57:16+09:00 INFO (6): [localhost,Mac,Chrome,POST,/kamimine/ajax/getCoursePointList.php,20201102155716-5f9fadcc6952c] STATUS: 0 API
2020-11-02T15:57:18+09:00 INFO (6): [localhost,Mac,Chrome,POST,/kamimine/ajax/getBusStopList.php,20201102155716-5f9fadcc6952c] STATUS: 0 API
2020-11-02T15:57:23+09:00 INFO (6): [localhost,Mac,Chrome,POST,/kamimine/ajax/getBusStopId8DigitList.php,20201102155722-5f9fadd2c9392] STATUS: 0 API
2020-11-02T15:57:23+09:00 INFO (6): [localhost,Mac,Chrome,POST,/kamimine/ajax/getBusStopList.php,20201102155722-5f9fadd2c8967] STATUS: -1 Exception
2020-11-02T15:57:23+09:00 INFO (6): [localhost,Mac,Chrome,POST,/kamimine/ajax/getCoursePointList.php,20201102155722-5f9fadd2caac7] STATUS: 0 API
2020-11-02T15:57:26+09:00 INFO (6): [localhost,Mac,Chrome,POST,/kamimine/ajax/getBusStopId8DigitList.php,20201102155726-5f9fadd64ed1c] STATUS: 0 API
2020-11-02T15:57:28+09:00 INFO (6): [localhost,Mac,Chrome,POST,/kamimine/ajax/getBusStopList.php,20201102155728-5f9fadd8712c9] STATUS: -1 Exception
2020-11-02T16:29:23+09:00 INFO (6): [localhost,Mac,Chrome,POST,/kamimine/ajax/getBusStopList.php,20201102162923-5f9fb553256cf] STATUS: -1 Exception
2020-11-02T16:29:23+09:00 INFO (6): [localhost,Mac,Chrome,POST,/kamimine/ajax/getBusStopId8DigitList.php,20201102162923-5f9fb55325de5] STATUS: 0 API
2020-11-02T16:29:23+09:00 INFO (6): [localhost,Mac,Chrome,POST,/kamimine/ajax/getCoursePointList.php,20201102162923-5f9fb553266e6] STATUS: 0 API
2020-11-02T16:29:26+09:00 INFO (6): [localhost,Mac,Chrome,POST,/kamimine/ajax/getVariables.php,20201102162926-5f9fb5566cd46] STATUS: 0 API
2020-11-02T16:29:26+09:00 INFO (6): [localhost,Mac,Chrome,POST,/kamimine/ajax/checkServiceTime.php,20201102162926-5f9fb556a01a7] STATUS: 0 API
2020-11-02T16:29:26+09:00 INFO (6): [localhost,Mac,Chrome,POST,/kamimine/ajax/getCourseList.php,20201102162926-5f9fb5569d67f] STATUS: 0 API
2020-11-02T16:29:26+09:00 INFO (6): [localhost,Mac,Chrome,POST,/kamimine/ajax/getNewsTelop.php,20201102162926-5f9fb556a35f7] STATUS: 0 API
2020-11-02T16:29:26+09:00 INFO (6): [localhost,Mac,Chrome,POST,/kamimine/ajax/getCoursePointList.php,20201102162926-5f9fb556ac656] STATUS: 0 API
2020-11-02T16:29:27+09:00 INFO (6): [localhost,Mac,Chrome,POST,/kamimine/ajax/getBusStopList.php,20201102162926-5f9fb556a98e9] STATUS: 0 API
2020-11-02T16:29:28+09:00 INFO (6): [localhost,Mac,Chrome,POST,/kamimine/ajax/getVariables.php,20201102162928-5f9fb55830ae5] STATUS: 0 API
2020-11-02T16:29:28+09:00 INFO (6): [localhost,Mac,Chrome,POST,/kamimine/ajax/checkServiceTime.php,20201102162928-5f9fb5586e139] STATUS: 0 API
2020-11-02T16:29:28+09:00 INFO (6): [localhost,Mac,Chrome,POST,/kamimine/ajax/getCourseList.php,20201102162928-5f9fb5586ae7f] STATUS: 0 API
2020-11-02T16:29:28+09:00 INFO (6): [localhost,Mac,Chrome,POST,/kamimine/ajax/getNewsTelop.php,20201102162928-5f9fb5586f25e] STATUS: 0 API
2020-11-02T16:29:28+09:00 INFO (6): [localhost,Mac,Chrome,POST,/kamimine/ajax/getCoursePointList.php,20201102162928-5f9fb55889a55] STATUS: 0 API
2020-11-02T16:29:29+09:00 INFO (6): [localhost,Mac,Chrome,POST,/kamimine/ajax/getBusStopList.php,20201102162928-5f9fb5587fbb9] STATUS: 0 API
2020-11-02T16:29:30+09:00 INFO (6): [localhost,Mac,Chrome,POST,/kamimine/ajax/getVariables.php,20201102162930-5f9fb55a9a838] STATUS: 0 API
2020-11-02T16:29:31+09:00 INFO (6): [localhost,Mac,Chrome,POST,/kamimine/ajax/getCourseList.php,20201102162930-5f9fb55ae7bae] STATUS: 0 API
2020-11-02T16:29:31+09:00 INFO (6): [localhost,Mac,Chrome,POST,/kamimine/ajax/checkServiceTime.php,20201102162930-5f9fb55ae741d] STATUS: 0 API
2020-11-02T16:29:31+09:00 INFO (6): [localhost,Mac,Chrome,POST,/kamimine/ajax/getNewsTelop.php,20201102162930-5f9fb55ae6fe7] STATUS: 0 API
2020-11-02T16:29:31+09:00 INFO (6): [localhost,Mac,Chrome,POST,/kamimine/ajax/getCoursePointList.php,20201102162930-5f9fb55aecf37] STATUS: 0 API
2020-11-02T16:29:32+09:00 INFO (6): [localhost,Mac,Chrome,POST,/kamimine/ajax/getBusStopList.php,20201102162930-5f9fb55aebae5] STATUS: 0 API
2020-11-02T16:39:34+09:00 INFO (6): [localhost,Mac,Chrome,POST,/kamimine/ajax/getBusStopList.php,20201102163934-5f9fb7b68e787] STATUS: -1 Exception
2020-11-02T16:39:34+09:00 INFO (6): [localhost,Mac,Chrome,POST,/kamimine/ajax/getBusStopId8DigitList.php,20201102163934-5f9fb7b692bb6] STATUS: 0 API
2020-11-02T16:39:34+09:00 INFO (6): [localhost,Mac,Chrome,POST,/kamimine/ajax/getCoursePointList.php,20201102163934-5f9fb7b690615] STATUS: 0 API
2020-11-02T16:39:37+09:00 INFO (6): [localhost,Mac,Chrome,POST,/kamimine/ajax/getBusStopId8DigitList.php,20201102163936-5f9fb7b8db1df] STATUS: 0 API
2020-11-02T16:39:37+09:00 INFO (6): [localhost,Mac,Chrome,POST,/kamimine/ajax/getBusStopList.php,20201102163936-5f9fb7b8d62f9] STATUS: -1 Exception
2020-11-02T16:39:37+09:00 INFO (6): [localhost,Mac,Chrome,POST,/kamimine/ajax/getCoursePointList.php,20201102163936-5f9fb7b8d7c06] STATUS: 0 API
2020-11-02T17:27:37+09:00 INFO (6): [localhost,Mac,Chrome,POST,/kamimine/ajax/getVariables.php,20201102172737-5f9fc2f932451] STATUS: 0 API
2020-11-02T17:27:37+09:00 INFO (6): [localhost,Mac,Chrome,POST,/kamimine/ajax/checkServiceTime.php,20201102172737-5f9fc2f987bea] STATUS: 1 API
2020-11-02T17:27:37+09:00 INFO (6): [localhost,Mac,Chrome,POST,/kamimine/ajax/getCourseList.php,20201102172737-5f9fc2f985c28] STATUS: 0 API
2020-11-02T17:27:37+09:00 INFO (6): [localhost,Mac,Chrome,POST,/kamimine/ajax/getNewsTelop.php,20201102172737-5f9fc2f98df0a] STATUS: 0 API
2020-11-02T17:27:37+09:00 INFO (6): [localhost,Mac,Chrome,POST,/kamimine/ajax/getCoursePointList.php,20201102172737-5f9fc2f98cd6c] STATUS: 0 API
2020-11-02T17:27:38+09:00 INFO (6): [localhost,Mac,Chrome,POST,/kamimine/ajax/getBusStopList.php,20201102172737-5f9fc2f9904e6] STATUS: 0 API
2020-11-02T17:27:40+09:00 INFO (6): [localhost,Mac,Chrome,POST,/kamimine/ajax/getBusStopList.php,20201102172740-5f9fc2fca3d1b] STATUS: -1 Exception
2020-11-02T17:27:40+09:00 INFO (6): [localhost,Mac,Chrome,POST,/kamimine/ajax/getBusStopId8DigitList.php,20201102172740-5f9fc2fca4093] STATUS: 0 API
2020-11-02T17:27:40+09:00 INFO (6): [localhost,Mac,Chrome,POST,/kamimine/ajax/getCoursePointList.php,20201102172740-5f9fc2fca4093] STATUS: 0 API
2020-11-02T17:27:43+09:00 INFO (6): [localhost,Mac,Chrome,POST,/kamimine/ajax/getBusStopId8DigitList.php,20201102172743-5f9fc2ffa1d24] STATUS: 0 API
2020-11-02T17:27:51+09:00 INFO (6): [localhost,Mac,Chrome,POST,/kamimine/ajax/getBusStopList.php,20201102172750-5f9fc306e448d] STATUS: -1 Exception
2020-11-02T17:27:54+09:00 INFO (6): [localhost,Mac,Chrome,POST,/kamimine/ajax/getVariables.php,20201102172753-5f9fc309ef673] STATUS: 0 API
2020-11-02T17:27:54+09:00 INFO (6): [localhost,Mac,Chrome,POST,/kamimine/ajax/getCourseList.php,20201102172754-5f9fc30a3ca78] STATUS: 0 API
2020-11-02T17:27:54+09:00 INFO (6): [localhost,Mac,Chrome,POST,/kamimine/ajax/checkServiceTime.php,20201102172754-5f9fc30a42b2a] STATUS: 1 API
2020-11-02T17:27:54+09:00 INFO (6): [localhost,Mac,Chrome,POST,/kamimine/ajax/getNewsTelop.php,20201102172754-5f9fc30a44c4e] STATUS: 0 API
2020-11-02T17:27:54+09:00 INFO (6): [localhost,Mac,Chrome,POST,/kamimine/ajax/getCoursePointList.php,20201102172754-5f9fc30a48f0d] STATUS: 0 API
2020-11-02T17:27:55+09:00 INFO (6): [localhost,Mac,Chrome,POST,/kamimine/ajax/getBusStopList.php,20201102172754-5f9fc30a45b6b] STATUS: 0 API
2020-11-02T17:27:57+09:00 INFO (6): [localhost,Mac,Chrome,POST,/kamimine/ajax/getBusStopList.php,20201102172757-5f9fc30d24dc4] STATUS: -1 Exception
2020-11-02T17:27:57+09:00 INFO (6): [localhost,Mac,Chrome,POST,/kamimine/ajax/getBusStopId8DigitList.php,20201102172757-5f9fc30d28078] STATUS: 0 API
2020-11-02T17:27:57+09:00 INFO (6): [localhost,Mac,Chrome,POST,/kamimine/ajax/getCoursePointList.php,20201102172757-5f9fc30d23fdc] STATUS: 0 API
2020-11-02T17:28:10+09:00 INFO (6): [localhost,Mac,Chrome,POST,/kamimine/ajax/getBusStopId8DigitList.php,20201102172810-5f9fc31a52c8b] STATUS: 0 API
2020-11-02T17:28:10+09:00 INFO (6): [localhost,Mac,Chrome,POST,/kamimine/ajax/getBusStopList.php,20201102172810-5f9fc31a50062] STATUS: -1 Exception
2020-11-02T17:28:10+09:00 INFO (6): [localhost,Mac,Chrome,POST,/kamimine/ajax/getCoursePointList.php,20201102172810-5f9fc31a5030b] STATUS: 0 API
2020-11-02T17:28:14+09:00 INFO (6): [localhost,Mac,Chrome,POST,/kamimine/ajax/getBusStopList.php,20201102172814-5f9fc31e0ce23] STATUS: -1 Exception
2020-11-02T17:28:14+09:00 INFO (6): [localhost,Mac,Chrome,POST,/kamimine/ajax/getBusStopId8DigitList.php,20201102172814-5f9fc31e111dc] STATUS: 0 API
2020-11-02T17:28:14+09:00 INFO (6): [localhost,Mac,Chrome,POST,/kamimine/ajax/getCoursePointList.php,20201102172814-5f9fc31e0eabb] STATUS: 0 API
