2020-10-07T17:44:35+09:00 INFO (6): [U:,T:20201007174434-5f7d7ff2ee92b]rollBack
2020-10-07T17:44:35+09:00 INFO (6): [U:,T:20201007174434-5f7d7ff2ee92b]
2020-10-07T17:44:35+09:00 INFO (6): [U:,T:20201007174434-5f7d7ff2ee92b]rollBack
2020-10-07T17:44:35+09:00 INFO (6): [U:,T:20201007174434-5f7d7ff2ee92b]
2020-10-07T17:46:15+09:00 INFO (6): [U:,T:20201007174615-5f7d8057c6e0d]rollBack
2020-10-07T17:46:15+09:00 INFO (6): [U:,T:20201007174615-5f7d8057c6e0d]
2020-10-07T17:46:16+09:00 INFO (6): [U:,T:20201007174615-5f7d8057c6e0d]rollBack
2020-10-07T17:46:16+09:00 INFO (6): [U:,T:20201007174615-5f7d8057c6e0d]
2020-10-07T17:52:50+09:00 INFO (6): [U:,T:20201007175250-5f7d81e2931b9]rollBack
2020-10-07T17:52:50+09:00 INFO (6): [U:,T:20201007175250-5f7d81e2931b9]
2020-10-07T17:52:50+09:00 INFO (6): [U:,T:20201007175250-5f7d81e2931b9]rollBack
2020-10-07T17:52:50+09:00 INFO (6): [U:,T:20201007175250-5f7d81e2931b9]
2020-10-07T17:52:56+09:00 INFO (6): [U:,T:20201007175256-5f7d81e842bdd]rollBack
2020-10-07T17:52:56+09:00 INFO (6): [U:,T:20201007175256-5f7d81e842bdd]
2020-10-07T17:52:56+09:00 INFO (6): [U:,T:20201007175256-5f7d81e842bdd]rollBack
2020-10-07T17:52:56+09:00 INFO (6): [U:,T:20201007175256-5f7d81e842bdd]
2020-10-07T17:53:00+09:00 INFO (6): [U:,T:20201007175259-5f7d81ebecb9d]query:             INSERT INTO t_sbt_search_history VALUES(
                        :search_datetime,
                        :access_point,
                        :device,
                        :browser,
                        :class,
                        :buscompany_id,
                        :course_id,
                        :origin_busstop_id,
                        :destination_busstop_id,
                        :result_count
            );
2020-10-07T17:53:00+09:00 INFO (6): [U:,T:20201007175259-5f7d81ebecb9d]Array
(
    [:search_datetime] => 2020-10-07 17:53:00
    [:access_point] => 172.18.0.1
    [:device] => Mac
    [:browser] => Chrome
    [:class] => searchBus
    [:buscompany_id] => KMM
    [:course_id] => 01
    [:origin_busstop_id] => 00000101
    [:destination_busstop_id] => 00000101
    [:result_count] => 0
)

2020-10-07T17:53:00+09:00 INFO (6): [U:,T:20201007175259-5f7d81ebecb9d]commit
2020-10-07T17:53:00+09:00 INFO (6): [U:,T:20201007175259-5f7d81ebecb9d]
2020-10-07T17:53:04+09:00 INFO (6): [U:,T:20201007175304-5f7d81f00719c]query:             INSERT INTO t_sbt_search_history VALUES(
                        :search_datetime,
                        :access_point,
                        :device,
                        :browser,
                        :class,
                        :buscompany_id,
                        :course_id,
                        :origin_busstop_id,
                        :destination_busstop_id,
                        :result_count
            );
2020-10-07T17:53:04+09:00 INFO (6): [U:,T:20201007175304-5f7d81f00719c]Array
(
    [:search_datetime] => 2020-10-07 17:53:04
    [:access_point] => 172.18.0.1
    [:device] => Mac
    [:browser] => Chrome
    [:class] => searchBus
    [:buscompany_id] => KMM
    [:course_id] => 01
    [:origin_busstop_id] => 00000101
    [:destination_busstop_id] => 00000106
    [:result_count] => 0
)

2020-10-07T17:53:04+09:00 INFO (6): [U:,T:20201007175304-5f7d81f00719c]commit
2020-10-07T17:53:04+09:00 INFO (6): [U:,T:20201007175304-5f7d81f00719c]
2020-10-07T18:00:19+09:00 INFO (6): [U:,T:20201007180019-5f7d83a31d54b]rollBack
2020-10-07T18:00:19+09:00 INFO (6): [U:,T:20201007180019-5f7d83a31d54b]
2020-10-07T18:00:19+09:00 INFO (6): [U:,T:20201007180019-5f7d83a31d54b]rollBack
2020-10-07T18:00:19+09:00 INFO (6): [U:,T:20201007180019-5f7d83a31d54b]
2020-10-07T18:00:25+09:00 INFO (6): [U:,T:20201007180024-5f7d83a8e979b]rollBack
2020-10-07T18:00:25+09:00 INFO (6): [U:,T:20201007180024-5f7d83a8e979b]
2020-10-07T18:00:25+09:00 INFO (6): [U:,T:20201007180024-5f7d83a8e979b]rollBack
2020-10-07T18:00:25+09:00 INFO (6): [U:,T:20201007180024-5f7d83a8e979b]
