2020-10-21T09:43:13+09:00 INFO (6): [localhost,Mac,Chrome,POST,/kamimine/ajax/getVariables.php,20201021094313-5f8f84218404d] STATUS: 0 API
2020-10-21T09:43:14+09:00 INFO (6): [localhost,Mac,Chrome,POST,/kamimine/ajax/getBusStopId8DigitList.php,20201021094313-5f8f8421df5c1] STATUS: 0 API
2020-10-21T09:43:14+09:00 INFO (6): [localhost,Mac,Chrome,POST,/kamimine/ajax/getCourseList.php,20201021094313-5f8f8421dce90] STATUS: 0 API
2020-10-21T09:43:14+09:00 INFO (6): [localhost,Mac,Chrome,POST,/kamimine/ajax/getNewsTelop.php,20201021094313-5f8f8421dd785] STATUS: 0 API
2020-10-21T09:43:14+09:00 INFO (6): [localhost,Mac,Chrome,POST,/kamimine/ajax/checkServiceTime.php,20201021094313-5f8f8421e2011] STATUS: 0 API
2020-10-21T09:43:14+09:00 INFO (6): [localhost,Mac,Chrome,POST,/kamimine/ajax/getBusStopList.php,20201021094313-5f8f8421e50b5] STATUS: 0 API
2020-10-21T09:43:14+09:00 INFO (6): [localhost,Mac,Chrome,POST,/kamimine/ajax/getCoursePointList.php,20201021094313-5f8f8421e3c1c] STATUS: 0 API
2020-10-21T09:43:40+09:00 INFO (6): [localhost,Mac,Chrome,POST,/kamimine/ajax/getVariables.php,20201021094340-5f8f843c27090] STATUS: 0 API
2020-10-21T09:43:40+09:00 INFO (6): [localhost,Mac,Chrome,POST,/kamimine/ajax/getCourseList.php,20201021094340-5f8f843c54baa] STATUS: 0 API
2020-10-21T09:43:40+09:00 INFO (6): [localhost,Mac,Chrome,POST,/kamimine/ajax/getBusStopId8DigitList.php,20201021094340-5f8f843c57362] STATUS: 0 API
2020-10-21T09:43:40+09:00 INFO (6): [localhost,Mac,Chrome,POST,/kamimine/ajax/checkServiceTime.php,20201021094340-5f8f843c58d49] STATUS: 0 API
2020-10-21T09:43:40+09:00 INFO (6): [localhost,Mac,Chrome,POST,/kamimine/ajax/getNewsTelop.php,20201021094340-5f8f843c58dc6] STATUS: 0 API
2020-10-21T09:43:40+09:00 INFO (6): [localhost,Mac,Chrome,POST,/kamimine/ajax/getBusStopList.php,20201021094340-5f8f843c5b4ee] STATUS: 0 API
2020-10-21T09:43:40+09:00 INFO (6): [localhost,Mac,Chrome,POST,/kamimine/ajax/getCoursePointList.php,20201021094340-5f8f843c5c287] STATUS: 0 API
2020-10-21T09:44:29+09:00 INFO (6): [localhost,Mac,Chrome,POST,/kamimine/ajax/getVariables.php,20201021094429-5f8f846d2fb38] STATUS: 0 API
2020-10-21T09:44:29+09:00 INFO (6): [localhost,Mac,Chrome,POST,/kamimine/ajax/getCourseList.php,20201021094429-5f8f846d5e5d0] STATUS: 0 API
2020-10-21T09:44:29+09:00 INFO (6): [localhost,Mac,Chrome,POST,/kamimine/ajax/checkServiceTime.php,20201021094429-5f8f846d65c82] STATUS: 0 API
2020-10-21T09:44:29+09:00 INFO (6): [localhost,Mac,Chrome,POST,/kamimine/ajax/getNewsTelop.php,20201021094429-5f8f846d68bf0] STATUS: 0 API
2020-10-21T09:44:29+09:00 INFO (6): [localhost,Mac,Chrome,POST,/kamimine/ajax/getCoursePointList.php,20201021094429-5f8f846d6ed6f] STATUS: 0 API
2020-10-21T11:07:19+09:00 INFO (6): [localhost,Mac,Chrome,POST,/kamimine/ajax/getVariables.php,20201021110719-5f8f97d7a0187] STATUS: 0 API
2020-10-21T11:07:20+09:00 INFO (6): [localhost,Mac,Chrome,POST,/kamimine/ajax/getNewsTelop.php,20201021110719-5f8f97d7e3d87] STATUS: 0 API
2020-10-21T11:07:20+09:00 INFO (6): [localhost,Mac,Chrome,POST,/kamimine/ajax/getCourseList.php,20201021110719-5f8f97d7e3e3c] STATUS: 0 API
2020-10-21T11:07:20+09:00 INFO (6): [localhost,Mac,Chrome,POST,/kamimine/ajax/checkServiceTime.php,20201021110719-5f8f97d7e6f5c] STATUS: 0 API
2020-10-21T11:07:20+09:00 INFO (6): [localhost,Mac,Chrome,POST,/kamimine/ajax/getCoursePointList.php,20201021110719-5f8f97d7e3dbd] STATUS: 0 API
2020-10-21T11:07:28+09:00 INFO (6): [localhost,Mac,Chrome,POST,/kamimine/ajax/getVariables.php,20201021110728-5f8f97e0dd122] STATUS: 0 API
2020-10-21T11:07:29+09:00 INFO (6): [localhost,Mac,Chrome,POST,/kamimine/ajax/getCourseList.php,20201021110729-5f8f97e128d12] STATUS: 0 API
2020-10-21T11:07:29+09:00 INFO (6): [localhost,Mac,Chrome,POST,/kamimine/ajax/checkServiceTime.php,20201021110729-5f8f97e13345d] STATUS: 0 API
2020-10-21T11:07:29+09:00 INFO (6): [localhost,Mac,Chrome,POST,/kamimine/ajax/getNewsTelop.php,20201021110729-5f8f97e13017a] STATUS: 0 API
2020-10-21T11:07:29+09:00 INFO (6): [localhost,Mac,Chrome,POST,/kamimine/ajax/getCoursePointList.php,20201021110729-5f8f97e133da4] STATUS: 0 API
2020-10-21T11:07:41+09:00 INFO (6): [localhost,Mac,Chrome,POST,/kamimine/ajax/getVariables.php,20201021110741-5f8f97ed29109] STATUS: 0 API
2020-10-21T11:07:41+09:00 INFO (6): [localhost,Mac,Chrome,POST,/kamimine/ajax/getCourseList.php,20201021110741-5f8f97ed679f5] STATUS: 0 API
2020-10-21T11:07:41+09:00 INFO (6): [localhost,Mac,Chrome,POST,/kamimine/ajax/checkServiceTime.php,20201021110741-5f8f97ed6e10e] STATUS: 0 API
2020-10-21T11:07:41+09:00 INFO (6): [localhost,Mac,Chrome,POST,/kamimine/ajax/getBusStopId8DigitList.php,20201021110741-5f8f97ed6b650] STATUS: 0 API
2020-10-21T11:07:41+09:00 INFO (6): [localhost,Mac,Chrome,POST,/kamimine/ajax/getNewsTelop.php,20201021110741-5f8f97ed6c700] STATUS: 0 API
2020-10-21T11:07:41+09:00 INFO (6): [localhost,Mac,Chrome,POST,/kamimine/ajax/getBusStopList.php,20201021110741-5f8f97ed7021f] STATUS: 0 API
2020-10-21T11:07:41+09:00 INFO (6): [localhost,Mac,Chrome,POST,/kamimine/ajax/getCoursePointList.php,20201021110741-5f8f97ed6fc5c] STATUS: 0 API
2020-10-21T11:07:48+09:00 INFO (6): [localhost,Mac,Chrome,POST,/kamimine/ajax/getBusStopList.php,20201021110747-5f8f97f3dd456] STATUS: 0 API
2020-10-21T11:07:48+09:00 INFO (6): [localhost,Mac,Chrome,POST,/kamimine/ajax/getBusStopId8DigitList.php,20201021110747-5f8f97f3dd900] STATUS: 0 API
2020-10-21T11:07:48+09:00 INFO (6): [localhost,Mac,Chrome,POST,/kamimine/ajax/getCoursePointList.php,20201021110747-5f8f97f3de125] STATUS: 0 API
2020-10-21T11:07:53+09:00 INFO (6): [localhost,Mac,Chrome,POST,/kamimine/ajax/getVariables.php,20201021110753-5f8f97f999512] STATUS: 0 API
2020-10-21T11:07:53+09:00 INFO (6): [localhost,Mac,Chrome,POST,/kamimine/ajax/getCourseList.php,20201021110753-5f8f97f9cc9a6] STATUS: 0 API
2020-10-21T11:07:53+09:00 INFO (6): [localhost,Mac,Chrome,POST,/kamimine/ajax/getBusStopId8DigitList.php,20201021110753-5f8f97f9cf495] STATUS: 0 API
2020-10-21T11:07:54+09:00 INFO (6): [localhost,Mac,Chrome,POST,/kamimine/ajax/getNewsTelop.php,20201021110753-5f8f97f9d050d] STATUS: 0 API
2020-10-21T11:07:54+09:00 INFO (6): [localhost,Mac,Chrome,POST,/kamimine/ajax/checkServiceTime.php,20201021110753-5f8f97f9d261a] STATUS: 0 API
2020-10-21T11:07:54+09:00 INFO (6): [localhost,Mac,Chrome,POST,/kamimine/ajax/getBusStopList.php,20201021110753-5f8f97f9d690d] STATUS: 0 API
2020-10-21T11:07:54+09:00 INFO (6): [localhost,Mac,Chrome,POST,/kamimine/ajax/getCoursePointList.php,20201021110753-5f8f97f9d6304] STATUS: 0 API
2020-10-21T11:09:37+09:00 INFO (6): [localhost,Mac,Chrome,POST,/kamimine/ajax/getBusStopList.php,20201021110936-5f8f9860f2c83] STATUS: 0 API
2020-10-21T11:09:37+09:00 INFO (6): [localhost,Mac,Chrome,POST,/kamimine/ajax/getBusStopId8DigitList.php,20201021110937-5f8f986100c58] STATUS: 0 API
2020-10-21T11:09:37+09:00 INFO (6): [localhost,Mac,Chrome,POST,/kamimine/ajax/getCoursePointList.php,20201021110937-5f8f986100cee] STATUS: 0 API
2020-10-21T11:10:51+09:00 INFO (6): [localhost,Mac,Chrome,POST,/kamimine/ajax/getVariables.php,20201021111051-5f8f98ab0c88f] STATUS: 0 API
2020-10-21T11:10:51+09:00 INFO (6): [localhost,Mac,Chrome,POST,/kamimine/ajax/getBusStopId8DigitList.php,20201021111051-5f8f98ab3f27c] STATUS: 0 API
2020-10-21T11:10:51+09:00 INFO (6): [localhost,Mac,Chrome,POST,/kamimine/ajax/getCourseList.php,20201021111051-5f8f98ab3bbd7] STATUS: 0 API
2020-10-21T11:10:51+09:00 INFO (6): [localhost,Mac,Chrome,POST,/kamimine/ajax/checkServiceTime.php,20201021111051-5f8f98ab456c9] STATUS: 0 API
2020-10-21T11:10:51+09:00 INFO (6): [localhost,Mac,Chrome,POST,/kamimine/ajax/getNewsTelop.php,20201021111051-5f8f98ab45283] STATUS: 0 API
2020-10-21T11:10:51+09:00 INFO (6): [localhost,Mac,Chrome,POST,/kamimine/ajax/getBusStopList.php,20201021111051-5f8f98ab44c73] STATUS: 0 API
2020-10-21T11:10:51+09:00 INFO (6): [localhost,Mac,Chrome,POST,/kamimine/ajax/getCoursePointList.php,20201021111051-5f8f98ab4719d] STATUS: 0 API
2020-10-21T11:11:11+09:00 INFO (6): [localhost,Mac,Chrome,POST,/kamimine/ajax/getBusStopId8DigitList.php,20201021111111-5f8f98bf77ae3] STATUS: 0 API
2020-10-21T11:11:11+09:00 INFO (6): [localhost,Mac,Chrome,POST,/kamimine/ajax/getBusStopList.php,20201021111111-5f8f98bf76b87] STATUS: 0 API
2020-10-21T11:11:11+09:00 INFO (6): [localhost,Mac,Chrome,POST,/kamimine/ajax/getCoursePointList.php,20201021111111-5f8f98bf77439] STATUS: 0 API
2020-10-21T11:21:41+09:00 INFO (6): [localhost,Mac,Chrome,POST,/kamimine/ajax/getVariables.php,20201021112141-5f8f9b358b723] STATUS: 0 API
2020-10-21T11:21:41+09:00 INFO (6): [localhost,Mac,Chrome,POST,/kamimine/ajax/getCourseList.php,20201021112141-5f8f9b35c4edd] STATUS: 0 API
2020-10-21T11:21:42+09:00 INFO (6): [localhost,Mac,Chrome,POST,/kamimine/ajax/getNewsTelop.php,20201021112141-5f8f9b35c6093] STATUS: 0 API
2020-10-21T11:21:42+09:00 INFO (6): [localhost,Mac,Chrome,POST,/kamimine/ajax/checkServiceTime.php,20201021112141-5f8f9b35cdb7b] STATUS: 0 API
2020-10-21T11:21:42+09:00 INFO (6): [localhost,Mac,Chrome,POST,/kamimine/ajax/getBusStopId8DigitList.php,20201021112141-5f8f9b35d3242] STATUS: 0 API
2020-10-21T11:21:42+09:00 INFO (6): [localhost,Mac,Chrome,POST,/kamimine/ajax/getBusStopList.php,20201021112141-5f8f9b35d2c43] STATUS: 0 API
2020-10-21T11:21:42+09:00 INFO (6): [localhost,Mac,Chrome,POST,/kamimine/ajax/getCoursePointList.php,20201021112141-5f8f9b35d3691] STATUS: 0 API
2020-10-21T11:55:12+09:00 INFO (6): [localhost,Mac,Chrome,POST,/kamimine/ajax/getVariables.php,20201021115511-5f8fa30ff22c1] STATUS: 0 API
2020-10-21T11:55:12+09:00 INFO (6): [localhost,Mac,Chrome,POST,/kamimine/ajax/getCourseList.php,20201021115512-5f8fa3103bbd6] STATUS: 0 API
2020-10-21T11:55:12+09:00 INFO (6): [localhost,Mac,Chrome,POST,/kamimine/ajax/checkServiceTime.php,20201021115512-5f8fa31035e04] STATUS: 0 API
2020-10-21T11:55:12+09:00 INFO (6): [localhost,Mac,Chrome,POST,/kamimine/ajax/getBusStopId8DigitList.php,20201021115512-5f8fa3103db37] STATUS: 0 API
2020-10-21T11:55:12+09:00 INFO (6): [localhost,Mac,Chrome,POST,/kamimine/ajax/getNewsTelop.php,20201021115512-5f8fa3103e3b8] STATUS: 0 API
2020-10-21T11:55:12+09:00 INFO (6): [localhost,Mac,Chrome,POST,/kamimine/ajax/getBusStopList.php,20201021115512-5f8fa3103fd29] STATUS: 0 API
2020-10-21T11:55:12+09:00 INFO (6): [localhost,Mac,Chrome,POST,/kamimine/ajax/getCoursePointList.php,20201021115512-5f8fa31042405] STATUS: 0 API
2020-10-21T12:49:35+09:00 INFO (6): [localhost,Mac,Chrome,POST,/kamimine/ajax/getVariables.php,20201021124934-5f8fafceecdd2] STATUS: 0 API
2020-10-21T12:49:35+09:00 INFO (6): [localhost,Mac,Chrome,POST,/kamimine/ajax/getCourseList.php,20201021124935-5f8fafcf3b2bc] STATUS: 0 API
2020-10-21T12:49:35+09:00 INFO (6): [localhost,Mac,Chrome,POST,/kamimine/ajax/getBusStopId8DigitList.php,20201021124935-5f8fafcf3acf0] STATUS: 0 API
2020-10-21T12:49:35+09:00 INFO (6): [localhost,Mac,Chrome,POST,/kamimine/ajax/checkServiceTime.php,20201021124935-5f8fafcf3e845] STATUS: 0 API
2020-10-21T12:49:35+09:00 INFO (6): [localhost,Mac,Chrome,POST,/kamimine/ajax/getNewsTelop.php,20201021124935-5f8fafcf3c32f] STATUS: 0 API
2020-10-21T12:49:35+09:00 INFO (6): [localhost,Mac,Chrome,POST,/kamimine/ajax/getBusStopList.php,20201021124935-5f8fafcf3ea14] STATUS: 0 API
2020-10-21T12:49:35+09:00 INFO (6): [localhost,Mac,Chrome,POST,/kamimine/ajax/getCoursePointList.php,20201021124935-5f8fafcf3f62e] STATUS: 0 API
2020-10-21T13:10:18+09:00 INFO (6): [localhost,Mac,Chrome,POST,/kamimine/ajax/getVariables.php,20201021131018-5f8fb4aa52b6e] STATUS: 0 API
2020-10-21T13:10:18+09:00 INFO (6): [localhost,Mac,Chrome,POST,/kamimine/ajax/checkServiceTime.php,20201021131018-5f8fb4aa8e222] STATUS: 0 API
2020-10-21T13:10:18+09:00 INFO (6): [localhost,Mac,Chrome,POST,/kamimine/ajax/getCourseList.php,20201021131018-5f8fb4aa87e4e] STATUS: 0 API
2020-10-21T13:10:18+09:00 INFO (6): [localhost,Mac,Chrome,POST,/kamimine/ajax/getBusStopId8DigitList.php,20201021131018-5f8fb4aa8c886] STATUS: 0 API
2020-10-21T13:10:18+09:00 INFO (6): [localhost,Mac,Chrome,POST,/kamimine/ajax/getNewsTelop.php,20201021131018-5f8fb4aa8d6ce] STATUS: 0 API
2020-10-21T13:10:18+09:00 INFO (6): [localhost,Mac,Chrome,POST,/kamimine/ajax/getBusStopList.php,20201021131018-5f8fb4aa949b3] STATUS: 0 API
2020-10-21T13:10:18+09:00 INFO (6): [localhost,Mac,Chrome,POST,/kamimine/ajax/getCoursePointList.php,20201021131018-5f8fb4aa95d49] STATUS: 0 API
2020-10-21T13:10:24+09:00 INFO (6): [localhost,Mac,Chrome,POST,/kamimine/ajax/getBusStopList.php,20201021131024-5f8fb4b01bfee] STATUS: 0 API
2020-10-21T13:10:24+09:00 INFO (6): [localhost,Mac,Chrome,POST,/kamimine/ajax/getBusStopId8DigitList.php,20201021131024-5f8fb4b020b8d] STATUS: 0 API
2020-10-21T13:10:24+09:00 INFO (6): [localhost,Mac,Chrome,POST,/kamimine/ajax/getCoursePointList.php,20201021131024-5f8fb4b01e6f3] STATUS: 0 API
2020-10-21T13:10:35+09:00 INFO (6): [localhost,Mac,Chrome,POST,/kamimine/ajax/getBusStopList.php,20201021131035-5f8fb4bbd8568] STATUS: 0 API
2020-10-21T13:10:35+09:00 INFO (6): [localhost,Mac,Chrome,POST,/kamimine/ajax/getBusStopId8DigitList.php,20201021131035-5f8fb4bbd8ec9] STATUS: 0 API
2020-10-21T13:10:36+09:00 INFO (6): [localhost,Mac,Chrome,POST,/kamimine/ajax/getCoursePointList.php,20201021131035-5f8fb4bbd8051] STATUS: 0 API
2020-10-21T13:10:44+09:00 INFO (6): [localhost,Mac,Chrome,POST,/kamimine/ajax/getBusStopId8DigitList.php,20201021131044-5f8fb4c4735c1] STATUS: 0 API
2020-10-21T13:10:44+09:00 INFO (6): [localhost,Mac,Chrome,POST,/kamimine/ajax/getBusStopList.php,20201021131044-5f8fb4c471af7] STATUS: 0 API
2020-10-21T13:10:44+09:00 INFO (6): [localhost,Mac,Chrome,POST,/kamimine/ajax/getCoursePointList.php,20201021131044-5f8fb4c473c72] STATUS: 0 API
2020-10-21T13:11:31+09:00 INFO (6): [localhost,Mac,Chrome,POST,/kamimine/ajax/getVariables.php,20201021131131-5f8fb4f3c34c0] STATUS: 0 API
2020-10-21T13:11:32+09:00 INFO (6): [localhost,Mac,Chrome,POST,/kamimine/ajax/getBusStopId8DigitList.php,20201021131132-5f8fb4f411ebd] STATUS: 0 API
2020-10-21T13:11:32+09:00 INFO (6): [localhost,Mac,Chrome,POST,/kamimine/ajax/getCourseList.php,20201021131132-5f8fb4f410183] STATUS: 0 API
2020-10-21T13:11:32+09:00 INFO (6): [localhost,Mac,Chrome,POST,/kamimine/ajax/checkServiceTime.php,20201021131132-5f8fb4f414ca1] STATUS: 0 API
2020-10-21T13:11:32+09:00 INFO (6): [localhost,Mac,Chrome,POST,/kamimine/ajax/getNewsTelop.php,20201021131132-5f8fb4f4101c0] STATUS: 0 API
2020-10-21T13:11:32+09:00 INFO (6): [localhost,Mac,Chrome,POST,/kamimine/ajax/getBusStopList.php,20201021131132-5f8fb4f414428] STATUS: 0 API
2020-10-21T13:11:32+09:00 INFO (6): [localhost,Mac,Chrome,POST,/kamimine/ajax/getCoursePointList.php,20201021131132-5f8fb4f413ff0] STATUS: 0 API
2020-10-21T13:12:32+09:00 INFO (6): [localhost,Mac,Chrome,POST,/kamimine/ajax/getBusStopList.php,20201021131232-5f8fb530584c1] STATUS: 0 API
2020-10-21T13:12:32+09:00 INFO (6): [localhost,Mac,Chrome,POST,/kamimine/ajax/getBusStopId8DigitList.php,20201021131232-5f8fb5305c1cd] STATUS: 0 API
2020-10-21T13:12:32+09:00 INFO (6): [localhost,Mac,Chrome,POST,/kamimine/ajax/getCoursePointList.php,20201021131232-5f8fb5305abf0] STATUS: 0 API
2020-10-21T13:12:59+09:00 INFO (6): [localhost,Mac,Chrome,POST,/kamimine/ajax/getVariables.php,20201021131259-5f8fb54b0917b] STATUS: 0 API
2020-10-21T13:12:59+09:00 INFO (6): [localhost,Mac,Chrome,POST,/kamimine/ajax/getCourseList.php,20201021131259-5f8fb54b4f91d] STATUS: 0 API
2020-10-21T13:12:59+09:00 INFO (6): [localhost,Mac,Chrome,POST,/kamimine/ajax/getBusStopId8DigitList.php,20201021131259-5f8fb54b5786f] STATUS: 0 API
2020-10-21T13:12:59+09:00 INFO (6): [localhost,Mac,Chrome,POST,/kamimine/ajax/checkServiceTime.php,20201021131259-5f8fb54b5731a] STATUS: 0 API
2020-10-21T13:12:59+09:00 INFO (6): [localhost,Mac,Chrome,POST,/kamimine/ajax/getNewsTelop.php,20201021131259-5f8fb54b54276] STATUS: 0 API
2020-10-21T13:12:59+09:00 INFO (6): [localhost,Mac,Chrome,POST,/kamimine/ajax/getBusStopList.php,20201021131259-5f8fb54b5b8b9] STATUS: 0 API
2020-10-21T13:12:59+09:00 INFO (6): [localhost,Mac,Chrome,POST,/kamimine/ajax/getCoursePointList.php,20201021131259-5f8fb54b5f048] STATUS: 0 API
2020-10-21T13:13:02+09:00 INFO (6): [localhost,Mac,Chrome,POST,/kamimine/ajax/getBusStopList.php,20201021131302-5f8fb54e9a46d] STATUS: 0 API
2020-10-21T13:13:02+09:00 INFO (6): [localhost,Mac,Chrome,POST,/kamimine/ajax/getBusStopId8DigitList.php,20201021131302-5f8fb54e9cac4] STATUS: 0 API
2020-10-21T13:13:02+09:00 INFO (6): [localhost,Mac,Chrome,POST,/kamimine/ajax/getCoursePointList.php,20201021131302-5f8fb54e9a4cd] STATUS: 0 API
2020-10-21T13:13:20+09:00 INFO (6): [localhost,Mac,Chrome,POST,/kamimine/ajax/getVariables.php,20201021131320-5f8fb560916b5] STATUS: 0 API
2020-10-21T13:13:20+09:00 INFO (6): [localhost,Mac,Chrome,POST,/kamimine/ajax/getBusStopId8DigitList.php,20201021131320-5f8fb560cc844] STATUS: 0 API
2020-10-21T13:13:20+09:00 INFO (6): [localhost,Mac,Chrome,POST,/kamimine/ajax/getCourseList.php,20201021131320-5f8fb560ca423] STATUS: 0 API
2020-10-21T13:13:20+09:00 INFO (6): [localhost,Mac,Chrome,POST,/kamimine/ajax/checkServiceTime.php,20201021131320-5f8fb560d03b1] STATUS: 0 API
2020-10-21T13:13:21+09:00 INFO (6): [localhost,Mac,Chrome,POST,/kamimine/ajax/getNewsTelop.php,20201021131320-5f8fb560ce835] STATUS: 0 API
2020-10-21T13:13:21+09:00 INFO (6): [localhost,Mac,Chrome,POST,/kamimine/ajax/getBusStopList.php,20201021131320-5f8fb560cfa48] STATUS: 0 API
2020-10-21T13:13:21+09:00 INFO (6): [localhost,Mac,Chrome,POST,/kamimine/ajax/getCoursePointList.php,20201021131320-5f8fb560cecef] STATUS: 0 API
2020-10-21T13:13:23+09:00 INFO (6): [localhost,Mac,Chrome,POST,/kamimine/ajax/getBusStopList.php,20201021131323-5f8fb563dc0c2] STATUS: 0 API
2020-10-21T13:13:24+09:00 INFO (6): [localhost,Mac,Chrome,POST,/kamimine/ajax/getBusStopId8DigitList.php,20201021131323-5f8fb563deb1f] STATUS: 0 API
2020-10-21T13:13:24+09:00 INFO (6): [localhost,Mac,Chrome,POST,/kamimine/ajax/getCoursePointList.php,20201021131323-5f8fb563dc3fc] STATUS: 0 API
2020-10-21T13:38:21+09:00 INFO (6): [localhost,Mac,Chrome,POST,/kamimine/ajax/getVariables.php,20201021133821-5f8fbb3d2520e] STATUS: 0 API
2020-10-21T13:38:21+09:00 INFO (6): [localhost,Mac,Chrome,POST,/kamimine/ajax/getBusStopId8DigitList.php,20201021133821-5f8fbb3d59322] STATUS: 0 API
2020-10-21T13:38:21+09:00 INFO (6): [localhost,Mac,Chrome,POST,/kamimine/ajax/getCourseList.php,20201021133821-5f8fbb3d5a060] STATUS: 0 API
2020-10-21T13:38:21+09:00 INFO (6): [localhost,Mac,Chrome,POST,/kamimine/ajax/checkServiceTime.php,20201021133821-5f8fbb3d6119f] STATUS: 0 API
2020-10-21T13:38:21+09:00 INFO (6): [localhost,Mac,Chrome,POST,/kamimine/ajax/getNewsTelop.php,20201021133821-5f8fbb3d6015a] STATUS: 0 API
2020-10-21T13:38:21+09:00 INFO (6): [localhost,Mac,Chrome,POST,/kamimine/ajax/getBusStopList.php,20201021133821-5f8fbb3d63ace] STATUS: 0 API
2020-10-21T13:38:21+09:00 INFO (6): [localhost,Mac,Chrome,POST,/kamimine/ajax/getCoursePointList.php,20201021133821-5f8fbb3d6274b] STATUS: 0 API
2020-10-21T13:51:00+09:00 INFO (6): [localhost,Mac,Chrome,POST,/kamimine/ajax/getVariables.php,20201021135100-5f8fbe34601c6] STATUS: 0 API
2020-10-21T13:51:00+09:00 INFO (6): [localhost,Mac,Chrome,POST,/kamimine/ajax/getCourseList.php,20201021135100-5f8fbe34a3cf5] STATUS: 0 API
2020-10-21T13:51:00+09:00 INFO (6): [localhost,Mac,Chrome,POST,/kamimine/ajax/getBusStopId8DigitList.php,20201021135100-5f8fbe34a48e9] STATUS: 0 API
2020-10-21T13:51:00+09:00 INFO (6): [localhost,Mac,Chrome,POST,/kamimine/ajax/checkServiceTime.php,20201021135100-5f8fbe34a85fb] STATUS: 0 API
2020-10-21T13:51:00+09:00 INFO (6): [localhost,Mac,Chrome,POST,/kamimine/ajax/getNewsTelop.php,20201021135100-5f8fbe34a4306] STATUS: 0 API
2020-10-21T13:51:01+09:00 INFO (6): [localhost,Mac,Chrome,POST,/kamimine/ajax/getBusStopList.php,20201021135100-5f8fbe34a3ced] STATUS: 0 API
2020-10-21T13:51:01+09:00 INFO (6): [localhost,Mac,Chrome,POST,/kamimine/ajax/getCoursePointList.php,20201021135100-5f8fbe34a477e] STATUS: 0 API
2020-10-21T13:51:07+09:00 INFO (6): [localhost,Mac,Chrome,POST,/kamimine/ajax/getBusStopId8DigitList.php,20201021135107-5f8fbe3b109d3] STATUS: 0 API
2020-10-21T13:51:07+09:00 INFO (6): [localhost,Mac,Chrome,POST,/kamimine/ajax/getBusStopList.php,20201021135107-5f8fbe3b0e472] STATUS: 0 API
2020-10-21T13:51:07+09:00 INFO (6): [localhost,Mac,Chrome,POST,/kamimine/ajax/getCoursePointList.php,20201021135107-5f8fbe3b0f3b6] STATUS: 0 API
2020-10-21T14:08:12+09:00 INFO (6): [localhost,Mac,Chrome,POST,/kamimine/ajax/getVariables.php,20201021140812-5f8fc23cc3096] STATUS: 0 API
2020-10-21T14:08:13+09:00 INFO (6): [localhost,Mac,Chrome,POST,/kamimine/ajax/getCourseList.php,20201021140813-5f8fc23d04973] STATUS: 0 API
2020-10-21T14:08:13+09:00 INFO (6): [localhost,Mac,Chrome,POST,/kamimine/ajax/checkServiceTime.php,20201021140813-5f8fc23d04ad6] STATUS: 0 API
2020-10-21T14:08:13+09:00 INFO (6): [localhost,Mac,Chrome,POST,/kamimine/ajax/getNewsTelop.php,20201021140813-5f8fc23d036dd] STATUS: 0 API
2020-10-21T14:08:13+09:00 INFO (6): [localhost,Mac,Chrome,POST,/kamimine/ajax/getCoursePointList.php,20201021140813-5f8fc23d06b18] STATUS: 0 API
2020-10-21T14:08:21+09:00 INFO (6): [localhost,Mac,Chrome,POST,/kamimine/ajax/getVariables.php,20201021140821-5f8fc2450aa29] STATUS: 0 API
2020-10-21T14:08:21+09:00 INFO (6): [localhost,Mac,Chrome,POST,/kamimine/ajax/getCourseList.php,20201021140821-5f8fc24550044] STATUS: 0 API
2020-10-21T14:08:21+09:00 INFO (6): [localhost,Mac,Chrome,POST,/kamimine/ajax/checkServiceTime.php,20201021140821-5f8fc245566c2] STATUS: 0 API
2020-10-21T14:08:21+09:00 INFO (6): [localhost,Mac,Chrome,POST,/kamimine/ajax/getNewsTelop.php,20201021140821-5f8fc24555d48] STATUS: 0 API
2020-10-21T14:08:21+09:00 INFO (6): [localhost,Mac,Chrome,POST,/kamimine/ajax/getCoursePointList.php,20201021140821-5f8fc2455cca0] STATUS: 0 API
2020-10-21T14:08:42+09:00 INFO (6): [localhost,Mac,Chrome,POST,/kamimine/ajax/getVariables.php,20201021140842-5f8fc25a15b28] STATUS: 0 API
2020-10-21T14:08:42+09:00 INFO (6): [localhost,Mac,Chrome,POST,/kamimine/ajax/getCourseList.php,20201021140842-5f8fc25a49a39] STATUS: 0 API
2020-10-21T14:08:42+09:00 INFO (6): [localhost,Mac,Chrome,POST,/kamimine/ajax/checkServiceTime.php,20201021140842-5f8fc25a4d8e4] STATUS: 0 API
2020-10-21T14:08:42+09:00 INFO (6): [localhost,Mac,Chrome,POST,/kamimine/ajax/getNewsTelop.php,20201021140842-5f8fc25a4bf3b] STATUS: 0 API
2020-10-21T14:08:42+09:00 INFO (6): [localhost,Mac,Chrome,POST,/kamimine/ajax/getCoursePointList.php,20201021140842-5f8fc25a52d1c] STATUS: 0 API
2020-10-21T14:08:42+09:00 INFO (6): [localhost,Mac,Chrome,POST,/kamimine/ajax/getVariables.php,20201021140842-5f8fc25ac7e56] STATUS: 0 API
2020-10-21T14:08:43+09:00 INFO (6): [localhost,Mac,Chrome,POST,/kamimine/ajax/checkServiceTime.php,20201021140843-5f8fc25b0a149] STATUS: 0 API
2020-10-21T14:08:43+09:00 INFO (6): [localhost,Mac,Chrome,POST,/kamimine/ajax/getCourseList.php,20201021140843-5f8fc25b09f2f] STATUS: 0 API
2020-10-21T14:08:43+09:00 INFO (6): [localhost,Mac,Chrome,POST,/kamimine/ajax/getNewsTelop.php,20201021140843-5f8fc25b0d015] STATUS: 0 API
2020-10-21T14:08:43+09:00 INFO (6): [localhost,Mac,Chrome,POST,/kamimine/ajax/getCoursePointList.php,20201021140843-5f8fc25b1643a] STATUS: 0 API
2020-10-21T14:09:23+09:00 INFO (6): [localhost,Mac,Chrome,POST,/kamimine/ajax/getVariables.php,20201021140923-5f8fc2832306f] STATUS: 0 API
2020-10-21T14:09:23+09:00 INFO (6): [localhost,Mac,Chrome,POST,/kamimine/ajax/getCourseList.php,20201021140923-5f8fc2836cca7] STATUS: 0 API
2020-10-21T14:09:23+09:00 INFO (6): [localhost,Mac,Chrome,POST,/kamimine/ajax/getBusStopId8DigitList.php,20201021140923-5f8fc283772ae] STATUS: 0 API
2020-10-21T14:09:23+09:00 INFO (6): [localhost,Mac,Chrome,POST,/kamimine/ajax/checkServiceTime.php,20201021140923-5f8fc283788c4] STATUS: 0 API
2020-10-21T14:09:23+09:00 INFO (6): [localhost,Mac,Chrome,POST,/kamimine/ajax/getNewsTelop.php,20201021140923-5f8fc2836ed02] STATUS: 0 API
2020-10-21T14:09:23+09:00 INFO (6): [localhost,Mac,Chrome,POST,/kamimine/ajax/getBusStopList.php,20201021140923-5f8fc2837956e] STATUS: 0 API
2020-10-21T14:09:23+09:00 INFO (6): [localhost,Mac,Chrome,POST,/kamimine/ajax/getCoursePointList.php,20201021140923-5f8fc2837003d] STATUS: 0 API
2020-10-21T14:09:29+09:00 INFO (6): [localhost,Mac,Chrome,POST,/kamimine/ajax/getVariables.php,20201021140929-5f8fc28999209] STATUS: 0 API
2020-10-21T14:09:29+09:00 INFO (6): [localhost,Mac,Chrome,POST,/kamimine/ajax/checkServiceTime.php,20201021140929-5f8fc289d6b5c] STATUS: 0 API
2020-10-21T14:09:30+09:00 INFO (6): [localhost,Mac,Chrome,POST,/kamimine/ajax/getCourseList.php,20201021140929-5f8fc289d5ef3] STATUS: 0 API
2020-10-21T14:09:30+09:00 INFO (6): [localhost,Mac,Chrome,POST,/kamimine/ajax/getNewsTelop.php,20201021140929-5f8fc289c9864] STATUS: 0 API
2020-10-21T14:09:30+09:00 INFO (6): [localhost,Mac,Chrome,POST,/kamimine/ajax/getCoursePointList.php,20201021140929-5f8fc289ce3cf] STATUS: 0 API
2020-10-21T14:47:24+09:00 INFO (6): [localhost,Mac,Chrome,POST,/kamimine/ajax/getVariables.php,20201021144724-5f8fcb6c3046c] STATUS: 0 API
2020-10-21T14:47:24+09:00 INFO (6): [localhost,Mac,Chrome,POST,/kamimine/ajax/getCourseList.php,20201021144724-5f8fcb6c649bd] STATUS: 0 API
2020-10-21T14:47:24+09:00 INFO (6): [localhost,Mac,Chrome,POST,/kamimine/ajax/checkServiceTime.php,20201021144724-5f8fcb6c6c2bc] STATUS: 0 API
2020-10-21T14:47:24+09:00 INFO (6): [localhost,Mac,Chrome,POST,/kamimine/ajax/getNewsTelop.php,20201021144724-5f8fcb6c6fbcc] STATUS: 0 API
2020-10-21T14:47:24+09:00 INFO (6): [localhost,Mac,Chrome,POST,/kamimine/ajax/getCoursePointList.php,20201021144724-5f8fcb6c76f60] STATUS: 0 API
2020-10-21T14:47:37+09:00 INFO (6): [localhost,Mac,Chrome,POST,/kamimine/ajax/getVariables.php,20201021144737-5f8fcb79009ad] STATUS: 0 API
2020-10-21T14:47:37+09:00 INFO (6): [localhost,Mac,Chrome,POST,/kamimine/ajax/getCourseList.php,20201021144737-5f8fcb7952a4b] STATUS: 0 API
2020-10-21T14:47:37+09:00 INFO (6): [localhost,Mac,Chrome,POST,/kamimine/ajax/checkServiceTime.php,20201021144737-5f8fcb794e70d] STATUS: 0 API
2020-10-21T14:47:37+09:00 INFO (6): [localhost,Mac,Chrome,POST,/kamimine/ajax/getNewsTelop.php,20201021144737-5f8fcb794d31e] STATUS: 0 API
2020-10-21T14:47:37+09:00 INFO (6): [localhost,Mac,Chrome,POST,/kamimine/ajax/getCoursePointList.php,20201021144737-5f8fcb7951777] STATUS: 0 API
2020-10-21T14:47:56+09:00 INFO (6): [localhost,Mac,Chrome,POST,/kamimine/ajax/getVariables.php,20201021144756-5f8fcb8cbe202] STATUS: 0 API
2020-10-21T14:47:57+09:00 INFO (6): [localhost,Mac,Chrome,POST,/kamimine/ajax/getBusStopId8DigitList.php,20201021144757-5f8fcb8d02e3c] STATUS: 0 API
2020-10-21T14:47:57+09:00 INFO (6): [localhost,Mac,Chrome,POST,/kamimine/ajax/checkServiceTime.php,20201021144757-5f8fcb8d03dc7] STATUS: 0 API
2020-10-21T14:47:57+09:00 INFO (6): [localhost,Mac,Chrome,POST,/kamimine/ajax/getCourseList.php,20201021144756-5f8fcb8cf2a4b] STATUS: 0 API
2020-10-21T14:47:57+09:00 INFO (6): [localhost,Mac,Chrome,POST,/kamimine/ajax/getNewsTelop.php,20201021144757-5f8fcb8d013d0] STATUS: 0 API
2020-10-21T14:47:57+09:00 INFO (6): [localhost,Mac,Chrome,POST,/kamimine/ajax/getBusStopList.php,20201021144757-5f8fcb8d014ca] STATUS: 0 API
2020-10-21T14:47:57+09:00 INFO (6): [localhost,Mac,Chrome,POST,/kamimine/ajax/getCoursePointList.php,20201021144757-5f8fcb8d075c1] STATUS: 0 API
2020-10-21T14:56:09+09:00 INFO (6): [localhost,Mac,Chrome,POST,/kamimine/ajax/getVariables.php,20201021145609-5f8fcd7906157] STATUS: 0 API
2020-10-21T14:56:09+09:00 INFO (6): [localhost,Mac,Chrome,POST,/kamimine/ajax/getCourseList.php,20201021145609-5f8fcd793fcad] STATUS: 0 API
2020-10-21T14:56:09+09:00 INFO (6): [localhost,Mac,Chrome,POST,/kamimine/ajax/checkServiceTime.php,20201021145609-5f8fcd79458d4] STATUS: 0 API
2020-10-21T14:56:09+09:00 INFO (6): [localhost,Mac,Chrome,POST,/kamimine/ajax/getNewsTelop.php,20201021145609-5f8fcd793fe46] STATUS: 0 API
2020-10-21T14:56:09+09:00 INFO (6): [localhost,Mac,Chrome,POST,/kamimine/ajax/getCoursePointList.php,20201021145609-5f8fcd7944f4e] STATUS: 0 API
2020-10-21T14:56:12+09:00 INFO (6): [localhost,Mac,Chrome,POST,/kamimine/ajax/getCoursePointList.php,20201021145612-5f8fcd7cc301b] STATUS: 0 API
2020-10-21T14:56:22+09:00 INFO (6): [localhost,Mac,Chrome,POST,/kamimine/ajax/getVariables.php,20201021145622-5f8fcd8673959] STATUS: 0 API
2020-10-21T14:56:22+09:00 INFO (6): [localhost,Mac,Chrome,POST,/kamimine/ajax/getCourseList.php,20201021145622-5f8fcd86a9a21] STATUS: 0 API
2020-10-21T14:56:22+09:00 INFO (6): [localhost,Mac,Chrome,POST,/kamimine/ajax/checkServiceTime.php,20201021145622-5f8fcd86a9375] STATUS: 0 API
2020-10-21T14:56:22+09:00 INFO (6): [localhost,Mac,Chrome,POST,/kamimine/ajax/getNewsTelop.php,20201021145622-5f8fcd86abfaf] STATUS: 0 API
2020-10-21T14:56:23+09:00 INFO (6): [localhost,Mac,Chrome,POST,/kamimine/ajax/getCoursePointList.php,20201021145622-5f8fcd86b5ad1] STATUS: 0 API
2020-10-21T14:57:24+09:00 INFO (6): [localhost,Mac,Chrome,POST,/kamimine/ajax/getVariables.php,20201021145724-5f8fcdc465415] STATUS: 0 API
2020-10-21T14:57:24+09:00 INFO (6): [localhost,Mac,Chrome,POST,/kamimine/ajax/getCourseList.php,20201021145724-5f8fcdc4a7ba4] STATUS: 0 API
2020-10-21T14:57:24+09:00 INFO (6): [localhost,Mac,Chrome,POST,/kamimine/ajax/checkServiceTime.php,20201021145724-5f8fcdc4b1b8b] STATUS: 0 API
2020-10-21T14:57:24+09:00 INFO (6): [localhost,Mac,Chrome,POST,/kamimine/ajax/getNewsTelop.php,20201021145724-5f8fcdc4af2b8] STATUS: 0 API
2020-10-21T14:57:25+09:00 INFO (6): [localhost,Mac,Chrome,POST,/kamimine/ajax/getCoursePointList.php,20201021145724-5f8fcdc4bb4ff] STATUS: 0 API
2020-10-21T15:29:47+09:00 INFO (6): [localhost,Mac,Chrome,POST,/kamimine/ajax/getVariables.php,20201021152947-5f8fd55b98faf] STATUS: 0 API
2020-10-21T15:29:47+09:00 INFO (6): [localhost,Mac,Chrome,POST,/kamimine/ajax/checkServiceTime.php,20201021152947-5f8fd55bcfb83] STATUS: 0 API
2020-10-21T15:29:47+09:00 INFO (6): [localhost,Mac,Chrome,POST,/kamimine/ajax/getCourseList.php,20201021152947-5f8fd55bcefb0] STATUS: 0 API
2020-10-21T15:29:47+09:00 INFO (6): [localhost,Mac,Chrome,POST,/kamimine/ajax/getBusStopId8DigitList.php,20201021152947-5f8fd55bcfe5c] STATUS: 0 API
2020-10-21T15:29:47+09:00 INFO (6): [localhost,Mac,Chrome,POST,/kamimine/ajax/getNewsTelop.php,20201021152947-5f8fd55bd0404] STATUS: 0 API
2020-10-21T15:29:48+09:00 INFO (6): [localhost,Mac,Chrome,POST,/kamimine/ajax/getBusStopList.php,20201021152947-5f8fd55bd4024] STATUS: 0 API
2020-10-21T15:29:48+09:00 INFO (6): [localhost,Mac,Chrome,POST,/kamimine/ajax/getCoursePointList.php,20201021152947-5f8fd55bd0335] STATUS: 0 API
2020-10-21T15:39:37+09:00 INFO (6): [localhost,Mac,Chrome,POST,/kamimine/ajax/getVariables.php,20201021153937-5f8fd7a90b29e] STATUS: 0 API
2020-10-21T15:39:37+09:00 INFO (6): [localhost,Mac,Chrome,POST,/kamimine/ajax/getCourseList.php,20201021153937-5f8fd7a93be91] STATUS: 0 API
2020-10-21T15:39:37+09:00 INFO (6): [localhost,Mac,Chrome,POST,/kamimine/ajax/checkServiceTime.php,20201021153937-5f8fd7a93bb26] STATUS: 0 API
2020-10-21T15:39:37+09:00 INFO (6): [localhost,Mac,Chrome,POST,/kamimine/ajax/getNewsTelop.php,20201021153937-5f8fd7a93befd] STATUS: 0 API
2020-10-21T15:39:37+09:00 INFO (6): [localhost,Mac,Chrome,POST,/kamimine/ajax/getCoursePointList.php,20201021153937-5f8fd7a947d39] STATUS: 0 API
2020-10-21T15:39:57+09:00 INFO (6): [localhost,Mac,Chrome,POST,/kamimine/ajax/getVariables.php,20201021153957-5f8fd7bdaee2b] STATUS: 0 API
2020-10-21T15:39:58+09:00 INFO (6): [localhost,Mac,Chrome,POST,/kamimine/ajax/getCourseList.php,20201021153957-5f8fd7bde02e3] STATUS: 0 API
2020-10-21T15:39:58+09:00 INFO (6): [localhost,Mac,Chrome,POST,/kamimine/ajax/checkServiceTime.php,20201021153957-5f8fd7bde1d9b] STATUS: 0 API
2020-10-21T15:39:58+09:00 INFO (6): [localhost,Mac,Chrome,POST,/kamimine/ajax/getNewsTelop.php,20201021153957-5f8fd7bde1185] STATUS: 0 API
2020-10-21T15:39:58+09:00 INFO (6): [localhost,Mac,Chrome,POST,/kamimine/ajax/getCoursePointList.php,20201021153957-5f8fd7bde6b47] STATUS: 0 API
2020-10-21T15:40:16+09:00 INFO (6): [localhost,Mac,Chrome,POST,/kamimine/ajax/getVariables.php,20201021154016-5f8fd7d096ea7] STATUS: 0 API
2020-10-21T15:40:16+09:00 INFO (6): [localhost,Mac,Chrome,POST,/kamimine/ajax/checkServiceTime.php,20201021154016-5f8fd7d0ccfee] STATUS: 0 API
2020-10-21T15:40:16+09:00 INFO (6): [localhost,Mac,Chrome,POST,/kamimine/ajax/getBusStopId8DigitList.php,20201021154016-5f8fd7d0ca850] STATUS: 0 API
2020-10-21T15:40:16+09:00 INFO (6): [localhost,Mac,Chrome,POST,/kamimine/ajax/getCourseList.php,20201021154016-5f8fd7d0cbc24] STATUS: 0 API
2020-10-21T15:40:17+09:00 INFO (6): [localhost,Mac,Chrome,POST,/kamimine/ajax/getNewsTelop.php,20201021154016-5f8fd7d0cdb01] STATUS: 0 API
2020-10-21T15:40:17+09:00 INFO (6): [localhost,Mac,Chrome,POST,/kamimine/ajax/getBusStopList.php,20201021154016-5f8fd7d0cea86] STATUS: 0 API
2020-10-21T15:40:17+09:00 INFO (6): [localhost,Mac,Chrome,POST,/kamimine/ajax/getCoursePointList.php,20201021154016-5f8fd7d0d60e1] STATUS: 0 API
2020-10-21T15:43:54+09:00 INFO (6): [localhost,Mac,Chrome,POST,/kamimine/ajax/getCoursePointList.php,20201021154354-5f8fd8aacca57] STATUS: 0 API
2020-10-21T15:44:09+09:00 INFO (6): [localhost,Mac,Chrome,POST,/kamimine/ajax/getVariables.php,20201021154409-5f8fd8b92f294] STATUS: 0 API
2020-10-21T15:44:09+09:00 INFO (6): [localhost,Mac,Chrome,POST,/kamimine/ajax/checkServiceTime.php,20201021154409-5f8fd8b98a81b] STATUS: 0 API
2020-10-21T15:44:09+09:00 INFO (6): [localhost,Mac,Chrome,POST,/kamimine/ajax/getBusStopId8DigitList.php,20201021154409-5f8fd8b98aa2e] STATUS: 0 API
2020-10-21T15:44:09+09:00 INFO (6): [localhost,Mac,Chrome,POST,/kamimine/ajax/getCourseList.php,20201021154409-5f8fd8b989515] STATUS: 0 API
2020-10-21T15:44:09+09:00 INFO (6): [localhost,Mac,Chrome,POST,/kamimine/ajax/getNewsTelop.php,20201021154409-5f8fd8b985fff] STATUS: 0 API
2020-10-21T15:44:09+09:00 INFO (6): [localhost,Mac,Chrome,POST,/kamimine/ajax/getBusStopList.php,20201021154409-5f8fd8b994199] STATUS: 0 API
2020-10-21T15:44:09+09:00 INFO (6): [localhost,Mac,Chrome,POST,/kamimine/ajax/getCoursePointList.php,20201021154409-5f8fd8b98d887] STATUS: 0 API
2020-10-21T15:44:11+09:00 INFO (6): [localhost,Mac,Chrome,POST,/kamimine/ajax/getBusStopList.php,20201021154411-5f8fd8bb8be8d] STATUS: 0 API
2020-10-21T15:44:11+09:00 INFO (6): [localhost,Mac,Chrome,POST,/kamimine/ajax/getBusStopId8DigitList.php,20201021154411-5f8fd8bb8d1aa] STATUS: 0 API
2020-10-21T15:44:11+09:00 INFO (6): [localhost,Mac,Chrome,POST,/kamimine/ajax/getCoursePointList.php,20201021154411-5f8fd8bb8a50a] STATUS: 0 API
2020-10-21T15:47:50+09:00 INFO (6): [localhost,Mac,Chrome,POST,/kamimine/ajax/getVariables.php,20201021154750-5f8fd9968508f] STATUS: 0 API
2020-10-21T15:47:50+09:00 INFO (6): [localhost,Mac,Chrome,POST,/kamimine/ajax/getCourseList.php,20201021154750-5f8fd996bbf84] STATUS: 0 API
2020-10-21T15:47:50+09:00 INFO (6): [localhost,Mac,Chrome,POST,/kamimine/ajax/checkServiceTime.php,20201021154750-5f8fd996c2a1d] STATUS: 0 API
2020-10-21T15:47:50+09:00 INFO (6): [localhost,Mac,Chrome,POST,/kamimine/ajax/getNewsTelop.php,20201021154750-5f8fd996c0570] STATUS: 0 API
2020-10-21T15:47:50+09:00 INFO (6): [localhost,Mac,Chrome,POST,/kamimine/ajax/getBusStopId8DigitList.php,20201021154750-5f8fd996c6057] STATUS: 0 API
2020-10-21T15:47:51+09:00 INFO (6): [localhost,Mac,Chrome,POST,/kamimine/ajax/getBusStopList.php,20201021154750-5f8fd996c6e23] STATUS: 0 API
2020-10-21T15:47:51+09:00 INFO (6): [localhost,Mac,Chrome,POST,/kamimine/ajax/getCoursePointList.php,20201021154750-5f8fd996c9dbb] STATUS: 0 API
2020-10-21T15:47:53+09:00 INFO (6): [localhost,Mac,Chrome,POST,/kamimine/ajax/getBusStopId8DigitList.php,20201021154752-5f8fd998f0785] STATUS: 0 API
2020-10-21T15:47:53+09:00 INFO (6): [localhost,Mac,Chrome,POST,/kamimine/ajax/getBusStopList.php,20201021154752-5f8fd998ee43e] STATUS: 0 API
2020-10-21T15:47:53+09:00 INFO (6): [localhost,Mac,Chrome,POST,/kamimine/ajax/getCoursePointList.php,20201021154752-5f8fd998ef355] STATUS: 0 API
2020-10-21T15:48:03+09:00 INFO (6): [localhost,Mac,Chrome,POST,/kamimine/ajax/getBusStopId8DigitList.php,20201021154802-5f8fd9a2f109d] STATUS: 0 API
2020-10-21T15:48:03+09:00 INFO (6): [localhost,Mac,Chrome,POST,/kamimine/ajax/getBusStopList.php,20201021154802-5f8fd9a2ef3db] STATUS: 0 API
2020-10-21T15:48:03+09:00 INFO (6): [localhost,Mac,Chrome,POST,/kamimine/ajax/getCoursePointList.php,20201021154802-5f8fd9a2ee8ca] STATUS: 0 API
2020-10-21T15:54:34+09:00 INFO (6): [localhost,Mac,Chrome,POST,/kamimine/ajax/getVariables.php,20201021155434-5f8fdb2a3a4b3] STATUS: 0 API
2020-10-21T15:54:34+09:00 INFO (6): [localhost,Mac,Chrome,POST,/kamimine/ajax/getCourseList.php,20201021155434-5f8fdb2a772df] STATUS: 0 API
2020-10-21T15:54:34+09:00 INFO (6): [localhost,Mac,Chrome,POST,/kamimine/ajax/getBusStopId8DigitList.php,20201021155434-5f8fdb2a7bedb] STATUS: 0 API
2020-10-21T15:54:34+09:00 INFO (6): [localhost,Mac,Chrome,POST,/kamimine/ajax/checkServiceTime.php,20201021155434-5f8fdb2a7e605] STATUS: 0 API
2020-10-21T15:54:34+09:00 INFO (6): [localhost,Mac,Chrome,POST,/kamimine/ajax/getNewsTelop.php,20201021155434-5f8fdb2a8011d] STATUS: 0 API
2020-10-21T15:54:34+09:00 INFO (6): [localhost,Mac,Chrome,POST,/kamimine/ajax/getBusStopList.php,20201021155434-5f8fdb2a7e9f5] STATUS: -1 Exception
2020-10-21T15:54:35+09:00 INFO (6): [localhost,Mac,Chrome,POST,/kamimine/ajax/getCoursePointList.php,20201021155434-5f8fdb2a841c1] STATUS: 0 API
2020-10-21T15:54:38+09:00 INFO (6): [localhost,Mac,Chrome,POST,/kamimine/ajax/getVariables.php,20201021155438-5f8fdb2edee22] STATUS: 0 API
2020-10-21T15:54:39+09:00 INFO (6): [localhost,Mac,Chrome,POST,/kamimine/ajax/getCourseList.php,20201021155439-5f8fdb2f284e0] STATUS: 0 API
2020-10-21T15:54:39+09:00 INFO (6): [localhost,Mac,Chrome,POST,/kamimine/ajax/checkServiceTime.php,20201021155439-5f8fdb2f2855b] STATUS: 0 API
2020-10-21T15:54:39+09:00 INFO (6): [localhost,Mac,Chrome,POST,/kamimine/ajax/getBusStopId8DigitList.php,20201021155439-5f8fdb2f272ee] STATUS: 0 API
2020-10-21T15:54:39+09:00 INFO (6): [localhost,Mac,Chrome,POST,/kamimine/ajax/getNewsTelop.php,20201021155439-5f8fdb2f2c7f8] STATUS: 0 API
2020-10-21T15:54:39+09:00 INFO (6): [localhost,Mac,Chrome,POST,/kamimine/ajax/getBusStopList.php,20201021155439-5f8fdb2f328a0] STATUS: -1 Exception
2020-10-21T15:54:39+09:00 INFO (6): [localhost,Mac,Chrome,POST,/kamimine/ajax/getCoursePointList.php,20201021155439-5f8fdb2f32a7a] STATUS: 0 API
2020-10-21T15:54:46+09:00 INFO (6): [localhost,Mac,Chrome,POST,/kamimine/ajax/getVariables.php,20201021155446-5f8fdb367baec] STATUS: 0 API
2020-10-21T15:54:46+09:00 INFO (6): [localhost,Mac,Chrome,POST,/kamimine/ajax/getCourseList.php,20201021155446-5f8fdb36c82df] STATUS: 0 API
2020-10-21T15:54:47+09:00 INFO (6): [localhost,Mac,Chrome,POST,/kamimine/ajax/checkServiceTime.php,20201021155446-5f8fdb36cc375] STATUS: 0 API
2020-10-21T15:54:47+09:00 INFO (6): [localhost,Mac,Chrome,POST,/kamimine/ajax/getBusStopId8DigitList.php,20201021155446-5f8fdb36ce392] STATUS: 0 API
2020-10-21T15:54:47+09:00 INFO (6): [localhost,Mac,Chrome,POST,/kamimine/ajax/getNewsTelop.php,20201021155446-5f8fdb36d108f] STATUS: 0 API
2020-10-21T15:54:47+09:00 INFO (6): [localhost,Mac,Chrome,POST,/kamimine/ajax/getBusStopList.php,20201021155446-5f8fdb36d1514] STATUS: -1 Exception
2020-10-21T15:54:47+09:00 INFO (6): [localhost,Mac,Chrome,POST,/kamimine/ajax/getCoursePointList.php,20201021155446-5f8fdb36cc33b] STATUS: 0 API
2020-10-21T15:55:03+09:00 INFO (6): [localhost,Mac,Chrome,POST,/kamimine/ajax/getVariables.php,20201021155503-5f8fdb472e2ed] STATUS: 0 API
2020-10-21T15:55:03+09:00 INFO (6): [localhost,Mac,Chrome,POST,/kamimine/ajax/getBusStopId8DigitList.php,20201021155503-5f8fdb476e9b3] STATUS: 0 API
2020-10-21T15:55:03+09:00 INFO (6): [localhost,Mac,Chrome,POST,/kamimine/ajax/getNewsTelop.php,20201021155503-5f8fdb47713e8] STATUS: 0 API
2020-10-21T15:55:03+09:00 INFO (6): [localhost,Mac,Chrome,POST,/kamimine/ajax/checkServiceTime.php,20201021155503-5f8fdb477485e] STATUS: 0 API
2020-10-21T15:55:03+09:00 INFO (6): [localhost,Mac,Chrome,POST,/kamimine/ajax/getCourseList.php,20201021155503-5f8fdb476fd36] STATUS: 0 API
2020-10-21T15:55:03+09:00 INFO (6): [localhost,Mac,Chrome,POST,/kamimine/ajax/getBusStopList.php,20201021155503-5f8fdb4774521] STATUS: 0 API
2020-10-21T15:55:03+09:00 INFO (6): [localhost,Mac,Chrome,POST,/kamimine/ajax/getCoursePointList.php,20201021155503-5f8fdb477bbfa] STATUS: 0 API
2020-10-21T16:01:24+09:00 INFO (6): [localhost,Mac,Chrome,POST,/kamimine/ajax/getVariables.php,20201021160124-5f8fdcc48d67d] STATUS: 0 API
2020-10-21T16:01:24+09:00 INFO (6): [localhost,Mac,Chrome,POST,/kamimine/ajax/getCourseList.php,20201021160124-5f8fdcc4cd794] STATUS: 0 API
2020-10-21T16:01:24+09:00 INFO (6): [localhost,Mac,Chrome,POST,/kamimine/ajax/checkServiceTime.php,20201021160124-5f8fdcc4ce931] STATUS: 0 API
2020-10-21T16:01:25+09:00 INFO (6): [localhost,Mac,Chrome,POST,/kamimine/ajax/getNewsTelop.php,20201021160124-5f8fdcc4cbac4] STATUS: 0 API
2020-10-21T16:01:25+09:00 INFO (6): [localhost,Mac,Chrome,POST,/kamimine/ajax/getCoursePointList.php,20201021160124-5f8fdcc4d2190] STATUS: 0 API
2020-10-21T16:02:13+09:00 INFO (6): [localhost,Mac,Chrome,POST,/kamimine/ajax/getVariables.php,20201021160213-5f8fdcf502b8e] STATUS: 0 API
2020-10-21T16:02:13+09:00 INFO (6): [localhost,Mac,Chrome,POST,/kamimine/ajax/getCourseList.php,20201021160213-5f8fdcf5547b5] STATUS: 0 API
2020-10-21T16:02:13+09:00 INFO (6): [localhost,Mac,Chrome,POST,/kamimine/ajax/checkServiceTime.php,20201021160213-5f8fdcf55c1ac] STATUS: 0 API
2020-10-21T16:02:13+09:00 INFO (6): [localhost,Mac,Chrome,POST,/kamimine/ajax/getNewsTelop.php,20201021160213-5f8fdcf55ccba] STATUS: 0 API
2020-10-21T16:02:13+09:00 INFO (6): [localhost,Mac,Chrome,POST,/kamimine/ajax/getCoursePointList.php,20201021160213-5f8fdcf56501e] STATUS: 0 API
2020-10-21T16:18:48+09:00 INFO (6): [localhost,Mac,Chrome,POST,/kamimine/ajax/getVariables.php,20201021161848-5f8fe0d8990ba] STATUS: 0 API
2020-10-21T16:18:48+09:00 INFO (6): [localhost,Mac,Chrome,POST,/kamimine/ajax/getBusStopId8DigitList.php,20201021161848-5f8fe0d8d04c3] STATUS: 0 API
2020-10-21T16:18:48+09:00 INFO (6): [localhost,Mac,Chrome,POST,/kamimine/ajax/getCourseList.php,20201021161848-5f8fe0d8d030f] STATUS: 0 API
2020-10-21T16:18:49+09:00 INFO (6): [localhost,Mac,Chrome,POST,/kamimine/ajax/checkServiceTime.php,20201021161848-5f8fe0d8d5890] STATUS: 0 API
2020-10-21T16:18:49+09:00 INFO (6): [localhost,Mac,Chrome,POST,/kamimine/ajax/getNewsTelop.php,20201021161848-5f8fe0d8d2800] STATUS: 0 API
2020-10-21T16:18:49+09:00 INFO (6): [localhost,Mac,Chrome,POST,/kamimine/ajax/getBusStopList.php,20201021161848-5f8fe0d8da8a5] STATUS: 0 API
2020-10-21T16:18:49+09:00 INFO (6): [localhost,Mac,Chrome,POST,/kamimine/ajax/getCoursePointList.php,20201021161848-5f8fe0d8da1f5] STATUS: 0 API
2020-10-21T16:18:52+09:00 INFO (6): [localhost,Mac,Chrome,POST,/kamimine/ajax/getBusStopId8DigitList.php,20201021161852-5f8fe0dc15467] STATUS: 0 API
2020-10-21T16:18:52+09:00 INFO (6): [localhost,Mac,Chrome,POST,/kamimine/ajax/getBusStopList.php,20201021161852-5f8fe0dc12a5b] STATUS: 0 API
2020-10-21T16:18:52+09:00 INFO (6): [localhost,Mac,Chrome,POST,/kamimine/ajax/getCoursePointList.php,20201021161852-5f8fe0dc13cff] STATUS: 0 API
2020-10-21T16:18:59+09:00 INFO (6): [localhost,Mac,Chrome,POST,/kamimine/ajax/getBusStopId8DigitList.php,20201021161859-5f8fe0e391cf2] STATUS: 0 API
2020-10-21T16:18:59+09:00 INFO (6): [localhost,Mac,Chrome,POST,/kamimine/ajax/getBusStopList.php,20201021161859-5f8fe0e38c6c0] STATUS: 0 API
2020-10-21T16:18:59+09:00 INFO (6): [localhost,Mac,Chrome,POST,/kamimine/ajax/getCoursePointList.php,20201021161859-5f8fe0e38f85d] STATUS: 0 API
2020-10-21T16:19:15+09:00 INFO (6): [localhost,Mac,Chrome,POST,/kamimine/ajax/getVariables.php,20201021161914-5f8fe0f2dd6b7] STATUS: 0 API
2020-10-21T16:19:15+09:00 INFO (6): [localhost,Mac,Chrome,POST,/kamimine/ajax/getCourseList.php,20201021161915-5f8fe0f340d22] STATUS: 0 API
2020-10-21T16:19:15+09:00 INFO (6): [localhost,Mac,Chrome,POST,/kamimine/ajax/getBusStopId8DigitList.php,20201021161915-5f8fe0f343134] STATUS: 0 API
2020-10-21T16:19:15+09:00 INFO (6): [localhost,Mac,Chrome,POST,/kamimine/ajax/checkServiceTime.php,20201021161915-5f8fe0f344e3e] STATUS: 0 API
2020-10-21T16:19:15+09:00 INFO (6): [localhost,Mac,Chrome,POST,/kamimine/ajax/getNewsTelop.php,20201021161915-5f8fe0f340c8b] STATUS: 0 API
2020-10-21T16:19:15+09:00 INFO (6): [localhost,Mac,Chrome,POST,/kamimine/ajax/getBusStopList.php,20201021161915-5f8fe0f346bb1] STATUS: 0 API
2020-10-21T16:19:15+09:00 INFO (6): [localhost,Mac,Chrome,POST,/kamimine/ajax/getCoursePointList.php,20201021161915-5f8fe0f343fef] STATUS: 0 API
2020-10-21T16:19:18+09:00 INFO (6): [localhost,Mac,Chrome,POST,/kamimine/ajax/getBusStopId8DigitList.php,20201021161917-5f8fe0f5ee89d] STATUS: 0 API
2020-10-21T16:19:18+09:00 INFO (6): [localhost,Mac,Chrome,POST,/kamimine/ajax/getBusStopList.php,20201021161917-5f8fe0f5ee1dc] STATUS: 0 API
2020-10-21T16:19:18+09:00 INFO (6): [localhost,Mac,Chrome,POST,/kamimine/ajax/getCoursePointList.php,20201021161917-5f8fe0f5ec8de] STATUS: 0 API
2020-10-21T16:22:22+09:00 INFO (6): [localhost,Mac,Chrome,POST,/kamimine/ajax/getVariables.php,20201021162222-5f8fe1ae09d20] STATUS: 0 API
2020-10-21T16:22:22+09:00 INFO (6): [localhost,Mac,Chrome,POST,/kamimine/ajax/getBusStopId8DigitList.php,20201021162222-5f8fe1ae50dd7] STATUS: 0 API
2020-10-21T16:22:22+09:00 INFO (6): [localhost,Mac,Chrome,POST,/kamimine/ajax/getCourseList.php,20201021162222-5f8fe1ae488ab] STATUS: 0 API
2020-10-21T16:22:22+09:00 INFO (6): [localhost,Mac,Chrome,POST,/kamimine/ajax/checkServiceTime.php,20201021162222-5f8fe1ae4f607] STATUS: 0 API
2020-10-21T16:22:22+09:00 INFO (6): [localhost,Mac,Chrome,POST,/kamimine/ajax/getNewsTelop.php,20201021162222-5f8fe1ae4fa36] STATUS: 0 API
2020-10-21T16:22:22+09:00 INFO (6): [localhost,Mac,Chrome,POST,/kamimine/ajax/getBusStopList.php,20201021162222-5f8fe1ae5508f] STATUS: 0 API
2020-10-21T16:22:22+09:00 INFO (6): [localhost,Mac,Chrome,POST,/kamimine/ajax/getCoursePointList.php,20201021162222-5f8fe1ae546eb] STATUS: 0 API
2020-10-21T16:22:24+09:00 INFO (6): [localhost,Mac,Chrome,POST,/kamimine/ajax/getBusStopList.php,20201021162224-5f8fe1b0a91aa] STATUS: 0 API
2020-10-21T16:22:24+09:00 INFO (6): [localhost,Mac,Chrome,POST,/kamimine/ajax/getBusStopId8DigitList.php,20201021162224-5f8fe1b0af37b] STATUS: 0 API
2020-10-21T16:22:24+09:00 INFO (6): [localhost,Mac,Chrome,POST,/kamimine/ajax/getCoursePointList.php,20201021162224-5f8fe1b0ae222] STATUS: 0 API
2020-10-21T16:24:21+09:00 INFO (6): [localhost,Mac,Chrome,POST,/kamimine/ajax/getVariables.php,20201021162421-5f8fe2256682d] STATUS: 0 API
2020-10-21T16:24:21+09:00 INFO (6): [localhost,Mac,Chrome,POST,/kamimine/ajax/getCourseList.php,20201021162421-5f8fe225a49ab] STATUS: 0 API
2020-10-21T16:24:21+09:00 INFO (6): [localhost,Mac,Chrome,POST,/kamimine/ajax/getBusStopId8DigitList.php,20201021162421-5f8fe225ab777] STATUS: 0 API
2020-10-21T16:24:21+09:00 INFO (6): [localhost,Mac,Chrome,POST,/kamimine/ajax/checkServiceTime.php,20201021162421-5f8fe225ad0f9] STATUS: 0 API
2020-10-21T16:24:21+09:00 INFO (6): [localhost,Mac,Chrome,POST,/kamimine/ajax/getNewsTelop.php,20201021162421-5f8fe225b1517] STATUS: 0 API
2020-10-21T16:24:22+09:00 INFO (6): [localhost,Mac,Chrome,POST,/kamimine/ajax/getBusStopList.php,20201021162421-5f8fe225b73af] STATUS: 0 API
2020-10-21T16:24:22+09:00 INFO (6): [localhost,Mac,Chrome,POST,/kamimine/ajax/getCoursePointList.php,20201021162421-5f8fe225b7483] STATUS: 0 API
2020-10-21T16:24:25+09:00 INFO (6): [localhost,Mac,Chrome,POST,/kamimine/ajax/getBusStopId8DigitList.php,20201021162425-5f8fe2290affa] STATUS: 0 API
2020-10-21T16:24:25+09:00 INFO (6): [localhost,Mac,Chrome,POST,/kamimine/ajax/getBusStopList.php,20201021162425-5f8fe22907f09] STATUS: 0 API
2020-10-21T16:24:25+09:00 INFO (6): [localhost,Mac,Chrome,POST,/kamimine/ajax/getCoursePointList.php,20201021162425-5f8fe229080fe] STATUS: 0 API
