2020-10-23T09:54:59+09:00 INFO (6): [localhost,Mac,Chrome,POST,/kamimine/ajax/getVariables.php,20201023095459-5f9229e3ce748] STATUS: 0 API
2020-10-23T09:55:00+09:00 INFO (6): [localhost,Mac,Chrome,POST,/kamimine/ajax/getNewsTelop.php,20201023095500-5f9229e42868e] STATUS: 0 API
2020-10-23T09:55:00+09:00 INFO (6): [localhost,Mac,Chrome,POST,/kamimine/ajax/getBusStopId8DigitList.php,20201023095500-5f9229e428687] STATUS: 0 API
2020-10-23T09:55:00+09:00 INFO (6): [localhost,Mac,Chrome,POST,/kamimine/ajax/getCourseList.php,20201023095500-5f9229e428636] STATUS: 0 API
2020-10-23T09:55:00+09:00 INFO (6): [localhost,Mac,Chrome,POST,/kamimine/ajax/checkServiceTime.php,20201023095500-5f9229e42a4c7] STATUS: 0 API
2020-10-23T09:55:00+09:00 INFO (6): [localhost,Mac,Chrome,POST,/kamimine/ajax/getBusStopList.php,20201023095500-5f9229e4285f0] STATUS: 0 API
2020-10-23T09:55:00+09:00 INFO (6): [localhost,Mac,Chrome,POST,/kamimine/ajax/getCoursePointList.php,20201023095500-5f9229e428701] STATUS: 0 API
2020-10-23T09:55:06+09:00 INFO (6): [localhost,Mac,Chrome,POST,/kamimine/ajax/getBusStopId8DigitList.php,20201023095506-5f9229ea9dde7] STATUS: 0 API
2020-10-23T09:55:06+09:00 INFO (6): [localhost,Mac,Chrome,POST,/kamimine/ajax/getBusStopList.php,20201023095506-5f9229ea9c45d] STATUS: 0 API
2020-10-23T09:55:06+09:00 INFO (6): [localhost,Mac,Chrome,POST,/kamimine/ajax/getCoursePointList.php,20201023095506-5f9229ea9bccc] STATUS: 0 API
2020-10-23T09:57:59+09:00 INFO (6): [localhost,Mac,Chrome,POST,/kamimine/ajax/getVariables.php,20201023095759-5f922a97c4cc9] STATUS: 0 API
2020-10-23T09:58:00+09:00 INFO (6): [localhost,Mac,Chrome,POST,/kamimine/ajax/getCourseList.php,20201023095800-5f922a9809281] STATUS: 0 API
2020-10-23T09:58:00+09:00 INFO (6): [localhost,Mac,Chrome,POST,/kamimine/ajax/checkServiceTime.php,20201023095800-5f922a980a777] STATUS: 0 API
2020-10-23T09:58:00+09:00 INFO (6): [localhost,Mac,Chrome,POST,/kamimine/ajax/getBusStopId8DigitList.php,20201023095800-5f922a980f864] STATUS: 0 API
2020-10-23T09:58:00+09:00 INFO (6): [localhost,Mac,Chrome,POST,/kamimine/ajax/getNewsTelop.php,20201023095800-5f922a980dee5] STATUS: 0 API
2020-10-23T09:58:00+09:00 INFO (6): [localhost,Mac,Chrome,POST,/kamimine/ajax/getBusStopList.php,20201023095800-5f922a9810840] STATUS: 0 API
2020-10-23T09:58:00+09:00 INFO (6): [localhost,Mac,Chrome,POST,/kamimine/ajax/getCoursePointList.php,20201023095800-5f922a980e4ec] STATUS: 0 API
2020-10-23T09:58:03+09:00 INFO (6): [localhost,Mac,Chrome,POST,/kamimine/ajax/getBusStopList.php,20201023095802-5f922a9aefb27] STATUS: 0 API
2020-10-23T09:58:03+09:00 INFO (6): [localhost,Mac,Chrome,POST,/kamimine/ajax/getBusStopId8DigitList.php,20201023095802-5f922a9af27b0] STATUS: 0 API
2020-10-23T09:58:03+09:00 INFO (6): [localhost,Mac,Chrome,POST,/kamimine/ajax/getCoursePointList.php,20201023095802-5f922a9af247b] STATUS: 0 API
2020-10-23T09:58:44+09:00 INFO (6): [localhost,Mac,Chrome,POST,/kamimine/ajax/getVariables.php,20201023095844-5f922ac4234cd] STATUS: 0 API
2020-10-23T09:58:44+09:00 INFO (6): [localhost,Mac,Chrome,POST,/kamimine/ajax/checkServiceTime.php,20201023095844-5f922ac45896b] STATUS: 0 API
2020-10-23T09:58:44+09:00 INFO (6): [localhost,Mac,Chrome,POST,/kamimine/ajax/getBusStopId8DigitList.php,20201023095844-5f922ac458c9f] STATUS: 0 API
2020-10-23T09:58:44+09:00 INFO (6): [localhost,Mac,Chrome,POST,/kamimine/ajax/getCourseList.php,20201023095844-5f922ac4570ee] STATUS: 0 API
2020-10-23T09:58:44+09:00 INFO (6): [localhost,Mac,Chrome,POST,/kamimine/ajax/getNewsTelop.php,20201023095844-5f922ac457818] STATUS: 0 API
2020-10-23T09:58:44+09:00 INFO (6): [localhost,Mac,Chrome,POST,/kamimine/ajax/getCoursePointList.php,20201023095844-5f922ac45d7eb] STATUS: 0 API
2020-10-23T09:58:44+09:00 INFO (6): [localhost,Mac,Chrome,POST,/kamimine/ajax/getBusStopList.php,20201023095844-5f922ac45e9de] STATUS: 0 API
2020-10-23T09:58:48+09:00 INFO (6): [localhost,Mac,Chrome,POST,/kamimine/ajax/getBusStopList.php,20201023095847-5f922ac7da834] STATUS: 0 API
2020-10-23T09:58:48+09:00 INFO (6): [localhost,Mac,Chrome,POST,/kamimine/ajax/getBusStopId8DigitList.php,20201023095847-5f922ac7dec19] STATUS: 0 API
2020-10-23T09:58:48+09:00 INFO (6): [localhost,Mac,Chrome,POST,/kamimine/ajax/getCoursePointList.php,20201023095847-5f922ac7da686] STATUS: 0 API
2020-10-23T10:20:40+09:00 INFO (6): [localhost,Mac,Chrome,POST,/kamimine/ajax/getVariables.php,20201023102040-5f922fe8052ad] STATUS: 0 API
2020-10-23T10:20:40+09:00 INFO (6): [localhost,Mac,Chrome,POST,/kamimine/ajax/getCourseList.php,20201023102040-5f922fe84c478] STATUS: 0 API
2020-10-23T10:20:40+09:00 INFO (6): [localhost,Mac,Chrome,POST,/kamimine/ajax/getNewsTelop.php,20201023102040-5f922fe84dfdd] STATUS: 0 API
2020-10-23T10:20:40+09:00 INFO (6): [localhost,Mac,Chrome,POST,/kamimine/ajax/checkServiceTime.php,20201023102040-5f922fe84e069] STATUS: 0 API
2020-10-23T10:20:40+09:00 INFO (6): [localhost,Mac,Chrome,POST,/kamimine/ajax/getCoursePointList.php,20201023102040-5f922fe8554da] STATUS: 0 API
2020-10-23T10:42:16+09:00 INFO (6): [localhost,Mac,Chrome,POST,/kamimine/ajax/getVariables.php,20201023104216-5f9234f876e22] STATUS: 0 API
2020-10-23T10:42:16+09:00 INFO (6): [localhost,Mac,Chrome,POST,/kamimine/ajax/getCourseList.php,20201023104216-5f9234f8ab449] STATUS: 0 API
2020-10-23T10:42:16+09:00 INFO (6): [localhost,Mac,Chrome,POST,/kamimine/ajax/checkServiceTime.php,20201023104216-5f9234f8b1f92] STATUS: 0 API
2020-10-23T10:42:16+09:00 INFO (6): [localhost,Mac,Chrome,POST,/kamimine/ajax/getNewsTelop.php,20201023104216-5f9234f8accc1] STATUS: 0 API
2020-10-23T10:42:17+09:00 INFO (6): [localhost,Mac,Chrome,POST,/kamimine/ajax/getCoursePointList.php,20201023104216-5f9234f8b44b4] STATUS: 0 API
2020-10-23T10:42:27+09:00 INFO (6): [localhost,Mac,Chrome,POST,/kamimine/ajax/getVariables.php,20201023104227-5f9235039ce40] STATUS: 0 API
2020-10-23T10:42:28+09:00 INFO (6): [localhost,Mac,Chrome,POST,/kamimine/ajax/getCourseList.php,20201023104227-5f923503d66c7] STATUS: 0 API
2020-10-23T10:42:28+09:00 INFO (6): [localhost,Mac,Chrome,POST,/kamimine/ajax/checkServiceTime.php,20201023104227-5f923503dee39] STATUS: 0 API
2020-10-23T10:42:28+09:00 INFO (6): [localhost,Mac,Chrome,POST,/kamimine/ajax/getNewsTelop.php,20201023104227-5f923503e1414] STATUS: 0 API
2020-10-23T10:42:28+09:00 INFO (6): [localhost,Mac,Chrome,POST,/kamimine/ajax/getCoursePointList.php,20201023104227-5f923503e4691] STATUS: 0 API
2020-10-23T10:42:47+09:00 INFO (6): [localhost,Mac,Chrome,POST,/kamimine/ajax/getVariables.php,20201023104247-5f923517940df] STATUS: 0 API
2020-10-23T10:42:47+09:00 INFO (6): [localhost,Mac,Chrome,POST,/kamimine/ajax/getCourseList.php,20201023104247-5f923517c48ff] STATUS: 0 API
2020-10-23T10:42:48+09:00 INFO (6): [localhost,Mac,Chrome,POST,/kamimine/ajax/getNewsTelop.php,20201023104247-5f923517cefa6] STATUS: 0 API
2020-10-23T10:42:48+09:00 INFO (6): [localhost,Mac,Chrome,POST,/kamimine/ajax/getBusStopId8DigitList.php,20201023104247-5f923517d577f] STATUS: 0 API
2020-10-23T10:42:48+09:00 INFO (6): [localhost,Mac,Chrome,POST,/kamimine/ajax/checkServiceTime.php,20201023104247-5f923517d9777] STATUS: 0 API
2020-10-23T10:42:48+09:00 INFO (6): [localhost,Mac,Chrome,POST,/kamimine/ajax/getCoursePointList.php,20201023104247-5f923517d0369] STATUS: 0 API
2020-10-23T10:42:48+09:00 INFO (6): [localhost,Mac,Chrome,POST,/kamimine/ajax/getBusStopList.php,20201023104247-5f923517d3917] STATUS: 0 API
2020-10-23T11:10:11+09:00 INFO (6): [localhost,Mac,Chrome,POST,/kamimine/ajax/getVariables.php,20201023111011-5f923b83379ff] STATUS: 0 API
2020-10-23T11:10:11+09:00 INFO (6): [localhost,Mac,Chrome,POST,/kamimine/ajax/checkServiceTime.php,20201023111011-5f923b836e733] STATUS: 0 API
2020-10-23T11:10:11+09:00 INFO (6): [localhost,Mac,Chrome,POST,/kamimine/ajax/getNewsTelop.php,20201023111011-5f923b836efa8] STATUS: 0 API
2020-10-23T11:10:11+09:00 INFO (6): [localhost,Mac,Chrome,POST,/kamimine/ajax/getBusStopId8DigitList.php,20201023111011-5f923b836c887] STATUS: 0 API
2020-10-23T11:10:11+09:00 INFO (6): [localhost,Mac,Chrome,POST,/kamimine/ajax/getCourseList.php,20201023111011-5f923b836c85b] STATUS: 0 API
2020-10-23T11:10:11+09:00 INFO (6): [localhost,Mac,Chrome,POST,/kamimine/ajax/getBusStopList.php,20201023111011-5f923b83742f7] STATUS: 0 API
2020-10-23T11:10:11+09:00 INFO (6): [localhost,Mac,Chrome,POST,/kamimine/ajax/getCoursePointList.php,20201023111011-5f923b8373d32] STATUS: 0 API
2020-10-23T11:10:14+09:00 INFO (6): [localhost,Mac,Chrome,POST,/kamimine/ajax/getBusStopList.php,20201023111014-5f923b863f9a3] STATUS: 0 API
2020-10-23T11:10:14+09:00 INFO (6): [localhost,Mac,Chrome,POST,/kamimine/ajax/getBusStopId8DigitList.php,20201023111014-5f923b8641d3b] STATUS: 0 API
2020-10-23T11:10:14+09:00 INFO (6): [localhost,Mac,Chrome,POST,/kamimine/ajax/getCoursePointList.php,20201023111014-5f923b8641447] STATUS: 0 API
2020-10-23T11:10:46+09:00 INFO (6): [localhost,Mac,Chrome,POST,/kamimine/ajax/getVariables.php,20201023111046-5f923ba6d1483] STATUS: 0 API
2020-10-23T11:10:47+09:00 INFO (6): [localhost,Mac,Chrome,POST,/kamimine/ajax/getCourseList.php,20201023111047-5f923ba70d8a2] STATUS: 0 API
2020-10-23T11:10:47+09:00 INFO (6): [localhost,Mac,Chrome,POST,/kamimine/ajax/getBusStopId8DigitList.php,20201023111047-5f923ba710473] STATUS: 0 API
2020-10-23T11:10:47+09:00 INFO (6): [localhost,Mac,Chrome,POST,/kamimine/ajax/checkServiceTime.php,20201023111047-5f923ba710602] STATUS: 0 API
2020-10-23T11:10:47+09:00 INFO (6): [localhost,Mac,Chrome,POST,/kamimine/ajax/getNewsTelop.php,20201023111047-5f923ba71568d] STATUS: 0 API
2020-10-23T11:10:47+09:00 INFO (6): [localhost,Mac,Chrome,POST,/kamimine/ajax/getBusStopList.php,20201023111047-5f923ba71570e] STATUS: 0 API
2020-10-23T11:10:47+09:00 INFO (6): [localhost,Mac,Chrome,POST,/kamimine/ajax/getCoursePointList.php,20201023111047-5f923ba717d89] STATUS: 0 API
2020-10-23T11:10:52+09:00 INFO (6): [localhost,Mac,Chrome,POST,/kamimine/ajax/getBusStopList.php,20201023111052-5f923bac92d2b] STATUS: 0 API
2020-10-23T11:10:52+09:00 INFO (6): [localhost,Mac,Chrome,POST,/kamimine/ajax/getBusStopId8DigitList.php,20201023111052-5f923bac9601f] STATUS: 0 API
2020-10-23T11:10:52+09:00 INFO (6): [localhost,Mac,Chrome,POST,/kamimine/ajax/getCoursePointList.php,20201023111052-5f923bac94b89] STATUS: 0 API
2020-10-23T11:11:39+09:00 INFO (6): [localhost,Mac,Chrome,POST,/kamimine/ajax/getVariables.php,20201023111139-5f923bdb88a8b] STATUS: 0 API
2020-10-23T11:11:39+09:00 INFO (6): [localhost,Mac,Chrome,POST,/kamimine/ajax/getCourseList.php,20201023111139-5f923bdbbeca4] STATUS: 0 API
2020-10-23T11:11:39+09:00 INFO (6): [localhost,Mac,Chrome,POST,/kamimine/ajax/checkServiceTime.php,20201023111139-5f923bdbc18d6] STATUS: 0 API
2020-10-23T11:11:39+09:00 INFO (6): [localhost,Mac,Chrome,POST,/kamimine/ajax/getNewsTelop.php,20201023111139-5f923bdbc3b18] STATUS: 0 API
2020-10-23T11:11:39+09:00 INFO (6): [localhost,Mac,Chrome,POST,/kamimine/ajax/getBusStopId8DigitList.php,20201023111139-5f923bdbc05b9] STATUS: 0 API
2020-10-23T11:11:40+09:00 INFO (6): [localhost,Mac,Chrome,POST,/kamimine/ajax/getCoursePointList.php,20201023111139-5f923bdbc82d8] STATUS: 0 API
2020-10-23T11:11:40+09:00 INFO (6): [localhost,Mac,Chrome,POST,/kamimine/ajax/getBusStopList.php,20201023111139-5f923bdbca3ba] STATUS: 0 API
2020-10-23T11:11:42+09:00 INFO (6): [localhost,Mac,Chrome,POST,/kamimine/ajax/getBusStopList.php,20201023111142-5f923bde66d02] STATUS: 0 API
2020-10-23T11:11:42+09:00 INFO (6): [localhost,Mac,Chrome,POST,/kamimine/ajax/getBusStopId8DigitList.php,20201023111142-5f923bde69334] STATUS: 0 API
2020-10-23T11:11:42+09:00 INFO (6): [localhost,Mac,Chrome,POST,/kamimine/ajax/getCoursePointList.php,20201023111142-5f923bde68330] STATUS: 0 API
2020-10-23T11:19:11+09:00 INFO (6): [localhost,Mac,Chrome,POST,/kamimine/ajax/getVariables.php,20201023111911-5f923d9fa250d] STATUS: 0 API
2020-10-23T11:19:11+09:00 INFO (6): [localhost,Mac,Chrome,POST,/kamimine/ajax/getCourseList.php,20201023111911-5f923d9fd0108] STATUS: 0 API
2020-10-23T11:19:12+09:00 INFO (6): [localhost,Mac,Chrome,POST,/kamimine/ajax/getBusStopId8DigitList.php,20201023111911-5f923d9fd0b2c] STATUS: 0 API
2020-10-23T11:19:12+09:00 INFO (6): [localhost,Mac,Chrome,POST,/kamimine/ajax/checkServiceTime.php,20201023111911-5f923d9fd81b8] STATUS: 0 API
2020-10-23T11:19:12+09:00 INFO (6): [localhost,Mac,Chrome,POST,/kamimine/ajax/getNewsTelop.php,20201023111911-5f923d9fd4629] STATUS: 0 API
2020-10-23T11:19:12+09:00 INFO (6): [localhost,Mac,Chrome,POST,/kamimine/ajax/getBusStopList.php,20201023111911-5f923d9fd8621] STATUS: 0 API
2020-10-23T11:19:12+09:00 INFO (6): [localhost,Mac,Chrome,POST,/kamimine/ajax/getCoursePointList.php,20201023111911-5f923d9fdc766] STATUS: 0 API
2020-10-23T11:19:14+09:00 INFO (6): [localhost,Mac,Chrome,POST,/kamimine/ajax/getBusStopList.php,20201023111914-5f923da2b2bce] STATUS: 0 API
2020-10-23T11:19:14+09:00 INFO (6): [localhost,Mac,Chrome,POST,/kamimine/ajax/getBusStopId8DigitList.php,20201023111914-5f923da2b437b] STATUS: 0 API
2020-10-23T11:19:14+09:00 INFO (6): [localhost,Mac,Chrome,POST,/kamimine/ajax/getCoursePointList.php,20201023111914-5f923da2b28bf] STATUS: 0 API
2020-10-23T11:19:40+09:00 INFO (6): [localhost,Mac,Chrome,POST,/kamimine/ajax/getVariables.php,20201023111940-5f923dbc3e3e4] STATUS: 0 API
2020-10-23T11:19:40+09:00 INFO (6): [localhost,Mac,Chrome,POST,/kamimine/ajax/checkServiceTime.php,20201023111940-5f923dbc711fc] STATUS: 0 API
2020-10-23T11:19:40+09:00 INFO (6): [localhost,Mac,Chrome,POST,/kamimine/ajax/getCourseList.php,20201023111940-5f923dbc6d424] STATUS: 0 API
2020-10-23T11:19:40+09:00 INFO (6): [localhost,Mac,Chrome,POST,/kamimine/ajax/getBusStopId8DigitList.php,20201023111940-5f923dbc6f9fa] STATUS: 0 API
2020-10-23T11:19:40+09:00 INFO (6): [localhost,Mac,Chrome,POST,/kamimine/ajax/getNewsTelop.php,20201023111940-5f923dbc73711] STATUS: 0 API
2020-10-23T11:19:40+09:00 INFO (6): [localhost,Mac,Chrome,POST,/kamimine/ajax/getCoursePointList.php,20201023111940-5f923dbc75f63] STATUS: 0 API
2020-10-23T11:19:40+09:00 INFO (6): [localhost,Mac,Chrome,POST,/kamimine/ajax/getBusStopList.php,20201023111940-5f923dbc7361e] STATUS: 0 API
2020-10-23T11:19:43+09:00 INFO (6): [localhost,Mac,Chrome,POST,/kamimine/ajax/getBusStopList.php,20201023111943-5f923dbf4bbd7] STATUS: 0 API
2020-10-23T11:19:43+09:00 INFO (6): [localhost,Mac,Chrome,POST,/kamimine/ajax/getBusStopId8DigitList.php,20201023111943-5f923dbf4f2a1] STATUS: 0 API
2020-10-23T11:19:43+09:00 INFO (6): [localhost,Mac,Chrome,POST,/kamimine/ajax/getCoursePointList.php,20201023111943-5f923dbf4a433] STATUS: 0 API
2020-10-23T11:19:44+09:00 INFO (6): [localhost,Mac,Chrome,POST,/kamimine/ajax/getBusStopId8DigitList.php,20201023111944-5f923dc098bd6] STATUS: 0 API
2020-10-23T11:19:44+09:00 INFO (6): [localhost,Mac,Chrome,POST,/kamimine/ajax/getBusStopList.php,20201023111944-5f923dc0974a2] STATUS: 0 API
2020-10-23T11:19:44+09:00 INFO (6): [localhost,Mac,Chrome,POST,/kamimine/ajax/getCoursePointList.php,20201023111944-5f923dc0980fb] STATUS: 0 API
2020-10-23T11:23:06+09:00 INFO (6): [localhost,Mac,Chrome,POST,/kamimine/ajax/getVariables.php,20201023112306-5f923e8aa83cf] STATUS: 0 API
2020-10-23T11:23:07+09:00 INFO (6): [localhost,Mac,Chrome,POST,/kamimine/ajax/getCourseList.php,20201023112306-5f923e8ad6d0c] STATUS: 0 API
2020-10-23T11:23:07+09:00 INFO (6): [localhost,Mac,Chrome,POST,/kamimine/ajax/checkServiceTime.php,20201023112306-5f923e8ada390] STATUS: 0 API
2020-10-23T11:23:07+09:00 INFO (6): [localhost,Mac,Chrome,POST,/kamimine/ajax/getBusStopId8DigitList.php,20201023112306-5f923e8ad4eeb] STATUS: 0 API
2020-10-23T11:23:07+09:00 INFO (6): [localhost,Mac,Chrome,POST,/kamimine/ajax/getNewsTelop.php,20201023112306-5f923e8ade51b] STATUS: 0 API
2020-10-23T11:23:07+09:00 INFO (6): [localhost,Mac,Chrome,POST,/kamimine/ajax/getBusStopList.php,20201023112306-5f923e8adece8] STATUS: 0 API
2020-10-23T11:23:07+09:00 INFO (6): [localhost,Mac,Chrome,POST,/kamimine/ajax/getCoursePointList.php,20201023112306-5f923e8adcb29] STATUS: 0 API
2020-10-23T11:23:10+09:00 INFO (6): [localhost,Mac,Chrome,POST,/kamimine/ajax/getBusStopList.php,20201023112309-5f923e8de747a] STATUS: 0 API
2020-10-23T11:23:10+09:00 INFO (6): [localhost,Mac,Chrome,POST,/kamimine/ajax/getBusStopId8DigitList.php,20201023112309-5f923e8deb7e8] STATUS: 0 API
2020-10-23T11:23:10+09:00 INFO (6): [localhost,Mac,Chrome,POST,/kamimine/ajax/getCoursePointList.php,20201023112309-5f923e8de853d] STATUS: 0 API
2020-10-23T11:26:11+09:00 INFO (6): [localhost,Mac,Chrome,POST,/kamimine/ajax/getVariables.php,20201023112611-5f923f43aa0f6] STATUS: 0 API
2020-10-23T11:26:12+09:00 INFO (6): [localhost,Mac,Chrome,POST,/kamimine/ajax/getCourseList.php,20201023112611-5f923f43d9fa9] STATUS: 0 API
2020-10-23T11:26:12+09:00 INFO (6): [localhost,Mac,Chrome,POST,/kamimine/ajax/checkServiceTime.php,20201023112611-5f923f43e09a3] STATUS: 0 API
2020-10-23T11:26:12+09:00 INFO (6): [localhost,Mac,Chrome,POST,/kamimine/ajax/getNewsTelop.php,20201023112611-5f923f43de860] STATUS: 0 API
2020-10-23T11:26:12+09:00 INFO (6): [localhost,Mac,Chrome,POST,/kamimine/ajax/getBusStopId8DigitList.php,20201023112611-5f923f43e0264] STATUS: 0 API
2020-10-23T11:26:12+09:00 INFO (6): [localhost,Mac,Chrome,POST,/kamimine/ajax/getBusStopList.php,20201023112611-5f923f43e2100] STATUS: 0 API
2020-10-23T11:26:12+09:00 INFO (6): [localhost,Mac,Chrome,POST,/kamimine/ajax/getCoursePointList.php,20201023112611-5f923f43e3ca5] STATUS: 0 API
2020-10-23T11:26:14+09:00 INFO (6): [localhost,Mac,Chrome,POST,/kamimine/ajax/getBusStopList.php,20201023112614-5f923f4667e37] STATUS: 0 API
2020-10-23T11:26:14+09:00 INFO (6): [localhost,Mac,Chrome,POST,/kamimine/ajax/getBusStopId8DigitList.php,20201023112614-5f923f466997b] STATUS: 0 API
2020-10-23T11:26:14+09:00 INFO (6): [localhost,Mac,Chrome,POST,/kamimine/ajax/getCoursePointList.php,20201023112614-5f923f466901f] STATUS: 0 API
2020-10-23T11:26:24+09:00 INFO (6): [localhost,Mac,Chrome,POST,/kamimine/ajax/getVariables.php,20201023112624-5f923f50b17e4] STATUS: 0 API
2020-10-23T11:26:25+09:00 INFO (6): [localhost,Mac,Chrome,POST,/kamimine/ajax/getCourseList.php,20201023112624-5f923f50db8f4] STATUS: 0 API
2020-10-23T11:26:25+09:00 INFO (6): [localhost,Mac,Chrome,POST,/kamimine/ajax/getBusStopId8DigitList.php,20201023112624-5f923f50e2ed2] STATUS: 0 API
2020-10-23T11:26:25+09:00 INFO (6): [localhost,Mac,Chrome,POST,/kamimine/ajax/checkServiceTime.php,20201023112624-5f923f50e5b20] STATUS: 0 API
2020-10-23T11:26:25+09:00 INFO (6): [localhost,Mac,Chrome,POST,/kamimine/ajax/getNewsTelop.php,20201023112624-5f923f50e38f5] STATUS: 0 API
2020-10-23T11:26:25+09:00 INFO (6): [localhost,Mac,Chrome,POST,/kamimine/ajax/getBusStopList.php,20201023112624-5f923f50e4968] STATUS: 0 API
2020-10-23T11:26:25+09:00 INFO (6): [localhost,Mac,Chrome,POST,/kamimine/ajax/getCoursePointList.php,20201023112624-5f923f50e9d45] STATUS: 0 API
2020-10-23T11:26:27+09:00 INFO (6): [localhost,Mac,Chrome,POST,/kamimine/ajax/getBusStopList.php,20201023112627-5f923f53c13ec] STATUS: 0 API
2020-10-23T11:26:27+09:00 INFO (6): [localhost,Mac,Chrome,POST,/kamimine/ajax/getBusStopId8DigitList.php,20201023112627-5f923f53c2c5c] STATUS: 0 API
2020-10-23T11:26:27+09:00 INFO (6): [localhost,Mac,Chrome,POST,/kamimine/ajax/getCoursePointList.php,20201023112627-5f923f53c32c1] STATUS: 0 API
2020-10-23T11:26:59+09:00 INFO (6): [localhost,Mac,Chrome,POST,/kamimine/ajax/getBusStopId8DigitList.php,20201023112659-5f923f73b2ec5] STATUS: 0 API
2020-10-23T11:26:59+09:00 INFO (6): [localhost,Mac,Chrome,POST,/kamimine/ajax/getBusStopList.php,20201023112659-5f923f73afa0a] STATUS: 0 API
2020-10-23T11:26:59+09:00 INFO (6): [localhost,Mac,Chrome,POST,/kamimine/ajax/getCoursePointList.php,20201023112659-5f923f73af9f6] STATUS: 0 API
2020-10-23T11:27:32+09:00 INFO (6): [localhost,Mac,Chrome,POST,/kamimine/ajax/getVariables.php,20201023112732-5f923f94c25dc] STATUS: 0 API
2020-10-23T11:27:33+09:00 INFO (6): [localhost,Mac,Chrome,POST,/kamimine/ajax/getCourseList.php,20201023112732-5f923f94eff5a] STATUS: 0 API
2020-10-23T11:27:33+09:00 INFO (6): [localhost,Mac,Chrome,POST,/kamimine/ajax/checkServiceTime.php,20201023112732-5f923f94f3e76] STATUS: 0 API
2020-10-23T11:27:33+09:00 INFO (6): [localhost,Mac,Chrome,POST,/kamimine/ajax/getNewsTelop.php,20201023112733-5f923f9500df0] STATUS: 0 API
2020-10-23T11:27:33+09:00 INFO (6): [localhost,Mac,Chrome,POST,/kamimine/ajax/getBusStopId8DigitList.php,20201023112732-5f923f950037b] STATUS: 0 API
2020-10-23T11:27:33+09:00 INFO (6): [localhost,Mac,Chrome,POST,/kamimine/ajax/getBusStopList.php,20201023112733-5f923f95063be] STATUS: 0 API
2020-10-23T11:27:33+09:00 INFO (6): [localhost,Mac,Chrome,POST,/kamimine/ajax/getCoursePointList.php,20201023112733-5f923f9506270] STATUS: 0 API
2020-10-23T11:27:35+09:00 INFO (6): [localhost,Mac,Chrome,POST,/kamimine/ajax/getBusStopList.php,20201023112735-5f923f977562c] STATUS: 0 API
2020-10-23T11:27:35+09:00 INFO (6): [localhost,Mac,Chrome,POST,/kamimine/ajax/getBusStopId8DigitList.php,20201023112735-5f923f977b3b7] STATUS: 0 API
2020-10-23T11:27:35+09:00 INFO (6): [localhost,Mac,Chrome,POST,/kamimine/ajax/getCoursePointList.php,20201023112735-5f923f977415e] STATUS: 0 API
2020-10-23T11:28:12+09:00 INFO (6): [localhost,Mac,Chrome,POST,/kamimine/ajax/getVariables.php,20201023112812-5f923fbc38104] STATUS: 0 API
2020-10-23T11:28:12+09:00 INFO (6): [localhost,Mac,Chrome,POST,/kamimine/ajax/getNewsTelop.php,20201023112812-5f923fbc7e323] STATUS: 0 API
2020-10-23T11:28:12+09:00 INFO (6): [localhost,Mac,Chrome,POST,/kamimine/ajax/checkServiceTime.php,20201023112812-5f923fbc7f7e9] STATUS: 0 API
2020-10-23T11:28:12+09:00 INFO (6): [localhost,Mac,Chrome,POST,/kamimine/ajax/getCourseList.php,20201023112812-5f923fbc7bbb9] STATUS: 0 API
2020-10-23T11:28:12+09:00 INFO (6): [localhost,Mac,Chrome,POST,/kamimine/ajax/getBusStopId8DigitList.php,20201023112812-5f923fbc7bdc5] STATUS: 0 API
2020-10-23T11:28:12+09:00 INFO (6): [localhost,Mac,Chrome,POST,/kamimine/ajax/getBusStopList.php,20201023112812-5f923fbc7b343] STATUS: 0 API
2020-10-23T11:28:12+09:00 INFO (6): [localhost,Mac,Chrome,POST,/kamimine/ajax/getCoursePointList.php,20201023112812-5f923fbc7dec7] STATUS: 0 API
2020-10-23T11:28:14+09:00 INFO (6): [localhost,Mac,Chrome,POST,/kamimine/ajax/getBusStopList.php,20201023112814-5f923fbe5b3a2] STATUS: 0 API
2020-10-23T11:28:14+09:00 INFO (6): [localhost,Mac,Chrome,POST,/kamimine/ajax/getBusStopId8DigitList.php,20201023112814-5f923fbe5ee03] STATUS: 0 API
2020-10-23T11:28:14+09:00 INFO (6): [localhost,Mac,Chrome,POST,/kamimine/ajax/getCoursePointList.php,20201023112814-5f923fbe5df4e] STATUS: 0 API
2020-10-23T12:12:50+09:00 INFO (6): [localhost,Mac,Chrome,POST,/kamimine/ajax/getVariables.php,20201023121249-5f924a3200386] STATUS: 0 API
2020-10-23T12:12:50+09:00 INFO (6): [localhost,Mac,Chrome,POST,/kamimine/ajax/checkServiceTime.php,20201023121250-5f924a323547c] STATUS: 0 API
2020-10-23T12:12:50+09:00 INFO (6): [localhost,Mac,Chrome,POST,/kamimine/ajax/getCourseList.php,20201023121250-5f924a323519e] STATUS: 0 API
2020-10-23T12:12:50+09:00 INFO (6): [localhost,Mac,Chrome,POST,/kamimine/ajax/getNewsTelop.php,20201023121250-5f924a3234ce1] STATUS: 0 API
2020-10-23T12:12:50+09:00 INFO (6): [localhost,Mac,Chrome,POST,/kamimine/ajax/getBusStopId8DigitList.php,20201023121250-5f924a3232bf2] STATUS: 0 API
2020-10-23T12:12:50+09:00 INFO (6): [localhost,Mac,Chrome,POST,/kamimine/ajax/getCoursePointList.php,20201023121250-5f924a323df9d] STATUS: 0 API
2020-10-23T12:12:50+09:00 INFO (6): [localhost,Mac,Chrome,POST,/kamimine/ajax/getBusStopList.php,20201023121250-5f924a3239cfa] STATUS: 0 API
2020-10-23T12:12:53+09:00 INFO (6): [localhost,Mac,Chrome,POST,/kamimine/ajax/getBusStopList.php,20201023121253-5f924a35c331a] STATUS: 0 API
2020-10-23T12:12:53+09:00 INFO (6): [localhost,Mac,Chrome,POST,/kamimine/ajax/getBusStopId8DigitList.php,20201023121253-5f924a35c5c9c] STATUS: 0 API
2020-10-23T12:12:54+09:00 INFO (6): [localhost,Mac,Chrome,POST,/kamimine/ajax/getCoursePointList.php,20201023121253-5f924a35c1605] STATUS: 0 API
2020-10-23T12:12:57+09:00 INFO (6): [localhost,Mac,Chrome,POST,/kamimine/ajax/getBusStopList.php,20201023121257-5f924a390339a] STATUS: 0 API
2020-10-23T12:12:57+09:00 INFO (6): [localhost,Mac,Chrome,POST,/kamimine/ajax/getBusStopId8DigitList.php,20201023121257-5f924a390433f] STATUS: 0 API
2020-10-23T12:12:57+09:00 INFO (6): [localhost,Mac,Chrome,POST,/kamimine/ajax/getCoursePointList.php,20201023121257-5f924a390466b] STATUS: 0 API
2020-10-23T12:16:30+09:00 INFO (6): [localhost,Mac,Chrome,POST,/kamimine/ajax/getVariables.php,20201023121630-5f924b0e703e4] STATUS: 0 API
2020-10-23T12:16:30+09:00 INFO (6): [localhost,Mac,Chrome,POST,/kamimine/ajax/checkServiceTime.php,20201023121630-5f924b0ea1dad] STATUS: 0 API
2020-10-23T12:16:30+09:00 INFO (6): [localhost,Mac,Chrome,POST,/kamimine/ajax/getBusStopId8DigitList.php,20201023121630-5f924b0ea04f3] STATUS: 0 API
2020-10-23T12:16:30+09:00 INFO (6): [localhost,Mac,Chrome,POST,/kamimine/ajax/getCourseList.php,20201023121630-5f924b0e9f586] STATUS: 0 API
2020-10-23T12:16:30+09:00 INFO (6): [localhost,Mac,Chrome,POST,/kamimine/ajax/getNewsTelop.php,20201023121630-5f924b0ea01f2] STATUS: 0 API
2020-10-23T12:16:30+09:00 INFO (6): [localhost,Mac,Chrome,POST,/kamimine/ajax/getBusStopList.php,20201023121630-5f924b0ea2277] STATUS: 0 API
2020-10-23T12:16:31+09:00 INFO (6): [localhost,Mac,Chrome,POST,/kamimine/ajax/getCoursePointList.php,20201023121630-5f924b0ea49a5] STATUS: 0 API
2020-10-23T12:16:31+09:00 INFO (6): [localhost,Mac,Chrome,POST,/kamimine/ajax/getVariables.php,20201023121631-5f924b0f2839c] STATUS: 0 API
2020-10-23T12:16:31+09:00 INFO (6): [localhost,Mac,Chrome,POST,/kamimine/ajax/getCourseList.php,20201023121631-5f924b0f5906c] STATUS: 0 API
2020-10-23T12:16:31+09:00 INFO (6): [localhost,Mac,Chrome,POST,/kamimine/ajax/getBusStopId8DigitList.php,20201023121631-5f924b0f5906c] STATUS: 0 API
2020-10-23T12:16:31+09:00 INFO (6): [localhost,Mac,Chrome,POST,/kamimine/ajax/checkServiceTime.php,20201023121631-5f924b0f5ce5d] STATUS: 0 API
2020-10-23T12:16:31+09:00 INFO (6): [localhost,Mac,Chrome,POST,/kamimine/ajax/getNewsTelop.php,20201023121631-5f924b0f5a384] STATUS: 0 API
2020-10-23T12:16:31+09:00 INFO (6): [localhost,Mac,Chrome,POST,/kamimine/ajax/getCoursePointList.php,20201023121631-5f924b0f5bab3] STATUS: 0 API
2020-10-23T12:16:31+09:00 INFO (6): [localhost,Mac,Chrome,POST,/kamimine/ajax/getBusStopList.php,20201023121631-5f924b0f5effd] STATUS: 0 API
2020-10-23T12:16:34+09:00 INFO (6): [localhost,Mac,Chrome,POST,/kamimine/ajax/getBusStopId8DigitList.php,20201023121634-5f924b12bdbdf] STATUS: 0 API
2020-10-23T12:16:34+09:00 INFO (6): [localhost,Mac,Chrome,POST,/kamimine/ajax/getBusStopList.php,20201023121634-5f924b12b9655] STATUS: 0 API
2020-10-23T12:16:34+09:00 INFO (6): [localhost,Mac,Chrome,POST,/kamimine/ajax/getCoursePointList.php,20201023121634-5f924b12b7ac0] STATUS: 0 API
2020-10-23T12:16:52+09:00 INFO (6): [localhost,Mac,Chrome,POST,/kamimine/ajax/getBusStopList.php,20201023121652-5f924b24c89a7] STATUS: 0 API
2020-10-23T12:16:52+09:00 INFO (6): [localhost,Mac,Chrome,POST,/kamimine/ajax/getBusStopId8DigitList.php,20201023121652-5f924b24c3ef1] STATUS: 0 API
2020-10-23T12:16:52+09:00 INFO (6): [localhost,Mac,Chrome,POST,/kamimine/ajax/getCoursePointList.php,20201023121652-5f924b24c9202] STATUS: 0 API
2020-10-23T12:17:51+09:00 INFO (6): [localhost,Mac,Chrome,POST,/kamimine/ajax/getVariables.php,20201023121751-5f924b5fb0a32] STATUS: 0 API
2020-10-23T12:17:52+09:00 INFO (6): [localhost,Mac,Chrome,POST,/kamimine/ajax/checkServiceTime.php,20201023121751-5f924b5fdb777] STATUS: 0 API
2020-10-23T12:17:52+09:00 INFO (6): [localhost,Mac,Chrome,POST,/kamimine/ajax/getCourseList.php,20201023121751-5f924b5fd939c] STATUS: 0 API
2020-10-23T12:17:52+09:00 INFO (6): [localhost,Mac,Chrome,POST,/kamimine/ajax/getBusStopId8DigitList.php,20201023121751-5f924b5fdbdcb] STATUS: 0 API
2020-10-23T12:17:52+09:00 INFO (6): [localhost,Mac,Chrome,POST,/kamimine/ajax/getNewsTelop.php,20201023121751-5f924b5fe143c] STATUS: 0 API
2020-10-23T12:17:52+09:00 INFO (6): [localhost,Mac,Chrome,POST,/kamimine/ajax/getCoursePointList.php,20201023121751-5f924b5fe2f62] STATUS: 0 API
2020-10-23T12:17:52+09:00 INFO (6): [localhost,Mac,Chrome,POST,/kamimine/ajax/getBusStopList.php,20201023121751-5f924b5fe319b] STATUS: 0 API
2020-10-23T12:17:54+09:00 INFO (6): [localhost,Mac,Chrome,POST,/kamimine/ajax/getBusStopId8DigitList.php,20201023121754-5f924b62444b4] STATUS: 0 API
2020-10-23T12:17:54+09:00 INFO (6): [localhost,Mac,Chrome,POST,/kamimine/ajax/getBusStopList.php,20201023121754-5f924b6241e3c] STATUS: 0 API
2020-10-23T12:17:54+09:00 INFO (6): [localhost,Mac,Chrome,POST,/kamimine/ajax/getCoursePointList.php,20201023121754-5f924b6242cbc] STATUS: 0 API
2020-10-23T12:20:54+09:00 INFO (6): [localhost,Mac,Chrome,POST,/kamimine/ajax/getVariables.php,20201023122054-5f924c169a8de] STATUS: 0 API
2020-10-23T12:20:54+09:00 INFO (6): [localhost,Mac,Chrome,POST,/kamimine/ajax/getCourseList.php,20201023122054-5f924c16c5fe2] STATUS: 0 API
2020-10-23T12:20:54+09:00 INFO (6): [localhost,Mac,Chrome,POST,/kamimine/ajax/getBusStopId8DigitList.php,20201023122054-5f924c16c24b6] STATUS: 0 API
2020-10-23T12:20:54+09:00 INFO (6): [localhost,Mac,Chrome,POST,/kamimine/ajax/checkServiceTime.php,20201023122054-5f924c16c720b] STATUS: 0 API
2020-10-23T12:20:55+09:00 INFO (6): [localhost,Mac,Chrome,POST,/kamimine/ajax/getNewsTelop.php,20201023122054-5f924c16c907f] STATUS: 0 API
2020-10-23T12:20:55+09:00 INFO (6): [localhost,Mac,Chrome,POST,/kamimine/ajax/getBusStopList.php,20201023122054-5f924c16cfafa] STATUS: 0 API
2020-10-23T12:20:55+09:00 INFO (6): [localhost,Mac,Chrome,POST,/kamimine/ajax/getCoursePointList.php,20201023122054-5f924c16caf83] STATUS: 0 API
2020-10-23T12:20:58+09:00 INFO (6): [localhost,Mac,Chrome,POST,/kamimine/ajax/getBusStopList.php,20201023122058-5f924c1a3c9a0] STATUS: 0 API
2020-10-23T12:20:58+09:00 INFO (6): [localhost,Mac,Chrome,POST,/kamimine/ajax/getBusStopId8DigitList.php,20201023122058-5f924c1a3f302] STATUS: 0 API
2020-10-23T12:20:58+09:00 INFO (6): [localhost,Mac,Chrome,POST,/kamimine/ajax/getCoursePointList.php,20201023122058-5f924c1a3dfda] STATUS: 0 API
2020-10-23T12:21:11+09:00 INFO (6): [localhost,Mac,Chrome,POST,/kamimine/ajax/getVariables.php,20201023122111-5f924c27d7ba3] STATUS: 0 API
2020-10-23T12:21:12+09:00 INFO (6): [localhost,Mac,Chrome,POST,/kamimine/ajax/getCourseList.php,20201023122112-5f924c281549c] STATUS: 0 API
2020-10-23T12:21:12+09:00 INFO (6): [localhost,Mac,Chrome,POST,/kamimine/ajax/checkServiceTime.php,20201023122112-5f924c2818221] STATUS: 0 API
2020-10-23T12:21:12+09:00 INFO (6): [localhost,Mac,Chrome,POST,/kamimine/ajax/getNewsTelop.php,20201023122112-5f924c2819029] STATUS: 0 API
2020-10-23T12:21:12+09:00 INFO (6): [localhost,Mac,Chrome,POST,/kamimine/ajax/getBusStopId8DigitList.php,20201023122112-5f924c281a0a2] STATUS: 0 API
2020-10-23T12:21:12+09:00 INFO (6): [localhost,Mac,Chrome,POST,/kamimine/ajax/getBusStopList.php,20201023122112-5f924c281a355] STATUS: 0 API
2020-10-23T12:21:12+09:00 INFO (6): [localhost,Mac,Chrome,POST,/kamimine/ajax/getCoursePointList.php,20201023122112-5f924c281ee40] STATUS: 0 API
2020-10-23T12:21:14+09:00 INFO (6): [localhost,Mac,Chrome,POST,/kamimine/ajax/getBusStopId8DigitList.php,20201023122114-5f924c2a3f95b] STATUS: 0 API
2020-10-23T12:21:14+09:00 INFO (6): [localhost,Mac,Chrome,POST,/kamimine/ajax/getBusStopList.php,20201023122114-5f924c2a3ec3e] STATUS: 0 API
2020-10-23T12:21:14+09:00 INFO (6): [localhost,Mac,Chrome,POST,/kamimine/ajax/getCoursePointList.php,20201023122114-5f924c2a3ee24] STATUS: 0 API
2020-10-23T12:21:27+09:00 INFO (6): [localhost,Mac,Chrome,POST,/kamimine/ajax/getVariables.php,20201023122127-5f924c375db40] STATUS: 0 API
2020-10-23T12:21:27+09:00 INFO (6): [localhost,Mac,Chrome,POST,/kamimine/ajax/checkServiceTime.php,20201023122127-5f924c378ffd7] STATUS: 0 API
2020-10-23T12:21:27+09:00 INFO (6): [localhost,Mac,Chrome,POST,/kamimine/ajax/getCourseList.php,20201023122127-5f924c378b9fc] STATUS: 0 API
2020-10-23T12:21:27+09:00 INFO (6): [localhost,Mac,Chrome,POST,/kamimine/ajax/getBusStopId8DigitList.php,20201023122127-5f924c378cefb] STATUS: 0 API
2020-10-23T12:21:27+09:00 INFO (6): [localhost,Mac,Chrome,POST,/kamimine/ajax/getNewsTelop.php,20201023122127-5f924c3790fe3] STATUS: 0 API
2020-10-23T12:21:27+09:00 INFO (6): [localhost,Mac,Chrome,POST,/kamimine/ajax/getBusStopList.php,20201023122127-5f924c37910a9] STATUS: 0 API
2020-10-23T12:21:27+09:00 INFO (6): [localhost,Mac,Chrome,POST,/kamimine/ajax/getCoursePointList.php,20201023122127-5f924c3794089] STATUS: 0 API
2020-10-23T12:21:29+09:00 INFO (6): [localhost,Mac,Chrome,POST,/kamimine/ajax/getBusStopList.php,20201023122129-5f924c39ca18e] STATUS: 0 API
2020-10-23T12:21:29+09:00 INFO (6): [localhost,Mac,Chrome,POST,/kamimine/ajax/getBusStopId8DigitList.php,20201023122129-5f924c39cceca] STATUS: 0 API
2020-10-23T12:21:30+09:00 INFO (6): [localhost,Mac,Chrome,POST,/kamimine/ajax/getCoursePointList.php,20201023122129-5f924c39c9fc6] STATUS: 0 API
2020-10-23T12:22:56+09:00 INFO (6): [localhost,Mac,Chrome,POST,/kamimine/ajax/getVariables.php,20201023122256-5f924c905a6aa] STATUS: 0 API
2020-10-23T12:22:56+09:00 INFO (6): [localhost,Mac,Chrome,POST,/kamimine/ajax/getCourseList.php,20201023122256-5f924c908598f] STATUS: 0 API
2020-10-23T12:22:56+09:00 INFO (6): [localhost,Mac,Chrome,POST,/kamimine/ajax/checkServiceTime.php,20201023122256-5f924c908aac8] STATUS: 0 API
2020-10-23T12:22:56+09:00 INFO (6): [localhost,Mac,Chrome,POST,/kamimine/ajax/getBusStopId8DigitList.php,20201023122256-5f924c9087a84] STATUS: 0 API
2020-10-23T12:22:56+09:00 INFO (6): [localhost,Mac,Chrome,POST,/kamimine/ajax/getNewsTelop.php,20201023122256-5f924c90895d2] STATUS: 0 API
2020-10-23T12:22:56+09:00 INFO (6): [localhost,Mac,Chrome,POST,/kamimine/ajax/getBusStopList.php,20201023122256-5f924c908bffa] STATUS: 0 API
2020-10-23T12:22:56+09:00 INFO (6): [localhost,Mac,Chrome,POST,/kamimine/ajax/getCoursePointList.php,20201023122256-5f924c908f4c1] STATUS: 0 API
2020-10-23T12:22:57+09:00 INFO (6): [localhost,Mac,Chrome,POST,/kamimine/ajax/getVariables.php,20201023122257-5f924c918711d] STATUS: 0 API
2020-10-23T12:22:57+09:00 INFO (6): [localhost,Mac,Chrome,POST,/kamimine/ajax/getCourseList.php,20201023122257-5f924c91b94c5] STATUS: 0 API
2020-10-23T12:22:57+09:00 INFO (6): [localhost,Mac,Chrome,POST,/kamimine/ajax/checkServiceTime.php,20201023122257-5f924c91bb333] STATUS: 0 API
2020-10-23T12:22:57+09:00 INFO (6): [localhost,Mac,Chrome,POST,/kamimine/ajax/getBusStopId8DigitList.php,20201023122257-5f924c91b9a3d] STATUS: 0 API
2020-10-23T12:22:57+09:00 INFO (6): [localhost,Mac,Chrome,POST,/kamimine/ajax/getNewsTelop.php,20201023122257-5f924c91bafb8] STATUS: 0 API
2020-10-23T12:22:58+09:00 INFO (6): [localhost,Mac,Chrome,POST,/kamimine/ajax/getBusStopList.php,20201023122257-5f924c91be936] STATUS: 0 API
2020-10-23T12:22:58+09:00 INFO (6): [localhost,Mac,Chrome,POST,/kamimine/ajax/getCoursePointList.php,20201023122257-5f924c91c1929] STATUS: 0 API
2020-10-23T12:23:00+09:00 INFO (6): [localhost,Mac,Chrome,POST,/kamimine/ajax/getBusStopList.php,20201023122300-5f924c941eae0] STATUS: 0 API
2020-10-23T12:23:00+09:00 INFO (6): [localhost,Mac,Chrome,POST,/kamimine/ajax/getBusStopId8DigitList.php,20201023122300-5f924c9423e34] STATUS: 0 API
2020-10-23T12:23:00+09:00 INFO (6): [localhost,Mac,Chrome,POST,/kamimine/ajax/getCoursePointList.php,20201023122300-5f924c9420b4b] STATUS: 0 API
2020-10-23T12:23:12+09:00 INFO (6): [localhost,Mac,Chrome,POST,/kamimine/ajax/getVariables.php,20201023122312-5f924ca091b3d] STATUS: 0 API
2020-10-23T12:23:12+09:00 INFO (6): [localhost,Mac,Chrome,POST,/kamimine/ajax/checkServiceTime.php,20201023122312-5f924ca0c8508] STATUS: 0 API
2020-10-23T12:23:12+09:00 INFO (6): [localhost,Mac,Chrome,POST,/kamimine/ajax/getNewsTelop.php,20201023122312-5f924ca0c5ddf] STATUS: 0 API
2020-10-23T12:23:12+09:00 INFO (6): [localhost,Mac,Chrome,POST,/kamimine/ajax/getCourseList.php,20201023122312-5f924ca0c4592] STATUS: 0 API
2020-10-23T12:23:12+09:00 INFO (6): [localhost,Mac,Chrome,POST,/kamimine/ajax/getBusStopId8DigitList.php,20201023122312-5f924ca0c6b3f] STATUS: 0 API
2020-10-23T12:23:13+09:00 INFO (6): [localhost,Mac,Chrome,POST,/kamimine/ajax/getBusStopList.php,20201023122312-5f924ca0cb71b] STATUS: 0 API
2020-10-23T12:23:13+09:00 INFO (6): [localhost,Mac,Chrome,POST,/kamimine/ajax/getCoursePointList.php,20201023122312-5f924ca0caab7] STATUS: 0 API
2020-10-23T12:23:15+09:00 INFO (6): [localhost,Mac,Chrome,POST,/kamimine/ajax/getBusStopList.php,20201023122315-5f924ca3c35e1] STATUS: 0 API
2020-10-23T12:23:15+09:00 INFO (6): [localhost,Mac,Chrome,POST,/kamimine/ajax/getBusStopId8DigitList.php,20201023122315-5f924ca3c428a] STATUS: 0 API
2020-10-23T12:23:15+09:00 INFO (6): [localhost,Mac,Chrome,POST,/kamimine/ajax/getCoursePointList.php,20201023122315-5f924ca3c3d72] STATUS: 0 API
2020-10-23T12:23:39+09:00 INFO (6): [localhost,Mac,Chrome,POST,/kamimine/ajax/getVariables.php,20201023122339-5f924cbb6ae14] STATUS: 0 API
2020-10-23T12:23:39+09:00 INFO (6): [localhost,Mac,Chrome,POST,/kamimine/ajax/getCourseList.php,20201023122339-5f924cbba5c8b] STATUS: 0 API
2020-10-23T12:23:39+09:00 INFO (6): [localhost,Mac,Chrome,POST,/kamimine/ajax/getBusStopId8DigitList.php,20201023122339-5f924cbbabdc2] STATUS: 0 API
2020-10-23T12:23:39+09:00 INFO (6): [localhost,Mac,Chrome,POST,/kamimine/ajax/checkServiceTime.php,20201023122339-5f924cbbb61a6] STATUS: 0 API
2020-10-23T12:23:39+09:00 INFO (6): [localhost,Mac,Chrome,POST,/kamimine/ajax/getNewsTelop.php,20201023122339-5f924cbbac600] STATUS: 0 API
2020-10-23T12:23:40+09:00 INFO (6): [localhost,Mac,Chrome,POST,/kamimine/ajax/getBusStopList.php,20201023122339-5f924cbba9c47] STATUS: 0 API
2020-10-23T12:23:40+09:00 INFO (6): [localhost,Mac,Chrome,POST,/kamimine/ajax/getCoursePointList.php,20201023122339-5f924cbbb8377] STATUS: 0 API
2020-10-23T12:23:41+09:00 INFO (6): [localhost,Mac,Chrome,POST,/kamimine/ajax/getBusStopList.php,20201023122341-5f924cbda5f34] STATUS: 0 API
2020-10-23T12:23:41+09:00 INFO (6): [localhost,Mac,Chrome,POST,/kamimine/ajax/getBusStopId8DigitList.php,20201023122341-5f924cbda5ca1] STATUS: 0 API
2020-10-23T12:23:41+09:00 INFO (6): [localhost,Mac,Chrome,POST,/kamimine/ajax/getCoursePointList.php,20201023122341-5f924cbda6980] STATUS: 0 API
2020-10-23T12:24:15+09:00 INFO (6): [localhost,Mac,Chrome,POST,/kamimine/ajax/getVariables.php,20201023122415-5f924cdfbc115] STATUS: 0 API
2020-10-23T12:24:16+09:00 INFO (6): [localhost,Mac,Chrome,POST,/kamimine/ajax/getCourseList.php,20201023122415-5f924cdfeb187] STATUS: 0 API
2020-10-23T12:24:16+09:00 INFO (6): [localhost,Mac,Chrome,POST,/kamimine/ajax/checkServiceTime.php,20201023122415-5f924cdfed640] STATUS: 0 API
2020-10-23T12:24:16+09:00 INFO (6): [localhost,Mac,Chrome,POST,/kamimine/ajax/getBusStopId8DigitList.php,20201023122415-5f924cdfeb51f] STATUS: 0 API
2020-10-23T12:24:16+09:00 INFO (6): [localhost,Mac,Chrome,POST,/kamimine/ajax/getNewsTelop.php,20201023122415-5f924cdfedadd] STATUS: 0 API
2020-10-23T12:24:16+09:00 INFO (6): [localhost,Mac,Chrome,POST,/kamimine/ajax/getBusStopList.php,20201023122415-5f924cdff06e7] STATUS: 0 API
2020-10-23T12:24:16+09:00 INFO (6): [localhost,Mac,Chrome,POST,/kamimine/ajax/getCoursePointList.php,20201023122416-5f924ce0007ec] STATUS: 0 API
2020-10-23T12:24:18+09:00 INFO (6): [localhost,Mac,Chrome,POST,/kamimine/ajax/getBusStopId8DigitList.php,20201023122418-5f924ce2c8bdf] STATUS: 0 API
2020-10-23T12:24:18+09:00 INFO (6): [localhost,Mac,Chrome,POST,/kamimine/ajax/getBusStopList.php,20201023122418-5f924ce2c5cde] STATUS: 0 API
2020-10-23T12:24:18+09:00 INFO (6): [localhost,Mac,Chrome,POST,/kamimine/ajax/getCoursePointList.php,20201023122418-5f924ce2c5d62] STATUS: 0 API
2020-10-23T12:25:11+09:00 INFO (6): [localhost,Mac,Chrome,POST,/kamimine/ajax/getVariables.php,20201023122511-5f924d179da7e] STATUS: 0 API
2020-10-23T12:25:11+09:00 INFO (6): [localhost,Mac,Chrome,POST,/kamimine/ajax/getCourseList.php,20201023122511-5f924d17cd53b] STATUS: 0 API
2020-10-23T12:25:11+09:00 INFO (6): [localhost,Mac,Chrome,POST,/kamimine/ajax/checkServiceTime.php,20201023122511-5f924d17cfe29] STATUS: 0 API
2020-10-23T12:25:11+09:00 INFO (6): [localhost,Mac,Chrome,POST,/kamimine/ajax/getBusStopId8DigitList.php,20201023122511-5f924d17cd302] STATUS: 0 API
2020-10-23T12:25:12+09:00 INFO (6): [localhost,Mac,Chrome,POST,/kamimine/ajax/getNewsTelop.php,20201023122511-5f924d17d12f0] STATUS: 0 API
2020-10-23T12:25:12+09:00 INFO (6): [localhost,Mac,Chrome,POST,/kamimine/ajax/getCoursePointList.php,20201023122511-5f924d17d6608] STATUS: 0 API
2020-10-23T12:25:12+09:00 INFO (6): [localhost,Mac,Chrome,POST,/kamimine/ajax/getBusStopList.php,20201023122511-5f924d17d623e] STATUS: 0 API
2020-10-23T12:25:14+09:00 INFO (6): [localhost,Mac,Chrome,POST,/kamimine/ajax/getBusStopList.php,20201023122514-5f924d1a3ee16] STATUS: 0 API
2020-10-23T12:25:14+09:00 INFO (6): [localhost,Mac,Chrome,POST,/kamimine/ajax/getBusStopId8DigitList.php,20201023122514-5f924d1a44b33] STATUS: 0 API
2020-10-23T12:25:14+09:00 INFO (6): [localhost,Mac,Chrome,POST,/kamimine/ajax/getCoursePointList.php,20201023122514-5f924d1a43ca6] STATUS: 0 API
2020-10-23T12:26:10+09:00 INFO (6): [localhost,Mac,Chrome,POST,/kamimine/ajax/getVariables.php,20201023122610-5f924d526c30d] STATUS: 0 API
2020-10-23T12:26:10+09:00 INFO (6): [localhost,Mac,Chrome,POST,/kamimine/ajax/getCourseList.php,20201023122610-5f924d529b2ec] STATUS: 0 API
2020-10-23T12:26:10+09:00 INFO (6): [localhost,Mac,Chrome,POST,/kamimine/ajax/checkServiceTime.php,20201023122610-5f924d52a3547] STATUS: 0 API
2020-10-23T12:26:10+09:00 INFO (6): [localhost,Mac,Chrome,POST,/kamimine/ajax/getBusStopId8DigitList.php,20201023122610-5f924d52a1905] STATUS: 0 API
2020-10-23T12:26:10+09:00 INFO (6): [localhost,Mac,Chrome,POST,/kamimine/ajax/getNewsTelop.php,20201023122610-5f924d52a54a3] STATUS: 0 API
2020-10-23T12:26:10+09:00 INFO (6): [localhost,Mac,Chrome,POST,/kamimine/ajax/getBusStopList.php,20201023122610-5f924d52a5120] STATUS: 0 API
2020-10-23T12:26:10+09:00 INFO (6): [localhost,Mac,Chrome,POST,/kamimine/ajax/getCoursePointList.php,20201023122610-5f924d52aa5c7] STATUS: 0 API
2020-10-23T12:26:13+09:00 INFO (6): [localhost,Mac,Chrome,POST,/kamimine/ajax/getBusStopList.php,20201023122613-5f924d558ad13] STATUS: 0 API
2020-10-23T12:26:13+09:00 INFO (6): [localhost,Mac,Chrome,POST,/kamimine/ajax/getBusStopId8DigitList.php,20201023122613-5f924d558e711] STATUS: 0 API
2020-10-23T12:26:13+09:00 INFO (6): [localhost,Mac,Chrome,POST,/kamimine/ajax/getCoursePointList.php,20201023122613-5f924d558a4b7] STATUS: 0 API
2020-10-23T12:26:35+09:00 INFO (6): [localhost,Mac,Chrome,POST,/kamimine/ajax/getVariables.php,20201023122635-5f924d6bc4a24] STATUS: 0 API
2020-10-23T12:26:36+09:00 INFO (6): [localhost,Mac,Chrome,POST,/kamimine/ajax/getCourseList.php,20201023122636-5f924d6c00b54] STATUS: 0 API
2020-10-23T12:26:36+09:00 INFO (6): [localhost,Mac,Chrome,POST,/kamimine/ajax/getBusStopId8DigitList.php,20201023122636-5f924d6c0497c] STATUS: 0 API
2020-10-23T12:26:36+09:00 INFO (6): [localhost,Mac,Chrome,POST,/kamimine/ajax/checkServiceTime.php,20201023122636-5f924d6c08543] STATUS: 0 API
2020-10-23T12:26:36+09:00 INFO (6): [localhost,Mac,Chrome,POST,/kamimine/ajax/getNewsTelop.php,20201023122636-5f924d6c07885] STATUS: 0 API
2020-10-23T12:26:36+09:00 INFO (6): [localhost,Mac,Chrome,POST,/kamimine/ajax/getBusStopList.php,20201023122636-5f924d6c08ece] STATUS: 0 API
2020-10-23T12:26:36+09:00 INFO (6): [localhost,Mac,Chrome,POST,/kamimine/ajax/getCoursePointList.php,20201023122636-5f924d6c0bdc9] STATUS: 0 API
2020-10-23T12:26:38+09:00 INFO (6): [localhost,Mac,Chrome,POST,/kamimine/ajax/getBusStopId8DigitList.php,20201023122638-5f924d6ec1161] STATUS: 0 API
2020-10-23T12:26:38+09:00 INFO (6): [localhost,Mac,Chrome,POST,/kamimine/ajax/getBusStopList.php,20201023122638-5f924d6ebe120] STATUS: 0 API
2020-10-23T12:26:38+09:00 INFO (6): [localhost,Mac,Chrome,POST,/kamimine/ajax/getCoursePointList.php,20201023122638-5f924d6ebece1] STATUS: 0 API
2020-10-23T12:26:51+09:00 INFO (6): [localhost,Mac,Chrome,POST,/kamimine/ajax/getVariables.php,20201023122651-5f924d7b63861] STATUS: 0 API
2020-10-23T12:26:51+09:00 INFO (6): [localhost,Mac,Chrome,POST,/kamimine/ajax/getCourseList.php,20201023122651-5f924d7ba187d] STATUS: 0 API
2020-10-23T12:26:51+09:00 INFO (6): [localhost,Mac,Chrome,POST,/kamimine/ajax/checkServiceTime.php,20201023122651-5f924d7ba785e] STATUS: 0 API
2020-10-23T12:26:51+09:00 INFO (6): [localhost,Mac,Chrome,POST,/kamimine/ajax/getBusStopId8DigitList.php,20201023122651-5f924d7ba1806] STATUS: 0 API
2020-10-23T12:26:51+09:00 INFO (6): [localhost,Mac,Chrome,POST,/kamimine/ajax/getNewsTelop.php,20201023122651-5f924d7ba7866] STATUS: 0 API
2020-10-23T12:26:52+09:00 INFO (6): [localhost,Mac,Chrome,POST,/kamimine/ajax/getCoursePointList.php,20201023122651-5f924d7ba6cd7] STATUS: 0 API
2020-10-23T12:26:52+09:00 INFO (6): [localhost,Mac,Chrome,POST,/kamimine/ajax/getBusStopList.php,20201023122651-5f924d7baa84e] STATUS: 0 API
2020-10-23T12:26:54+09:00 INFO (6): [localhost,Mac,Chrome,POST,/kamimine/ajax/getBusStopList.php,20201023122654-5f924d7e227ca] STATUS: 0 API
2020-10-23T12:26:54+09:00 INFO (6): [localhost,Mac,Chrome,POST,/kamimine/ajax/getBusStopId8DigitList.php,20201023122654-5f924d7e2818e] STATUS: 0 API
2020-10-23T12:26:54+09:00 INFO (6): [localhost,Mac,Chrome,POST,/kamimine/ajax/getCoursePointList.php,20201023122654-5f924d7e243c8] STATUS: 0 API
2020-10-23T12:27:08+09:00 INFO (6): [localhost,Mac,Chrome,POST,/kamimine/ajax/getVariables.php,20201023122708-5f924d8c562a6] STATUS: 0 API
2020-10-23T12:27:08+09:00 INFO (6): [localhost,Mac,Chrome,POST,/kamimine/ajax/getCourseList.php,20201023122708-5f924d8c8747c] STATUS: 0 API
2020-10-23T12:27:08+09:00 INFO (6): [localhost,Mac,Chrome,POST,/kamimine/ajax/checkServiceTime.php,20201023122708-5f924d8c94fb3] STATUS: 0 API
2020-10-23T12:27:08+09:00 INFO (6): [localhost,Mac,Chrome,POST,/kamimine/ajax/getBusStopId8DigitList.php,20201023122708-5f924d8c915a9] STATUS: 0 API
2020-10-23T12:27:08+09:00 INFO (6): [localhost,Mac,Chrome,POST,/kamimine/ajax/getNewsTelop.php,20201023122708-5f924d8c9167e] STATUS: 0 API
2020-10-23T12:27:08+09:00 INFO (6): [localhost,Mac,Chrome,POST,/kamimine/ajax/getCoursePointList.php,20201023122708-5f924d8c9665b] STATUS: 0 API
2020-10-23T12:27:08+09:00 INFO (6): [localhost,Mac,Chrome,POST,/kamimine/ajax/getBusStopList.php,20201023122708-5f924d8c9500d] STATUS: 0 API
2020-10-23T12:27:11+09:00 INFO (6): [localhost,Mac,Chrome,POST,/kamimine/ajax/getBusStopList.php,20201023122710-5f924d8ee2fa1] STATUS: 0 API
2020-10-23T12:27:11+09:00 INFO (6): [localhost,Mac,Chrome,POST,/kamimine/ajax/getBusStopId8DigitList.php,20201023122710-5f924d8ee5422] STATUS: 0 API
2020-10-23T12:27:11+09:00 INFO (6): [localhost,Mac,Chrome,POST,/kamimine/ajax/getCoursePointList.php,20201023122710-5f924d8ee524c] STATUS: 0 API
2020-10-23T12:27:38+09:00 INFO (6): [localhost,Mac,Chrome,POST,/kamimine/ajax/getVariables.php,20201023122738-5f924daab9a21] STATUS: 0 API
2020-10-23T12:27:39+09:00 INFO (6): [localhost,Mac,Chrome,POST,/kamimine/ajax/getCourseList.php,20201023122739-5f924dab08054] STATUS: 0 API
2020-10-23T12:27:39+09:00 INFO (6): [localhost,Mac,Chrome,POST,/kamimine/ajax/checkServiceTime.php,20201023122739-5f924dab07f5d] STATUS: 0 API
2020-10-23T12:27:39+09:00 INFO (6): [localhost,Mac,Chrome,POST,/kamimine/ajax/getBusStopId8DigitList.php,20201023122739-5f924dab06246] STATUS: 0 API
2020-10-23T12:27:39+09:00 INFO (6): [localhost,Mac,Chrome,POST,/kamimine/ajax/getNewsTelop.php,20201023122739-5f924dab0a39d] STATUS: 0 API
2020-10-23T12:27:39+09:00 INFO (6): [localhost,Mac,Chrome,POST,/kamimine/ajax/getBusStopList.php,20201023122739-5f924dab0d8ff] STATUS: 0 API
2020-10-23T12:27:39+09:00 INFO (6): [localhost,Mac,Chrome,POST,/kamimine/ajax/getCoursePointList.php,20201023122739-5f924dab0bf63] STATUS: 0 API
2020-10-23T12:27:41+09:00 INFO (6): [localhost,Mac,Chrome,POST,/kamimine/ajax/getBusStopList.php,20201023122740-5f924dacdcfcc] STATUS: 0 API
2020-10-23T12:27:41+09:00 INFO (6): [localhost,Mac,Chrome,POST,/kamimine/ajax/getBusStopId8DigitList.php,20201023122740-5f924dace2b6a] STATUS: 0 API
2020-10-23T12:27:41+09:00 INFO (6): [localhost,Mac,Chrome,POST,/kamimine/ajax/getCoursePointList.php,20201023122740-5f924dacdfb32] STATUS: 0 API
2020-10-23T12:38:04+09:00 INFO (6): [localhost,Mac,Chrome,POST,/kamimine/ajax/getVariables.php,20201023123804-5f92501c29d59] STATUS: 0 API
2020-10-23T12:38:04+09:00 INFO (6): [localhost,Mac,Chrome,POST,/kamimine/ajax/getCourseList.php,20201023123804-5f92501c65128] STATUS: 0 API
2020-10-23T12:38:04+09:00 INFO (6): [localhost,Mac,Chrome,POST,/kamimine/ajax/getNewsTelop.php,20201023123804-5f92501c6636e] STATUS: 0 API
2020-10-23T12:38:04+09:00 INFO (6): [localhost,Mac,Chrome,POST,/kamimine/ajax/getBusStopId8DigitList.php,20201023123804-5f92501c65d52] STATUS: 0 API
2020-10-23T12:38:04+09:00 INFO (6): [localhost,Mac,Chrome,POST,/kamimine/ajax/checkServiceTime.php,20201023123804-5f92501c6a359] STATUS: 0 API
2020-10-23T12:38:04+09:00 INFO (6): [localhost,Mac,Chrome,POST,/kamimine/ajax/getBusStopList.php,20201023123804-5f92501c6a3da] STATUS: 0 API
2020-10-23T12:38:04+09:00 INFO (6): [localhost,Mac,Chrome,POST,/kamimine/ajax/getCoursePointList.php,20201023123804-5f92501c695ca] STATUS: 0 API
2020-10-23T12:38:06+09:00 INFO (6): [localhost,Mac,Chrome,POST,/kamimine/ajax/getBusStopId8DigitList.php,20201023123806-5f92501ecb1e2] STATUS: 0 API
2020-10-23T12:38:06+09:00 INFO (6): [localhost,Mac,Chrome,POST,/kamimine/ajax/getBusStopList.php,20201023123806-5f92501ec8638] STATUS: 0 API
2020-10-23T12:38:07+09:00 INFO (6): [localhost,Mac,Chrome,POST,/kamimine/ajax/getCoursePointList.php,20201023123806-5f92501eca497] STATUS: 0 API
2020-10-23T12:45:47+09:00 INFO (6): [localhost,Mac,Chrome,POST,/kamimine/ajax/getVariables.php,20201023124547-5f9251eb0ea61] STATUS: 0 API
2020-10-23T12:45:47+09:00 INFO (6): [localhost,Mac,Chrome,POST,/kamimine/ajax/getCourseList.php,20201023124547-5f9251eb3e0eb] STATUS: 0 API
2020-10-23T12:45:47+09:00 INFO (6): [localhost,Mac,Chrome,POST,/kamimine/ajax/checkServiceTime.php,20201023124547-5f9251eb40c8e] STATUS: 0 API
2020-10-23T12:45:47+09:00 INFO (6): [localhost,Mac,Chrome,POST,/kamimine/ajax/getBusStopId8DigitList.php,20201023124547-5f9251eb3ccd6] STATUS: 0 API
2020-10-23T12:45:47+09:00 INFO (6): [localhost,Mac,Chrome,POST,/kamimine/ajax/getNewsTelop.php,20201023124547-5f9251eb3eec2] STATUS: 0 API
2020-10-23T12:45:47+09:00 INFO (6): [localhost,Mac,Chrome,POST,/kamimine/ajax/getCoursePointList.php,20201023124547-5f9251eb429ba] STATUS: 0 API
2020-10-23T12:45:47+09:00 INFO (6): [localhost,Mac,Chrome,POST,/kamimine/ajax/getBusStopList.php,20201023124547-5f9251eb40665] STATUS: 0 API
2020-10-23T12:45:50+09:00 INFO (6): [localhost,Mac,Chrome,POST,/kamimine/ajax/getBusStopId8DigitList.php,20201023124550-5f9251ee52c44] STATUS: 0 API
2020-10-23T12:45:50+09:00 INFO (6): [localhost,Mac,Chrome,POST,/kamimine/ajax/getBusStopList.php,20201023124550-5f9251ee4f7fc] STATUS: 0 API
2020-10-23T12:45:50+09:00 INFO (6): [localhost,Mac,Chrome,POST,/kamimine/ajax/getCoursePointList.php,20201023124550-5f9251ee4ff23] STATUS: 0 API
2020-10-23T12:51:35+09:00 INFO (6): [localhost,Mac,Chrome,POST,/kamimine/ajax/getVariables.php,20201023125135-5f92534752314] STATUS: 0 API
2020-10-23T12:51:35+09:00 INFO (6): [localhost,Mac,Chrome,POST,/kamimine/ajax/getCourseList.php,20201023125135-5f925347863f0] STATUS: 0 API
2020-10-23T12:51:35+09:00 INFO (6): [localhost,Mac,Chrome,POST,/kamimine/ajax/checkServiceTime.php,20201023125135-5f9253478d11b] STATUS: 0 API
2020-10-23T12:51:35+09:00 INFO (6): [localhost,Mac,Chrome,POST,/kamimine/ajax/getNewsTelop.php,20201023125135-5f92534788286] STATUS: 0 API
2020-10-23T12:51:35+09:00 INFO (6): [localhost,Mac,Chrome,POST,/kamimine/ajax/getBusStopId8DigitList.php,20201023125135-5f9253478e31b] STATUS: 0 API
2020-10-23T12:51:35+09:00 INFO (6): [localhost,Mac,Chrome,POST,/kamimine/ajax/getBusStopList.php,20201023125135-5f9253478d78c] STATUS: 0 API
2020-10-23T12:51:35+09:00 INFO (6): [localhost,Mac,Chrome,POST,/kamimine/ajax/getCoursePointList.php,20201023125135-5f9253478ff73] STATUS: 0 API
2020-10-23T12:51:39+09:00 INFO (6): [localhost,Mac,Chrome,POST,/kamimine/ajax/getBusStopList.php,20201023125139-5f92534b82454] STATUS: 0 API
2020-10-23T12:51:39+09:00 INFO (6): [localhost,Mac,Chrome,POST,/kamimine/ajax/getBusStopId8DigitList.php,20201023125139-5f92534b86259] STATUS: 0 API
2020-10-23T12:51:39+09:00 INFO (6): [localhost,Mac,Chrome,POST,/kamimine/ajax/getCoursePointList.php,20201023125139-5f92534b83c18] STATUS: 0 API
2020-10-23T12:51:59+09:00 INFO (6): [localhost,Mac,Chrome,POST,/kamimine/ajax/getBusStopList.php,20201023125159-5f92535f9f2e3] STATUS: 0 API
2020-10-23T12:51:59+09:00 INFO (6): [localhost,Mac,Chrome,POST,/kamimine/ajax/getBusStopId8DigitList.php,20201023125159-5f92535fa202e] STATUS: 0 API
2020-10-23T12:51:59+09:00 INFO (6): [localhost,Mac,Chrome,POST,/kamimine/ajax/getCoursePointList.php,20201023125159-5f92535fa2027] STATUS: 0 API
2020-10-23T12:52:28+09:00 INFO (6): [localhost,Mac,Chrome,POST,/kamimine/ajax/getVariables.php,20201023125228-5f92537c7192d] STATUS: 0 API
2020-10-23T12:52:28+09:00 INFO (6): [localhost,Mac,Chrome,POST,/kamimine/ajax/checkServiceTime.php,20201023125228-5f92537cb87d9] STATUS: 0 API
2020-10-23T12:52:28+09:00 INFO (6): [localhost,Mac,Chrome,POST,/kamimine/ajax/getCourseList.php,20201023125228-5f92537cbde2b] STATUS: 0 API
2020-10-23T12:52:28+09:00 INFO (6): [localhost,Mac,Chrome,POST,/kamimine/ajax/getBusStopId8DigitList.php,20201023125228-5f92537cb5e85] STATUS: 0 API
2020-10-23T12:52:28+09:00 INFO (6): [localhost,Mac,Chrome,POST,/kamimine/ajax/getNewsTelop.php,20201023125228-5f92537cb91ad] STATUS: 0 API
2020-10-23T12:52:29+09:00 INFO (6): [localhost,Mac,Chrome,POST,/kamimine/ajax/getBusStopList.php,20201023125228-5f92537cbb226] STATUS: 0 API
2020-10-23T12:52:29+09:00 INFO (6): [localhost,Mac,Chrome,POST,/kamimine/ajax/getCoursePointList.php,20201023125228-5f92537cbd8d9] STATUS: 0 API
2020-10-23T12:52:31+09:00 INFO (6): [localhost,Mac,Chrome,POST,/kamimine/ajax/getBusStopList.php,20201023125231-5f92537f33dde] STATUS: 0 API
2020-10-23T12:52:31+09:00 INFO (6): [localhost,Mac,Chrome,POST,/kamimine/ajax/getBusStopId8DigitList.php,20201023125231-5f92537f373b0] STATUS: 0 API
2020-10-23T12:52:31+09:00 INFO (6): [localhost,Mac,Chrome,POST,/kamimine/ajax/getCoursePointList.php,20201023125231-5f92537f3477d] STATUS: 0 API
2020-10-23T12:53:36+09:00 INFO (6): [localhost,Mac,Chrome,POST,/kamimine/ajax/getVariables.php,20201023125336-5f9253c046a07] STATUS: 0 API
2020-10-23T12:53:36+09:00 INFO (6): [localhost,Mac,Chrome,POST,/kamimine/ajax/getCourseList.php,20201023125336-5f9253c0780b2] STATUS: 0 API
2020-10-23T12:53:36+09:00 INFO (6): [localhost,Mac,Chrome,POST,/kamimine/ajax/getBusStopId8DigitList.php,20201023125336-5f9253c079d09] STATUS: 0 API
2020-10-23T12:53:36+09:00 INFO (6): [localhost,Mac,Chrome,POST,/kamimine/ajax/checkServiceTime.php,20201023125336-5f9253c07d272] STATUS: 0 API
2020-10-23T12:53:36+09:00 INFO (6): [localhost,Mac,Chrome,POST,/kamimine/ajax/getNewsTelop.php,20201023125336-5f9253c0819c4] STATUS: 0 API
2020-10-23T12:53:36+09:00 INFO (6): [localhost,Mac,Chrome,POST,/kamimine/ajax/getBusStopList.php,20201023125336-5f9253c08027c] STATUS: 0 API
2020-10-23T12:53:36+09:00 INFO (6): [localhost,Mac,Chrome,POST,/kamimine/ajax/getCoursePointList.php,20201023125336-5f9253c082c82] STATUS: 0 API
2020-10-23T12:53:39+09:00 INFO (6): [localhost,Mac,Chrome,POST,/kamimine/ajax/getBusStopList.php,20201023125339-5f9253c30721b] STATUS: 0 API
2020-10-23T12:53:39+09:00 INFO (6): [localhost,Mac,Chrome,POST,/kamimine/ajax/getBusStopId8DigitList.php,20201023125339-5f9253c30863e] STATUS: 0 API
2020-10-23T12:53:39+09:00 INFO (6): [localhost,Mac,Chrome,POST,/kamimine/ajax/getCoursePointList.php,20201023125339-5f9253c3077b1] STATUS: 0 API
2020-10-23T13:03:18+09:00 INFO (6): [localhost,Mac,Chrome,POST,/kamimine/ajax/getVariables.php,20201023130318-5f92560624180] STATUS: 0 API
2020-10-23T13:03:18+09:00 INFO (6): [localhost,Mac,Chrome,POST,/kamimine/ajax/checkServiceTime.php,20201023130318-5f92560656918] STATUS: 0 API
2020-10-23T13:03:18+09:00 INFO (6): [localhost,Mac,Chrome,POST,/kamimine/ajax/getCourseList.php,20201023130318-5f92560654e69] STATUS: 0 API
2020-10-23T13:03:18+09:00 INFO (6): [localhost,Mac,Chrome,POST,/kamimine/ajax/getBusStopId8DigitList.php,20201023130318-5f92560655ee9] STATUS: 0 API
2020-10-23T13:03:18+09:00 INFO (6): [localhost,Mac,Chrome,POST,/kamimine/ajax/getNewsTelop.php,20201023130318-5f92560655370] STATUS: 0 API
2020-10-23T13:03:18+09:00 INFO (6): [localhost,Mac,Chrome,POST,/kamimine/ajax/getBusStopList.php,20201023130318-5f925606582b5] STATUS: 0 API
2020-10-23T13:03:18+09:00 INFO (6): [localhost,Mac,Chrome,POST,/kamimine/ajax/getCoursePointList.php,20201023130318-5f92560658924] STATUS: 0 API
2020-10-23T13:03:20+09:00 INFO (6): [localhost,Mac,Chrome,POST,/kamimine/ajax/getBusStopId8DigitList.php,20201023130320-5f925608bfdc9] STATUS: 0 API
2020-10-23T13:03:20+09:00 INFO (6): [localhost,Mac,Chrome,POST,/kamimine/ajax/getBusStopList.php,20201023130320-5f925608bf85f] STATUS: 0 API
2020-10-23T13:03:20+09:00 INFO (6): [localhost,Mac,Chrome,POST,/kamimine/ajax/getCoursePointList.php,20201023130320-5f925608bbffb] STATUS: 0 API
2020-10-23T13:04:40+09:00 INFO (6): [localhost,Mac,Chrome,POST,/kamimine/ajax/getVariables.php,20201023130440-5f9256583c72e] STATUS: 0 API
2020-10-23T13:04:40+09:00 INFO (6): [localhost,Mac,Chrome,POST,/kamimine/ajax/getCourseList.php,20201023130440-5f92565869ea7] STATUS: 0 API
2020-10-23T13:04:40+09:00 INFO (6): [localhost,Mac,Chrome,POST,/kamimine/ajax/getNewsTelop.php,20201023130440-5f9256586f1b3] STATUS: 0 API
2020-10-23T13:04:40+09:00 INFO (6): [localhost,Mac,Chrome,POST,/kamimine/ajax/getBusStopId8DigitList.php,20201023130440-5f925658701ec] STATUS: 0 API
2020-10-23T13:04:40+09:00 INFO (6): [localhost,Mac,Chrome,POST,/kamimine/ajax/checkServiceTime.php,20201023130440-5f925658744cf] STATUS: 0 API
2020-10-23T13:04:40+09:00 INFO (6): [localhost,Mac,Chrome,POST,/kamimine/ajax/getCoursePointList.php,20201023130440-5f92565876d0d] STATUS: 0 API
2020-10-23T13:04:40+09:00 INFO (6): [localhost,Mac,Chrome,POST,/kamimine/ajax/getBusStopList.php,20201023130440-5f92565874dc7] STATUS: 0 API
2020-10-23T13:07:29+09:00 INFO (6): [localhost,Mac,Chrome,POST,/kamimine/ajax/getVariables.php,20201023130729-5f92570166beb] STATUS: 0 API
2020-10-23T13:07:29+09:00 INFO (6): [localhost,Mac,Chrome,POST,/kamimine/ajax/getCourseList.php,20201023130729-5f92570193d57] STATUS: 0 API
2020-10-23T13:07:29+09:00 INFO (6): [localhost,Mac,Chrome,POST,/kamimine/ajax/checkServiceTime.php,20201023130729-5f92570199576] STATUS: 0 API
2020-10-23T13:07:29+09:00 INFO (6): [localhost,Mac,Chrome,POST,/kamimine/ajax/getBusStopId8DigitList.php,20201023130729-5f92570197647] STATUS: 0 API
2020-10-23T13:07:29+09:00 INFO (6): [localhost,Mac,Chrome,POST,/kamimine/ajax/getNewsTelop.php,20201023130729-5f92570198a68] STATUS: 0 API
2020-10-23T13:07:29+09:00 INFO (6): [localhost,Mac,Chrome,POST,/kamimine/ajax/getBusStopList.php,20201023130729-5f9257019bf42] STATUS: 0 API
2020-10-23T13:07:29+09:00 INFO (6): [localhost,Mac,Chrome,POST,/kamimine/ajax/getCoursePointList.php,20201023130729-5f925701a01a8] STATUS: 0 API
2020-10-23T13:07:31+09:00 INFO (6): [localhost,Mac,Chrome,POST,/kamimine/ajax/getBusStopList.php,20201023130731-5f92570383533] STATUS: 0 API
2020-10-23T13:07:31+09:00 INFO (6): [localhost,Mac,Chrome,POST,/kamimine/ajax/getBusStopId8DigitList.php,20201023130731-5f925703867c6] STATUS: 0 API
2020-10-23T13:07:31+09:00 INFO (6): [localhost,Mac,Chrome,POST,/kamimine/ajax/getCoursePointList.php,20201023130731-5f925703849d3] STATUS: 0 API
2020-10-23T13:07:57+09:00 INFO (6): [localhost,Mac,Chrome,POST,/kamimine/ajax/getVariables.php,20201023130757-5f92571d06f67] STATUS: 0 API
2020-10-23T13:07:57+09:00 INFO (6): [localhost,Mac,Chrome,POST,/kamimine/ajax/getCourseList.php,20201023130757-5f92571d3f503] STATUS: 0 API
2020-10-23T13:07:57+09:00 INFO (6): [localhost,Mac,Chrome,POST,/kamimine/ajax/getNewsTelop.php,20201023130757-5f92571d42081] STATUS: 0 API
2020-10-23T13:07:57+09:00 INFO (6): [localhost,Mac,Chrome,POST,/kamimine/ajax/checkServiceTime.php,20201023130757-5f92571d47e39] STATUS: 0 API
2020-10-23T13:07:57+09:00 INFO (6): [localhost,Mac,Chrome,POST,/kamimine/ajax/getBusStopId8DigitList.php,20201023130757-5f92571d43725] STATUS: 0 API
2020-10-23T13:07:57+09:00 INFO (6): [localhost,Mac,Chrome,POST,/kamimine/ajax/getBusStopList.php,20201023130757-5f92571d47c21] STATUS: 0 API
2020-10-23T13:07:57+09:00 INFO (6): [localhost,Mac,Chrome,POST,/kamimine/ajax/getCoursePointList.php,20201023130757-5f92571d499e6] STATUS: 0 API
2020-10-23T13:07:58+09:00 INFO (6): [localhost,Mac,Chrome,POST,/kamimine/ajax/getBusStopList.php,20201023130758-5f92571ed4e96] STATUS: 0 API
2020-10-23T13:07:59+09:00 INFO (6): [localhost,Mac,Chrome,POST,/kamimine/ajax/getBusStopId8DigitList.php,20201023130758-5f92571ed9cd4] STATUS: 0 API
2020-10-23T13:07:59+09:00 INFO (6): [localhost,Mac,Chrome,POST,/kamimine/ajax/getCoursePointList.php,20201023130758-5f92571ed84ca] STATUS: 0 API
2020-10-23T13:08:42+09:00 INFO (6): [localhost,Mac,Chrome,POST,/kamimine/ajax/getVariables.php,20201023130842-5f92574ab00eb] STATUS: 0 API
2020-10-23T13:08:43+09:00 INFO (6): [localhost,Mac,Chrome,POST,/kamimine/ajax/checkServiceTime.php,20201023130842-5f92574aec7c2] STATUS: 0 API
2020-10-23T13:08:43+09:00 INFO (6): [localhost,Mac,Chrome,POST,/kamimine/ajax/getCourseList.php,20201023130842-5f92574ae85d3] STATUS: 0 API
2020-10-23T13:08:43+09:00 INFO (6): [localhost,Mac,Chrome,POST,/kamimine/ajax/getBusStopId8DigitList.php,20201023130842-5f92574ae88a0] STATUS: 0 API
2020-10-23T13:08:43+09:00 INFO (6): [localhost,Mac,Chrome,POST,/kamimine/ajax/getNewsTelop.php,20201023130842-5f92574aeaabb] STATUS: 0 API
2020-10-23T13:08:43+09:00 INFO (6): [localhost,Mac,Chrome,POST,/kamimine/ajax/getCoursePointList.php,20201023130842-5f92574af00de] STATUS: 0 API
2020-10-23T13:08:43+09:00 INFO (6): [localhost,Mac,Chrome,POST,/kamimine/ajax/getBusStopList.php,20201023130842-5f92574aef690] STATUS: 0 API
2020-10-23T13:08:47+09:00 INFO (6): [localhost,Mac,Chrome,POST,/kamimine/ajax/getBusStopList.php,20201023130847-5f92574f0b497] STATUS: 0 API
2020-10-23T13:08:47+09:00 INFO (6): [localhost,Mac,Chrome,POST,/kamimine/ajax/getBusStopId8DigitList.php,20201023130847-5f92574f0e650] STATUS: 0 API
2020-10-23T13:08:47+09:00 INFO (6): [localhost,Mac,Chrome,POST,/kamimine/ajax/getCoursePointList.php,20201023130847-5f92574f0b9b4] STATUS: 0 API
2020-10-23T13:09:54+09:00 INFO (6): [localhost,Mac,Chrome,POST,/kamimine/ajax/getVariables.php,20201023130954-5f9257926a9df] STATUS: 0 API
2020-10-23T13:09:54+09:00 INFO (6): [localhost,Mac,Chrome,POST,/kamimine/ajax/getCourseList.php,20201023130954-5f925792a673b] STATUS: 0 API
2020-10-23T13:09:54+09:00 INFO (6): [localhost,Mac,Chrome,POST,/kamimine/ajax/checkServiceTime.php,20201023130954-5f925792ae429] STATUS: 0 API
2020-10-23T13:09:54+09:00 INFO (6): [localhost,Mac,Chrome,POST,/kamimine/ajax/getNewsTelop.php,20201023130954-5f925792aa91b] STATUS: 0 API
2020-10-23T13:09:54+09:00 INFO (6): [localhost,Mac,Chrome,POST,/kamimine/ajax/getBusStopId8DigitList.php,20201023130954-5f925792a9925] STATUS: 0 API
2020-10-23T13:09:55+09:00 INFO (6): [localhost,Mac,Chrome,POST,/kamimine/ajax/getCoursePointList.php,20201023130954-5f925792aaf8d] STATUS: 0 API
2020-10-23T13:09:55+09:00 INFO (6): [localhost,Mac,Chrome,POST,/kamimine/ajax/getBusStopList.php,20201023130954-5f925792b00e2] STATUS: 0 API
2020-10-23T13:09:56+09:00 INFO (6): [localhost,Mac,Chrome,POST,/kamimine/ajax/getBusStopId8DigitList.php,20201023130956-5f925794588f4] STATUS: 0 API
2020-10-23T13:09:56+09:00 INFO (6): [localhost,Mac,Chrome,POST,/kamimine/ajax/getBusStopList.php,20201023130956-5f92579457e4a] STATUS: 0 API
2020-10-23T13:09:56+09:00 INFO (6): [localhost,Mac,Chrome,POST,/kamimine/ajax/getCoursePointList.php,20201023130956-5f92579457d41] STATUS: 0 API
2020-10-23T13:10:15+09:00 INFO (6): [localhost,Mac,Chrome,POST,/kamimine/ajax/getVariables.php,20201023131015-5f9257a706e51] STATUS: 0 API
2020-10-23T13:10:15+09:00 INFO (6): [localhost,Mac,Chrome,POST,/kamimine/ajax/getCourseList.php,20201023131015-5f9257a7421ef] STATUS: 0 API
2020-10-23T13:10:15+09:00 INFO (6): [localhost,Mac,Chrome,POST,/kamimine/ajax/getBusStopId8DigitList.php,20201023131015-5f9257a740f8a] STATUS: 0 API
2020-10-23T13:10:15+09:00 INFO (6): [localhost,Mac,Chrome,POST,/kamimine/ajax/checkServiceTime.php,20201023131015-5f9257a746235] STATUS: 0 API
2020-10-23T13:10:15+09:00 INFO (6): [localhost,Mac,Chrome,POST,/kamimine/ajax/getNewsTelop.php,20201023131015-5f9257a7435bf] STATUS: 0 API
2020-10-23T13:10:15+09:00 INFO (6): [localhost,Mac,Chrome,POST,/kamimine/ajax/getBusStopList.php,20201023131015-5f9257a746a1d] STATUS: 0 API
2020-10-23T13:10:15+09:00 INFO (6): [localhost,Mac,Chrome,POST,/kamimine/ajax/getCoursePointList.php,20201023131015-5f9257a747d45] STATUS: 0 API
2020-10-23T13:10:17+09:00 INFO (6): [localhost,Mac,Chrome,POST,/kamimine/ajax/getBusStopList.php,20201023131017-5f9257a961ce0] STATUS: 0 API
2020-10-23T13:10:17+09:00 INFO (6): [localhost,Mac,Chrome,POST,/kamimine/ajax/getBusStopId8DigitList.php,20201023131017-5f9257a964497] STATUS: 0 API
2020-10-23T13:10:17+09:00 INFO (6): [localhost,Mac,Chrome,POST,/kamimine/ajax/getCoursePointList.php,20201023131017-5f9257a95f87e] STATUS: 0 API
2020-10-23T13:12:39+09:00 INFO (6): [localhost,Mac,Chrome,POST,/kamimine/ajax/getVariables.php,20201023131239-5f9258370ab7c] STATUS: 0 API
2020-10-23T13:12:39+09:00 INFO (6): [localhost,Mac,Chrome,POST,/kamimine/ajax/getCourseList.php,20201023131239-5f92583749ff9] STATUS: 0 API
2020-10-23T13:12:39+09:00 INFO (6): [localhost,Mac,Chrome,POST,/kamimine/ajax/checkServiceTime.php,20201023131239-5f9258374ddaa] STATUS: 0 API
2020-10-23T13:12:39+09:00 INFO (6): [localhost,Mac,Chrome,POST,/kamimine/ajax/getNewsTelop.php,20201023131239-5f9258374c5e6] STATUS: 0 API
2020-10-23T13:12:39+09:00 INFO (6): [localhost,Mac,Chrome,POST,/kamimine/ajax/getBusStopId8DigitList.php,20201023131239-5f92583749211] STATUS: 0 API
2020-10-23T13:12:39+09:00 INFO (6): [localhost,Mac,Chrome,POST,/kamimine/ajax/getBusStopList.php,20201023131239-5f9258374f770] STATUS: 0 API
2020-10-23T13:12:39+09:00 INFO (6): [localhost,Mac,Chrome,POST,/kamimine/ajax/getCoursePointList.php,20201023131239-5f92583753641] STATUS: 0 API
2020-10-23T13:12:41+09:00 INFO (6): [localhost,Mac,Chrome,POST,/kamimine/ajax/getBusStopId8DigitList.php,20201023131241-5f925839c8b89] STATUS: 0 API
2020-10-23T13:12:41+09:00 INFO (6): [localhost,Mac,Chrome,POST,/kamimine/ajax/getBusStopList.php,20201023131241-5f925839c95d4] STATUS: 0 API
2020-10-23T13:12:41+09:00 INFO (6): [localhost,Mac,Chrome,POST,/kamimine/ajax/getCoursePointList.php,20201023131241-5f925839cb383] STATUS: 0 API
2020-10-23T13:13:05+09:00 INFO (6): [localhost,Mac,Chrome,POST,/kamimine/ajax/getVariables.php,20201023131305-5f925851dc24f] STATUS: 0 API
2020-10-23T13:13:06+09:00 INFO (6): [localhost,Mac,Chrome,POST,/kamimine/ajax/getCourseList.php,20201023131306-5f925852270e9] STATUS: 0 API
2020-10-23T13:13:06+09:00 INFO (6): [localhost,Mac,Chrome,POST,/kamimine/ajax/checkServiceTime.php,20201023131306-5f9258522815e] STATUS: 0 API
2020-10-23T13:13:06+09:00 INFO (6): [localhost,Mac,Chrome,POST,/kamimine/ajax/getBusStopId8DigitList.php,20201023131306-5f9258522811d] STATUS: 0 API
2020-10-23T13:13:06+09:00 INFO (6): [localhost,Mac,Chrome,POST,/kamimine/ajax/getNewsTelop.php,20201023131306-5f92585225ddd] STATUS: 0 API
2020-10-23T13:13:06+09:00 INFO (6): [localhost,Mac,Chrome,POST,/kamimine/ajax/getBusStopList.php,20201023131306-5f92585234b42] STATUS: 0 API
2020-10-23T13:13:06+09:00 INFO (6): [localhost,Mac,Chrome,POST,/kamimine/ajax/getCoursePointList.php,20201023131306-5f925852399f6] STATUS: 0 API
2020-10-23T13:13:08+09:00 INFO (6): [localhost,Mac,Chrome,POST,/kamimine/ajax/getBusStopList.php,20201023131308-5f925854abdac] STATUS: 0 API
2020-10-23T13:13:08+09:00 INFO (6): [localhost,Mac,Chrome,POST,/kamimine/ajax/getBusStopId8DigitList.php,20201023131308-5f925854ae5a7] STATUS: 0 API
2020-10-23T13:13:08+09:00 INFO (6): [localhost,Mac,Chrome,POST,/kamimine/ajax/getCoursePointList.php,20201023131308-5f925854adefc] STATUS: 0 API
2020-10-23T14:22:49+09:00 INFO (6): [localhost,Mac,Chrome,POST,/kamimine/ajax/getVariables.php,20201023142249-5f9268a9dd976] STATUS: 0 API
2020-10-23T14:22:50+09:00 INFO (6): [localhost,Mac,Chrome,POST,/kamimine/ajax/getCourseList.php,20201023142250-5f9268aa178a2] STATUS: 0 API
2020-10-23T14:22:50+09:00 INFO (6): [localhost,Mac,Chrome,POST,/kamimine/ajax/getNewsTelop.php,20201023142250-5f9268aa19734] STATUS: 0 API
2020-10-23T14:22:50+09:00 INFO (6): [localhost,Mac,Chrome,POST,/kamimine/ajax/checkServiceTime.php,20201023142250-5f9268aa1aa8d] STATUS: 0 API
2020-10-23T14:22:50+09:00 INFO (6): [localhost,Mac,Chrome,POST,/kamimine/ajax/getBusStopId8DigitList.php,20201023142250-5f9268aa19171] STATUS: 0 API
2020-10-23T14:22:50+09:00 INFO (6): [localhost,Mac,Chrome,POST,/kamimine/ajax/getBusStopList.php,20201023142250-5f9268aa20457] STATUS: 0 API
2020-10-23T14:22:50+09:00 INFO (6): [localhost,Mac,Chrome,POST,/kamimine/ajax/getCoursePointList.php,20201023142250-5f9268aa244f1] STATUS: 0 API
2020-10-23T14:22:52+09:00 INFO (6): [localhost,Mac,Chrome,POST,/kamimine/ajax/getBusStopId8DigitList.php,20201023142252-5f9268aca91c1] STATUS: 0 API
2020-10-23T14:22:52+09:00 INFO (6): [localhost,Mac,Chrome,POST,/kamimine/ajax/getBusStopList.php,20201023142252-5f9268aca8631] STATUS: 0 API
2020-10-23T14:22:52+09:00 INFO (6): [localhost,Mac,Chrome,POST,/kamimine/ajax/getCoursePointList.php,20201023142252-5f9268aca9051] STATUS: 0 API
2020-10-23T16:44:04+09:00 INFO (6): [localhost,Mac,Chrome,POST,/kamimine/ajax/getVariables.php,20201023164404-5f9289c49317e] STATUS: 0 API
2020-10-23T16:44:05+09:00 INFO (6): [localhost,Mac,Chrome,POST,/kamimine/ajax/getCourseList.php,20201023164404-5f9289c4dd732] STATUS: 0 API
2020-10-23T16:44:05+09:00 INFO (6): [localhost,Mac,Chrome,POST,/kamimine/ajax/checkServiceTime.php,20201023164404-5f9289c4e2973] STATUS: 0 API
2020-10-23T16:44:05+09:00 INFO (6): [localhost,Mac,Chrome,POST,/kamimine/ajax/getBusStopId8DigitList.php,20201023164404-5f9289c4dee56] STATUS: 0 API
2020-10-23T16:44:05+09:00 INFO (6): [localhost,Mac,Chrome,POST,/kamimine/ajax/getNewsTelop.php,20201023164404-5f9289c4dfe02] STATUS: 0 API
2020-10-23T16:44:05+09:00 INFO (6): [localhost,Mac,Chrome,POST,/kamimine/ajax/getBusStopList.php,20201023164404-5f9289c4e49f4] STATUS: 0 API
2020-10-23T16:44:05+09:00 INFO (6): [localhost,Mac,Chrome,POST,/kamimine/ajax/getCoursePointList.php,20201023164404-5f9289c4dfdda] STATUS: 0 API
2020-10-23T16:44:08+09:00 INFO (6): [localhost,Mac,Chrome,POST,/kamimine/ajax/getBusStopId8DigitList.php,20201023164408-5f9289c82ab45] STATUS: 0 API
2020-10-23T16:44:08+09:00 INFO (6): [localhost,Mac,Chrome,POST,/kamimine/ajax/getBusStopList.php,20201023164408-5f9289c8271e7] STATUS: 0 API
2020-10-23T16:44:08+09:00 INFO (6): [localhost,Mac,Chrome,POST,/kamimine/ajax/getCoursePointList.php,20201023164408-5f9289c827b31] STATUS: 0 API
2020-10-23T16:44:11+09:00 INFO (6): [localhost,Mac,Chrome,POST,/kamimine/ajax/getVariables.php,20201023164411-5f9289cbe2b6b] STATUS: 0 API
2020-10-23T16:44:12+09:00 INFO (6): [localhost,Mac,Chrome,POST,/kamimine/ajax/getCourseList.php,20201023164412-5f9289cc2e3e8] STATUS: 0 API
2020-10-23T16:44:12+09:00 INFO (6): [localhost,Mac,Chrome,POST,/kamimine/ajax/getBusStopId8DigitList.php,20201023164412-5f9289cc2e499] STATUS: 0 API
2020-10-23T16:44:12+09:00 INFO (6): [localhost,Mac,Chrome,POST,/kamimine/ajax/checkServiceTime.php,20201023164412-5f9289cc378e9] STATUS: 0 API
2020-10-23T16:44:12+09:00 INFO (6): [localhost,Mac,Chrome,POST,/kamimine/ajax/getNewsTelop.php,20201023164412-5f9289cc37a5e] STATUS: 0 API
2020-10-23T16:44:12+09:00 INFO (6): [localhost,Mac,Chrome,POST,/kamimine/ajax/getBusStopList.php,20201023164412-5f9289cc325a8] STATUS: 0 API
2020-10-23T16:44:12+09:00 INFO (6): [localhost,Mac,Chrome,POST,/kamimine/ajax/getCoursePointList.php,20201023164412-5f9289cc347b2] STATUS: 0 API
2020-10-23T17:18:38+09:00 INFO (6): [localhost,Mac,Chrome,POST,/kamimine/ajax/getBusStopList.php,20201023171838-5f9291de09c12] STATUS: 0 API
2020-10-23T17:18:38+09:00 INFO (6): [localhost,Mac,Chrome,POST,/kamimine/ajax/getBusStopId8DigitList.php,20201023171838-5f9291de11473] STATUS: 0 API
2020-10-23T17:18:38+09:00 INFO (6): [localhost,Mac,Chrome,POST,/kamimine/ajax/getCoursePointList.php,20201023171838-5f9291de0a40a] STATUS: 0 API
2020-10-23T17:57:21+09:00 INFO (6): [localhost,Mac,Chrome,POST,/kamimine/ajax/getVariables.php,20201023175721-5f929af138b6c] STATUS: 0 API
2020-10-23T17:57:21+09:00 INFO (6): [localhost,Mac,Chrome,POST,/kamimine/ajax/getCourseList.php,20201023175721-5f929af1809bb] STATUS: 0 API
2020-10-23T17:57:21+09:00 INFO (6): [localhost,Mac,Chrome,POST,/kamimine/ajax/checkServiceTime.php,20201023175721-5f929af18593f] STATUS: 1 API
2020-10-23T17:57:21+09:00 INFO (6): [localhost,Mac,Chrome,POST,/kamimine/ajax/getNewsTelop.php,20201023175721-5f929af18589e] STATUS: 0 API
2020-10-23T17:57:21+09:00 INFO (6): [localhost,Mac,Chrome,POST,/kamimine/ajax/getCoursePointList.php,20201023175721-5f929af189562] STATUS: 0 API
2020-10-23T17:57:28+09:00 INFO (6): [localhost,Mac,Chrome,POST,/kamimine/ajax/getCoursePointList.php,20201023175728-5f929af81880e] STATUS: 0 API
2020-10-23T17:58:16+09:00 INFO (6): [localhost,Mac,Chrome,POST,/kamimine/ajax/getVariables.php,20201023175816-5f929b2823c92] STATUS: 0 API
2020-10-23T17:58:16+09:00 INFO (6): [localhost,Mac,Chrome,POST,/kamimine/ajax/getCourseList.php,20201023175816-5f929b2856997] STATUS: 0 API
2020-10-23T17:58:16+09:00 INFO (6): [localhost,Mac,Chrome,POST,/kamimine/ajax/checkServiceTime.php,20201023175816-5f929b28577f9] STATUS: 1 API
2020-10-23T17:58:16+09:00 INFO (6): [localhost,Mac,Chrome,POST,/kamimine/ajax/getBusStopId8DigitList.php,20201023175816-5f929b2857888] STATUS: 0 API
2020-10-23T17:58:16+09:00 INFO (6): [localhost,Mac,Chrome,POST,/kamimine/ajax/getNewsTelop.php,20201023175816-5f929b285827d] STATUS: 0 API
2020-10-23T17:58:16+09:00 INFO (6): [localhost,Mac,Chrome,POST,/kamimine/ajax/getCoursePointList.php,20201023175816-5f929b28630c3] STATUS: 0 API
2020-10-23T17:58:16+09:00 INFO (6): [localhost,Mac,Chrome,POST,/kamimine/ajax/getBusStopList.php,20201023175816-5f929b2867ee6] STATUS: 0 API
2020-10-23T17:58:20+09:00 INFO (6): [localhost,Mac,Chrome,POST,/kamimine/ajax/getBusStopList.php,20201023175819-5f929b2bece1b] STATUS: 0 API
2020-10-23T17:58:20+09:00 INFO (6): [localhost,Mac,Chrome,POST,/kamimine/ajax/getBusStopId8DigitList.php,20201023175819-5f929b2bee922] STATUS: 0 API
2020-10-23T17:58:20+09:00 INFO (6): [localhost,Mac,Chrome,POST,/kamimine/ajax/getCoursePointList.php,20201023175819-5f929b2beca33] STATUS: 0 API
2020-10-23T17:58:59+09:00 INFO (6): [localhost,Mac,Chrome,POST,/kamimine/ajax/getVariables.php,20201023175859-5f929b5361fb8] STATUS: 0 API
2020-10-23T17:58:59+09:00 INFO (6): [localhost,Mac,Chrome,POST,/kamimine/ajax/checkServiceTime.php,20201023175859-5f929b53a30b0] STATUS: 1 API
2020-10-23T17:58:59+09:00 INFO (6): [localhost,Mac,Chrome,POST,/kamimine/ajax/getCourseList.php,20201023175859-5f929b53a2c19] STATUS: 0 API
2020-10-23T17:58:59+09:00 INFO (6): [localhost,Mac,Chrome,POST,/kamimine/ajax/getBusStopId8DigitList.php,20201023175859-5f929b53a6845] STATUS: 0 API
2020-10-23T17:58:59+09:00 INFO (6): [localhost,Mac,Chrome,POST,/kamimine/ajax/getNewsTelop.php,20201023175859-5f929b53a49f2] STATUS: 0 API
2020-10-23T17:58:59+09:00 INFO (6): [localhost,Mac,Chrome,POST,/kamimine/ajax/getCoursePointList.php,20201023175859-5f929b53a671d] STATUS: 0 API
2020-10-23T17:58:59+09:00 INFO (6): [localhost,Mac,Chrome,POST,/kamimine/ajax/getBusStopList.php,20201023175859-5f929b53a77d1] STATUS: 0 API
2020-10-23T17:59:02+09:00 INFO (6): [localhost,Mac,Chrome,POST,/kamimine/ajax/getBusStopList.php,20201023175902-5f929b563e1bc] STATUS: 0 API
2020-10-23T17:59:02+09:00 INFO (6): [localhost,Mac,Chrome,POST,/kamimine/ajax/getBusStopId8DigitList.php,20201023175902-5f929b56426b3] STATUS: 0 API
2020-10-23T17:59:02+09:00 INFO (6): [localhost,Mac,Chrome,POST,/kamimine/ajax/getCoursePointList.php,20201023175902-5f929b563f79c] STATUS: 0 API
2020-10-23T18:01:43+09:00 INFO (6): [localhost,Mac,Chrome,POST,/kamimine/ajax/getVariables.php,20201023180143-5f929bf70dd0c] STATUS: 0 API
2020-10-23T18:01:43+09:00 INFO (6): [localhost,Mac,Chrome,POST,/kamimine/ajax/getCourseList.php,20201023180143-5f929bf73e10d] STATUS: 0 API
2020-10-23T18:01:43+09:00 INFO (6): [localhost,Mac,Chrome,POST,/kamimine/ajax/checkServiceTime.php,20201023180143-5f929bf7457bb] STATUS: 1 API
2020-10-23T18:01:43+09:00 INFO (6): [localhost,Mac,Chrome,POST,/kamimine/ajax/getNewsTelop.php,20201023180143-5f929bf742446] STATUS: 0 API
2020-10-23T18:01:43+09:00 INFO (6): [localhost,Mac,Chrome,POST,/kamimine/ajax/getCoursePointList.php,20201023180143-5f929bf7493af] STATUS: 0 API
2020-10-23T18:11:44+09:00 INFO (6): [localhost,Mac,Chrome,POST,/kamimine/ajax/getVariables.php,20201023181144-5f929e50d62b7] STATUS: 0 API
2020-10-23T18:11:45+09:00 INFO (6): [localhost,Mac,Chrome,POST,/kamimine/ajax/getCourseList.php,20201023181145-5f929e5117b69] STATUS: 0 API
2020-10-23T18:11:45+09:00 INFO (6): [localhost,Mac,Chrome,POST,/kamimine/ajax/getNewsTelop.php,20201023181145-5f929e511b1f3] STATUS: 0 API
2020-10-23T18:11:45+09:00 INFO (6): [localhost,Mac,Chrome,POST,/kamimine/ajax/checkServiceTime.php,20201023181145-5f929e511d5b1] STATUS: 1 API
2020-10-23T18:11:45+09:00 INFO (6): [localhost,Mac,Chrome,POST,/kamimine/ajax/getCoursePointList.php,20201023181145-5f929e511d733] STATUS: 0 API
2020-10-23T18:17:19+09:00 INFO (6): [localhost,Mac,Chrome,POST,/kamimine/ajax/getVariables.php,20201023181719-5f929f9fb9bfb] STATUS: 0 API
2020-10-23T18:17:20+09:00 INFO (6): [localhost,Mac,Chrome,POST,/kamimine/ajax/getCourseList.php,20201023181720-5f929fa005abb] STATUS: 0 API
2020-10-23T18:17:20+09:00 INFO (6): [localhost,Mac,Chrome,POST,/kamimine/ajax/getNewsTelop.php,20201023181720-5f929fa00cae8] STATUS: 0 API
2020-10-23T18:17:20+09:00 INFO (6): [localhost,Mac,Chrome,POST,/kamimine/ajax/checkServiceTime.php,20201023181720-5f929fa00e7f5] STATUS: 1 API
2020-10-23T18:17:20+09:00 INFO (6): [localhost,Mac,Chrome,POST,/kamimine/ajax/getCoursePointList.php,20201023181720-5f929fa0110ef] STATUS: 0 API
2020-10-23T19:07:27+09:00 INFO (6): [localhost,Mac,Chrome,POST,/kamimine/ajax/getVariables.php,20201023190727-5f92ab5f8b7ae] STATUS: 0 API
2020-10-23T19:07:27+09:00 INFO (6): [localhost,Mac,Chrome,POST,/kamimine/ajax/getCourseList.php,20201023190727-5f92ab5fc754c] STATUS: 0 API
2020-10-23T19:07:27+09:00 INFO (6): [localhost,Mac,Chrome,POST,/kamimine/ajax/checkServiceTime.php,20201023190727-5f92ab5fcc83c] STATUS: 1 API
2020-10-23T19:07:27+09:00 INFO (6): [localhost,Mac,Chrome,POST,/kamimine/ajax/getBusStopId8DigitList.php,20201023190727-5f92ab5fcaac5] STATUS: 0 API
2020-10-23T19:07:28+09:00 INFO (6): [localhost,Mac,Chrome,POST,/kamimine/ajax/getNewsTelop.php,20201023190727-5f92ab5fc9ac9] STATUS: 0 API
2020-10-23T19:07:28+09:00 INFO (6): [localhost,Mac,Chrome,POST,/kamimine/ajax/getBusStopList.php,20201023190727-5f92ab5fccbb6] STATUS: 0 API
2020-10-23T19:07:28+09:00 INFO (6): [localhost,Mac,Chrome,POST,/kamimine/ajax/getCoursePointList.php,20201023190727-5f92ab5fcc608] STATUS: 0 API
2020-10-23T19:07:30+09:00 INFO (6): [localhost,Mac,Chrome,POST,/kamimine/ajax/getBusStopList.php,20201023190730-5f92ab62038c9] STATUS: 0 API
2020-10-23T19:07:30+09:00 INFO (6): [localhost,Mac,Chrome,POST,/kamimine/ajax/getBusStopId8DigitList.php,20201023190730-5f92ab6207475] STATUS: 0 API
2020-10-23T19:07:30+09:00 INFO (6): [localhost,Mac,Chrome,POST,/kamimine/ajax/getCoursePointList.php,20201023190730-5f92ab62076db] STATUS: 0 API
2020-10-23T19:07:46+09:00 INFO (6): [localhost,Mac,Chrome,POST,/kamimine/ajax/getVariables.php,20201023190746-5f92ab72cd588] STATUS: 0 API
2020-10-23T19:07:47+09:00 INFO (6): [localhost,Mac,Chrome,POST,/kamimine/ajax/getBusStopId8DigitList.php,20201023190747-5f92ab73085b6] STATUS: 0 API
2020-10-23T19:07:47+09:00 INFO (6): [localhost,Mac,Chrome,POST,/kamimine/ajax/getCourseList.php,20201023190747-5f92ab7306b97] STATUS: 0 API
2020-10-23T19:07:47+09:00 INFO (6): [localhost,Mac,Chrome,POST,/kamimine/ajax/checkServiceTime.php,20201023190747-5f92ab730d578] STATUS: 1 API
2020-10-23T19:07:47+09:00 INFO (6): [localhost,Mac,Chrome,POST,/kamimine/ajax/getNewsTelop.php,20201023190747-5f92ab7308d45] STATUS: 0 API
2020-10-23T19:07:47+09:00 INFO (6): [localhost,Mac,Chrome,POST,/kamimine/ajax/getBusStopList.php,20201023190747-5f92ab730f0f1] STATUS: 0 API
2020-10-23T19:07:47+09:00 INFO (6): [localhost,Mac,Chrome,POST,/kamimine/ajax/getCoursePointList.php,20201023190747-5f92ab730f9a9] STATUS: 0 API
2020-10-23T19:09:15+09:00 INFO (6): [localhost,Mac,Chrome,POST,/kamimine/ajax/getVariables.php,20201023190915-5f92abcb161ba] STATUS: 0 API
2020-10-23T19:09:15+09:00 INFO (6): [localhost,Mac,Chrome,POST,/kamimine/ajax/getCourseList.php,20201023190915-5f92abcb44e26] STATUS: 0 API
2020-10-23T19:09:15+09:00 INFO (6): [localhost,Mac,Chrome,POST,/kamimine/ajax/checkServiceTime.php,20201023190915-5f92abcb4695b] STATUS: 1 API
2020-10-23T19:09:15+09:00 INFO (6): [localhost,Mac,Chrome,POST,/kamimine/ajax/getBusStopId8DigitList.php,20201023190915-5f92abcb45a58] STATUS: 0 API
2020-10-23T19:09:15+09:00 INFO (6): [localhost,Mac,Chrome,POST,/kamimine/ajax/getNewsTelop.php,20201023190915-5f92abcb47de6] STATUS: 0 API
2020-10-23T19:09:15+09:00 INFO (6): [localhost,Mac,Chrome,POST,/kamimine/ajax/getCoursePointList.php,20201023190915-5f92abcb4eaae] STATUS: 0 API
2020-10-23T19:09:15+09:00 INFO (6): [localhost,Mac,Chrome,POST,/kamimine/ajax/getBusStopList.php,20201023190915-5f92abcb4a8b0] STATUS: 0 API
2020-10-23T21:06:58+09:00 INFO (6): [localhost,Mac,Chrome,POST,/kamimine/ajax/getBusStopList.php,20201023210658-5f92c7627ef4b] STATUS: 0 API
2020-10-23T21:06:58+09:00 INFO (6): [localhost,Mac,Chrome,POST,/kamimine/ajax/getBusStopId8DigitList.php,20201023210658-5f92c76283496] STATUS: 0 API
2020-10-23T21:06:58+09:00 INFO (6): [localhost,Mac,Chrome,POST,/kamimine/ajax/getCoursePointList.php,20201023210658-5f92c76280400] STATUS: 0 API
2020-10-23T22:18:42+09:00 INFO (6): [localhost,Mac,Chrome,POST,/kamimine/ajax/getVariables.php,20201023221842-5f92d83247c6a] STATUS: 0 API
2020-10-23T22:18:42+09:00 INFO (6): [localhost,Mac,Chrome,POST,/kamimine/ajax/getCourseList.php,20201023221842-5f92d8329344d] STATUS: 0 API
2020-10-23T22:18:42+09:00 INFO (6): [localhost,Mac,Chrome,POST,/kamimine/ajax/getBusStopId8DigitList.php,20201023221842-5f92d83298193] STATUS: 0 API
2020-10-23T22:18:42+09:00 INFO (6): [localhost,Mac,Chrome,POST,/kamimine/ajax/getNewsTelop.php,20201023221842-5f92d8329c263] STATUS: 0 API
2020-10-23T22:18:43+09:00 INFO (6): [localhost,Mac,Chrome,POST,/kamimine/ajax/getBusStopList.php,20201023221842-5f92d832ae78a] STATUS: 0 API
2020-10-23T22:18:43+09:00 INFO (6): [localhost,Mac,Chrome,POST,/kamimine/ajax/getCoursePointList.php,20201023221842-5f92d832b14e7] STATUS: 0 API
2020-10-23T22:33:42+09:00 INFO (6): [localhost,Mac,Chrome,POST,/kamimine/ajax/getVariables.php,20201023223342-5f92dbb64dd2c] STATUS: 0 API
2020-10-23T22:33:42+09:00 INFO (6): [localhost,Mac,Chrome,POST,/kamimine/ajax/getCourseList.php,20201023223342-5f92dbb6822a1] STATUS: 0 API
2020-10-23T22:33:42+09:00 INFO (6): [localhost,Mac,Chrome,POST,/kamimine/ajax/checkServiceTime.php,20201023223342-5f92dbb68566d] STATUS: 1 API
2020-10-23T22:33:42+09:00 INFO (6): [localhost,Mac,Chrome,POST,/kamimine/ajax/getBusStopId8DigitList.php,20201023223342-5f92dbb67f111] STATUS: 0 API
2020-10-23T22:33:42+09:00 INFO (6): [localhost,Mac,Chrome,POST,/kamimine/ajax/getNewsTelop.php,20201023223342-5f92dbb67dd8a] STATUS: 0 API
2020-10-23T22:33:42+09:00 INFO (6): [localhost,Mac,Chrome,POST,/kamimine/ajax/getBusStopList.php,20201023223342-5f92dbb684052] STATUS: 0 API
2020-10-23T22:33:42+09:00 INFO (6): [localhost,Mac,Chrome,POST,/kamimine/ajax/getCoursePointList.php,20201023223342-5f92dbb688107] STATUS: 0 API
2020-10-23T22:33:48+09:00 INFO (6): [localhost,Mac,Chrome,POST,/kamimine/ajax/getBusStopId8DigitList.php,20201023223348-5f92dbbc5e1c6] STATUS: 0 API
2020-10-23T22:33:48+09:00 INFO (6): [localhost,Mac,Chrome,POST,/kamimine/ajax/getBusStopList.php,20201023223348-5f92dbbc5fa6d] STATUS: 0 API
2020-10-23T22:33:48+09:00 INFO (6): [localhost,Mac,Chrome,POST,/kamimine/ajax/getCoursePointList.php,20201023223348-5f92dbbc5e171] STATUS: 0 API
2020-10-23T22:34:44+09:00 INFO (6): [localhost,Mac,Chrome,POST,/kamimine/ajax/getVariables.php,20201023223444-5f92dbf43d8b6] STATUS: 0 API
2020-10-23T22:34:44+09:00 INFO (6): [localhost,Mac,Chrome,POST,/kamimine/ajax/getCourseList.php,20201023223444-5f92dbf4718db] STATUS: 0 API
2020-10-23T22:34:44+09:00 INFO (6): [localhost,Mac,Chrome,POST,/kamimine/ajax/checkServiceTime.php,20201023223444-5f92dbf4785a9] STATUS: 1 API
2020-10-23T22:34:44+09:00 INFO (6): [localhost,Mac,Chrome,POST,/kamimine/ajax/getBusStopId8DigitList.php,20201023223444-5f92dbf4748d5] STATUS: 0 API
2020-10-23T22:34:44+09:00 INFO (6): [localhost,Mac,Chrome,POST,/kamimine/ajax/getNewsTelop.php,20201023223444-5f92dbf47a41f] STATUS: 0 API
2020-10-23T22:34:44+09:00 INFO (6): [localhost,Mac,Chrome,POST,/kamimine/ajax/getBusStopList.php,20201023223444-5f92dbf478654] STATUS: 0 API
2020-10-23T22:34:44+09:00 INFO (6): [localhost,Mac,Chrome,POST,/kamimine/ajax/getCoursePointList.php,20201023223444-5f92dbf47b528] STATUS: 0 API
2020-10-23T22:34:49+09:00 INFO (6): [localhost,Mac,Chrome,POST,/kamimine/ajax/getBusStopList.php,20201023223449-5f92dbf947b55] STATUS: 0 API
2020-10-23T22:34:49+09:00 INFO (6): [localhost,Mac,Chrome,POST,/kamimine/ajax/getBusStopId8DigitList.php,20201023223449-5f92dbf947e24] STATUS: 0 API
2020-10-23T22:34:49+09:00 INFO (6): [localhost,Mac,Chrome,POST,/kamimine/ajax/getCoursePointList.php,20201023223449-5f92dbf947114] STATUS: 0 API
2020-10-23T22:41:11+09:00 INFO (6): [localhost,U,U,POST,/kamimine/ajax/getArrivalList.php,20201023224111-5f92dd777ca7e] STATUS: 0 API
2020-10-23T23:11:23+09:00 INFO (6): [localhost,Mac,Chrome,POST,/kamimine/ajax/getBusStopId8DigitList.php,20201023231123-5f92e48bbe57e] STATUS: 0 API
2020-10-23T23:11:23+09:00 INFO (6): [localhost,Mac,Chrome,POST,/kamimine/ajax/getBusStopList.php,20201023231123-5f92e48bbfa7d] STATUS: 0 API
2020-10-23T23:11:24+09:00 INFO (6): [localhost,Mac,Chrome,POST,/kamimine/ajax/getCoursePointList.php,20201023231123-5f92e48bc2563] STATUS: 0 API
