2020-10-20T12:30:20+09:00 INFO (6): [localhost,Mac,Chrome,POST,/kamimine/ajax/getVariables.php,20201020123020-5f8e59cc51a4f] STATUS: 0 API
2020-10-20T12:30:20+09:00 INFO (6): [localhost,Mac,Chrome,POST,/kamimine/ajax/checkServiceTime.php,20201020123020-5f8e59cc93b0f] STATUS: 0 API
2020-10-20T12:30:20+09:00 INFO (6): [localhost,Mac,Chrome,POST,/kamimine/ajax/getCourseList.php,20201020123020-5f8e59cc8f233] STATUS: 0 API
2020-10-20T12:30:20+09:00 INFO (6): [localhost,Mac,Chrome,POST,/kamimine/ajax/getNewsTelop.php,20201020123020-5f8e59cc94c8e] STATUS: 0 API
2020-10-20T12:30:20+09:00 INFO (6): [localhost,Mac,Chrome,POST,/kamimine/ajax/getCoursePointList.php,20201020123020-5f8e59cc94c1d] STATUS: 0 API
2020-10-20T12:31:17+09:00 INFO (6): [localhost,Mac,Chrome,POST,/kamimine/ajax/getVariables.php,20201020123117-5f8e5a0579744] STATUS: 0 API
2020-10-20T12:31:17+09:00 INFO (6): [localhost,Mac,Chrome,POST,/kamimine/ajax/getCourseList.php,20201020123117-5f8e5a05a9845] STATUS: 0 API
2020-10-20T12:31:17+09:00 INFO (6): [localhost,Mac,Chrome,POST,/kamimine/ajax/checkServiceTime.php,20201020123117-5f8e5a05adbb0] STATUS: 0 API
2020-10-20T12:31:17+09:00 INFO (6): [localhost,Mac,Chrome,POST,/kamimine/ajax/getNewsTelop.php,20201020123117-5f8e5a05aabe5] STATUS: 0 API
2020-10-20T12:31:17+09:00 INFO (6): [localhost,Mac,Chrome,POST,/kamimine/ajax/getCoursePointList.php,20201020123117-5f8e5a05aeb1c] STATUS: 0 API
2020-10-20T12:32:08+09:00 INFO (6): [localhost,Mac,Chrome,POST,/kamimine/ajax/getVariables.php,20201020123208-5f8e5a3825359] STATUS: 0 API
2020-10-20T12:32:08+09:00 INFO (6): [localhost,Mac,Chrome,POST,/kamimine/ajax/getCourseList.php,20201020123208-5f8e5a3854065] STATUS: 0 API
2020-10-20T12:32:08+09:00 INFO (6): [localhost,Mac,Chrome,POST,/kamimine/ajax/checkServiceTime.php,20201020123208-5f8e5a3858d72] STATUS: 0 API
2020-10-20T12:32:08+09:00 INFO (6): [localhost,Mac,Chrome,POST,/kamimine/ajax/getNewsTelop.php,20201020123208-5f8e5a38599c8] STATUS: 0 API
2020-10-20T12:32:08+09:00 INFO (6): [localhost,Mac,Chrome,POST,/kamimine/ajax/getCoursePointList.php,20201020123208-5f8e5a385dfe4] STATUS: 0 API
2020-10-20T12:32:35+09:00 INFO (6): [localhost,Mac,Chrome,POST,/kamimine/ajax/getVariables.php,20201020123235-5f8e5a53a17e8] STATUS: 0 API
2020-10-20T12:32:35+09:00 INFO (6): [localhost,Mac,Chrome,POST,/kamimine/ajax/getCourseList.php,20201020123235-5f8e5a53d1ec6] STATUS: 0 API
2020-10-20T12:32:36+09:00 INFO (6): [localhost,Mac,Chrome,POST,/kamimine/ajax/checkServiceTime.php,20201020123235-5f8e5a53d9350] STATUS: 0 API
2020-10-20T12:32:36+09:00 INFO (6): [localhost,Mac,Chrome,POST,/kamimine/ajax/getNewsTelop.php,20201020123235-5f8e5a53d5d28] STATUS: 0 API
2020-10-20T12:32:36+09:00 INFO (6): [localhost,Mac,Chrome,POST,/kamimine/ajax/getCoursePointList.php,20201020123235-5f8e5a53d2cd4] STATUS: 0 API
2020-10-20T12:34:17+09:00 INFO (6): [localhost,Mac,Chrome,POST,/kamimine/ajax/getVariables.php,20201020123417-5f8e5ab9b7536] STATUS: 0 API
2020-10-20T12:34:18+09:00 INFO (6): [localhost,Mac,Chrome,POST,/kamimine/ajax/getCourseList.php,20201020123418-5f8e5aba0c6cb] STATUS: 0 API
2020-10-20T12:34:18+09:00 INFO (6): [localhost,Mac,Chrome,POST,/kamimine/ajax/checkServiceTime.php,20201020123418-5f8e5aba125c8] STATUS: 0 API
2020-10-20T12:34:18+09:00 INFO (6): [localhost,Mac,Chrome,POST,/kamimine/ajax/getNewsTelop.php,20201020123418-5f8e5aba0d523] STATUS: 0 API
2020-10-20T12:34:18+09:00 INFO (6): [localhost,Mac,Chrome,POST,/kamimine/ajax/getCoursePointList.php,20201020123418-5f8e5aba13e9f] STATUS: 0 API
2020-10-20T12:35:36+09:00 INFO (6): [localhost,Mac,Chrome,POST,/kamimine/ajax/getVariables.php,20201020123536-5f8e5b0898f58] STATUS: 0 API
2020-10-20T12:35:36+09:00 INFO (6): [localhost,Mac,Chrome,POST,/kamimine/ajax/getCourseList.php,20201020123536-5f8e5b08d031e] STATUS: 0 API
2020-10-20T12:35:37+09:00 INFO (6): [localhost,Mac,Chrome,POST,/kamimine/ajax/checkServiceTime.php,20201020123536-5f8e5b08d641e] STATUS: 0 API
2020-10-20T12:35:37+09:00 INFO (6): [localhost,Mac,Chrome,POST,/kamimine/ajax/getNewsTelop.php,20201020123536-5f8e5b08d64ae] STATUS: 0 API
2020-10-20T12:35:37+09:00 INFO (6): [localhost,Mac,Chrome,POST,/kamimine/ajax/getCoursePointList.php,20201020123536-5f8e5b08da356] STATUS: 0 API
2020-10-20T12:35:40+09:00 INFO (6): [localhost,Mac,Chrome,POST,/kamimine/ajax/getCoursePointList.php,20201020123540-5f8e5b0c72be4] STATUS: 0 API
2020-10-20T12:37:23+09:00 INFO (6): [localhost,Mac,Chrome,POST,/kamimine/ajax/getVariables.php,20201020123723-5f8e5b738f089] STATUS: 0 API
2020-10-20T12:37:23+09:00 INFO (6): [localhost,Mac,Chrome,POST,/kamimine/ajax/getBusStopId8DigitList.php,20201020123723-5f8e5b73c0331] STATUS: 0 API
2020-10-20T12:37:23+09:00 INFO (6): [localhost,Mac,Chrome,POST,/kamimine/ajax/getNewsTelop.php,20201020123723-5f8e5b73c0297] STATUS: 0 API
2020-10-20T12:37:23+09:00 INFO (6): [localhost,Mac,Chrome,POST,/kamimine/ajax/getCourseList.php,20201020123723-5f8e5b73bd2e2] STATUS: 0 API
2020-10-20T12:37:23+09:00 INFO (6): [localhost,Mac,Chrome,POST,/kamimine/ajax/checkServiceTime.php,20201020123723-5f8e5b73c0d83] STATUS: 0 API
2020-10-20T12:37:24+09:00 INFO (6): [localhost,Mac,Chrome,POST,/kamimine/ajax/getBusStopList.php,20201020123723-5f8e5b73c25a0] STATUS: 0 API
2020-10-20T12:37:24+09:00 INFO (6): [localhost,Mac,Chrome,POST,/kamimine/ajax/getCoursePointList.php,20201020123723-5f8e5b73c376b] STATUS: 0 API
2020-10-20T12:37:27+09:00 INFO (6): [localhost,Mac,Chrome,POST,/kamimine/ajax/getBusStopList.php,20201020123727-5f8e5b7733b82] STATUS: 0 API
2020-10-20T12:37:27+09:00 INFO (6): [localhost,Mac,Chrome,POST,/kamimine/ajax/getBusStopId8DigitList.php,20201020123727-5f8e5b7734f7f] STATUS: 0 API
2020-10-20T12:37:27+09:00 INFO (6): [localhost,Mac,Chrome,POST,/kamimine/ajax/getCoursePointList.php,20201020123727-5f8e5b7733f32] STATUS: 0 API
2020-10-20T12:37:56+09:00 INFO (6): [localhost,Mac,Chrome,POST,/kamimine/ajax/getVariables.php,20201020123756-5f8e5b946c17e] STATUS: 0 API
2020-10-20T12:37:56+09:00 INFO (6): [localhost,Mac,Chrome,POST,/kamimine/ajax/checkServiceTime.php,20201020123756-5f8e5b94a1f33] STATUS: 0 API
2020-10-20T12:37:56+09:00 INFO (6): [localhost,Mac,Chrome,POST,/kamimine/ajax/getBusStopId8DigitList.php,20201020123756-5f8e5b949fcca] STATUS: 0 API
2020-10-20T12:37:56+09:00 INFO (6): [localhost,Mac,Chrome,POST,/kamimine/ajax/getCourseList.php,20201020123756-5f8e5b94a2172] STATUS: 0 API
2020-10-20T12:37:56+09:00 INFO (6): [localhost,Mac,Chrome,POST,/kamimine/ajax/getNewsTelop.php,20201020123756-5f8e5b94a1fcb] STATUS: 0 API
2020-10-20T12:37:56+09:00 INFO (6): [localhost,Mac,Chrome,POST,/kamimine/ajax/getBusStopList.php,20201020123756-5f8e5b94a3be2] STATUS: 0 API
2020-10-20T12:37:56+09:00 INFO (6): [localhost,Mac,Chrome,POST,/kamimine/ajax/getCoursePointList.php,20201020123756-5f8e5b94a4c37] STATUS: 0 API
2020-10-20T12:45:17+09:00 INFO (6): [localhost,Mac,Chrome,POST,/kamimine/ajax/getVariables.php,20201020124517-5f8e5d4dd9b64] STATUS: 0 API
2020-10-20T12:45:18+09:00 INFO (6): [localhost,Mac,Chrome,POST,/kamimine/ajax/checkServiceTime.php,20201020124518-5f8e5d4e0dc16] STATUS: 0 API
2020-10-20T12:45:18+09:00 INFO (6): [localhost,Mac,Chrome,POST,/kamimine/ajax/getCourseList.php,20201020124518-5f8e5d4e0bad9] STATUS: 0 API
2020-10-20T12:45:18+09:00 INFO (6): [localhost,Mac,Chrome,POST,/kamimine/ajax/getBusStopId8DigitList.php,20201020124518-5f8e5d4e0ade1] STATUS: 0 API
2020-10-20T12:45:18+09:00 INFO (6): [localhost,Mac,Chrome,POST,/kamimine/ajax/getNewsTelop.php,20201020124518-5f8e5d4e0f0e0] STATUS: 0 API
2020-10-20T12:45:18+09:00 INFO (6): [localhost,Mac,Chrome,POST,/kamimine/ajax/getBusStopList.php,20201020124518-5f8e5d4e113cb] STATUS: 0 API
2020-10-20T12:45:18+09:00 INFO (6): [localhost,Mac,Chrome,POST,/kamimine/ajax/getCoursePointList.php,20201020124518-5f8e5d4e1006d] STATUS: 0 API
2020-10-20T13:12:57+09:00 INFO (6): [localhost,Mac,Chrome,POST,/kamimine/ajax/getVariables.php,20201020131257-5f8e63c951615] STATUS: 0 API
2020-10-20T13:12:57+09:00 INFO (6): [localhost,Mac,Chrome,POST,/kamimine/ajax/getBusStopId8DigitList.php,20201020131257-5f8e63c99367d] STATUS: 0 API
2020-10-20T13:12:57+09:00 INFO (6): [localhost,Mac,Chrome,POST,/kamimine/ajax/checkServiceTime.php,20201020131257-5f8e63c993c93] STATUS: 0 API
2020-10-20T13:12:57+09:00 INFO (6): [localhost,Mac,Chrome,POST,/kamimine/ajax/getCourseList.php,20201020131257-5f8e63c994369] STATUS: 0 API
2020-10-20T13:12:57+09:00 INFO (6): [localhost,Mac,Chrome,POST,/kamimine/ajax/getNewsTelop.php,20201020131257-5f8e63c993d0a] STATUS: 0 API
2020-10-20T13:12:57+09:00 INFO (6): [localhost,Mac,Chrome,POST,/kamimine/ajax/getBusStopList.php,20201020131257-5f8e63c998f91] STATUS: 0 API
2020-10-20T13:12:57+09:00 INFO (6): [localhost,Mac,Chrome,POST,/kamimine/ajax/getCoursePointList.php,20201020131257-5f8e63c99b5e7] STATUS: 0 API
2020-10-20T13:13:03+09:00 INFO (6): [localhost,Mac,Chrome,POST,/kamimine/ajax/getBusStopList.php,20201020131303-5f8e63cfc719f] STATUS: 0 API
2020-10-20T13:13:03+09:00 INFO (6): [localhost,Mac,Chrome,POST,/kamimine/ajax/getBusStopId8DigitList.php,20201020131303-5f8e63cfc6912] STATUS: 0 API
2020-10-20T13:13:03+09:00 INFO (6): [localhost,Mac,Chrome,POST,/kamimine/ajax/getCoursePointList.php,20201020131303-5f8e63cfc6029] STATUS: 0 API
2020-10-20T13:13:21+09:00 INFO (6): [localhost,Mac,Chrome,POST,/kamimine/ajax/getVariables.php,20201020131321-5f8e63e1386fd] STATUS: 0 API
2020-10-20T13:13:21+09:00 INFO (6): [localhost,Mac,Chrome,POST,/kamimine/ajax/getBusStopId8DigitList.php,20201020131321-5f8e63e1679a8] STATUS: 0 API
2020-10-20T13:13:21+09:00 INFO (6): [localhost,Mac,Chrome,POST,/kamimine/ajax/getCourseList.php,20201020131321-5f8e63e166e56] STATUS: 0 API
2020-10-20T13:13:21+09:00 INFO (6): [localhost,Mac,Chrome,POST,/kamimine/ajax/checkServiceTime.php,20201020131321-5f8e63e16e79a] STATUS: 0 API
2020-10-20T13:13:21+09:00 INFO (6): [localhost,Mac,Chrome,POST,/kamimine/ajax/getNewsTelop.php,20201020131321-5f8e63e16ef67] STATUS: 0 API
2020-10-20T13:13:21+09:00 INFO (6): [localhost,Mac,Chrome,POST,/kamimine/ajax/getBusStopList.php,20201020131321-5f8e63e16ee84] STATUS: 0 API
2020-10-20T13:13:21+09:00 INFO (6): [localhost,Mac,Chrome,POST,/kamimine/ajax/getCoursePointList.php,20201020131321-5f8e63e17312c] STATUS: 0 API
2020-10-20T13:13:37+09:00 INFO (6): [localhost,Mac,Chrome,POST,/kamimine/ajax/getBusStopList.php,20201020131337-5f8e63f13c679] STATUS: 0 API
2020-10-20T13:13:37+09:00 INFO (6): [localhost,Mac,Chrome,POST,/kamimine/ajax/getBusStopId8DigitList.php,20201020131337-5f8e63f1425b6] STATUS: 0 API
2020-10-20T13:13:37+09:00 INFO (6): [localhost,Mac,Chrome,POST,/kamimine/ajax/getCoursePointList.php,20201020131337-5f8e63f13fe3b] STATUS: 0 API
2020-10-20T13:14:37+09:00 INFO (6): [localhost,Mac,Chrome,POST,/kamimine/ajax/getVariables.php,20201020131437-5f8e642d6451b] STATUS: 0 API
2020-10-20T13:14:37+09:00 INFO (6): [localhost,Mac,Chrome,POST,/kamimine/ajax/checkServiceTime.php,20201020131437-5f8e642d937b2] STATUS: 0 API
2020-10-20T13:14:37+09:00 INFO (6): [localhost,Mac,Chrome,POST,/kamimine/ajax/getNewsTelop.php,20201020131437-5f8e642d92651] STATUS: 0 API
2020-10-20T13:14:37+09:00 INFO (6): [localhost,Mac,Chrome,POST,/kamimine/ajax/getCourseList.php,20201020131437-5f8e642d90d99] STATUS: 0 API
2020-10-20T13:14:37+09:00 INFO (6): [localhost,Mac,Chrome,POST,/kamimine/ajax/getBusStopId8DigitList.php,20201020131437-5f8e642d96e4a] STATUS: 0 API
2020-10-20T13:14:37+09:00 INFO (6): [localhost,Mac,Chrome,POST,/kamimine/ajax/getBusStopList.php,20201020131437-5f8e642d97269] STATUS: 0 API
2020-10-20T13:14:37+09:00 INFO (6): [localhost,Mac,Chrome,POST,/kamimine/ajax/getCoursePointList.php,20201020131437-5f8e642d9aa9f] STATUS: 0 API
2020-10-20T13:29:48+09:00 INFO (6): [localhost,Mac,Chrome,POST,/kamimine/ajax/getVariables.php,20201020132948-5f8e67bcd85e8] STATUS: 0 API
2020-10-20T13:29:49+09:00 INFO (6): [localhost,Mac,Chrome,POST,/kamimine/ajax/getCourseList.php,20201020132949-5f8e67bd165d6] STATUS: 0 API
2020-10-20T13:29:49+09:00 INFO (6): [localhost,Mac,Chrome,POST,/kamimine/ajax/checkServiceTime.php,20201020132949-5f8e67bd19108] STATUS: 0 API
2020-10-20T13:29:49+09:00 INFO (6): [localhost,Mac,Chrome,POST,/kamimine/ajax/getNewsTelop.php,20201020132949-5f8e67bd1bf94] STATUS: 0 API
2020-10-20T13:29:49+09:00 INFO (6): [localhost,Mac,Chrome,POST,/kamimine/ajax/getCoursePointList.php,20201020132949-5f8e67bd1d374] STATUS: 0 API
2020-10-20T13:29:56+09:00 INFO (6): [localhost,Mac,Chrome,POST,/kamimine/ajax/getVariables.php,20201020132956-5f8e67c4c3e7f] STATUS: 0 API
2020-10-20T13:29:57+09:00 INFO (6): [localhost,Mac,Chrome,POST,/kamimine/ajax/getCourseList.php,20201020132957-5f8e67c5027aa] STATUS: 0 API
2020-10-20T13:29:57+09:00 INFO (6): [localhost,Mac,Chrome,POST,/kamimine/ajax/getBusStopId8DigitList.php,20201020132957-5f8e67c50ac3c] STATUS: 0 API
2020-10-20T13:29:57+09:00 INFO (6): [localhost,Mac,Chrome,POST,/kamimine/ajax/checkServiceTime.php,20201020132957-5f8e67c50923c] STATUS: 0 API
2020-10-20T13:29:57+09:00 INFO (6): [localhost,Mac,Chrome,POST,/kamimine/ajax/getNewsTelop.php,20201020132957-5f8e67c50a391] STATUS: 0 API
2020-10-20T13:29:57+09:00 INFO (6): [localhost,Mac,Chrome,POST,/kamimine/ajax/getBusStopList.php,20201020132957-5f8e67c50ca6f] STATUS: 0 API
2020-10-20T13:29:57+09:00 INFO (6): [localhost,Mac,Chrome,POST,/kamimine/ajax/getCoursePointList.php,20201020132957-5f8e67c50c522] STATUS: 0 API
2020-10-20T13:30:00+09:00 INFO (6): [localhost,Mac,Chrome,POST,/kamimine/ajax/getBusStopId8DigitList.php,20201020133000-5f8e67c821e88] STATUS: 0 API
2020-10-20T13:30:00+09:00 INFO (6): [localhost,Mac,Chrome,POST,/kamimine/ajax/getBusStopList.php,20201020133000-5f8e67c820ec1] STATUS: 0 API
2020-10-20T13:30:00+09:00 INFO (6): [localhost,Mac,Chrome,POST,/kamimine/ajax/getCoursePointList.php,20201020133000-5f8e67c8221b2] STATUS: 0 API
2020-10-20T13:30:02+09:00 INFO (6): [localhost,Mac,Chrome,POST,/kamimine/ajax/getBusStopList.php,20201020133002-5f8e67ca40879] STATUS: 0 API
2020-10-20T13:30:02+09:00 INFO (6): [localhost,Mac,Chrome,POST,/kamimine/ajax/getBusStopId8DigitList.php,20201020133002-5f8e67ca4060a] STATUS: 0 API
2020-10-20T13:30:02+09:00 INFO (6): [localhost,Mac,Chrome,POST,/kamimine/ajax/getCoursePointList.php,20201020133002-5f8e67ca41269] STATUS: 0 API
2020-10-20T13:31:09+09:00 INFO (6): [localhost,Mac,Chrome,POST,/kamimine/ajax/getVariables.php,20201020133109-5f8e680d0e861] STATUS: 0 API
2020-10-20T13:31:09+09:00 INFO (6): [localhost,Mac,Chrome,POST,/kamimine/ajax/getBusStopId8DigitList.php,20201020133109-5f8e680d4e70e] STATUS: 0 API
2020-10-20T13:31:09+09:00 INFO (6): [localhost,Mac,Chrome,POST,/kamimine/ajax/checkServiceTime.php,20201020133109-5f8e680d4ef07] STATUS: 0 API
2020-10-20T13:31:09+09:00 INFO (6): [localhost,Mac,Chrome,POST,/kamimine/ajax/getCourseList.php,20201020133109-5f8e680d4d53c] STATUS: 0 API
2020-10-20T13:31:09+09:00 INFO (6): [localhost,Mac,Chrome,POST,/kamimine/ajax/getNewsTelop.php,20201020133109-5f8e680d4d13a] STATUS: 0 API
2020-10-20T13:31:09+09:00 INFO (6): [localhost,Mac,Chrome,POST,/kamimine/ajax/getBusStopList.php,20201020133109-5f8e680d54741] STATUS: 0 API
2020-10-20T13:31:09+09:00 INFO (6): [localhost,Mac,Chrome,POST,/kamimine/ajax/getCoursePointList.php,20201020133109-5f8e680d5373c] STATUS: 0 API
2020-10-20T13:31:49+09:00 INFO (6): [localhost,Mac,Chrome,POST,/kamimine/ajax/getVariables.php,20201020133149-5f8e683531cc5] STATUS: 0 API
2020-10-20T13:31:49+09:00 INFO (6): [localhost,Mac,Chrome,POST,/kamimine/ajax/getCourseList.php,20201020133149-5f8e68356a34e] STATUS: 0 API
2020-10-20T13:31:49+09:00 INFO (6): [localhost,Mac,Chrome,POST,/kamimine/ajax/checkServiceTime.php,20201020133149-5f8e68356e2da] STATUS: 0 API
2020-10-20T13:31:49+09:00 INFO (6): [localhost,Mac,Chrome,POST,/kamimine/ajax/getBusStopId8DigitList.php,20201020133149-5f8e68356c6a4] STATUS: 0 API
2020-10-20T13:31:49+09:00 INFO (6): [localhost,Mac,Chrome,POST,/kamimine/ajax/getNewsTelop.php,20201020133149-5f8e68356c980] STATUS: 0 API
2020-10-20T13:31:49+09:00 INFO (6): [localhost,Mac,Chrome,POST,/kamimine/ajax/getBusStopList.php,20201020133149-5f8e68356c6a4] STATUS: 0 API
2020-10-20T13:31:49+09:00 INFO (6): [localhost,Mac,Chrome,POST,/kamimine/ajax/getCoursePointList.php,20201020133149-5f8e68356eb9d] STATUS: 0 API
2020-10-20T13:31:54+09:00 INFO (6): [localhost,Mac,Chrome,POST,/kamimine/ajax/getBusStopId8DigitList.php,20201020133154-5f8e683a94105] STATUS: 0 API
2020-10-20T13:31:54+09:00 INFO (6): [localhost,Mac,Chrome,POST,/kamimine/ajax/getBusStopList.php,20201020133154-5f8e683a930be] STATUS: 0 API
2020-10-20T13:31:54+09:00 INFO (6): [localhost,Mac,Chrome,POST,/kamimine/ajax/getCoursePointList.php,20201020133154-5f8e683a95496] STATUS: 0 API
2020-10-20T15:37:15+09:00 INFO (6): [localhost,Mac,Chrome,POST,/kamimine/ajax/getVariables.php,20201020153715-5f8e859b44580] STATUS: 0 API
2020-10-20T15:37:15+09:00 INFO (6): [localhost,Mac,Chrome,POST,/kamimine/ajax/getCourseList.php,20201020153715-5f8e859b96080] STATUS: 0 API
2020-10-20T15:37:15+09:00 INFO (6): [localhost,Mac,Chrome,POST,/kamimine/ajax/checkServiceTime.php,20201020153715-5f8e859ba0356] STATUS: 0 API
2020-10-20T15:37:15+09:00 INFO (6): [localhost,Mac,Chrome,POST,/kamimine/ajax/getNewsTelop.php,20201020153715-5f8e859b9da28] STATUS: 0 API
2020-10-20T15:37:16+09:00 INFO (6): [localhost,Mac,Chrome,POST,/kamimine/ajax/getCoursePointList.php,20201020153715-5f8e859ba0540] STATUS: 0 API
2020-10-20T15:37:22+09:00 INFO (6): [localhost,Mac,Chrome,POST,/kamimine/ajax/getCoursePointList.php,20201020153722-5f8e85a2a1d26] STATUS: 0 API
2020-10-20T15:39:12+09:00 INFO (6): [localhost,Mac,Chrome,POST,/kamimine/ajax/getVariables.php,20201020153912-5f8e86104b49b] STATUS: 0 API
2020-10-20T15:39:12+09:00 INFO (6): [localhost,Mac,Chrome,POST,/kamimine/ajax/getCourseList.php,20201020153912-5f8e861087ff8] STATUS: 0 API
2020-10-20T15:39:12+09:00 INFO (6): [localhost,Mac,Chrome,POST,/kamimine/ajax/checkServiceTime.php,20201020153912-5f8e86108c3a6] STATUS: 0 API
2020-10-20T15:39:12+09:00 INFO (6): [localhost,Mac,Chrome,POST,/kamimine/ajax/getNewsTelop.php,20201020153912-5f8e86108ce07] STATUS: 0 API
2020-10-20T15:39:12+09:00 INFO (6): [localhost,Mac,Chrome,POST,/kamimine/ajax/getCoursePointList.php,20201020153912-5f8e86108ef28] STATUS: 0 API
2020-10-20T15:39:17+09:00 INFO (6): [localhost,Mac,Chrome,POST,/kamimine/ajax/getCoursePointList.php,20201020153917-5f8e861505560] STATUS: 0 API
2020-10-20T15:44:40+09:00 INFO (6): [localhost,Mac,Chrome,POST,/kamimine/ajax/getVariables.php,20201020154440-5f8e87588fa70] STATUS: 0 API
2020-10-20T15:44:41+09:00 INFO (6): [localhost,Mac,Chrome,POST,/kamimine/ajax/getCourseList.php,20201020154440-5f8e8758cf7d2] STATUS: 0 API
2020-10-20T15:44:41+09:00 INFO (6): [localhost,Mac,Chrome,POST,/kamimine/ajax/checkServiceTime.php,20201020154440-5f8e8758d8462] STATUS: 0 API
2020-10-20T15:44:41+09:00 INFO (6): [localhost,Mac,Chrome,POST,/kamimine/ajax/getNewsTelop.php,20201020154440-5f8e8758d7b08] STATUS: 0 API
2020-10-20T15:44:41+09:00 INFO (6): [localhost,Mac,Chrome,POST,/kamimine/ajax/getCoursePointList.php,20201020154440-5f8e8758db25e] STATUS: 0 API
2020-10-20T15:52:51+09:00 INFO (6): [localhost,Mac,Chrome,POST,/kamimine/ajax/getVariables.php,20201020155251-5f8e894316440] STATUS: 0 API
2020-10-20T15:52:51+09:00 INFO (6): [localhost,Mac,Chrome,POST,/kamimine/ajax/getCourseList.php,20201020155251-5f8e89434c149] STATUS: 0 API
2020-10-20T15:52:51+09:00 INFO (6): [localhost,Mac,Chrome,POST,/kamimine/ajax/checkServiceTime.php,20201020155251-5f8e8943527ad] STATUS: 0 API
2020-10-20T15:52:51+09:00 INFO (6): [localhost,Mac,Chrome,POST,/kamimine/ajax/getNewsTelop.php,20201020155251-5f8e89434f985] STATUS: 0 API
2020-10-20T15:52:51+09:00 INFO (6): [localhost,Mac,Chrome,POST,/kamimine/ajax/getCoursePointList.php,20201020155251-5f8e8943591e9] STATUS: 0 API
2020-10-20T15:53:20+09:00 INFO (6): [localhost,Mac,Chrome,POST,/kamimine/ajax/getVariables.php,20201020155320-5f8e8960d5345] STATUS: 0 API
2020-10-20T15:53:21+09:00 INFO (6): [localhost,Mac,Chrome,POST,/kamimine/ajax/getCourseList.php,20201020155321-5f8e8961143dc] STATUS: 0 API
2020-10-20T15:53:21+09:00 INFO (6): [localhost,Mac,Chrome,POST,/kamimine/ajax/getNewsTelop.php,20201020155321-5f8e896114e34] STATUS: 0 API
2020-10-20T15:53:21+09:00 INFO (6): [localhost,Mac,Chrome,POST,/kamimine/ajax/checkServiceTime.php,20201020155321-5f8e89611cefa] STATUS: 0 API
2020-10-20T15:53:21+09:00 INFO (6): [localhost,Mac,Chrome,POST,/kamimine/ajax/getCoursePointList.php,20201020155321-5f8e89611b737] STATUS: 0 API
2020-10-20T15:53:33+09:00 INFO (6): [localhost,Mac,Chrome,POST,/kamimine/ajax/getVariables.php,20201020155332-5f8e896ce56f5] STATUS: 0 API
2020-10-20T15:53:33+09:00 INFO (6): [localhost,Mac,Chrome,POST,/kamimine/ajax/getCourseList.php,20201020155333-5f8e896d21462] STATUS: 0 API
2020-10-20T15:53:33+09:00 INFO (6): [localhost,Mac,Chrome,POST,/kamimine/ajax/getBusStopId8DigitList.php,20201020155333-5f8e896d25f0d] STATUS: 0 API
2020-10-20T15:53:33+09:00 INFO (6): [localhost,Mac,Chrome,POST,/kamimine/ajax/checkServiceTime.php,20201020155333-5f8e896d2b6f2] STATUS: 0 API
2020-10-20T15:53:33+09:00 INFO (6): [localhost,Mac,Chrome,POST,/kamimine/ajax/getNewsTelop.php,20201020155333-5f8e896d25e9a] STATUS: 0 API
2020-10-20T15:53:33+09:00 INFO (6): [localhost,Mac,Chrome,POST,/kamimine/ajax/getBusStopList.php,20201020155333-5f8e896d31b71] STATUS: 0 API
2020-10-20T15:53:33+09:00 INFO (6): [localhost,Mac,Chrome,POST,/kamimine/ajax/getCoursePointList.php,20201020155333-5f8e896d2c6a3] STATUS: 0 API
2020-10-20T16:00:22+09:00 INFO (6): [localhost,Mac,Chrome,POST,/kamimine/ajax/getVariables.php,20201020160022-5f8e8b0656d85] STATUS: 0 API
2020-10-20T16:00:22+09:00 INFO (6): [localhost,Mac,Chrome,POST,/kamimine/ajax/getNewsTelop.php,20201020160022-5f8e8b0699712] STATUS: 0 API
2020-10-20T16:00:22+09:00 INFO (6): [localhost,Mac,Chrome,POST,/kamimine/ajax/checkServiceTime.php,20201020160022-5f8e8b069ef92] STATUS: 0 API
2020-10-20T16:00:22+09:00 INFO (6): [localhost,Mac,Chrome,POST,/kamimine/ajax/getCourseList.php,20201020160022-5f8e8b069cb08] STATUS: 0 API
2020-10-20T16:00:22+09:00 INFO (6): [localhost,Mac,Chrome,POST,/kamimine/ajax/getCoursePointList.php,20201020160022-5f8e8b06a44d5] STATUS: 0 API
2020-10-20T16:00:38+09:00 INFO (6): [localhost,Mac,Chrome,POST,/kamimine/ajax/getVariables.php,20201020160038-5f8e8b16d6bf3] STATUS: 0 API
2020-10-20T16:00:39+09:00 INFO (6): [localhost,Mac,Chrome,POST,/kamimine/ajax/getBusStopId8DigitList.php,20201020160039-5f8e8b1719962] STATUS: 0 API
2020-10-20T16:00:39+09:00 INFO (6): [localhost,Mac,Chrome,POST,/kamimine/ajax/getCourseList.php,20201020160039-5f8e8b1717b67] STATUS: 0 API
2020-10-20T16:00:39+09:00 INFO (6): [localhost,Mac,Chrome,POST,/kamimine/ajax/checkServiceTime.php,20201020160039-5f8e8b171aaf5] STATUS: 0 API
2020-10-20T16:00:39+09:00 INFO (6): [localhost,Mac,Chrome,POST,/kamimine/ajax/getNewsTelop.php,20201020160039-5f8e8b1717a63] STATUS: 0 API
2020-10-20T16:00:39+09:00 INFO (6): [localhost,Mac,Chrome,POST,/kamimine/ajax/getBusStopList.php,20201020160039-5f8e8b1719278] STATUS: 0 API
2020-10-20T16:00:39+09:00 INFO (6): [localhost,Mac,Chrome,POST,/kamimine/ajax/getCoursePointList.php,20201020160039-5f8e8b171d9c1] STATUS: 0 API
2020-10-20T16:20:22+09:00 INFO (6): [localhost,Mac,Chrome,POST,/kamimine/ajax/getVariables.php,20201020162022-5f8e8fb69576c] STATUS: 0 API
2020-10-20T16:20:22+09:00 INFO (6): [localhost,Mac,Chrome,POST,/kamimine/ajax/getCourseList.php,20201020162022-5f8e8fb6bc0bb] STATUS: 0 API
2020-10-20T16:20:22+09:00 INFO (6): [localhost,Mac,Chrome,POST,/kamimine/ajax/checkServiceTime.php,20201020162022-5f8e8fb6d18da] STATUS: 0 API
2020-10-20T16:20:23+09:00 INFO (6): [localhost,Mac,Chrome,POST,/kamimine/ajax/getNewsTelop.php,20201020162022-5f8e8fb6d2c4f] STATUS: 0 API
2020-10-20T16:20:23+09:00 INFO (6): [localhost,Mac,Chrome,POST,/kamimine/ajax/getCoursePointList.php,20201020162022-5f8e8fb6d4549] STATUS: 0 API
2020-10-20T16:20:26+09:00 INFO (6): [localhost,Mac,Chrome,POST,/kamimine/ajax/getCoursePointList.php,20201020162026-5f8e8fba644d5] STATUS: 0 API
2020-10-20T16:46:04+09:00 INFO (6): [localhost,Mac,Chrome,POST,/kamimine/ajax/getVariables.php,20201020164604-5f8e95bc1474a] STATUS: 0 API
2020-10-20T16:46:04+09:00 INFO (6): [localhost,Mac,Chrome,POST,/kamimine/ajax/getCourseList.php,20201020164604-5f8e95bc53e27] STATUS: 0 API
2020-10-20T16:46:04+09:00 INFO (6): [localhost,Mac,Chrome,POST,/kamimine/ajax/getNewsTelop.php,20201020164604-5f8e95bc54930] STATUS: 0 API
2020-10-20T16:46:04+09:00 INFO (6): [localhost,Mac,Chrome,POST,/kamimine/ajax/checkServiceTime.php,20201020164604-5f8e95bc573c6] STATUS: 0 API
2020-10-20T16:46:04+09:00 INFO (6): [localhost,Mac,Chrome,POST,/kamimine/ajax/getCoursePointList.php,20201020164604-5f8e95bc55fc8] STATUS: 0 API
2020-10-20T17:11:19+09:00 INFO (6): [localhost,Mac,Chrome,POST,/kamimine/ajax/getVariables.php,20201020171119-5f8e9ba7b7dc9] STATUS: 0 API
2020-10-20T17:11:20+09:00 INFO (6): [localhost,Mac,Chrome,POST,/kamimine/ajax/getCourseList.php,20201020171119-5f8e9ba7ea4fb] STATUS: 0 API
2020-10-20T17:11:20+09:00 INFO (6): [localhost,Mac,Chrome,POST,/kamimine/ajax/getBusStopId8DigitList.php,20201020171119-5f8e9ba7eb875] STATUS: 0 API
2020-10-20T17:11:20+09:00 INFO (6): [localhost,Mac,Chrome,POST,/kamimine/ajax/checkServiceTime.php,20201020171119-5f8e9ba7f010b] STATUS: 0 API
2020-10-20T17:11:20+09:00 INFO (6): [localhost,Mac,Chrome,POST,/kamimine/ajax/getNewsTelop.php,20201020171119-5f8e9ba7ea589] STATUS: 0 API
2020-10-20T17:11:20+09:00 INFO (6): [localhost,Mac,Chrome,POST,/kamimine/ajax/getBusStopList.php,20201020171119-5f8e9ba7efb5b] STATUS: 0 API
2020-10-20T17:11:20+09:00 INFO (6): [localhost,Mac,Chrome,POST,/kamimine/ajax/getCoursePointList.php,20201020171119-5f8e9ba7f0703] STATUS: 0 API
2020-10-20T17:11:23+09:00 INFO (6): [localhost,Mac,Chrome,POST,/kamimine/ajax/getBusStopList.php,20201020171123-5f8e9bab7f42f] STATUS: 0 API
2020-10-20T17:11:23+09:00 INFO (6): [localhost,Mac,Chrome,POST,/kamimine/ajax/getBusStopId8DigitList.php,20201020171123-5f8e9bab7f241] STATUS: 0 API
2020-10-20T17:11:23+09:00 INFO (6): [localhost,Mac,Chrome,POST,/kamimine/ajax/getCoursePointList.php,20201020171123-5f8e9bab7e18e] STATUS: 0 API
2020-10-20T17:11:28+09:00 INFO (6): [localhost,Mac,Chrome,POST,/kamimine/ajax/getBusStopList.php,20201020171128-5f8e9bb05c8c7] STATUS: 0 API
2020-10-20T17:11:28+09:00 INFO (6): [localhost,Mac,Chrome,POST,/kamimine/ajax/getBusStopId8DigitList.php,20201020171128-5f8e9bb05f31d] STATUS: 0 API
2020-10-20T17:11:28+09:00 INFO (6): [localhost,Mac,Chrome,POST,/kamimine/ajax/getCoursePointList.php,20201020171128-5f8e9bb05ebb1] STATUS: 0 API
2020-10-20T17:11:35+09:00 INFO (6): [localhost,Mac,Chrome,POST,/kamimine/ajax/getVariables.php,20201020171135-5f8e9bb70f784] STATUS: 0 API
2020-10-20T17:11:35+09:00 INFO (6): [localhost,Mac,Chrome,POST,/kamimine/ajax/getBusStopId8DigitList.php,20201020171135-5f8e9bb74308d] STATUS: 0 API
2020-10-20T17:11:35+09:00 INFO (6): [localhost,Mac,Chrome,POST,/kamimine/ajax/getCourseList.php,20201020171135-5f8e9bb74121d] STATUS: 0 API
2020-10-20T17:11:35+09:00 INFO (6): [localhost,Mac,Chrome,POST,/kamimine/ajax/checkServiceTime.php,20201020171135-5f8e9bb7473a8] STATUS: 0 API
2020-10-20T17:11:35+09:00 INFO (6): [localhost,Mac,Chrome,POST,/kamimine/ajax/getNewsTelop.php,20201020171135-5f8e9bb747bde] STATUS: 0 API
2020-10-20T17:11:35+09:00 INFO (6): [localhost,Mac,Chrome,POST,/kamimine/ajax/getBusStopList.php,20201020171135-5f8e9bb74809a] STATUS: 0 API
2020-10-20T17:11:35+09:00 INFO (6): [localhost,Mac,Chrome,POST,/kamimine/ajax/getCoursePointList.php,20201020171135-5f8e9bb749a48] STATUS: 0 API
2020-10-20T18:09:07+09:00 INFO (6): [localhost,Mac,Chrome,POST,/kamimine/ajax/getVariables.php,20201020180907-5f8ea93327bbc] STATUS: 0 API
2020-10-20T18:09:07+09:00 INFO (6): [localhost,Mac,Chrome,POST,/kamimine/ajax/getCourseList.php,20201020180907-5f8ea9335e264] STATUS: 0 API
2020-10-20T18:09:07+09:00 INFO (6): [localhost,Mac,Chrome,POST,/kamimine/ajax/checkServiceTime.php,20201020180907-5f8ea93361933] STATUS: 1 API
2020-10-20T18:09:07+09:00 INFO (6): [localhost,Mac,Chrome,POST,/kamimine/ajax/getBusStopId8DigitList.php,20201020180907-5f8ea93363f88] STATUS: 0 API
2020-10-20T18:09:07+09:00 INFO (6): [localhost,Mac,Chrome,POST,/kamimine/ajax/getNewsTelop.php,20201020180907-5f8ea93365e2f] STATUS: 0 API
2020-10-20T18:09:07+09:00 INFO (6): [localhost,Mac,Chrome,POST,/kamimine/ajax/getCoursePointList.php,20201020180907-5f8ea93366c46] STATUS: 0 API
2020-10-20T18:09:07+09:00 INFO (6): [localhost,Mac,Chrome,POST,/kamimine/ajax/getBusStopList.php,20201020180907-5f8ea9336525e] STATUS: 0 API
2020-10-20T18:09:22+09:00 INFO (6): [localhost,Mac,Chrome,POST,/kamimine/ajax/getBusStopId8DigitList.php,20201020180922-5f8ea9426dae2] STATUS: 0 API
2020-10-20T18:09:22+09:00 INFO (6): [localhost,Mac,Chrome,POST,/kamimine/ajax/getBusStopList.php,20201020180922-5f8ea9426cd10] STATUS: 0 API
2020-10-20T18:09:22+09:00 INFO (6): [localhost,Mac,Chrome,POST,/kamimine/ajax/getCoursePointList.php,20201020180922-5f8ea9426b51d] STATUS: 0 API
2020-10-20T18:09:26+09:00 INFO (6): [localhost,Mac,Chrome,POST,/kamimine/ajax/getBusStopId8DigitList.php,20201020180926-5f8ea94632457] STATUS: 0 API
2020-10-20T18:09:26+09:00 INFO (6): [localhost,Mac,Chrome,POST,/kamimine/ajax/getBusStopList.php,20201020180926-5f8ea94632be4] STATUS: 0 API
2020-10-20T18:09:26+09:00 INFO (6): [localhost,Mac,Chrome,POST,/kamimine/ajax/getCoursePointList.php,20201020180926-5f8ea94633b46] STATUS: 0 API
2020-10-20T18:13:51+09:00 INFO (6): [localhost,Mac,Chrome,POST,/kamimine/ajax/getVariables.php,20201020181351-5f8eaa4f95f30] STATUS: 0 API
2020-10-20T18:13:52+09:00 INFO (6): [localhost,Mac,Chrome,POST,/kamimine/ajax/getCourseList.php,20201020181351-5f8eaa4ff1cfd] STATUS: 0 API
2020-10-20T18:13:52+09:00 INFO (6): [localhost,Mac,Chrome,POST,/kamimine/ajax/checkServiceTime.php,20201020181352-5f8eaa5003389] STATUS: 1 API
2020-10-20T18:13:52+09:00 INFO (6): [localhost,Mac,Chrome,POST,/kamimine/ajax/getNewsTelop.php,20201020181351-5f8eaa4ff05f1] STATUS: 0 API
2020-10-20T18:13:52+09:00 INFO (6): [localhost,Mac,Chrome,POST,/kamimine/ajax/getBusStopId8DigitList.php,20201020181352-5f8eaa5003e3d] STATUS: 0 API
2020-10-20T18:13:52+09:00 INFO (6): [localhost,Mac,Chrome,POST,/kamimine/ajax/getBusStopList.php,20201020181351-5f8eaa4ff3f95] STATUS: 0 API
2020-10-20T18:13:52+09:00 INFO (6): [localhost,Mac,Chrome,POST,/kamimine/ajax/getCoursePointList.php,20201020181352-5f8eaa5000756] STATUS: 0 API
2020-10-20T18:26:02+09:00 INFO (6): [localhost,Mac,Chrome,POST,/kamimine/ajax/getVariables.php,20201020182602-5f8ead2acb60e] STATUS: 0 API
2020-10-20T18:26:03+09:00 INFO (6): [localhost,Mac,Chrome,POST,/kamimine/ajax/getCourseList.php,20201020182603-5f8ead2b17e82] STATUS: 0 API
2020-10-20T18:26:03+09:00 INFO (6): [localhost,Mac,Chrome,POST,/kamimine/ajax/getNewsTelop.php,20201020182603-5f8ead2b18624] STATUS: 0 API
2020-10-20T18:26:03+09:00 INFO (6): [localhost,Mac,Chrome,POST,/kamimine/ajax/checkServiceTime.php,20201020182603-5f8ead2b1eceb] STATUS: 1 API
2020-10-20T18:26:03+09:00 INFO (6): [localhost,Mac,Chrome,POST,/kamimine/ajax/getCoursePointList.php,20201020182603-5f8ead2b1ff6b] STATUS: 0 API
