[07-Oct-2020 16:57:55 Asia/Tokyo] PHP Fatal error:  Call to a member function rollBack() on a non-object in /var/www/html/kamimine/base/base/BaseApi.php on line 99
[07-Oct-2020 17:44:34 Asia/Tokyo] PHP Notice:  Undefined index: TYPE in /var/www/html/kamimine/base/base/BaseApi.php on line 68
[07-Oct-2020 17:44:34 Asia/Tokyo] PHP Notice:  Undefined index: TYPE in /var/www/html/kamimine/base/base/BaseApi.php on line 88
[07-Oct-2020 17:44:35 Asia/Tokyo] PHP Notice:  Undefined index: TYPE in /var/www/html/kamimine/base/base/BaseApi.php on line 68
[07-Oct-2020 17:44:35 Asia/Tokyo] PHP Notice:  Undefined index: TYPE in /var/www/html/kamimine/base/base/BaseApi.php on line 68
[07-Oct-2020 17:44:35 Asia/Tokyo] PHP Warning:  Missing argument 2 for BaseModel::fetchOne(), called in /var/www/html/kamimine/models/t_sbt_news_telop.php on line 13 and defined in /var/www/html/kamimine/base/base/BaseModel.php on line 36
[07-Oct-2020 17:44:35 Asia/Tokyo] PHP Notice:  Undefined index: TYPE in /var/www/html/kamimine/base/base/BaseApi.php on line 68
[07-Oct-2020 17:44:35 Asia/Tokyo] PHP Notice:  Undefined index: TYPE in /var/www/html/kamimine/base/base/BaseApi.php on line 68
[07-Oct-2020 17:44:35 Asia/Tokyo] PHP Notice:  Undefined variable: params in /var/www/html/kamimine/base/base/BaseModel.php on line 38
[07-Oct-2020 17:44:35 Asia/Tokyo] PHP Notice:  Undefined variable: params in /var/www/html/kamimine/base/base/BaseModel.php on line 40
[07-Oct-2020 17:44:35 Asia/Tokyo] PHP Notice:  Undefined index: TYPE in /var/www/html/kamimine/base/base/BaseApi.php on line 68
[07-Oct-2020 17:44:35 Asia/Tokyo] PHP Notice:  Undefined index: TYPE in /var/www/html/kamimine/base/base/BaseApi.php on line 88
[07-Oct-2020 17:44:35 Asia/Tokyo] PHP Notice:  Undefined index: TYPE in /var/www/html/kamimine/base/base/BaseApi.php on line 88
[07-Oct-2020 17:44:35 Asia/Tokyo] PHP Notice:  Undefined variable: sql in /var/www/html/kamimine/base/cllib/ModelManager.php on line 62
[07-Oct-2020 17:44:35 Asia/Tokyo] PHP Notice:  Undefined variable: params in /var/www/html/kamimine/base/cllib/ModelManager.php on line 62
[07-Oct-2020 17:44:35 Asia/Tokyo] PHP Notice:  Undefined variable: sql in /var/www/html/kamimine/base/cllib/ModelManager.php on line 62
[07-Oct-2020 17:44:35 Asia/Tokyo] PHP Notice:  Undefined variable: params in /var/www/html/kamimine/base/cllib/ModelManager.php on line 62
[07-Oct-2020 17:44:35 Asia/Tokyo] PHP Notice:  Undefined index: TYPE in /var/www/html/kamimine/base/base/BaseApi.php on line 88
[07-Oct-2020 17:46:15 Asia/Tokyo] PHP Notice:  Undefined index: TYPE in /var/www/html/kamimine/base/base/BaseApi.php on line 68
[07-Oct-2020 17:46:15 Asia/Tokyo] PHP Notice:  Undefined index: TYPE in /var/www/html/kamimine/base/base/BaseApi.php on line 68
[07-Oct-2020 17:46:15 Asia/Tokyo] PHP Notice:  Undefined index: TYPE in /var/www/html/kamimine/base/base/BaseApi.php on line 68
[07-Oct-2020 17:46:15 Asia/Tokyo] PHP Notice:  Undefined index: TYPE in /var/www/html/kamimine/base/base/BaseApi.php on line 68
[07-Oct-2020 17:46:15 Asia/Tokyo] PHP Notice:  Undefined variable: sql in /var/www/html/kamimine/base/cllib/ModelManager.php on line 62
[07-Oct-2020 17:46:15 Asia/Tokyo] PHP Notice:  Undefined variable: params in /var/www/html/kamimine/base/cllib/ModelManager.php on line 62
[07-Oct-2020 17:46:15 Asia/Tokyo] PHP Notice:  Undefined offset: 270 in /var/www/html/kamimine/ajax/getCoursePointList.php on line 23
[07-Oct-2020 17:46:15 Asia/Tokyo] PHP Notice:  Undefined variable: sql in /var/www/html/kamimine/base/cllib/ModelManager.php on line 62
[07-Oct-2020 17:46:16 Asia/Tokyo] PHP Notice:  Undefined index: TYPE in /var/www/html/kamimine/base/base/BaseApi.php on line 88
[07-Oct-2020 17:46:16 Asia/Tokyo] PHP Notice:  Undefined variable: params in /var/www/html/kamimine/base/cllib/ModelManager.php on line 62
[07-Oct-2020 17:46:16 Asia/Tokyo] PHP Notice:  Undefined index: TYPE in /var/www/html/kamimine/base/base/BaseApi.php on line 88
[07-Oct-2020 17:52:50 Asia/Tokyo] PHP Notice:  Undefined index: TYPE in /var/www/html/kamimine/base/base/BaseApi.php on line 68
[07-Oct-2020 17:52:50 Asia/Tokyo] PHP Notice:  Undefined index: TYPE in /var/www/html/kamimine/base/base/BaseApi.php on line 88
[07-Oct-2020 17:52:50 Asia/Tokyo] PHP Notice:  Undefined index: TYPE in /var/www/html/kamimine/base/base/BaseApi.php on line 68
[07-Oct-2020 17:52:50 Asia/Tokyo] PHP Notice:  Undefined index: TYPE in /var/www/html/kamimine/base/base/BaseApi.php on line 88
[07-Oct-2020 17:52:50 Asia/Tokyo] PHP Notice:  Undefined index: TYPE in /var/www/html/kamimine/base/base/BaseApi.php on line 68
[07-Oct-2020 17:52:50 Asia/Tokyo] PHP Notice:  Undefined index: TYPE in /var/www/html/kamimine/base/base/BaseApi.php on line 68
[07-Oct-2020 17:52:50 Asia/Tokyo] PHP Notice:  Undefined variable: sql in /var/www/html/kamimine/base/cllib/ModelManager.php on line 62
[07-Oct-2020 17:52:50 Asia/Tokyo] PHP Notice:  Undefined index: TYPE in /var/www/html/kamimine/base/base/BaseApi.php on line 68
[07-Oct-2020 17:52:50 Asia/Tokyo] PHP Notice:  Undefined variable: params in /var/www/html/kamimine/base/cllib/ModelManager.php on line 62
[07-Oct-2020 17:52:50 Asia/Tokyo] PHP Notice:  Undefined index: TYPE in /var/www/html/kamimine/base/base/BaseApi.php on line 68
[07-Oct-2020 17:52:50 Asia/Tokyo] PHP Warning:  Missing argument 2 for BaseModel::fetchOne(), called in /var/www/html/kamimine/models/t_sbt_news_telop.php on line 13 and defined in /var/www/html/kamimine/base/base/BaseModel.php on line 36
[07-Oct-2020 17:52:50 Asia/Tokyo] PHP Notice:  Undefined variable: sql in /var/www/html/kamimine/base/cllib/ModelManager.php on line 62
[07-Oct-2020 17:52:50 Asia/Tokyo] PHP Notice:  Undefined variable: params in /var/www/html/kamimine/base/base/BaseModel.php on line 38
[07-Oct-2020 17:52:50 Asia/Tokyo] PHP Notice:  Undefined variable: params in /var/www/html/kamimine/base/cllib/ModelManager.php on line 62
[07-Oct-2020 17:52:50 Asia/Tokyo] PHP Notice:  Undefined index: TYPE in /var/www/html/kamimine/base/base/BaseApi.php on line 88
[07-Oct-2020 17:52:50 Asia/Tokyo] PHP Notice:  Undefined variable: params in /var/www/html/kamimine/base/base/BaseModel.php on line 40
[07-Oct-2020 17:52:50 Asia/Tokyo] PHP Notice:  Undefined index: TYPE in /var/www/html/kamimine/base/base/BaseApi.php on line 88
[07-Oct-2020 17:52:56 Asia/Tokyo] PHP Notice:  Undefined index: TYPE in /var/www/html/kamimine/base/base/BaseApi.php on line 68
[07-Oct-2020 17:52:56 Asia/Tokyo] PHP Notice:  Undefined index: TYPE in /var/www/html/kamimine/base/base/BaseApi.php on line 68
[07-Oct-2020 17:52:56 Asia/Tokyo] PHP Notice:  Undefined index: TYPE in /var/www/html/kamimine/base/base/BaseApi.php on line 68
[07-Oct-2020 17:52:56 Asia/Tokyo] PHP Notice:  Undefined index: TYPE in /var/www/html/kamimine/base/base/BaseApi.php on line 68
[07-Oct-2020 17:52:56 Asia/Tokyo] PHP Notice:  Undefined variable: sql in /var/www/html/kamimine/base/cllib/ModelManager.php on line 62
[07-Oct-2020 17:52:56 Asia/Tokyo] PHP Notice:  Undefined offset: 270 in /var/www/html/kamimine/ajax/getCoursePointList.php on line 23
[07-Oct-2020 17:52:56 Asia/Tokyo] PHP Notice:  Undefined variable: params in /var/www/html/kamimine/base/cllib/ModelManager.php on line 62
[07-Oct-2020 17:52:56 Asia/Tokyo] PHP Notice:  Undefined index: TYPE in /var/www/html/kamimine/base/base/BaseApi.php on line 88
[07-Oct-2020 17:52:56 Asia/Tokyo] PHP Notice:  Undefined variable: sql in /var/www/html/kamimine/base/cllib/ModelManager.php on line 62
[07-Oct-2020 17:52:56 Asia/Tokyo] PHP Notice:  Undefined variable: params in /var/www/html/kamimine/base/cllib/ModelManager.php on line 62
[07-Oct-2020 17:52:56 Asia/Tokyo] PHP Notice:  Undefined index: TYPE in /var/www/html/kamimine/base/base/BaseApi.php on line 88
[07-Oct-2020 17:53:00 Asia/Tokyo] PHP Notice:  Undefined index: TYPE in /var/www/html/kamimine/base/base/BaseApi.php on line 68
[07-Oct-2020 17:53:00 Asia/Tokyo] PHP Notice:  Undefined offset: 0 in /var/www/html/kamimine/ajax/searchBus.php on line 103
[07-Oct-2020 17:53:00 Asia/Tokyo] PHP Warning:  array_merge(): Argument #2 is not an array in /var/www/html/kamimine/ajax/searchBus.php on line 105
[07-Oct-2020 17:53:00 Asia/Tokyo] PHP Notice:  Undefined variable: sql in /var/www/html/kamimine/base/cllib/ModelManager.php on line 52
[07-Oct-2020 17:53:00 Asia/Tokyo] PHP Notice:  Undefined variable: params in /var/www/html/kamimine/base/cllib/ModelManager.php on line 52
[07-Oct-2020 17:53:00 Asia/Tokyo] PHP Notice:  Undefined index: TYPE in /var/www/html/kamimine/base/base/BaseApi.php on line 88
[07-Oct-2020 17:53:04 Asia/Tokyo] PHP Notice:  Undefined index: TYPE in /var/www/html/kamimine/base/base/BaseApi.php on line 68
[07-Oct-2020 17:53:04 Asia/Tokyo] PHP Notice:  Undefined offset: 0 in /var/www/html/kamimine/ajax/searchBus.php on line 103
[07-Oct-2020 17:53:04 Asia/Tokyo] PHP Warning:  array_merge(): Argument #2 is not an array in /var/www/html/kamimine/ajax/searchBus.php on line 105
[07-Oct-2020 17:53:04 Asia/Tokyo] PHP Notice:  Undefined variable: sql in /var/www/html/kamimine/base/cllib/ModelManager.php on line 52
[07-Oct-2020 17:53:04 Asia/Tokyo] PHP Notice:  Undefined variable: params in /var/www/html/kamimine/base/cllib/ModelManager.php on line 52
[07-Oct-2020 17:53:04 Asia/Tokyo] PHP Notice:  Undefined index: TYPE in /var/www/html/kamimine/base/base/BaseApi.php on line 88
[07-Oct-2020 18:00:18 Asia/Tokyo] PHP Notice:  Undefined index: TYPE in /var/www/html/kamimine/base/base/BaseApi.php on line 62
[07-Oct-2020 18:00:18 Asia/Tokyo] PHP Notice:  Undefined index: TYPE in /var/www/html/kamimine/base/base/BaseApi.php on line 81
[07-Oct-2020 18:00:19 Asia/Tokyo] PHP Notice:  Undefined index: TYPE in /var/www/html/kamimine/base/base/BaseApi.php on line 62
[07-Oct-2020 18:00:19 Asia/Tokyo] PHP Notice:  Undefined index: TYPE in /var/www/html/kamimine/base/base/BaseApi.php on line 62
[07-Oct-2020 18:00:19 Asia/Tokyo] PHP Notice:  Undefined index: TYPE in /var/www/html/kamimine/base/base/BaseApi.php on line 62
[07-Oct-2020 18:00:19 Asia/Tokyo] PHP Notice:  Undefined index: TYPE in /var/www/html/kamimine/base/base/BaseApi.php on line 62
[07-Oct-2020 18:00:19 Asia/Tokyo] PHP Warning:  Missing argument 2 for BaseModel::fetchOne(), called in /var/www/html/kamimine/models/t_sbt_news_telop.php on line 13 and defined in /var/www/html/kamimine/base/base/BaseModel.php on line 36
[07-Oct-2020 18:00:19 Asia/Tokyo] PHP Notice:  Undefined index: TYPE in /var/www/html/kamimine/base/base/BaseApi.php on line 62
[07-Oct-2020 18:00:19 Asia/Tokyo] PHP Notice:  Undefined variable: params in /var/www/html/kamimine/base/base/BaseModel.php on line 38
[07-Oct-2020 18:00:19 Asia/Tokyo] PHP Notice:  Undefined variable: params in /var/www/html/kamimine/base/base/BaseModel.php on line 40
[07-Oct-2020 18:00:19 Asia/Tokyo] PHP Notice:  Undefined index: TYPE in /var/www/html/kamimine/base/base/BaseApi.php on line 81
[07-Oct-2020 18:00:19 Asia/Tokyo] PHP Notice:  Undefined index: TYPE in /var/www/html/kamimine/base/base/BaseApi.php on line 81
[07-Oct-2020 18:00:19 Asia/Tokyo] PHP Notice:  Undefined variable: sql in /var/www/html/kamimine/base/cllib/ModelManager.php on line 62
[07-Oct-2020 18:00:19 Asia/Tokyo] PHP Notice:  Undefined variable: params in /var/www/html/kamimine/base/cllib/ModelManager.php on line 62
[07-Oct-2020 18:00:19 Asia/Tokyo] PHP Notice:  Undefined variable: sql in /var/www/html/kamimine/base/cllib/ModelManager.php on line 62
[07-Oct-2020 18:00:19 Asia/Tokyo] PHP Notice:  Undefined index: TYPE in /var/www/html/kamimine/base/base/BaseApi.php on line 81
[07-Oct-2020 18:00:19 Asia/Tokyo] PHP Notice:  Undefined variable: params in /var/www/html/kamimine/base/cllib/ModelManager.php on line 62
[07-Oct-2020 18:00:24 Asia/Tokyo] PHP Notice:  Undefined index: TYPE in /var/www/html/kamimine/base/base/BaseApi.php on line 62
[07-Oct-2020 18:00:24 Asia/Tokyo] PHP Notice:  Undefined index: TYPE in /var/www/html/kamimine/base/base/BaseApi.php on line 81
[07-Oct-2020 18:00:25 Asia/Tokyo] PHP Notice:  Undefined index: TYPE in /var/www/html/kamimine/base/base/BaseApi.php on line 62
[07-Oct-2020 18:00:25 Asia/Tokyo] PHP Notice:  Undefined index: TYPE in /var/www/html/kamimine/base/base/BaseApi.php on line 62
[07-Oct-2020 18:00:25 Asia/Tokyo] PHP Notice:  Undefined index: TYPE in /var/www/html/kamimine/base/base/BaseApi.php on line 62
[07-Oct-2020 18:00:25 Asia/Tokyo] PHP Notice:  Undefined index: TYPE in /var/www/html/kamimine/base/base/BaseApi.php on line 62
[07-Oct-2020 18:00:25 Asia/Tokyo] PHP Warning:  Missing argument 2 for BaseModel::fetchOne(), called in /var/www/html/kamimine/models/t_sbt_news_telop.php on line 13 and defined in /var/www/html/kamimine/base/base/BaseModel.php on line 36
[07-Oct-2020 18:00:25 Asia/Tokyo] PHP Notice:  Undefined variable: params in /var/www/html/kamimine/base/base/BaseModel.php on line 38
[07-Oct-2020 18:00:25 Asia/Tokyo] PHP Notice:  Undefined index: TYPE in /var/www/html/kamimine/base/base/BaseApi.php on line 81
[07-Oct-2020 18:00:25 Asia/Tokyo] PHP Notice:  Undefined variable: params in /var/www/html/kamimine/base/base/BaseModel.php on line 40
[07-Oct-2020 18:00:25 Asia/Tokyo] PHP Notice:  Undefined variable: sql in /var/www/html/kamimine/base/cllib/ModelManager.php on line 62
[07-Oct-2020 18:00:25 Asia/Tokyo] PHP Notice:  Undefined variable: params in /var/www/html/kamimine/base/cllib/ModelManager.php on line 62
[07-Oct-2020 18:00:25 Asia/Tokyo] PHP Notice:  Undefined index: TYPE in /var/www/html/kamimine/base/base/BaseApi.php on line 81
[07-Oct-2020 18:00:25 Asia/Tokyo] PHP Notice:  Undefined index: TYPE in /var/www/html/kamimine/base/base/BaseApi.php on line 81
[07-Oct-2020 18:00:25 Asia/Tokyo] PHP Notice:  Undefined index: TYPE in /var/www/html/kamimine/base/base/BaseApi.php on line 62
[07-Oct-2020 18:00:25 Asia/Tokyo] PHP Notice:  Undefined variable: sql in /var/www/html/kamimine/base/cllib/ModelManager.php on line 62
[07-Oct-2020 18:00:25 Asia/Tokyo] PHP Notice:  Undefined variable: params in /var/www/html/kamimine/base/cllib/ModelManager.php on line 62
