<!-- 路 ◯  出 なし 到 なし  アクション 出 -->
2020-11-02T11:24:56+09:00 DEBUG (7): [U:,T:20201102112456-5f9f6df897a96]string(59) "###### PROCESS END (/kamimine/ajax/getVariables.php) ######"

2020-11-02T11:24:57+09:00 DEBUG (7): [U:,T:20201102112456-5f9f6df8e0352]string(63) "###### PROCESS END (/kamimine/ajax/checkServiceTime.php) ######"

2020-11-02T11:24:57+09:00 DEBUG (7): [U:,T:20201102112456-5f9f6df8df51b]string(60) "###### PROCESS END (/kamimine/ajax/getCourseList.php) ######"

2020-11-02T11:24:57+09:00 DEBUG (7): [U:,T:20201102112456-5f9f6df8df928]string(59) "###### PROCESS END (/kamimine/ajax/getNewsTelop.php) ######"

2020-11-02T11:24:57+09:00 DEBUG (7): [U:,T:20201102112456-5f9f6df8e8d28]string(61) "###### PROCESS END (/kamimine/ajax/getBusStopList.php) ######"

2020-11-02T11:24:57+09:00 DEBUG (7): [U:,T:20201102112456-5f9f6df8e7663]string(5) "Array"

2020-11-02T11:24:57+09:00 DEBUG (7): [U:,T:20201102112456-5f9f6df8e7663]string(65) "###### PROCESS END (/kamimine/ajax/getCoursePointList.php) ######"

2020-11-02T11:24:59+09:00 DEBUG (7): [U:,T:20201102112459-5f9f6dfb44e57]string(35) "################start##############"

2020-11-02T11:24:59+09:00 DEBUG (7): [U:,T:20201102112459-5f9f6dfb44e57]array(6) {
  [0]=>
  string(3) "KMM"
  [1]=>
  string(3) "001"
  [2]=>
  string(2) "01"
  [3]=>
  string(1) "0"
  [4]=>
  string(1) "0"
  [5]=>
  string(1) "0"
}

2020-11-02T11:24:59+09:00 DEBUG (7): [U:,T:20201102112459-5f9f6dfb44e57]string(33) "################end##############"

2020-11-02T11:24:59+09:00 DEBUG (7): [U:,T:20201102112459-5f9f6dfb43a1b]string(61) "###### PROCESS END (/kamimine/ajax/getBusStopList.php) ######"

2020-11-02T11:24:59+09:00 DEBUG (7): [U:,T:20201102112459-5f9f6dfb44e57]string(69) "###### PROCESS END (/kamimine/ajax/getBusStopId8DigitList.php) ######"

2020-11-02T11:24:59+09:00 DEBUG (7): [U:,T:20201102112459-5f9f6dfb42a9d]string(5) "Array"

2020-11-02T11:24:59+09:00 DEBUG (7): [U:,T:20201102112459-5f9f6dfb42a9d]string(65) "###### PROCESS END (/kamimine/ajax/getCoursePointList.php) ######"

2020-11-02T11:25:01+09:00 DEBUG (7): [U:,T:20201102112501-5f9f6dfd1d94b]string(35) "################start##############"

2020-11-02T11:25:01+09:00 DEBUG (7): [U:,T:20201102112501-5f9f6dfd1d94b]array(6) {
  [0]=>
  string(3) "KMM"
  [1]=>
  string(3) "001"
  [2]=>
  string(2) "01"
  [3]=>
  string(8) "00000103"
  [4]=>
  string(1) "0"
  [5]=>
  string(1) "0"
}

2020-11-02T11:25:01+09:00 DEBUG (7): [U:,T:20201102112501-5f9f6dfd1d94b]string(33) "################end##############"

2020-11-02T11:25:01+09:00 DEBUG (7): [U:,T:20201102112501-5f9f6dfd1d94b]string(69) "###### PROCESS END (/kamimine/ajax/getBusStopId8DigitList.php) ######"

2020-11-02T11:25:01+09:00 DEBUG (7): [U:,T:20201102112501-5f9f6dfd339f5]string(61) "###### PROCESS END (/kamimine/ajax/getBusStopList.php) ######"



