// <!-- 路 ◯  出 ◯ 到 なし  アクション 到 -->//

2020-11-02T10:42:31+09:00 DEBUG (7): [U:,T:20201102104231-5f9f6407b6777]string(59) "###### PROCESS END (/kamimine/ajax/getVariables.php) ######"

2020-11-02T10:42:32+09:00 DEBUG (7): [U:,T:20201102104232-5f9f640812af6]string(60) "###### PROCESS END (/kamimine/ajax/getCourseList.php) ######"

2020-11-02T10:42:32+09:00 DEBUG (7): [U:,T:20201102104232-5f9f640812f04]string(63) "###### PROCESS END (/kamimine/ajax/checkServiceTime.php) ######"

2020-11-02T10:42:32+09:00 DEBUG (7): [U:,T:20201102104232-5f9f64081564e]string(59) "###### PROCESS END (/kamimine/ajax/getNewsTelop.php) ######"

2020-11-02T10:42:32+09:00 DEBUG (7): [U:,T:20201102104232-5f9f640818eba]string(5) "Array"

2020-11-02T10:42:32+09:00 DEBUG (7): [U:,T:20201102104232-5f9f640818eba]string(65) "###### PROCESS END (/kamimine/ajax/getCoursePointList.php) ######"

2020-11-02T10:42:33+09:00 DEBUG (7): [U:,T:20201102104233-5f9f6409c49f1]string(35) "################start##############"

2020-11-02T10:42:33+09:00 DEBUG (7): [U:,T:20201102104233-5f9f6409c49f1]array(6) {
  [0]=>
  string(3) "KMM"
  [1]=>
  string(3) "001"
  [2]=>
  string(2) "04"
  [3]=>
  string(1) "0"
  [4]=>
  string(1) "0"
  [5]=>
  string(1) "0"
}

2020-11-02T10:42:33+09:00 DEBUG (7): [U:,T:20201102104233-5f9f6409c49f1]string(33) "################end##############"

2020-11-02T10:42:34+09:00 DEBUG (7): [U:,T:20201102104233-5f9f6409c49f1]string(69) "###### PROCESS END (/kamimine/ajax/getBusStopId8DigitList.php) ######"

2020-11-02T10:42:34+09:00 DEBUG (7): [U:,T:20201102104233-5f9f6409c48b3]string(5) "Array"

2020-11-02T10:42:34+09:00 DEBUG (7): [U:,T:20201102104233-5f9f6409c48b3]string(65) "###### PROCESS END (/kamimine/ajax/getCoursePointList.php) ######"

2020-11-02T10:42:35+09:00 DEBUG (7): [U:,T:20201102104235-5f9f640bc7712]string(35) "################start##############"

2020-11-02T10:42:35+09:00 DEBUG (7): [U:,T:20201102104235-5f9f640bc7712]array(6) {
  [0]=>
  string(3) "KMM"
  [1]=>
  string(3) "001"
  [2]=>
  string(2) "04"
  [3]=>
  string(1) "0"
  [4]=>
  string(8) "00000116"
  [5]=>
  string(1) "1"
}

2020-11-02T10:42:35+09:00 DEBUG (7): [U:,T:20201102104235-5f9f640bc7712]string(33) "################end##############"

2020-11-02T10:42:35+09:00 DEBUG (7): [U:,T:20201102104235-5f9f640bc7712]string(69) "###### PROCESS END (/kamimine/ajax/getBusStopId8DigitList.php) ######"

2020-11-02T10:47:48+09:00 DEBUG (7): [U:,T:20201102104748-5f9f654441cad]string(59) "###### PROCESS END (/kamimine/ajax/getVariables.php) ######"

2020-11-02T10:47:48+09:00 DEBUG (7): [U:,T:20201102104748-5f9f654489e8b]string(60) "###### PROCESS END (/kamimine/ajax/getCourseList.php) ######"

2020-11-02T10:47:48+09:00 DEBUG (7): [U:,T:20201102104748-5f9f65448b4ed]string(63) "###### PROCESS END (/kamimine/ajax/checkServiceTime.php) ######"

2020-11-02T10:47:48+09:00 DEBUG (7): [U:,T:20201102104748-5f9f65448814b]string(59) "###### PROCESS END (/kamimine/ajax/getNewsTelop.php) ######"

2020-11-02T10:47:48+09:00 DEBUG (7): [U:,T:20201102104748-5f9f654496e2c]string(5) "Array"

2020-11-02T10:47:48+09:00 DEBUG (7): [U:,T:20201102104748-5f9f654496e2c]string(65) "###### PROCESS END (/kamimine/ajax/getCoursePointList.php) ######"

2020-11-02T10:47:50+09:00 DEBUG (7): [U:,T:20201102104750-5f9f6546ca138]string(35) "################start##############"

2020-11-02T10:47:50+09:00 DEBUG (7): [U:,T:20201102104750-5f9f6546ca138]array(6) {
  [0]=>
  string(3) "KMM"
  [1]=>
  string(3) "001"
  [2]=>
  string(2) "04"
  [3]=>
  string(1) "0"
  [4]=>
  string(1) "0"
  [5]=>
  string(1) "0"
}

2020-11-02T10:47:50+09:00 DEBUG (7): [U:,T:20201102104750-5f9f6546ca138]string(33) "################end##############"

2020-11-02T10:47:50+09:00 DEBUG (7): [U:,T:20201102104750-5f9f6546ca138]string(69) "###### PROCESS END (/kamimine/ajax/getBusStopId8DigitList.php) ######"

2020-11-02T10:47:50+09:00 DEBUG (7): [U:,T:20201102104750-5f9f6546ca04e]string(5) "Array"

2020-11-02T10:47:51+09:00 DEBUG (7): [U:,T:20201102104750-5f9f6546ca04e]string(65) "###### PROCESS END (/kamimine/ajax/getCoursePointList.php) ######"

2020-11-02T10:47:58+09:00 DEBUG (7): [U:,T:20201102104758-5f9f654e8c653]string(35) "################start##############"

2020-11-02T10:47:58+09:00 DEBUG (7): [U:,T:20201102104758-5f9f654e8c653]array(6) {
  [0]=>
  string(3) "KMM"
  [1]=>
  string(3) "001"
  [2]=>
  string(2) "04"
  [3]=>
  string(8) "00000121"
  [4]=>
  string(1) "0"
  [5]=>
  string(1) "0"
}

2020-11-02T10:47:58+09:00 DEBUG (7): [U:,T:20201102104758-5f9f654e8c653]string(33) "################end##############"

2020-11-02T10:47:58+09:00 DEBUG (7): [U:,T:20201102104758-5f9f654e8c653]string(69) "###### PROCESS END (/kamimine/ajax/getBusStopId8DigitList.php) ######"

